

================================================================
== Vivado HLS Report for 'Threshold'
================================================================
* Date:           Thu May 14 00:43:26 2020

* Version:        2019.2 (Build 2704478 on Wed Nov 06 22:10:23 MST 2019)
* Project:        HLS_CircleFilter_Minized_8bit
* Solution:       solution1
* Product family: zynq
* Target device:  xc7z007s-clg225-1


================================================================
== Performance Estimates
================================================================
+ Timing: 
    * Summary: 
    +--------+----------+----------+------------+
    |  Clock |  Target  | Estimated| Uncertainty|
    +--------+----------+----------+------------+
    |ap_clk  | 10.00 ns | 7.268 ns |   1.25 ns  |
    +--------+----------+----------+------------+

+ Latency: 
    * Summary: 
    +---------+---------+-----------+----------+-----+--------+---------+
    |  Latency (cycles) |  Latency (absolute)  |   Interval   | Pipeline|
    |   min   |   max   |    min    |    max   | min |   max  |   Type  |
    +---------+---------+-----------+----------+-----+--------+---------+
    |        1|   309121| 10.000 ns | 3.091 ms |    1|  309121|   none  |
    +---------+---------+-----------+----------+-----+--------+---------+

    + Detail: 
        * Instance: 
        N/A

        * Loop: 
        +---------------+---------+---------+----------+-----------+-----------+---------+----------+
        |               |  Latency (cycles) | Iteration|  Initiation Interval  |   Trip  |          |
        |   Loop Name   |   min   |   max   |  Latency |  achieved |   target  |  Count  | Pipelined|
        +---------------+---------+---------+----------+-----------+-----------+---------+----------+
        |- loop_height  |        0|   309120|  3 ~ 644 |          -|          -| 0 ~ 480 |    no    |
        | + loop_width  |        0|      641|         3|          1|          1| 0 ~ 640 |    yes   |
        +---------------+---------+---------+----------+-----------+-----------+---------+----------+

============================================================
+ Verbose Summary: Synthesis Manager
============================================================
InlineROM: 1
ExposeGlobal: 0
============================================================
+ Verbose Summary: CDFG Model
============================================================
IsTopModel: 0
ResetActiveHigh: 1
IsCombinational: 2
IsDatapathOnly: 0
HasWiredReturn: 1
HasMFsm: 0
HasVarLatency: 1
IsPipeline: 0
IsRtlPipelined: 0
IsInstanceOverlapped: 0
IsDontTouch: 0
HasImplIP: 0
IsGatedGlobalClock: 0

+ Individual pipeline summary: 
  * Pipeline-0: initiation interval (II) = 1, depth = 3


============================================================
+ Verbose Summary: Schedule
============================================================
* Number of FSM states : 6
* Pipeline : 1
  Pipeline-0 : II = 1, D = 3, States = { 3 4 5 }
* Dataflow Pipeline: 0

* FSM state transitions: 
1 --> 2 
2 --> 3 
3 --> 6 4 
4 --> 5 
5 --> 3 
6 --> 2 

* FSM state operations: 

State 1 <SV = 0> <Delay = 7.26>
ST_1 : Operation 7 [1/1] (0.00ns)   --->   "call void (...)* @_ssdm_op_SpecInterface(i8* %dst_data_stream_V, [8 x i8]* @ap_fifo_str, i32 0, i32 0, [1 x i8]* @p_str198, i32 0, i32 0, [1 x i8]* @p_str199, [1 x i8]* @p_str200, [1 x i8]* @p_str201, i32 2, i32 2, i32 16, i32 16, [1 x i8]* @p_str202, [1 x i8]* @p_str203)"   --->   Operation 7 'specinterface' <Predicate = true> <Delay = 0.00>
ST_1 : Operation 8 [1/1] (0.00ns)   --->   "call void (...)* @_ssdm_op_SpecInterface(i8* %src_data_stream_V, [8 x i8]* @ap_fifo_str, i32 0, i32 0, [1 x i8]* @p_str191, i32 0, i32 0, [1 x i8]* @p_str192, [1 x i8]* @p_str193, [1 x i8]* @p_str194, i32 2, i32 2, i32 16, i32 16, [1 x i8]* @p_str195, [1 x i8]* @p_str196)"   --->   Operation 8 'specinterface' <Predicate = true> <Delay = 0.00>
ST_1 : Operation 9 [1/1] (0.00ns)   --->   "call void (...)* @_ssdm_op_SpecInterface(i11* %dst_cols_V, [8 x i8]* @ap_fifo_str, i32 0, i32 0, [1 x i8]* @p_str309, i32 0, i32 0, [1 x i8]* @p_str310, [1 x i8]* @p_str311, [1 x i8]* @p_str312, i32 2, i32 2, i32 16, i32 16, [1 x i8]* @p_str313, [11 x i8]* @ScalarProp_str)"   --->   Operation 9 'specinterface' <Predicate = true> <Delay = 0.00>
ST_1 : Operation 10 [1/1] (0.00ns)   --->   "call void (...)* @_ssdm_op_SpecInterface(i10* %dst_rows_V, [8 x i8]* @ap_fifo_str, i32 0, i32 0, [1 x i8]* @p_str304, i32 0, i32 0, [1 x i8]* @p_str305, [1 x i8]* @p_str306, [1 x i8]* @p_str307, i32 2, i32 2, i32 16, i32 16, [1 x i8]* @p_str308, [11 x i8]* @ScalarProp_str)"   --->   Operation 10 'specinterface' <Predicate = true> <Delay = 0.00>
ST_1 : Operation 11 [1/1] (3.63ns)   --->   "%dst_rows_V_read = call i10 @_ssdm_op_Read.ap_fifo.i10P(i10* %dst_rows_V)" [C:/Xilinx/Vivado/2019.2/common/technology/autopilot/hls/hls_video_core.h:589->C:/Xilinx/Vivado/2019.2/common/technology/autopilot/hls/hls_video_core.h:717->C:/Xilinx/Vivado/2019.2/common/technology/autopilot/hls/hls_video_arithm.h:1516]   --->   Operation 11 'read' 'dst_rows_V_read' <Predicate = true> <Delay = 3.63> <Core = "FIFO">   --->   Core 32 'FIFO' <Latency = 0> <II = 1> <Delay = 3.63> <Storage> <Opcode : 'read' 'write' 'nbread' 'nbwrite'> <Ports = 0> <Width = 11> <Depth = 2> <FIFO>
ST_1 : Operation 12 [1/1] (3.63ns)   --->   "%dst_cols_V_read = call i11 @_ssdm_op_Read.ap_fifo.i11P(i11* %dst_cols_V)" [C:/Xilinx/Vivado/2019.2/common/technology/autopilot/hls/hls_video_core.h:589->C:/Xilinx/Vivado/2019.2/common/technology/autopilot/hls/hls_video_core.h:717->C:/Xilinx/Vivado/2019.2/common/technology/autopilot/hls/hls_video_arithm.h:1516]   --->   Operation 12 'read' 'dst_cols_V_read' <Predicate = true> <Delay = 3.63> <Core = "FIFO">   --->   Core 32 'FIFO' <Latency = 0> <II = 1> <Delay = 3.63> <Storage> <Opcode : 'read' 'write' 'nbread' 'nbwrite'> <Ports = 0> <Width = 11> <Depth = 2> <FIFO>
ST_1 : Operation 13 [1/1] (0.00ns)   --->   "call void (...)* @_ssdm_op_SpecInterface(i10* %dst_rows_V_out, [8 x i8]* @ap_fifo_str, i32 0, i32 0, [1 x i8]* @p_str314, i32 0, i32 0, [1 x i8]* @p_str315, [1 x i8]* @p_str316, [1 x i8]* @p_str317, i32 2, i32 2, i32 16, i32 16, [1 x i8]* @p_str318, [11 x i8]* @ScalarProp_str)"   --->   Operation 13 'specinterface' <Predicate = true> <Delay = 0.00>
ST_1 : Operation 14 [1/1] (3.63ns)   --->   "call void @_ssdm_op_Write.ap_fifo.i10P(i10* %dst_rows_V_out, i10 %dst_rows_V_read)" [C:/Xilinx/Vivado/2019.2/common/technology/autopilot/hls/hls_video_core.h:589->C:/Xilinx/Vivado/2019.2/common/technology/autopilot/hls/hls_video_core.h:717->C:/Xilinx/Vivado/2019.2/common/technology/autopilot/hls/hls_video_arithm.h:1516]   --->   Operation 14 'write' <Predicate = true> <Delay = 3.63> <Core = "FIFO">   --->   Core 32 'FIFO' <Latency = 0> <II = 1> <Delay = 3.63> <Storage> <Opcode : 'read' 'write' 'nbread' 'nbwrite'> <Ports = 0> <Width = 11> <Depth = 2> <FIFO>
ST_1 : Operation 15 [1/1] (0.00ns)   --->   "call void (...)* @_ssdm_op_SpecInterface(i11* %dst_cols_V_out, [8 x i8]* @ap_fifo_str, i32 0, i32 0, [1 x i8]* @p_str319, i32 0, i32 0, [1 x i8]* @p_str320, [1 x i8]* @p_str321, [1 x i8]* @p_str322, i32 2, i32 2, i32 16, i32 16, [1 x i8]* @p_str323, [11 x i8]* @ScalarProp_str)"   --->   Operation 15 'specinterface' <Predicate = true> <Delay = 0.00>
ST_1 : Operation 16 [1/1] (3.63ns)   --->   "call void @_ssdm_op_Write.ap_fifo.i11P(i11* %dst_cols_V_out, i11 %dst_cols_V_read)" [C:/Xilinx/Vivado/2019.2/common/technology/autopilot/hls/hls_video_core.h:589->C:/Xilinx/Vivado/2019.2/common/technology/autopilot/hls/hls_video_core.h:717->C:/Xilinx/Vivado/2019.2/common/technology/autopilot/hls/hls_video_arithm.h:1516]   --->   Operation 16 'write' <Predicate = true> <Delay = 3.63> <Core = "FIFO">   --->   Core 32 'FIFO' <Latency = 0> <II = 1> <Delay = 3.63> <Storage> <Opcode : 'read' 'write' 'nbread' 'nbwrite'> <Ports = 0> <Width = 11> <Depth = 2> <FIFO>
ST_1 : Operation 17 [1/1] (0.00ns)   --->   "%rows_V = sext i10 %dst_rows_V_read to i32" [C:/Xilinx/Vivado/2019.2/common/technology/autopilot/hls/hls_video_arithm.h:1480]   --->   Operation 17 'sext' 'rows_V' <Predicate = true> <Delay = 0.00>
ST_1 : Operation 18 [1/1] (0.00ns)   --->   "%cols_V = sext i11 %dst_cols_V_read to i32" [C:/Xilinx/Vivado/2019.2/common/technology/autopilot/hls/hls_video_arithm.h:1481]   --->   Operation 18 'sext' 'cols_V' <Predicate = true> <Delay = 0.00>
ST_1 : Operation 19 [1/1] (1.76ns)   --->   "br label %0" [C:/Xilinx/Vivado/2019.2/common/technology/autopilot/hls/hls_video_arithm.h:1489]   --->   Operation 19 'br' <Predicate = true> <Delay = 1.76>

State 2 <SV = 1> <Delay = 3.45>
ST_2 : Operation 20 [1/1] (0.00ns)   --->   "%t_V = phi i32 [ 0, %entry ], [ %i_V, %loop_height_end ]"   --->   Operation 20 'phi' 't_V' <Predicate = true> <Delay = 0.00>
ST_2 : Operation 21 [1/1] (2.47ns)   --->   "%icmp_ln1489 = icmp eq i32 %t_V, %rows_V" [C:/Xilinx/Vivado/2019.2/common/technology/autopilot/hls/hls_video_arithm.h:1489]   --->   Operation 21 'icmp' 'icmp_ln1489' <Predicate = true> <Delay = 2.47> <Core = "Cmp">   --->   Core 25 'Cmp' <Latency = 0> <II = 1> <Delay = 2.47> <FuncUnit> <Opcode : 'icmp'> <InPorts = 2> <OutPorts = 1>
ST_2 : Operation 22 [1/1] (0.00ns)   --->   "call void (...)* @_ssdm_op_SpecLoopTripCount(i64 0, i64 480, i64 0)"   --->   Operation 22 'speclooptripcount' <Predicate = true> <Delay = 0.00>
ST_2 : Operation 23 [1/1] (2.55ns)   --->   "%i_V = add i32 %t_V, 1" [C:/Xilinx/Vivado/2019.2/common/technology/autopilot/hls/hls_video_arithm.h:1489]   --->   Operation 23 'add' 'i_V' <Predicate = true> <Delay = 2.55> <Core = "AddSub">   --->   Core 14 'AddSub' <Latency = 0> <II = 1> <Delay = 2.55> <FuncUnit> <Opcode : 'add' 'sub'> <InPorts = 2> <OutPorts = 1>
ST_2 : Operation 24 [1/1] (0.00ns)   --->   "br i1 %icmp_ln1489, label %.exit, label %loop_height_begin" [C:/Xilinx/Vivado/2019.2/common/technology/autopilot/hls/hls_video_arithm.h:1489]   --->   Operation 24 'br' <Predicate = true> <Delay = 0.00>
ST_2 : Operation 25 [1/1] (0.00ns)   --->   "call void (...)* @_ssdm_op_SpecLoopName([12 x i8]* @p_str8) nounwind" [C:/Xilinx/Vivado/2019.2/common/technology/autopilot/hls/hls_video_arithm.h:1489]   --->   Operation 25 'specloopname' <Predicate = (!icmp_ln1489)> <Delay = 0.00>
ST_2 : Operation 26 [1/1] (0.00ns)   --->   "%tmp_3_i = call i32 (...)* @_ssdm_op_SpecRegionBegin([12 x i8]* @p_str8)" [C:/Xilinx/Vivado/2019.2/common/technology/autopilot/hls/hls_video_arithm.h:1489]   --->   Operation 26 'specregionbegin' 'tmp_3_i' <Predicate = (!icmp_ln1489)> <Delay = 0.00>
ST_2 : Operation 27 [1/1] (1.76ns)   --->   "br label %1" [C:/Xilinx/Vivado/2019.2/common/technology/autopilot/hls/hls_video_arithm.h:1490]   --->   Operation 27 'br' <Predicate = (!icmp_ln1489)> <Delay = 1.76>
ST_2 : Operation 28 [1/1] (0.00ns)   --->   "ret void"   --->   Operation 28 'ret' <Predicate = (icmp_ln1489)> <Delay = 0.00>

State 3 <SV = 2> <Delay = 2.55>
ST_3 : Operation 29 [1/1] (0.00ns)   --->   "%t_V_1 = phi i32 [ 0, %loop_height_begin ], [ %j_V, %loop_width_begin ]"   --->   Operation 29 'phi' 't_V_1' <Predicate = true> <Delay = 0.00>
ST_3 : Operation 30 [1/1] (2.47ns)   --->   "%icmp_ln1490 = icmp eq i32 %t_V_1, %cols_V" [C:/Xilinx/Vivado/2019.2/common/technology/autopilot/hls/hls_video_arithm.h:1490]   --->   Operation 30 'icmp' 'icmp_ln1490' <Predicate = true> <Delay = 2.47> <Core = "Cmp">   --->   Core 25 'Cmp' <Latency = 0> <II = 1> <Delay = 2.47> <FuncUnit> <Opcode : 'icmp'> <InPorts = 2> <OutPorts = 1>
ST_3 : Operation 31 [1/1] (0.00ns)   --->   "call void (...)* @_ssdm_op_SpecLoopTripCount(i64 0, i64 640, i64 0)"   --->   Operation 31 'speclooptripcount' <Predicate = true> <Delay = 0.00>
ST_3 : Operation 32 [1/1] (2.55ns)   --->   "%j_V = add i32 %t_V_1, 1" [C:/Xilinx/Vivado/2019.2/common/technology/autopilot/hls/hls_video_arithm.h:1490]   --->   Operation 32 'add' 'j_V' <Predicate = true> <Delay = 2.55> <Core = "AddSub">   --->   Core 14 'AddSub' <Latency = 0> <II = 1> <Delay = 2.55> <FuncUnit> <Opcode : 'add' 'sub'> <InPorts = 2> <OutPorts = 1>
ST_3 : Operation 33 [1/1] (0.00ns)   --->   "br i1 %icmp_ln1490, label %loop_height_end, label %loop_width_begin" [C:/Xilinx/Vivado/2019.2/common/technology/autopilot/hls/hls_video_arithm.h:1490]   --->   Operation 33 'br' <Predicate = true> <Delay = 0.00>

State 4 <SV = 3> <Delay = 5.18>
ST_4 : Operation 34 [1/1] (0.00ns)   --->   "%tmp_5_i = call i32 (...)* @_ssdm_op_SpecRegionBegin([12 x i8]* @p_str13)" [C:/Xilinx/Vivado/2019.2/common/technology/autopilot/hls/hls_video_core.h:672->C:/Xilinx/Vivado/2019.2/common/technology/autopilot/hls/hls_video_core.h:711->C:/Xilinx/Vivado/2019.2/common/technology/autopilot/hls/hls_video_arithm.h:1493]   --->   Operation 34 'specregionbegin' 'tmp_5_i' <Predicate = (!icmp_ln1490)> <Delay = 0.00>
ST_4 : Operation 35 [1/1] (0.00ns)   --->   "call void (...)* @_ssdm_op_SpecProtocol(i32 0, [1 x i8]* @p_str2) nounwind" [C:/Xilinx/Vivado/2019.2/common/technology/autopilot/hls/hls_video_core.h:676->C:/Xilinx/Vivado/2019.2/common/technology/autopilot/hls/hls_video_core.h:711->C:/Xilinx/Vivado/2019.2/common/technology/autopilot/hls/hls_video_arithm.h:1493]   --->   Operation 35 'specprotocol' <Predicate = (!icmp_ln1490)> <Delay = 0.00>
ST_4 : Operation 36 [1/1] (3.63ns)   --->   "%tmp = call i8 @_ssdm_op_Read.ap_fifo.volatile.i8P(i8* %src_data_stream_V)" [C:/Xilinx/Vivado/2019.2/common/technology/autopilot/hls/hls_video_core.h:679->C:/Xilinx/Vivado/2019.2/common/technology/autopilot/hls/hls_video_core.h:711->C:/Xilinx/Vivado/2019.2/common/technology/autopilot/hls/hls_video_arithm.h:1493]   --->   Operation 36 'read' 'tmp' <Predicate = (!icmp_ln1490)> <Delay = 3.63> <Core = "FIFO">   --->   Core 32 'FIFO' <Latency = 0> <II = 1> <Delay = 3.63> <Storage> <Opcode : 'read' 'write' 'nbread' 'nbwrite'> <Ports = 0> <Width = 11> <Depth = 2> <FIFO>
ST_4 : Operation 37 [1/1] (0.00ns)   --->   "%empty = call i32 (...)* @_ssdm_op_SpecRegionEnd([12 x i8]* @p_str13, i32 %tmp_5_i)" [C:/Xilinx/Vivado/2019.2/common/technology/autopilot/hls/hls_video_core.h:681->C:/Xilinx/Vivado/2019.2/common/technology/autopilot/hls/hls_video_core.h:711->C:/Xilinx/Vivado/2019.2/common/technology/autopilot/hls/hls_video_arithm.h:1493]   --->   Operation 37 'specregionend' 'empty' <Predicate = (!icmp_ln1490)> <Delay = 0.00>
ST_4 : Operation 38 [1/1] (1.55ns)   --->   "%icmp_ln1497 = icmp ugt i8 %tmp, -56" [C:/Xilinx/Vivado/2019.2/common/technology/autopilot/hls/hls_video_arithm.h:1497]   --->   Operation 38 'icmp' 'icmp_ln1497' <Predicate = (!icmp_ln1490)> <Delay = 1.55> <Core = "Cmp">   --->   Core 25 'Cmp' <Latency = 0> <II = 1> <Delay = 2.47> <FuncUnit> <Opcode : 'icmp'> <InPorts = 2> <OutPorts = 1>

State 5 <SV = 4> <Delay = 4.62>
ST_5 : Operation 39 [1/1] (0.00ns)   --->   "call void (...)* @_ssdm_op_SpecLoopName([11 x i8]* @p_str9) nounwind" [C:/Xilinx/Vivado/2019.2/common/technology/autopilot/hls/hls_video_arithm.h:1490]   --->   Operation 39 'specloopname' <Predicate = (!icmp_ln1490)> <Delay = 0.00>
ST_5 : Operation 40 [1/1] (0.00ns)   --->   "%tmp_4_i = call i32 (...)* @_ssdm_op_SpecRegionBegin([11 x i8]* @p_str9)" [C:/Xilinx/Vivado/2019.2/common/technology/autopilot/hls/hls_video_arithm.h:1490]   --->   Operation 40 'specregionbegin' 'tmp_4_i' <Predicate = (!icmp_ln1490)> <Delay = 0.00>
ST_5 : Operation 41 [1/1] (0.00ns)   --->   "call void (...)* @_ssdm_op_SpecPipeline(i32 1, i32 1, i32 1, i32 0, [1 x i8]* @p_str2) nounwind" [C:/Xilinx/Vivado/2019.2/common/technology/autopilot/hls/hls_video_arithm.h:1492]   --->   Operation 41 'specpipeline' <Predicate = (!icmp_ln1490)> <Delay = 0.00>
ST_5 : Operation 42 [1/1] (0.99ns)   --->   "%tmp_1 = select i1 %icmp_ln1497, i8 -1, i8 0" [C:/Xilinx/Vivado/2019.2/common/technology/autopilot/hls/hls_video_arithm.h:1497]   --->   Operation 42 'select' 'tmp_1' <Predicate = (!icmp_ln1490)> <Delay = 0.99> <Core = "Sel">   --->   Core 26 'Sel' <Latency = 0> <II = 1> <Delay = 0.99> <FuncUnit> <Opcode : 'select'> <InPorts = 3> <OutPorts = 1>
ST_5 : Operation 43 [1/1] (0.00ns)   --->   "%tmp_6_i = call i32 (...)* @_ssdm_op_SpecRegionBegin([12 x i8]* @p_str17)" [C:/Xilinx/Vivado/2019.2/common/technology/autopilot/hls/hls_video_core.h:696->C:/Xilinx/Vivado/2019.2/common/technology/autopilot/hls/hls_video_core.h:717->C:/Xilinx/Vivado/2019.2/common/technology/autopilot/hls/hls_video_arithm.h:1516]   --->   Operation 43 'specregionbegin' 'tmp_6_i' <Predicate = (!icmp_ln1490)> <Delay = 0.00>
ST_5 : Operation 44 [1/1] (0.00ns)   --->   "call void (...)* @_ssdm_op_SpecProtocol(i32 0, [1 x i8]* @p_str2) nounwind" [C:/Xilinx/Vivado/2019.2/common/technology/autopilot/hls/hls_video_core.h:700->C:/Xilinx/Vivado/2019.2/common/technology/autopilot/hls/hls_video_core.h:717->C:/Xilinx/Vivado/2019.2/common/technology/autopilot/hls/hls_video_arithm.h:1516]   --->   Operation 44 'specprotocol' <Predicate = (!icmp_ln1490)> <Delay = 0.00>
ST_5 : Operation 45 [1/1] (3.63ns)   --->   "call void @_ssdm_op_Write.ap_fifo.volatile.i8P(i8* %dst_data_stream_V, i8 %tmp_1)" [C:/Xilinx/Vivado/2019.2/common/technology/autopilot/hls/hls_video_core.h:703->C:/Xilinx/Vivado/2019.2/common/technology/autopilot/hls/hls_video_core.h:717->C:/Xilinx/Vivado/2019.2/common/technology/autopilot/hls/hls_video_arithm.h:1516]   --->   Operation 45 'write' <Predicate = (!icmp_ln1490)> <Delay = 3.63> <Core = "FIFO">   --->   Core 32 'FIFO' <Latency = 0> <II = 1> <Delay = 3.63> <Storage> <Opcode : 'read' 'write' 'nbread' 'nbwrite'> <Ports = 0> <Width = 11> <Depth = 2> <FIFO>
ST_5 : Operation 46 [1/1] (0.00ns)   --->   "%empty_42 = call i32 (...)* @_ssdm_op_SpecRegionEnd([12 x i8]* @p_str17, i32 %tmp_6_i)" [C:/Xilinx/Vivado/2019.2/common/technology/autopilot/hls/hls_video_core.h:705->C:/Xilinx/Vivado/2019.2/common/technology/autopilot/hls/hls_video_core.h:717->C:/Xilinx/Vivado/2019.2/common/technology/autopilot/hls/hls_video_arithm.h:1516]   --->   Operation 46 'specregionend' 'empty_42' <Predicate = (!icmp_ln1490)> <Delay = 0.00>
ST_5 : Operation 47 [1/1] (0.00ns)   --->   "%empty_43 = call i32 (...)* @_ssdm_op_SpecRegionEnd([11 x i8]* @p_str9, i32 %tmp_4_i)" [C:/Xilinx/Vivado/2019.2/common/technology/autopilot/hls/hls_video_arithm.h:1517]   --->   Operation 47 'specregionend' 'empty_43' <Predicate = (!icmp_ln1490)> <Delay = 0.00>
ST_5 : Operation 48 [1/1] (0.00ns)   --->   "br label %1" [C:/Xilinx/Vivado/2019.2/common/technology/autopilot/hls/hls_video_arithm.h:1490]   --->   Operation 48 'br' <Predicate = (!icmp_ln1490)> <Delay = 0.00>

State 6 <SV = 3> <Delay = 0.00>
ST_6 : Operation 49 [1/1] (0.00ns)   --->   "%empty_44 = call i32 (...)* @_ssdm_op_SpecRegionEnd([12 x i8]* @p_str8, i32 %tmp_3_i)" [C:/Xilinx/Vivado/2019.2/common/technology/autopilot/hls/hls_video_arithm.h:1518]   --->   Operation 49 'specregionend' 'empty_44' <Predicate = true> <Delay = 0.00>
ST_6 : Operation 50 [1/1] (0.00ns)   --->   "br label %0" [C:/Xilinx/Vivado/2019.2/common/technology/autopilot/hls/hls_video_arithm.h:1489]   --->   Operation 50 'br' <Predicate = true> <Delay = 0.00>


============================================================
+ Verbose Summary: Timing violations
============================================================
Target clock period: 10ns, clock uncertainty: 1.25ns.

 <State 1>: 7.27ns
The critical path consists of the following:
	fifo read on port 'dst_rows_V' (C:/Xilinx/Vivado/2019.2/common/technology/autopilot/hls/hls_video_core.h:589->C:/Xilinx/Vivado/2019.2/common/technology/autopilot/hls/hls_video_core.h:717->C:/Xilinx/Vivado/2019.2/common/technology/autopilot/hls/hls_video_arithm.h:1516) [11]  (3.63 ns)
	fifo write on port 'dst_rows_V_out' (C:/Xilinx/Vivado/2019.2/common/technology/autopilot/hls/hls_video_core.h:589->C:/Xilinx/Vivado/2019.2/common/technology/autopilot/hls/hls_video_core.h:717->C:/Xilinx/Vivado/2019.2/common/technology/autopilot/hls/hls_video_arithm.h:1516) [14]  (3.63 ns)

 <State 2>: 3.45ns
The critical path consists of the following:
	'icmp' operation ('icmp_ln1489', C:/Xilinx/Vivado/2019.2/common/technology/autopilot/hls/hls_video_arithm.h:1489) [22]  (2.47 ns)
	blocking operation 0.978 ns on control path)

 <State 3>: 2.55ns
The critical path consists of the following:
	'phi' operation ('j.V') with incoming values : ('j.V', C:/Xilinx/Vivado/2019.2/common/technology/autopilot/hls/hls_video_arithm.h:1490) [31]  (0 ns)
	'add' operation ('j.V', C:/Xilinx/Vivado/2019.2/common/technology/autopilot/hls/hls_video_arithm.h:1490) [34]  (2.55 ns)

 <State 4>: 5.18ns
The critical path consists of the following:
	fifo read on port 'src_data_stream_V' (C:/Xilinx/Vivado/2019.2/common/technology/autopilot/hls/hls_video_core.h:679->C:/Xilinx/Vivado/2019.2/common/technology/autopilot/hls/hls_video_core.h:711->C:/Xilinx/Vivado/2019.2/common/technology/autopilot/hls/hls_video_arithm.h:1493) [42]  (3.63 ns)
	'icmp' operation ('icmp_ln1497', C:/Xilinx/Vivado/2019.2/common/technology/autopilot/hls/hls_video_arithm.h:1497) [44]  (1.55 ns)

 <State 5>: 4.63ns
The critical path consists of the following:
	'select' operation ('tmp', C:/Xilinx/Vivado/2019.2/common/technology/autopilot/hls/hls_video_arithm.h:1497) [45]  (0.993 ns)
	fifo write on port 'dst_data_stream_V' (C:/Xilinx/Vivado/2019.2/common/technology/autopilot/hls/hls_video_core.h:703->C:/Xilinx/Vivado/2019.2/common/technology/autopilot/hls/hls_video_core.h:717->C:/Xilinx/Vivado/2019.2/common/technology/autopilot/hls/hls_video_arithm.h:1516) [48]  (3.63 ns)

 <State 6>: 0ns
The critical path consists of the following:


============================================================
+ Verbose Summary: Binding
============================================================
N/A
* FSMD analyzer results:
  - Output states:
 - Input state : 
  - Chain level:
	State 1
	State 2
	State 3
	State 4
	State 5
	State 6


============================================================
+ Verbose Summary: Datapath Resource usage 
============================================================
N/A
