Copyright 1986-2019 Xilinx, Inc. All Rights Reserved.
-----------------------------------------------------------------------------------------
| Tool Version : Vivado v.2019.2 (win64) Build 2708876 Wed Nov  6 21:40:23 MST 2019
| Date         : Thu May 14 17:11:19 2020
| Host         : DESKTOP-LVJ56DR running 64-bit major release  (build 9200)
| Command      : report_control_sets -verbose -file bd_0_wrapper_control_sets_placed.rpt
| Design       : bd_0_wrapper
| Device       : xc7z020
-----------------------------------------------------------------------------------------

Control Set Information

Table of Contents
-----------------
1. Summary
2. Histogram
3. Flip-Flop Distribution
4. Detailed Control Set Information

1. Summary
----------

+----------------------------------------------------------+-------+
|                          Status                          | Count |
+----------------------------------------------------------+-------+
| Total control sets                                       |    41 |
|    Minimum number of control sets                        |    41 |
|    Addition due to synthesis replication                 |     0 |
|    Addition due to physical synthesis replication        |     0 |
| Unused register locations in slices containing registers |    72 |
+----------------------------------------------------------+-------+
* Control sets can be merged at opt_design using control_set_merge or merge_equivalent_drivers
** Run report_qor_suggestions for automated merging and remapping suggestions


2. Histogram
------------

+--------------------+-------+
|       Fanout       | Count |
+--------------------+-------+
| Total control sets |    41 |
| >= 0 to < 4        |     1 |
| >= 4 to < 6        |     4 |
| >= 6 to < 8        |     4 |
| >= 8 to < 10       |     4 |
| >= 10 to < 12      |     0 |
| >= 12 to < 14      |     3 |
| >= 14 to < 16      |     1 |
| >= 16              |    24 |
+--------------------+-------+
* Control sets can be remapped at either synth_design or opt_design


3. Flip-Flop Distribution
-------------------------

+--------------+-----------------------+------------------------+-----------------+--------------+
| Clock Enable | Synchronous Set/Reset | Asynchronous Set/Reset | Total Registers | Total Slices |
+--------------+-----------------------+------------------------+-----------------+--------------+
| No           | No                    | No                     |              58 |           30 |
| No           | No                    | Yes                    |               0 |            0 |
| No           | Yes                   | No                     |              42 |           24 |
| Yes          | No                    | No                     |             709 |          274 |
| Yes          | No                    | Yes                    |               0 |            0 |
| Yes          | Yes                   | No                     |             303 |           80 |
+--------------+-----------------------+------------------------+-----------------+--------------+


4. Detailed Control Set Information
-----------------------------------

+--------------+--------------------------------------------------------------------------------------------------------------------------------------------------------+----------------------------------------------------------------------------------------------------------+------------------+----------------+
| Clock Signal |                                                                      Enable Signal                                                                     |                                             Set/Reset Signal                                             | Slice Load Count | Bel Load Count |
+--------------+--------------------------------------------------------------------------------------------------------------------------------------------------------+----------------------------------------------------------------------------------------------------------+------------------+----------------+
|  ap_clk      | bd_0_i/hls_inst/U0/GaussianBlur_U0/grp_Filter2D_fu_82/p_Val2_4_reg_2746[7]_i_1_n_0                                                                     |                                                                                                          |                1 |              3 |
|  ap_clk      | bd_0_i/hls_inst/U0/AXIvideo2Mat_DMA_U0/E[0]                                                                                                            | bd_0_i/hls_inst/U0/AXIvideo2Mat_DMA_U0/regslice_both_AXI_video_strm_V_data_V_U/obuf_inst/SR[0]           |                1 |              4 |
|  ap_clk      | bd_0_i/hls_inst/U0/AXIvideo2Mat_DMA_U0/internal_empty_n_reg[0]                                                                                         | bd_0_i/hls_inst/U0/AXIvideo2Mat_DMA_U0/regslice_both_AXI_video_strm_V_data_V_U/obuf_inst/SR[0]           |                1 |              4 |
|  ap_clk      | bd_0_i/hls_inst/U0/img_3_cols_V_c13_U/E[0]                                                                                                             | bd_0_i/hls_inst/U0/AXIvideo2Mat_DMA_U0/regslice_both_AXI_video_strm_V_data_V_U/obuf_inst/SR[0]           |                2 |              4 |
|  ap_clk      | bd_0_i/hls_inst/U0/GaussianBlur_U0/grp_Filter2D_fu_82/p_Val2_4_reg_2746[7]_i_1_n_0                                                                     | bd_0_i/hls_inst/U0/GaussianBlur_U0/grp_Filter2D_fu_82/p_Val2_4_reg_2746                                  |                2 |              5 |
|  ap_clk      | bd_0_i/hls_inst/U0/GaussianBlur_U0/grp_Filter2D_fu_82/filter_mac_muladdlbW_U36/filter_mac_muladdlbW_DSP48_5_U/and_ln512_reg_2601_pp0_iter6_reg_reg[0]  | bd_0_i/hls_inst/U0/AXIvideo2Mat_DMA_U0/regslice_both_AXI_video_strm_V_data_V_U/obuf_inst/SR[0]           |                5 |              6 |
|  ap_clk      | bd_0_i/hls_inst/U0/Threshold_U0/start_once_reg_reg_1[0]                                                                                                | bd_0_i/hls_inst/U0/AXIvideo2Mat_DMA_U0/regslice_both_AXI_video_strm_V_data_V_U/obuf_inst/SR[0]           |                2 |              6 |
|  ap_clk      | bd_0_i/hls_inst/U0/start_for_Threshovdy_U/sel                                                                                                          |                                                                                                          |                2 |              6 |
|  ap_clk      | bd_0_i/hls_inst/U0/GaussianBlur_U0/grp_Filter2D_fu_82/icmp_ln444_reg_2569[0]_i_1_n_0                                                                   |                                                                                                          |                4 |              7 |
|  ap_clk      | bd_0_i/hls_inst/U0/GaussianBlur_U0/grp_Filter2D_fu_82/src_kernel_win_0_va_15_fu_2260                                                                   |                                                                                                          |                2 |              8 |
|  ap_clk      | bd_0_i/hls_inst/U0/AXIvideo2Mat_DMA_U0/regslice_both_AXI_video_strm_V_data_V_U/obuf_inst/E[0]                                                          |                                                                                                          |                1 |              8 |
|  ap_clk      | bd_0_i/hls_inst/U0/AXIvideo2Mat_DMA_U0/regslice_both_AXI_video_strm_V_data_V_U/obuf_inst/odata_int_reg[8]_1[0]                                         | bd_0_i/hls_inst/U0/AXIvideo2Mat_DMA_U0/regslice_both_AXI_video_strm_V_data_V_U/ibuf_inst/ireg[8]_i_1_n_0 |                2 |              9 |
|  ap_clk      | bd_0_i/hls_inst/U0/AXIvideo2Mat_DMA_U0/regslice_both_AXI_video_strm_V_data_V_U/obuf_inst/p_0_in                                                        | bd_0_i/hls_inst/U0/AXIvideo2Mat_DMA_U0/regslice_both_AXI_video_strm_V_data_V_U/obuf_inst/SR[0]           |                2 |              9 |
|  ap_clk      | bd_0_i/hls_inst/U0/img_3_cols_V_c13_U/start_once_reg_reg_1[0]                                                                                          |                                                                                                          |                4 |             12 |
|  ap_clk      | bd_0_i/hls_inst/U0/GaussianBlur_U0/grp_Filter2D_fu_82/and_ln118_reg_2578[0]_i_1_n_0                                                                    |                                                                                                          |                8 |             13 |
|  ap_clk      | bd_0_i/hls_inst/U0/GaussianBlur_U0/grp_Filter2D_fu_82/k_buf_0_val_6_addr_reg_26170                                                                     |                                                                                                          |                5 |             13 |
|  ap_clk      | bd_0_i/hls_inst/U0/Mat2AXIvideo_DMA_U0/Mat2AXIvideo_DMA_U0_img_cols_V_read                                                                             |                                                                                                          |                6 |             14 |
|  ap_clk      | bd_0_i/hls_inst/U0/GaussianBlur_U0/grp_Filter2D_fu_82/E[0]                                                                                             |                                                                                                          |                4 |             16 |
|  ap_clk      | bd_0_i/hls_inst/U0/GaussianBlur_U0/grp_Filter2D_fu_82/tmp_8_reg_26350                                                                                  |                                                                                                          |                9 |             16 |
|  ap_clk      | bd_0_i/hls_inst/U0/AXIvideo2Mat_DMA_U0/regslice_both_AXI_video_strm_V_data_V_U/obuf_inst/ap_CS_fsm_reg[2][0]                                           |                                                                                                          |                3 |             16 |
|  ap_clk      | bd_0_i/hls_inst/U0/GaussianBlur_U0/grp_Filter2D_fu_82/icmp_ln899_reg_2518[0]_i_1_n_0                                                                   |                                                                                                          |               12 |             18 |
|  ap_clk      | bd_0_i/hls_inst/U0/GaussianBlur_U0/grp_Filter2D_fu_82/filter_mac_muladdhbi_U29/filter_mac_muladdhbi_DSP48_1_U/src_kernel_win_0_va_16_fu_2300           |                                                                                                          |                9 |             32 |
|  ap_clk      | bd_0_i/hls_inst/U0/Threshold_U0/t_V_1_reg_1880                                                                                                         | bd_0_i/hls_inst/U0/Threshold_U0/t_V_1_reg_188                                                            |                8 |             32 |
|  ap_clk      | bd_0_i/hls_inst/U0/Threshold_U0/Q[1]                                                                                                                   |                                                                                                          |                9 |             32 |
|  ap_clk      | bd_0_i/hls_inst/U0/GaussianBlur_U0/grp_Filter2D_fu_82/ap_CS_fsm_state11                                                                                | bd_0_i/hls_inst/U0/GaussianBlur_U0/grp_Filter2D_fu_82/t_V_reg_442                                        |                7 |             32 |
|  ap_clk      | bd_0_i/hls_inst/U0/GaussianBlur_U0/grp_Filter2D_fu_82/ap_CS_fsm_state2                                                                                 |                                                                                                          |                9 |             32 |
|  ap_clk      | bd_0_i/hls_inst/U0/GaussianBlur_U0/grp_Filter2D_fu_82/t_V_3_reg_4530                                                                                   | bd_0_i/hls_inst/U0/GaussianBlur_U0/grp_Filter2D_fu_82/t_V_3_reg_453                                      |                8 |             32 |
|  ap_clk      | bd_0_i/hls_inst/U0/Mat2AXIvideo_DMA_U0/ap_CS_fsm_state6                                                                                                | bd_0_i/hls_inst/U0/Mat2AXIvideo_DMA_U0/t_V_reg_159_0                                                     |                7 |             32 |
|  ap_clk      | bd_0_i/hls_inst/U0/GaussianBlur_U0/grp_Filter2D_fu_82/k_buf_0_val_5_U/Filter2D_k_buf_0_bkb_ram_U/E[0]                                                  |                                                                                                          |                9 |             32 |
|  ap_clk      | bd_0_i/hls_inst/U0/Mat2AXIvideo_DMA_U0/regslice_both_AXI_video_strm_V_data_V_U/E[0]                                                                    |                                                                                                          |                9 |             32 |
|  ap_clk      | bd_0_i/hls_inst/U0/Mat2AXIvideo_DMA_U0/regslice_both_AXI_video_strm_V_data_V_U/ibuf_inst/t_V_2_reg_1700                                                | bd_0_i/hls_inst/U0/Mat2AXIvideo_DMA_U0/regslice_both_AXI_video_strm_V_data_V_U/ibuf_inst/t_V_2_reg_170   |                8 |             32 |
|  ap_clk      | bd_0_i/hls_inst/U0/Threshold_U0/Q[2]                                                                                                                   | bd_0_i/hls_inst/U0/img_3_cols_V_c13_U/SR[0]                                                              |                9 |             32 |
|  ap_clk      | bd_0_i/hls_inst/U0/AXIvideo2Mat_DMA_U0/regslice_both_AXI_video_strm_V_data_V_U/obuf_inst/ack_out                                                       | bd_0_i/hls_inst/U0/AXIvideo2Mat_DMA_U0/regslice_both_AXI_video_strm_V_data_V_U/obuf_inst/t_V_4_reg_196   |                8 |             32 |
|  ap_clk      | bd_0_i/hls_inst/U0/AXIvideo2Mat_DMA_U0/ap_CS_fsm_state5                                                                                                | bd_0_i/hls_inst/U0/AXIvideo2Mat_DMA_U0/t_V_reg_185_0                                                     |                8 |             32 |
|  ap_clk      | bd_0_i/hls_inst/U0/AXIvideo2Mat_DMA_U0/ap_CS_fsm_state2                                                                                                |                                                                                                          |                9 |             32 |
|  ap_clk      |                                                                                                                                                        | bd_0_i/hls_inst/U0/AXIvideo2Mat_DMA_U0/regslice_both_AXI_video_strm_V_data_V_U/obuf_inst/SR[0]           |               24 |             42 |
|  ap_clk      |                                                                                                                                                        |                                                                                                          |               30 |             58 |
|  ap_clk      | bd_0_i/hls_inst/U0/GaussianBlur_U0/grp_Filter2D_fu_82/add_ln703_12_reg_2731[21]_i_1_n_0                                                                |                                                                                                          |               16 |             61 |
|  ap_clk      | bd_0_i/hls_inst/U0/GaussianBlur_U0/grp_Filter2D_fu_82/k_buf_0_val_9_U/Filter2D_k_buf_0_bkb_ram_U/we1                                                   |                                                                                                          |               48 |             88 |
|  ap_clk      | bd_0_i/hls_inst/U0/GaussianBlur_U0/grp_Filter2D_fu_82/filter_mac_muladdibs_U44/filter_mac_muladdibs_DSP48_2_U/icmp_ln444_reg_2569_pp0_iter4_reg_reg[0] |                                                                                                          |               47 |            112 |
|  ap_clk      | bd_0_i/hls_inst/U0/GaussianBlur_U0/grp_Filter2D_fu_82/filter_mac_muladdlbW_U36/filter_mac_muladdlbW_DSP48_5_U/and_ln512_reg_2601_pp0_iter6_reg_reg[0]  |                                                                                                          |               50 |            112 |
+--------------+--------------------------------------------------------------------------------------------------------------------------------------------------------+----------------------------------------------------------------------------------------------------------+------------------+----------------+


