

================================================================
== Vivado HLS Report for 'blur_image'
================================================================
* Date:           Thu May 14 18:31:26 2020

* Version:        2019.2 (Build 2704478 on Wed Nov 06 22:10:23 MST 2019)
* Project:        HLS_SimpleDesign
* Solution:       solution1
* Product family: zynq
* Target device:  xc7z007s-clg225-1


================================================================
== Performance Estimates
================================================================
+ Timing: 
    * Summary: 
    +--------+----------+----------+------------+
    |  Clock |  Target  | Estimated| Uncertainty|
    +--------+----------+----------+------------+
    |ap_clk  | 10.00 ns | 7.268 ns |   1.25 ns  |
    +--------+----------+----------+------------+

+ Latency: 
    * Summary: 
    +---------+---------+-----------+----------+-----+--------+----------+
    |  Latency (cycles) |  Latency (absolute)  |   Interval   | Pipeline |
    |   min   |   max   |    min    |    max   | min |   max  |   Type   |
    +---------+---------+-----------+----------+-----+--------+----------+
    |        3|   309123| 30.000 ns | 3.091 ms |    2|  309122| dataflow |
    +---------+---------+-----------+----------+-----+--------+----------+

    + Detail: 
        * Instance: 
        +-----------------------------+------------------+---------+---------+-----------+----------+-----+--------+---------+
        |                             |                  |  Latency (cycles) |  Latency (absolute)  |   Interval   | Pipeline|
        |           Instance          |      Module      |   min   |   max   |    min    |    max   | min |   max  |   Type  |
        +-----------------------------+------------------+---------+---------+-----------+----------+-----+--------+---------+
        |grp_Mat2AXIvideo_DMA_fu_168  |Mat2AXIvideo_DMA  |        1|   309121| 10.000 ns | 3.091 ms |    1|  309121|   none  |
        |grp_AXIvideo2Mat_DMA_fu_189  |AXIvideo2Mat_DMA  |        1|   308641| 10.000 ns | 3.086 ms |    1|  308641|   none  |
        |call_ln0_Block_proc_fu_212   |Block_proc        |        0|        0|    0 ns   |   0 ns   |    0|       0|   none  |
        +-----------------------------+------------------+---------+---------+-----------+----------+-----+--------+---------+

        * Loop: 
        N/A

============================================================
+ Verbose Summary: Synthesis Manager
============================================================
InlineROM: 1
ExposeGlobal: 0
============================================================
+ Verbose Summary: CDFG Model
============================================================
IsTopModel: 1
ResetActiveHigh: 1
IsCombinational: 2
IsDatapathOnly: 0
HasWiredReturn: 1
HasMFsm: 0
HasVarLatency: 1
IsPipeline: 0
IsRtlPipelined: 0
IsInstanceOverlapped: 0
IsDontTouch: 0
HasImplIP: 0
IsGatedGlobalClock: 0


============================================================
+ Verbose Summary: Schedule
============================================================
* Number of FSM states : 6
* Pipeline : 0
* Dataflow Pipeline: 1
  DF-Pipeline-0: Size = 6, States = { 1 2 3 4 5 6 }

* FSM state transitions: 
1 --> 2 
2 --> 3 
3 --> 4 
4 --> 5 
5 --> 6 
6 --> 

* FSM state operations: 

State 1 <SV = 0> <Delay = 0.00>
ST_1 : Operation 7 [1/1] (0.00ns)   --->   "%img_1_cols_V_c5 = alloca i11, align 2"   --->   Operation 7 'alloca' 'img_1_cols_V_c5' <Predicate = true> <Delay = 0.00> <Core = "FIFO">   --->   Core 32 'FIFO' <Latency = 0> <II = 1> <Delay = 3.63> <Storage> <Opcode : 'read' 'write' 'nbread' 'nbwrite'> <Ports = 0> <Width = 11> <Depth = 2> <FIFO>
ST_1 : Operation 8 [1/1] (0.00ns)   --->   "%img_1_rows_V_c4 = alloca i10, align 2"   --->   Operation 8 'alloca' 'img_1_rows_V_c4' <Predicate = true> <Delay = 0.00> <Core = "FIFO">   --->   Core 32 'FIFO' <Latency = 0> <II = 1> <Delay = 3.63> <Storage> <Opcode : 'read' 'write' 'nbread' 'nbwrite'> <Ports = 0> <Width = 11> <Depth = 2> <FIFO>
ST_1 : Operation 9 [1/1] (0.00ns)   --->   "%img_1_cols_V_c = alloca i11, align 2"   --->   Operation 9 'alloca' 'img_1_cols_V_c' <Predicate = true> <Delay = 0.00> <Core = "FIFO">   --->   Core 32 'FIFO' <Latency = 0> <II = 1> <Delay = 3.63> <Storage> <Opcode : 'read' 'write' 'nbread' 'nbwrite'> <Ports = 0> <Width = 11> <Depth = 2> <FIFO>
ST_1 : Operation 10 [1/1] (0.00ns)   --->   "%img_1_rows_V_c = alloca i10, align 2"   --->   Operation 10 'alloca' 'img_1_rows_V_c' <Predicate = true> <Delay = 0.00> <Core = "FIFO">   --->   Core 32 'FIFO' <Latency = 0> <II = 1> <Delay = 3.63> <Storage> <Opcode : 'read' 'write' 'nbread' 'nbwrite'> <Ports = 0> <Width = 11> <Depth = 2> <FIFO>
ST_1 : Operation 11 [1/1] (0.00ns)   --->   "%img_1_data_stream_0 = alloca i8, align 1" [HLS_SimpleDesign/Grey_image.cpp:42]   --->   Operation 11 'alloca' 'img_1_data_stream_0' <Predicate = true> <Delay = 0.00> <Core = "FIFO">   --->   Core 32 'FIFO' <Latency = 0> <II = 1> <Delay = 3.63> <Storage> <Opcode : 'read' 'write' 'nbread' 'nbwrite'> <Ports = 0> <Width = 11> <Depth = 2> <FIFO>
ST_1 : Operation 12 [1/1] (0.00ns)   --->   "call fastcc void @Block__proc(i10* %img_1_rows_V_c, i11* %img_1_cols_V_c)"   --->   Operation 12 'call' <Predicate = true> <Delay = 0.00> <CoreType = "Generic">   --->   Core 0 '' <Latency = 0> <II = 1> <Delay = 1.00> <Generic> <Opcode : >

State 2 <SV = 1> <Delay = 0.00>
ST_2 : Operation 13 [2/2] (0.00ns)   --->   "call fastcc void @AXIvideo2Mat_DMA(i8* %video_in_V_data_V, i1* %video_in_V_keep_V, i1* %video_in_V_strb_V, i1* %video_in_V_user_V, i1* %video_in_V_last_V, i1* %video_in_V_id_V, i1* %video_in_V_dest_V, i10* nocapture %img_1_rows_V_c, i11* nocapture %img_1_cols_V_c, i8* %img_1_data_stream_0, i10* %img_1_rows_V_c4, i11* %img_1_cols_V_c5)" [HLS_SimpleDesign/Grey_image.cpp:52]   --->   Operation 13 'call' <Predicate = true> <Delay = 0.00> <CoreType = "Generic">   --->   Core 0 '' <Latency = 0> <II = 1> <Delay = 1.00> <Generic> <Opcode : >

State 3 <SV = 2> <Delay = 0.00>
ST_3 : Operation 14 [1/2] (0.00ns)   --->   "call fastcc void @AXIvideo2Mat_DMA(i8* %video_in_V_data_V, i1* %video_in_V_keep_V, i1* %video_in_V_strb_V, i1* %video_in_V_user_V, i1* %video_in_V_last_V, i1* %video_in_V_id_V, i1* %video_in_V_dest_V, i10* nocapture %img_1_rows_V_c, i11* nocapture %img_1_cols_V_c, i8* %img_1_data_stream_0, i10* %img_1_rows_V_c4, i11* %img_1_cols_V_c5)" [HLS_SimpleDesign/Grey_image.cpp:52]   --->   Operation 14 'call' <Predicate = true> <Delay = 0.00> <CoreType = "Generic">   --->   Core 0 '' <Latency = 0> <II = 1> <Delay = 1.00> <Generic> <Opcode : >

State 4 <SV = 3> <Delay = 0.00>
ST_4 : Operation 15 [2/2] (0.00ns)   --->   "call fastcc void @Mat2AXIvideo_DMA(i10* nocapture %img_1_rows_V_c4, i11* nocapture %img_1_cols_V_c5, i8* %img_1_data_stream_0, i8* %video_out_V_data_V, i1* %video_out_V_keep_V, i1* %video_out_V_strb_V, i1* %video_out_V_user_V, i1* %video_out_V_last_V, i1* %video_out_V_id_V, i1* %video_out_V_dest_V)" [HLS_SimpleDesign/Grey_image.cpp:54]   --->   Operation 15 'call' <Predicate = true> <Delay = 0.00> <CoreType = "Generic">   --->   Core 0 '' <Latency = 0> <II = 1> <Delay = 1.00> <Generic> <Opcode : >

State 5 <SV = 4> <Delay = 0.00>
ST_5 : Operation 16 [1/2] (0.00ns)   --->   "call fastcc void @Mat2AXIvideo_DMA(i10* nocapture %img_1_rows_V_c4, i11* nocapture %img_1_cols_V_c5, i8* %img_1_data_stream_0, i8* %video_out_V_data_V, i1* %video_out_V_keep_V, i1* %video_out_V_strb_V, i1* %video_out_V_user_V, i1* %video_out_V_last_V, i1* %video_out_V_id_V, i1* %video_out_V_dest_V)" [HLS_SimpleDesign/Grey_image.cpp:54]   --->   Operation 16 'call' <Predicate = true> <Delay = 0.00> <CoreType = "Generic">   --->   Core 0 '' <Latency = 0> <II = 1> <Delay = 1.00> <Generic> <Opcode : >

State 6 <SV = 5> <Delay = 0.00>
ST_6 : Operation 17 [1/1] (0.00ns)   --->   "call void (...)* @_ssdm_op_SpecDataflowPipeline(i32 -1, i32 0, [1 x i8]* @p_str2) nounwind" [HLS_SimpleDesign/Grey_image.cpp:51]   --->   Operation 17 'specdataflowpipeline' <Predicate = true> <Delay = 0.00>
ST_6 : Operation 18 [1/1] (0.00ns)   --->   "call void (...)* @_ssdm_op_SpecBitsMap(i8* %video_in_V_data_V), !map !121"   --->   Operation 18 'specbitsmap' <Predicate = true> <Delay = 0.00>
ST_6 : Operation 19 [1/1] (0.00ns)   --->   "call void (...)* @_ssdm_op_SpecBitsMap(i1* %video_in_V_keep_V), !map !125"   --->   Operation 19 'specbitsmap' <Predicate = true> <Delay = 0.00>
ST_6 : Operation 20 [1/1] (0.00ns)   --->   "call void (...)* @_ssdm_op_SpecBitsMap(i1* %video_in_V_strb_V), !map !129"   --->   Operation 20 'specbitsmap' <Predicate = true> <Delay = 0.00>
ST_6 : Operation 21 [1/1] (0.00ns)   --->   "call void (...)* @_ssdm_op_SpecBitsMap(i1* %video_in_V_user_V), !map !133"   --->   Operation 21 'specbitsmap' <Predicate = true> <Delay = 0.00>
ST_6 : Operation 22 [1/1] (0.00ns)   --->   "call void (...)* @_ssdm_op_SpecBitsMap(i1* %video_in_V_last_V), !map !137"   --->   Operation 22 'specbitsmap' <Predicate = true> <Delay = 0.00>
ST_6 : Operation 23 [1/1] (0.00ns)   --->   "call void (...)* @_ssdm_op_SpecBitsMap(i1* %video_in_V_id_V), !map !141"   --->   Operation 23 'specbitsmap' <Predicate = true> <Delay = 0.00>
ST_6 : Operation 24 [1/1] (0.00ns)   --->   "call void (...)* @_ssdm_op_SpecBitsMap(i1* %video_in_V_dest_V), !map !145"   --->   Operation 24 'specbitsmap' <Predicate = true> <Delay = 0.00>
ST_6 : Operation 25 [1/1] (0.00ns)   --->   "call void (...)* @_ssdm_op_SpecBitsMap(i8* %video_out_V_data_V), !map !149"   --->   Operation 25 'specbitsmap' <Predicate = true> <Delay = 0.00>
ST_6 : Operation 26 [1/1] (0.00ns)   --->   "call void (...)* @_ssdm_op_SpecBitsMap(i1* %video_out_V_keep_V), !map !153"   --->   Operation 26 'specbitsmap' <Predicate = true> <Delay = 0.00>
ST_6 : Operation 27 [1/1] (0.00ns)   --->   "call void (...)* @_ssdm_op_SpecBitsMap(i1* %video_out_V_strb_V), !map !157"   --->   Operation 27 'specbitsmap' <Predicate = true> <Delay = 0.00>
ST_6 : Operation 28 [1/1] (0.00ns)   --->   "call void (...)* @_ssdm_op_SpecBitsMap(i1* %video_out_V_user_V), !map !161"   --->   Operation 28 'specbitsmap' <Predicate = true> <Delay = 0.00>
ST_6 : Operation 29 [1/1] (0.00ns)   --->   "call void (...)* @_ssdm_op_SpecBitsMap(i1* %video_out_V_last_V), !map !165"   --->   Operation 29 'specbitsmap' <Predicate = true> <Delay = 0.00>
ST_6 : Operation 30 [1/1] (0.00ns)   --->   "call void (...)* @_ssdm_op_SpecBitsMap(i1* %video_out_V_id_V), !map !169"   --->   Operation 30 'specbitsmap' <Predicate = true> <Delay = 0.00>
ST_6 : Operation 31 [1/1] (0.00ns)   --->   "call void (...)* @_ssdm_op_SpecBitsMap(i1* %video_out_V_dest_V), !map !173"   --->   Operation 31 'specbitsmap' <Predicate = true> <Delay = 0.00>
ST_6 : Operation 32 [1/1] (0.00ns)   --->   "call void (...)* @_ssdm_op_SpecTopModule([11 x i8]* @blur_image_str) nounwind"   --->   Operation 32 'spectopmodule' <Predicate = true> <Delay = 0.00>
ST_6 : Operation 33 [1/1] (0.00ns)   --->   "%empty = call i32 (...)* @_ssdm_op_SpecChannel([23 x i8]* @img_1_OC_data_stream, i32 1, [1 x i8]* @p_str33, [1 x i8]* @p_str33, i32 2, i32 2, i8* %img_1_data_stream_0, i8* %img_1_data_stream_0)"   --->   Operation 33 'specchannel' 'empty' <Predicate = true> <Delay = 0.00>
ST_6 : Operation 34 [1/1] (0.00ns)   --->   "call void (...)* @_ssdm_op_SpecInterface(i8* %img_1_data_stream_0, [8 x i8]* @ap_fifo_str, i32 0, i32 0, [1 x i8]* @p_str34, i32 0, i32 0, [1 x i8]* @p_str35, [1 x i8]* @p_str36, [1 x i8]* @p_str37, i32 2, i32 2, i32 16, i32 16, [1 x i8]* @p_str38, [1 x i8]* @p_str39)"   --->   Operation 34 'specinterface' <Predicate = true> <Delay = 0.00>
ST_6 : Operation 35 [1/1] (0.00ns)   --->   "call void (...)* @_ssdm_op_SpecInterface(i8* %video_in_V_data_V, i1* %video_in_V_keep_V, i1* %video_in_V_strb_V, i1* %video_in_V_user_V, i1* %video_in_V_last_V, i1* %video_in_V_id_V, i1* %video_in_V_dest_V, [5 x i8]* @p_str, i32 1, i32 1, [5 x i8]* @p_str1, i32 0, i32 0, [1 x i8]* @p_str2, [1 x i8]* @p_str2, [1 x i8]* @p_str2, i32 0, i32 0, i32 0, i32 0, [1 x i8]* @p_str2, [1 x i8]* @p_str2) nounwind" [HLS_SimpleDesign/Grey_image.cpp:28]   --->   Operation 35 'specinterface' <Predicate = true> <Delay = 0.00>
ST_6 : Operation 36 [1/1] (0.00ns)   --->   "call void (...)* @_ssdm_op_SpecInterface(i8* %video_out_V_data_V, i1* %video_out_V_keep_V, i1* %video_out_V_strb_V, i1* %video_out_V_user_V, i1* %video_out_V_last_V, i1* %video_out_V_id_V, i1* %video_out_V_dest_V, [5 x i8]* @p_str, i32 1, i32 1, [5 x i8]* @p_str1, i32 0, i32 0, [1 x i8]* @p_str2, [1 x i8]* @p_str2, [1 x i8]* @p_str2, i32 0, i32 0, i32 0, i32 0, [1 x i8]* @p_str2, [1 x i8]* @p_str2) nounwind" [HLS_SimpleDesign/Grey_image.cpp:29]   --->   Operation 36 'specinterface' <Predicate = true> <Delay = 0.00>
ST_6 : Operation 37 [1/1] (0.00ns)   --->   "call void (...)* @_ssdm_op_SpecInterface(i32 0, [13 x i8]* @p_str3, i32 0, i32 0, [1 x i8]* @p_str2, i32 0, i32 0, [1 x i8]* @p_str2, [1 x i8]* @p_str2, [1 x i8]* @p_str2, i32 0, i32 0, i32 0, i32 0, [1 x i8]* @p_str2, [1 x i8]* @p_str2) nounwind" [HLS_SimpleDesign/Grey_image.cpp:30]   --->   Operation 37 'specinterface' <Predicate = true> <Delay = 0.00>
ST_6 : Operation 38 [1/1] (0.00ns)   --->   "%empty_6 = call i32 (...)* @_ssdm_op_SpecChannel([15 x i8]* @img_1_OC_rows_OC_V_c_1, i32 1, [1 x i8]* @p_str53, [1 x i8]* @p_str53, i32 2, i32 0, i10* %img_1_rows_V_c, i10* %img_1_rows_V_c)"   --->   Operation 38 'specchannel' 'empty_6' <Predicate = true> <Delay = 0.00>
ST_6 : Operation 39 [1/1] (0.00ns)   --->   "call void (...)* @_ssdm_op_SpecInterface(i10* %img_1_rows_V_c, [8 x i8]* @ap_fifo_str, i32 0, i32 0, [1 x i8]* @p_str54, i32 0, i32 0, [1 x i8]* @p_str55, [1 x i8]* @p_str56, [1 x i8]* @p_str57, i32 2, i32 2, i32 16, i32 16, [1 x i8]* @p_str58, [1 x i8]* @p_str59)"   --->   Operation 39 'specinterface' <Predicate = true> <Delay = 0.00>
ST_6 : Operation 40 [1/1] (0.00ns)   --->   "%empty_7 = call i32 (...)* @_ssdm_op_SpecChannel([15 x i8]* @img_1_OC_cols_OC_V_c_1, i32 1, [1 x i8]* @p_str60, [1 x i8]* @p_str60, i32 2, i32 0, i11* %img_1_cols_V_c, i11* %img_1_cols_V_c)"   --->   Operation 40 'specchannel' 'empty_7' <Predicate = true> <Delay = 0.00>
ST_6 : Operation 41 [1/1] (0.00ns)   --->   "call void (...)* @_ssdm_op_SpecInterface(i11* %img_1_cols_V_c, [8 x i8]* @ap_fifo_str, i32 0, i32 0, [1 x i8]* @p_str61, i32 0, i32 0, [1 x i8]* @p_str62, [1 x i8]* @p_str63, [1 x i8]* @p_str64, i32 2, i32 2, i32 16, i32 16, [1 x i8]* @p_str65, [1 x i8]* @p_str66)"   --->   Operation 41 'specinterface' <Predicate = true> <Delay = 0.00>
ST_6 : Operation 42 [1/1] (0.00ns)   --->   "%empty_8 = call i32 (...)* @_ssdm_op_SpecChannel([16 x i8]* @img_1_OC_rows_OC_V_c, i32 1, [1 x i8]* @p_str88, [1 x i8]* @p_str88, i32 2, i32 0, i10* %img_1_rows_V_c4, i10* %img_1_rows_V_c4)"   --->   Operation 42 'specchannel' 'empty_8' <Predicate = true> <Delay = 0.00>
ST_6 : Operation 43 [1/1] (0.00ns)   --->   "call void (...)* @_ssdm_op_SpecInterface(i10* %img_1_rows_V_c4, [8 x i8]* @ap_fifo_str, i32 0, i32 0, [1 x i8]* @p_str89, i32 0, i32 0, [1 x i8]* @p_str90, [1 x i8]* @p_str91, [1 x i8]* @p_str92, i32 2, i32 2, i32 16, i32 16, [1 x i8]* @p_str93, [1 x i8]* @p_str94)"   --->   Operation 43 'specinterface' <Predicate = true> <Delay = 0.00>
ST_6 : Operation 44 [1/1] (0.00ns)   --->   "%empty_9 = call i32 (...)* @_ssdm_op_SpecChannel([16 x i8]* @img_1_OC_cols_OC_V_c, i32 1, [1 x i8]* @p_str95, [1 x i8]* @p_str95, i32 2, i32 0, i11* %img_1_cols_V_c5, i11* %img_1_cols_V_c5)"   --->   Operation 44 'specchannel' 'empty_9' <Predicate = true> <Delay = 0.00>
ST_6 : Operation 45 [1/1] (0.00ns)   --->   "call void (...)* @_ssdm_op_SpecInterface(i11* %img_1_cols_V_c5, [8 x i8]* @ap_fifo_str, i32 0, i32 0, [1 x i8]* @p_str96, i32 0, i32 0, [1 x i8]* @p_str97, [1 x i8]* @p_str98, [1 x i8]* @p_str99, i32 2, i32 2, i32 16, i32 16, [1 x i8]* @p_str100, [1 x i8]* @p_str101)"   --->   Operation 45 'specinterface' <Predicate = true> <Delay = 0.00>
ST_6 : Operation 46 [1/1] (0.00ns)   --->   "ret void" [HLS_SimpleDesign/Grey_image.cpp:55]   --->   Operation 46 'ret' <Predicate = true> <Delay = 0.00>


============================================================
+ Verbose Summary: Binding
============================================================
STG Binding: 
---------------- STG Properties BEGIN ----------------
- Is combinational: 0
- Is one-state seq: 0
- Is datapath-only: 0
- Is pipelined: 0
- Is top level: 1
Port [ Return ] is wired: 1; IO mode=ap_ctrl_none:ce=0
Port [ video_in_V_data_V]:  wired=1; compound=1; hidden=0; nouse=0; global=0; static=0; extern=0; dir=0; type=0; pingpong=0; private_global=0; IO mode=axis:ce=0
Port [ video_in_V_keep_V]:  wired=1; compound=1; hidden=0; nouse=0; global=0; static=0; extern=0; dir=0; type=0; pingpong=0; private_global=0; IO mode=axis:ce=0
Port [ video_in_V_strb_V]:  wired=1; compound=1; hidden=0; nouse=0; global=0; static=0; extern=0; dir=0; type=0; pingpong=0; private_global=0; IO mode=axis:ce=0
Port [ video_in_V_user_V]:  wired=1; compound=1; hidden=0; nouse=0; global=0; static=0; extern=0; dir=0; type=0; pingpong=0; private_global=0; IO mode=axis:ce=0
Port [ video_in_V_last_V]:  wired=1; compound=1; hidden=0; nouse=0; global=0; static=0; extern=0; dir=0; type=0; pingpong=0; private_global=0; IO mode=axis:ce=0
Port [ video_in_V_id_V]:  wired=1; compound=1; hidden=0; nouse=0; global=0; static=0; extern=0; dir=0; type=0; pingpong=0; private_global=0; IO mode=axis:ce=0
Port [ video_in_V_dest_V]:  wired=1; compound=1; hidden=0; nouse=0; global=0; static=0; extern=0; dir=0; type=0; pingpong=0; private_global=0; IO mode=axis:ce=0
Port [ video_out_V_data_V]:  wired=1; compound=1; hidden=0; nouse=0; global=0; static=0; extern=0; dir=1; type=0; pingpong=0; private_global=0; IO mode=axis:ce=0
Port [ video_out_V_keep_V]:  wired=1; compound=1; hidden=0; nouse=0; global=0; static=0; extern=0; dir=1; type=0; pingpong=0; private_global=0; IO mode=axis:ce=0
Port [ video_out_V_strb_V]:  wired=1; compound=1; hidden=0; nouse=0; global=0; static=0; extern=0; dir=1; type=0; pingpong=0; private_global=0; IO mode=axis:ce=0
Port [ video_out_V_user_V]:  wired=1; compound=1; hidden=0; nouse=0; global=0; static=0; extern=0; dir=1; type=0; pingpong=0; private_global=0; IO mode=axis:ce=0
Port [ video_out_V_last_V]:  wired=1; compound=1; hidden=0; nouse=0; global=0; static=0; extern=0; dir=1; type=0; pingpong=0; private_global=0; IO mode=axis:ce=0
Port [ video_out_V_id_V]:  wired=1; compound=1; hidden=0; nouse=0; global=0; static=0; extern=0; dir=1; type=0; pingpong=0; private_global=0; IO mode=axis:ce=0
Port [ video_out_V_dest_V]:  wired=1; compound=1; hidden=0; nouse=0; global=0; static=0; extern=0; dir=1; type=0; pingpong=0; private_global=0; IO mode=axis:ce=0
---------------- STG Properties END ------------------

---------------- Datapath Model BEGIN ----------------

<LifeTime>
<method=bitvector/>
img_1_cols_V_c5           (alloca              ) [ 0011111]
img_1_rows_V_c4           (alloca              ) [ 0011111]
img_1_cols_V_c            (alloca              ) [ 0111111]
img_1_rows_V_c            (alloca              ) [ 0111111]
img_1_data_stream_0       (alloca              ) [ 0011111]
call_ln0                  (call                ) [ 0000000]
call_ln52                 (call                ) [ 0000000]
call_ln54                 (call                ) [ 0000000]
specdataflowpipeline_ln51 (specdataflowpipeline) [ 0000000]
specbitsmap_ln0           (specbitsmap         ) [ 0000000]
specbitsmap_ln0           (specbitsmap         ) [ 0000000]
specbitsmap_ln0           (specbitsmap         ) [ 0000000]
specbitsmap_ln0           (specbitsmap         ) [ 0000000]
specbitsmap_ln0           (specbitsmap         ) [ 0000000]
specbitsmap_ln0           (specbitsmap         ) [ 0000000]
specbitsmap_ln0           (specbitsmap         ) [ 0000000]
specbitsmap_ln0           (specbitsmap         ) [ 0000000]
specbitsmap_ln0           (specbitsmap         ) [ 0000000]
specbitsmap_ln0           (specbitsmap         ) [ 0000000]
specbitsmap_ln0           (specbitsmap         ) [ 0000000]
specbitsmap_ln0           (specbitsmap         ) [ 0000000]
specbitsmap_ln0           (specbitsmap         ) [ 0000000]
specbitsmap_ln0           (specbitsmap         ) [ 0000000]
spectopmodule_ln0         (spectopmodule       ) [ 0000000]
empty                     (specchannel         ) [ 0000000]
specinterface_ln0         (specinterface       ) [ 0000000]
specinterface_ln28        (specinterface       ) [ 0000000]
specinterface_ln29        (specinterface       ) [ 0000000]
specinterface_ln30        (specinterface       ) [ 0000000]
empty_6                   (specchannel         ) [ 0000000]
specinterface_ln0         (specinterface       ) [ 0000000]
empty_7                   (specchannel         ) [ 0000000]
specinterface_ln0         (specinterface       ) [ 0000000]
empty_8                   (specchannel         ) [ 0000000]
specinterface_ln0         (specinterface       ) [ 0000000]
empty_9                   (specchannel         ) [ 0000000]
specinterface_ln0         (specinterface       ) [ 0000000]
ret_ln55                  (ret                 ) [ 0000000]
</LifeTime>

<model>

<comp_list>
<comp id="0" class="1000" name="video_in_V_data_V">
<pin_list>
<pin id="1" dir="1" index="0" bw="1" slack="0"/>
</pin_list>
<bind>
<StgValue><ssdm name="video_in_V_data_V"/></StgValue>
</bind>
</comp>

<comp id="2" class="1000" name="video_in_V_keep_V">
<pin_list>
<pin id="3" dir="1" index="0" bw="1" slack="0"/>
</pin_list>
<bind>
<StgValue><ssdm name="video_in_V_keep_V"/></StgValue>
</bind>
</comp>

<comp id="4" class="1000" name="video_in_V_strb_V">
<pin_list>
<pin id="5" dir="1" index="0" bw="1" slack="0"/>
</pin_list>
<bind>
<StgValue><ssdm name="video_in_V_strb_V"/></StgValue>
</bind>
</comp>

<comp id="6" class="1000" name="video_in_V_user_V">
<pin_list>
<pin id="7" dir="1" index="0" bw="1" slack="0"/>
</pin_list>
<bind>
<StgValue><ssdm name="video_in_V_user_V"/></StgValue>
</bind>
</comp>

<comp id="8" class="1000" name="video_in_V_last_V">
<pin_list>
<pin id="9" dir="1" index="0" bw="1" slack="0"/>
</pin_list>
<bind>
<StgValue><ssdm name="video_in_V_last_V"/></StgValue>
</bind>
</comp>

<comp id="10" class="1000" name="video_in_V_id_V">
<pin_list>
<pin id="11" dir="1" index="0" bw="1" slack="0"/>
</pin_list>
<bind>
<StgValue><ssdm name="video_in_V_id_V"/></StgValue>
</bind>
</comp>

<comp id="12" class="1000" name="video_in_V_dest_V">
<pin_list>
<pin id="13" dir="1" index="0" bw="1" slack="0"/>
</pin_list>
<bind>
<StgValue><ssdm name="video_in_V_dest_V"/></StgValue>
</bind>
</comp>

<comp id="14" class="1000" name="video_out_V_data_V">
<pin_list>
<pin id="15" dir="1" index="0" bw="1" slack="0"/>
</pin_list>
<bind>
<StgValue><ssdm name="video_out_V_data_V"/></StgValue>
</bind>
</comp>

<comp id="16" class="1000" name="video_out_V_keep_V">
<pin_list>
<pin id="17" dir="1" index="0" bw="1" slack="0"/>
</pin_list>
<bind>
<StgValue><ssdm name="video_out_V_keep_V"/></StgValue>
</bind>
</comp>

<comp id="18" class="1000" name="video_out_V_strb_V">
<pin_list>
<pin id="19" dir="1" index="0" bw="1" slack="0"/>
</pin_list>
<bind>
<StgValue><ssdm name="video_out_V_strb_V"/></StgValue>
</bind>
</comp>

<comp id="20" class="1000" name="video_out_V_user_V">
<pin_list>
<pin id="21" dir="1" index="0" bw="1" slack="0"/>
</pin_list>
<bind>
<StgValue><ssdm name="video_out_V_user_V"/></StgValue>
</bind>
</comp>

<comp id="22" class="1000" name="video_out_V_last_V">
<pin_list>
<pin id="23" dir="1" index="0" bw="1" slack="0"/>
</pin_list>
<bind>
<StgValue><ssdm name="video_out_V_last_V"/></StgValue>
</bind>
</comp>

<comp id="24" class="1000" name="video_out_V_id_V">
<pin_list>
<pin id="25" dir="1" index="0" bw="1" slack="0"/>
</pin_list>
<bind>
<StgValue><ssdm name="video_out_V_id_V"/></StgValue>
</bind>
</comp>

<comp id="26" class="1000" name="video_out_V_dest_V">
<pin_list>
<pin id="27" dir="1" index="0" bw="1" slack="0"/>
</pin_list>
<bind>
<StgValue><ssdm name="video_out_V_dest_V"/></StgValue>
</bind>
</comp>

<comp id="28" class="1001" name="const_28">
<pin_list>
<pin id="29" dir="1" index="0" bw="1" slack="0"/>
</pin_list>
<bind>
<StgValue><ssdm name=""/></StgValue>
</bind>
</comp>

<comp id="30" class="1001" name="const_30">
<pin_list>
<pin id="31" dir="1" index="0" bw="1" slack="0"/>
</pin_list>
<bind>
<StgValue><ssdm name="Block__proc"/></StgValue>
</bind>
</comp>

<comp id="32" class="1001" name="const_32">
<pin_list>
<pin id="33" dir="1" index="0" bw="1" slack="0"/>
</pin_list>
<bind>
<StgValue><ssdm name="AXIvideo2Mat_DMA"/></StgValue>
</bind>
</comp>

<comp id="34" class="1001" name="const_34">
<pin_list>
<pin id="35" dir="1" index="0" bw="1" slack="0"/>
</pin_list>
<bind>
<StgValue><ssdm name="Mat2AXIvideo_DMA"/></StgValue>
</bind>
</comp>

<comp id="36" class="1001" name="const_36">
<pin_list>
<pin id="37" dir="1" index="0" bw="1" slack="2147483647"/>
</pin_list>
<bind>
<StgValue><ssdm name="_ssdm_op_SpecDataflowPipeline"/></StgValue>
</bind>
</comp>

<comp id="38" class="1001" name="const_38">
<pin_list>
<pin id="39" dir="1" index="0" bw="1" slack="2147483647"/>
</pin_list>
<bind>
<StgValue><ssdm name=""/></StgValue>
</bind>
</comp>

<comp id="40" class="1001" name="const_40">
<pin_list>
<pin id="41" dir="1" index="0" bw="1" slack="2147483647"/>
</pin_list>
<bind>
<StgValue><ssdm name=""/></StgValue>
</bind>
</comp>

<comp id="42" class="1001" name="const_42">
<pin_list>
<pin id="43" dir="1" index="0" bw="1" slack="2147483647"/>
</pin_list>
<bind>
<StgValue><ssdm name="p_str2"/></StgValue>
</bind>
</comp>

<comp id="44" class="1001" name="const_44">
<pin_list>
<pin id="45" dir="1" index="0" bw="1" slack="2147483647"/>
</pin_list>
<bind>
<StgValue><ssdm name="_ssdm_op_SpecBitsMap"/></StgValue>
</bind>
</comp>

<comp id="46" class="1001" name="const_46">
<pin_list>
<pin id="47" dir="1" index="0" bw="1" slack="2147483647"/>
</pin_list>
<bind>
<StgValue><ssdm name="_ssdm_op_SpecTopModule"/></StgValue>
</bind>
</comp>

<comp id="48" class="1001" name="const_48">
<pin_list>
<pin id="49" dir="1" index="0" bw="1" slack="2147483647"/>
</pin_list>
<bind>
<StgValue><ssdm name="blur_image_str"/></StgValue>
</bind>
</comp>

<comp id="50" class="1001" name="const_50">
<pin_list>
<pin id="51" dir="1" index="0" bw="1" slack="2147483647"/>
</pin_list>
<bind>
<StgValue><ssdm name="_ssdm_op_SpecChannel"/></StgValue>
</bind>
</comp>

<comp id="52" class="1001" name="const_52">
<pin_list>
<pin id="53" dir="1" index="0" bw="1" slack="2147483647"/>
</pin_list>
<bind>
<StgValue><ssdm name="img_1_OC_data_stream"/></StgValue>
</bind>
</comp>

<comp id="54" class="1001" name="const_54">
<pin_list>
<pin id="55" dir="1" index="0" bw="1" slack="2147483647"/>
</pin_list>
<bind>
<StgValue><ssdm name=""/></StgValue>
</bind>
</comp>

<comp id="56" class="1001" name="const_56">
<pin_list>
<pin id="57" dir="1" index="0" bw="1" slack="2147483647"/>
</pin_list>
<bind>
<StgValue><ssdm name="p_str33"/></StgValue>
</bind>
</comp>

<comp id="58" class="1001" name="const_58">
<pin_list>
<pin id="59" dir="1" index="0" bw="1" slack="2147483647"/>
</pin_list>
<bind>
<StgValue><ssdm name=""/></StgValue>
</bind>
</comp>

<comp id="60" class="1001" name="const_60">
<pin_list>
<pin id="61" dir="1" index="0" bw="1" slack="2147483647"/>
</pin_list>
<bind>
<StgValue><ssdm name="_ssdm_op_SpecInterface"/></StgValue>
</bind>
</comp>

<comp id="62" class="1001" name="const_62">
<pin_list>
<pin id="63" dir="1" index="0" bw="1" slack="2147483647"/>
</pin_list>
<bind>
<StgValue><ssdm name="ap_fifo_str"/></StgValue>
</bind>
</comp>

<comp id="64" class="1001" name="const_64">
<pin_list>
<pin id="65" dir="1" index="0" bw="1" slack="2147483647"/>
</pin_list>
<bind>
<StgValue><ssdm name="p_str34"/></StgValue>
</bind>
</comp>

<comp id="66" class="1001" name="const_66">
<pin_list>
<pin id="67" dir="1" index="0" bw="1" slack="2147483647"/>
</pin_list>
<bind>
<StgValue><ssdm name="p_str35"/></StgValue>
</bind>
</comp>

<comp id="68" class="1001" name="const_68">
<pin_list>
<pin id="69" dir="1" index="0" bw="1" slack="2147483647"/>
</pin_list>
<bind>
<StgValue><ssdm name="p_str36"/></StgValue>
</bind>
</comp>

<comp id="70" class="1001" name="const_70">
<pin_list>
<pin id="71" dir="1" index="0" bw="1" slack="2147483647"/>
</pin_list>
<bind>
<StgValue><ssdm name="p_str37"/></StgValue>
</bind>
</comp>

<comp id="72" class="1001" name="const_72">
<pin_list>
<pin id="73" dir="1" index="0" bw="1" slack="2147483647"/>
</pin_list>
<bind>
<StgValue><ssdm name=""/></StgValue>
</bind>
</comp>

<comp id="74" class="1001" name="const_74">
<pin_list>
<pin id="75" dir="1" index="0" bw="1" slack="2147483647"/>
</pin_list>
<bind>
<StgValue><ssdm name="p_str38"/></StgValue>
</bind>
</comp>

<comp id="76" class="1001" name="const_76">
<pin_list>
<pin id="77" dir="1" index="0" bw="1" slack="2147483647"/>
</pin_list>
<bind>
<StgValue><ssdm name="p_str39"/></StgValue>
</bind>
</comp>

<comp id="78" class="1001" name="const_78">
<pin_list>
<pin id="79" dir="1" index="0" bw="1" slack="2147483647"/>
</pin_list>
<bind>
<StgValue><ssdm name="p_str"/></StgValue>
</bind>
</comp>

<comp id="80" class="1001" name="const_80">
<pin_list>
<pin id="81" dir="1" index="0" bw="1" slack="2147483647"/>
</pin_list>
<bind>
<StgValue><ssdm name="p_str1"/></StgValue>
</bind>
</comp>

<comp id="82" class="1001" name="const_82">
<pin_list>
<pin id="83" dir="1" index="0" bw="1" slack="2147483647"/>
</pin_list>
<bind>
<StgValue><ssdm name="p_str3"/></StgValue>
</bind>
</comp>

<comp id="84" class="1001" name="const_84">
<pin_list>
<pin id="85" dir="1" index="0" bw="1" slack="2147483647"/>
</pin_list>
<bind>
<StgValue><ssdm name="img_1_OC_rows_OC_V_c_1"/></StgValue>
</bind>
</comp>

<comp id="86" class="1001" name="const_86">
<pin_list>
<pin id="87" dir="1" index="0" bw="1" slack="2147483647"/>
</pin_list>
<bind>
<StgValue><ssdm name="p_str53"/></StgValue>
</bind>
</comp>

<comp id="88" class="1001" name="const_88">
<pin_list>
<pin id="89" dir="1" index="0" bw="1" slack="2147483647"/>
</pin_list>
<bind>
<StgValue><ssdm name="p_str54"/></StgValue>
</bind>
</comp>

<comp id="90" class="1001" name="const_90">
<pin_list>
<pin id="91" dir="1" index="0" bw="1" slack="2147483647"/>
</pin_list>
<bind>
<StgValue><ssdm name="p_str55"/></StgValue>
</bind>
</comp>

<comp id="92" class="1001" name="const_92">
<pin_list>
<pin id="93" dir="1" index="0" bw="1" slack="2147483647"/>
</pin_list>
<bind>
<StgValue><ssdm name="p_str56"/></StgValue>
</bind>
</comp>

<comp id="94" class="1001" name="const_94">
<pin_list>
<pin id="95" dir="1" index="0" bw="1" slack="2147483647"/>
</pin_list>
<bind>
<StgValue><ssdm name="p_str57"/></StgValue>
</bind>
</comp>

<comp id="96" class="1001" name="const_96">
<pin_list>
<pin id="97" dir="1" index="0" bw="1" slack="2147483647"/>
</pin_list>
<bind>
<StgValue><ssdm name="p_str58"/></StgValue>
</bind>
</comp>

<comp id="98" class="1001" name="const_98">
<pin_list>
<pin id="99" dir="1" index="0" bw="1" slack="2147483647"/>
</pin_list>
<bind>
<StgValue><ssdm name="p_str59"/></StgValue>
</bind>
</comp>

<comp id="100" class="1001" name="const_100">
<pin_list>
<pin id="101" dir="1" index="0" bw="1" slack="2147483647"/>
</pin_list>
<bind>
<StgValue><ssdm name="img_1_OC_cols_OC_V_c_1"/></StgValue>
</bind>
</comp>

<comp id="102" class="1001" name="const_102">
<pin_list>
<pin id="103" dir="1" index="0" bw="1" slack="2147483647"/>
</pin_list>
<bind>
<StgValue><ssdm name="p_str60"/></StgValue>
</bind>
</comp>

<comp id="104" class="1001" name="const_104">
<pin_list>
<pin id="105" dir="1" index="0" bw="1" slack="2147483647"/>
</pin_list>
<bind>
<StgValue><ssdm name="p_str61"/></StgValue>
</bind>
</comp>

<comp id="106" class="1001" name="const_106">
<pin_list>
<pin id="107" dir="1" index="0" bw="1" slack="2147483647"/>
</pin_list>
<bind>
<StgValue><ssdm name="p_str62"/></StgValue>
</bind>
</comp>

<comp id="108" class="1001" name="const_108">
<pin_list>
<pin id="109" dir="1" index="0" bw="1" slack="2147483647"/>
</pin_list>
<bind>
<StgValue><ssdm name="p_str63"/></StgValue>
</bind>
</comp>

<comp id="110" class="1001" name="const_110">
<pin_list>
<pin id="111" dir="1" index="0" bw="1" slack="2147483647"/>
</pin_list>
<bind>
<StgValue><ssdm name="p_str64"/></StgValue>
</bind>
</comp>

<comp id="112" class="1001" name="const_112">
<pin_list>
<pin id="113" dir="1" index="0" bw="1" slack="2147483647"/>
</pin_list>
<bind>
<StgValue><ssdm name="p_str65"/></StgValue>
</bind>
</comp>

<comp id="114" class="1001" name="const_114">
<pin_list>
<pin id="115" dir="1" index="0" bw="1" slack="2147483647"/>
</pin_list>
<bind>
<StgValue><ssdm name="p_str66"/></StgValue>
</bind>
</comp>

<comp id="116" class="1001" name="const_116">
<pin_list>
<pin id="117" dir="1" index="0" bw="1" slack="2147483647"/>
</pin_list>
<bind>
<StgValue><ssdm name="img_1_OC_rows_OC_V_c"/></StgValue>
</bind>
</comp>

<comp id="118" class="1001" name="const_118">
<pin_list>
<pin id="119" dir="1" index="0" bw="1" slack="2147483647"/>
</pin_list>
<bind>
<StgValue><ssdm name="p_str88"/></StgValue>
</bind>
</comp>

<comp id="120" class="1001" name="const_120">
<pin_list>
<pin id="121" dir="1" index="0" bw="1" slack="2147483647"/>
</pin_list>
<bind>
<StgValue><ssdm name="p_str89"/></StgValue>
</bind>
</comp>

<comp id="122" class="1001" name="const_122">
<pin_list>
<pin id="123" dir="1" index="0" bw="1" slack="2147483647"/>
</pin_list>
<bind>
<StgValue><ssdm name="p_str90"/></StgValue>
</bind>
</comp>

<comp id="124" class="1001" name="const_124">
<pin_list>
<pin id="125" dir="1" index="0" bw="1" slack="2147483647"/>
</pin_list>
<bind>
<StgValue><ssdm name="p_str91"/></StgValue>
</bind>
</comp>

<comp id="126" class="1001" name="const_126">
<pin_list>
<pin id="127" dir="1" index="0" bw="1" slack="2147483647"/>
</pin_list>
<bind>
<StgValue><ssdm name="p_str92"/></StgValue>
</bind>
</comp>

<comp id="128" class="1001" name="const_128">
<pin_list>
<pin id="129" dir="1" index="0" bw="1" slack="2147483647"/>
</pin_list>
<bind>
<StgValue><ssdm name="p_str93"/></StgValue>
</bind>
</comp>

<comp id="130" class="1001" name="const_130">
<pin_list>
<pin id="131" dir="1" index="0" bw="1" slack="2147483647"/>
</pin_list>
<bind>
<StgValue><ssdm name="p_str94"/></StgValue>
</bind>
</comp>

<comp id="132" class="1001" name="const_132">
<pin_list>
<pin id="133" dir="1" index="0" bw="1" slack="2147483647"/>
</pin_list>
<bind>
<StgValue><ssdm name="img_1_OC_cols_OC_V_c"/></StgValue>
</bind>
</comp>

<comp id="134" class="1001" name="const_134">
<pin_list>
<pin id="135" dir="1" index="0" bw="1" slack="2147483647"/>
</pin_list>
<bind>
<StgValue><ssdm name="p_str95"/></StgValue>
</bind>
</comp>

<comp id="136" class="1001" name="const_136">
<pin_list>
<pin id="137" dir="1" index="0" bw="1" slack="2147483647"/>
</pin_list>
<bind>
<StgValue><ssdm name="p_str96"/></StgValue>
</bind>
</comp>

<comp id="138" class="1001" name="const_138">
<pin_list>
<pin id="139" dir="1" index="0" bw="1" slack="2147483647"/>
</pin_list>
<bind>
<StgValue><ssdm name="p_str97"/></StgValue>
</bind>
</comp>

<comp id="140" class="1001" name="const_140">
<pin_list>
<pin id="141" dir="1" index="0" bw="1" slack="2147483647"/>
</pin_list>
<bind>
<StgValue><ssdm name="p_str98"/></StgValue>
</bind>
</comp>

<comp id="142" class="1001" name="const_142">
<pin_list>
<pin id="143" dir="1" index="0" bw="1" slack="2147483647"/>
</pin_list>
<bind>
<StgValue><ssdm name="p_str99"/></StgValue>
</bind>
</comp>

<comp id="144" class="1001" name="const_144">
<pin_list>
<pin id="145" dir="1" index="0" bw="1" slack="2147483647"/>
</pin_list>
<bind>
<StgValue><ssdm name="p_str100"/></StgValue>
</bind>
</comp>

<comp id="146" class="1001" name="const_146">
<pin_list>
<pin id="147" dir="1" index="0" bw="1" slack="2147483647"/>
</pin_list>
<bind>
<StgValue><ssdm name="p_str101"/></StgValue>
</bind>
</comp>

<comp id="148" class="1004" name="img_1_cols_V_c5_fu_148">
<pin_list>
<pin id="149" dir="0" index="0" bw="1" slack="0"/>
<pin id="150" dir="1" index="1" bw="11" slack="1"/>
</pin_list>
<bind>
<opcode="alloca(26) " fcode="alloca"/>
<opset="img_1_cols_V_c5/1 "/>
</bind>
</comp>

<comp id="152" class="1004" name="img_1_rows_V_c4_fu_152">
<pin_list>
<pin id="153" dir="0" index="0" bw="1" slack="0"/>
<pin id="154" dir="1" index="1" bw="10" slack="1"/>
</pin_list>
<bind>
<opcode="alloca(26) " fcode="alloca"/>
<opset="img_1_rows_V_c4/1 "/>
</bind>
</comp>

<comp id="156" class="1004" name="img_1_cols_V_c_fu_156">
<pin_list>
<pin id="157" dir="0" index="0" bw="1" slack="0"/>
<pin id="158" dir="1" index="1" bw="11" slack="0"/>
</pin_list>
<bind>
<opcode="alloca(26) " fcode="alloca"/>
<opset="img_1_cols_V_c/1 "/>
</bind>
</comp>

<comp id="160" class="1004" name="img_1_rows_V_c_fu_160">
<pin_list>
<pin id="161" dir="0" index="0" bw="1" slack="0"/>
<pin id="162" dir="1" index="1" bw="10" slack="0"/>
</pin_list>
<bind>
<opcode="alloca(26) " fcode="alloca"/>
<opset="img_1_rows_V_c/1 "/>
</bind>
</comp>

<comp id="164" class="1004" name="img_1_data_stream_0_fu_164">
<pin_list>
<pin id="165" dir="0" index="0" bw="1" slack="0"/>
<pin id="166" dir="1" index="1" bw="8" slack="1"/>
</pin_list>
<bind>
<opcode="alloca(26) " fcode="alloca"/>
<opset="img_1_data_stream_0/1 "/>
</bind>
</comp>

<comp id="168" class="1004" name="grp_Mat2AXIvideo_DMA_fu_168">
<pin_list>
<pin id="169" dir="0" index="0" bw="0" slack="0"/>
<pin id="170" dir="0" index="1" bw="10" slack="3"/>
<pin id="171" dir="0" index="2" bw="11" slack="3"/>
<pin id="172" dir="0" index="3" bw="8" slack="3"/>
<pin id="173" dir="0" index="4" bw="8" slack="0"/>
<pin id="174" dir="0" index="5" bw="1" slack="0"/>
<pin id="175" dir="0" index="6" bw="1" slack="0"/>
<pin id="176" dir="0" index="7" bw="1" slack="0"/>
<pin id="177" dir="0" index="8" bw="1" slack="0"/>
<pin id="178" dir="0" index="9" bw="1" slack="0"/>
<pin id="179" dir="0" index="10" bw="1" slack="0"/>
<pin id="180" dir="1" index="11" bw="0" slack="2147483647"/>
</pin_list>
<bind>
<opcode="call(48) " fcode="call"/>
<opset="call_ln54/4 "/>
</bind>
</comp>

<comp id="189" class="1004" name="grp_AXIvideo2Mat_DMA_fu_189">
<pin_list>
<pin id="190" dir="0" index="0" bw="0" slack="0"/>
<pin id="191" dir="0" index="1" bw="8" slack="0"/>
<pin id="192" dir="0" index="2" bw="1" slack="0"/>
<pin id="193" dir="0" index="3" bw="1" slack="0"/>
<pin id="194" dir="0" index="4" bw="1" slack="0"/>
<pin id="195" dir="0" index="5" bw="1" slack="0"/>
<pin id="196" dir="0" index="6" bw="1" slack="0"/>
<pin id="197" dir="0" index="7" bw="1" slack="0"/>
<pin id="198" dir="0" index="8" bw="10" slack="1"/>
<pin id="199" dir="0" index="9" bw="11" slack="1"/>
<pin id="200" dir="0" index="10" bw="8" slack="1"/>
<pin id="201" dir="0" index="11" bw="10" slack="1"/>
<pin id="202" dir="0" index="12" bw="11" slack="1"/>
<pin id="203" dir="1" index="13" bw="0" slack="2147483647"/>
</pin_list>
<bind>
<opcode="call(48) " fcode="call"/>
<opset="call_ln52/2 "/>
</bind>
</comp>

<comp id="212" class="1004" name="call_ln0_Block_proc_fu_212">
<pin_list>
<pin id="213" dir="0" index="0" bw="0" slack="0"/>
<pin id="214" dir="0" index="1" bw="10" slack="0"/>
<pin id="215" dir="0" index="2" bw="11" slack="0"/>
<pin id="216" dir="1" index="3" bw="0" slack="2147483647"/>
</pin_list>
<bind>
<opcode="call(48) " fcode="call"/>
<opset="call_ln0/1 "/>
</bind>
</comp>

<comp id="218" class="1005" name="img_1_cols_V_c5_reg_218">
<pin_list>
<pin id="219" dir="0" index="0" bw="11" slack="1"/>
<pin id="220" dir="1" index="1" bw="11" slack="1"/>
</pin_list>
<bind>
<opset="img_1_cols_V_c5 "/>
</bind>
</comp>

<comp id="224" class="1005" name="img_1_rows_V_c4_reg_224">
<pin_list>
<pin id="225" dir="0" index="0" bw="10" slack="1"/>
<pin id="226" dir="1" index="1" bw="10" slack="1"/>
</pin_list>
<bind>
<opset="img_1_rows_V_c4 "/>
</bind>
</comp>

<comp id="230" class="1005" name="img_1_cols_V_c_reg_230">
<pin_list>
<pin id="231" dir="0" index="0" bw="11" slack="0"/>
<pin id="232" dir="1" index="1" bw="11" slack="0"/>
</pin_list>
<bind>
<opset="img_1_cols_V_c "/>
</bind>
</comp>

<comp id="236" class="1005" name="img_1_rows_V_c_reg_236">
<pin_list>
<pin id="237" dir="0" index="0" bw="10" slack="0"/>
<pin id="238" dir="1" index="1" bw="10" slack="0"/>
</pin_list>
<bind>
<opset="img_1_rows_V_c "/>
</bind>
</comp>

<comp id="242" class="1005" name="img_1_data_stream_0_reg_242">
<pin_list>
<pin id="243" dir="0" index="0" bw="8" slack="1"/>
<pin id="244" dir="1" index="1" bw="8" slack="1"/>
</pin_list>
<bind>
<opset="img_1_data_stream_0 "/>
</bind>
</comp>

</comp_list>

<net_list>
<net id="151"><net_src comp="28" pin="0"/><net_sink comp="148" pin=0"/></net>

<net id="155"><net_src comp="28" pin="0"/><net_sink comp="152" pin=0"/></net>

<net id="159"><net_src comp="28" pin="0"/><net_sink comp="156" pin=0"/></net>

<net id="163"><net_src comp="28" pin="0"/><net_sink comp="160" pin=0"/></net>

<net id="167"><net_src comp="28" pin="0"/><net_sink comp="164" pin=0"/></net>

<net id="181"><net_src comp="34" pin="0"/><net_sink comp="168" pin=0"/></net>

<net id="182"><net_src comp="14" pin="0"/><net_sink comp="168" pin=4"/></net>

<net id="183"><net_src comp="16" pin="0"/><net_sink comp="168" pin=5"/></net>

<net id="184"><net_src comp="18" pin="0"/><net_sink comp="168" pin=6"/></net>

<net id="185"><net_src comp="20" pin="0"/><net_sink comp="168" pin=7"/></net>

<net id="186"><net_src comp="22" pin="0"/><net_sink comp="168" pin=8"/></net>

<net id="187"><net_src comp="24" pin="0"/><net_sink comp="168" pin=9"/></net>

<net id="188"><net_src comp="26" pin="0"/><net_sink comp="168" pin=10"/></net>

<net id="204"><net_src comp="32" pin="0"/><net_sink comp="189" pin=0"/></net>

<net id="205"><net_src comp="0" pin="0"/><net_sink comp="189" pin=1"/></net>

<net id="206"><net_src comp="2" pin="0"/><net_sink comp="189" pin=2"/></net>

<net id="207"><net_src comp="4" pin="0"/><net_sink comp="189" pin=3"/></net>

<net id="208"><net_src comp="6" pin="0"/><net_sink comp="189" pin=4"/></net>

<net id="209"><net_src comp="8" pin="0"/><net_sink comp="189" pin=5"/></net>

<net id="210"><net_src comp="10" pin="0"/><net_sink comp="189" pin=6"/></net>

<net id="211"><net_src comp="12" pin="0"/><net_sink comp="189" pin=7"/></net>

<net id="217"><net_src comp="30" pin="0"/><net_sink comp="212" pin=0"/></net>

<net id="221"><net_src comp="148" pin="1"/><net_sink comp="218" pin=0"/></net>

<net id="222"><net_src comp="218" pin="1"/><net_sink comp="189" pin=12"/></net>

<net id="223"><net_src comp="218" pin="1"/><net_sink comp="168" pin=2"/></net>

<net id="227"><net_src comp="152" pin="1"/><net_sink comp="224" pin=0"/></net>

<net id="228"><net_src comp="224" pin="1"/><net_sink comp="189" pin=11"/></net>

<net id="229"><net_src comp="224" pin="1"/><net_sink comp="168" pin=1"/></net>

<net id="233"><net_src comp="156" pin="1"/><net_sink comp="230" pin=0"/></net>

<net id="234"><net_src comp="230" pin="1"/><net_sink comp="212" pin=2"/></net>

<net id="235"><net_src comp="230" pin="1"/><net_sink comp="189" pin=9"/></net>

<net id="239"><net_src comp="160" pin="1"/><net_sink comp="236" pin=0"/></net>

<net id="240"><net_src comp="236" pin="1"/><net_sink comp="212" pin=1"/></net>

<net id="241"><net_src comp="236" pin="1"/><net_sink comp="189" pin=8"/></net>

<net id="245"><net_src comp="164" pin="1"/><net_sink comp="242" pin=0"/></net>

<net id="246"><net_src comp="242" pin="1"/><net_sink comp="189" pin=10"/></net>

<net id="247"><net_src comp="242" pin="1"/><net_sink comp="168" pin=3"/></net>

</net_list>

</model> 
---------------- Datapath Model END ------------------

* FSMD analyzer results:
  - Output states:
	Port: video_out_V_data_V | {4 5 }
	Port: video_out_V_keep_V | {4 5 }
	Port: video_out_V_strb_V | {4 5 }
	Port: video_out_V_user_V | {4 5 }
	Port: video_out_V_last_V | {4 5 }
	Port: video_out_V_id_V | {4 5 }
	Port: video_out_V_dest_V | {4 5 }
 - Input state : 
	Port: blur_image : video_in_V_data_V | {2 3 }
	Port: blur_image : video_in_V_keep_V | {2 3 }
	Port: blur_image : video_in_V_strb_V | {2 3 }
	Port: blur_image : video_in_V_user_V | {2 3 }
	Port: blur_image : video_in_V_last_V | {2 3 }
	Port: blur_image : video_in_V_id_V | {2 3 }
	Port: blur_image : video_in_V_dest_V | {2 3 }
  - Chain level:
	State 1
		call_ln0 : 1
	State 2
	State 3
	State 4
	State 5
	State 6


============================================================
+ Verbose Summary: Datapath Resource usage 
============================================================

* Functional unit list:
|----------|-----------------------------|---------|---------|---------|
| Operation|       Functional Unit       |  Delay  |    FF   |   LUT   |
|----------|-----------------------------|---------|---------|---------|
|          | grp_Mat2AXIvideo_DMA_fu_168 |  1.769  |   270   |   245   |
|   call   | grp_AXIvideo2Mat_DMA_fu_189 |    0    |   202   |   114   |
|          |  call_ln0_Block_proc_fu_212 |    0    |    0    |    0    |
|----------|-----------------------------|---------|---------|---------|
|   Total  |                             |  1.769  |   472   |   359   |
|----------|-----------------------------|---------|---------|---------|

Memories:
N/A

* Register list:
+---------------------------+--------+
|                           |   FF   |
+---------------------------+--------+
|  img_1_cols_V_c5_reg_218  |   11   |
|   img_1_cols_V_c_reg_230  |   11   |
|img_1_data_stream_0_reg_242|    8   |
|  img_1_rows_V_c4_reg_224  |   10   |
|   img_1_rows_V_c_reg_236  |   10   |
+---------------------------+--------+
|           Total           |   50   |
+---------------------------+--------+

* Multiplexer (MUX) list: 
|--------|------|------|------|--------|
|  Comp  |  Pin | Size |  BW  | S x BW |
|--------|------|------|------|--------|
|  Total |      |      |      |    0   |
|--------|------|------|------|--------|



* Summary:
+-----------+--------+--------+--------+
|           |  Delay |   FF   |   LUT  |
+-----------+--------+--------+--------+
|  Function |    1   |   472  |   359  |
|   Memory  |    -   |    -   |    -   |
|Multiplexer|    -   |    -   |    -   |
|  Register |    -   |   50   |    -   |
+-----------+--------+--------+--------+
|   Total   |    1   |   522  |   359  |
+-----------+--------+--------+--------+
