Copyright 1986-2019 Xilinx, Inc. All Rights Reserved.
------------------------------------------------------------------------------------
| Tool Version : Vivado v.2019.2 (win64) Build 2708876 Wed Nov  6 21:40:23 MST 2019
| Date         : Thu May 14 20:21:12 2020
| Host         : DESKTOP-LVJ56DR running 64-bit major release  (build 9200)
| Command      : report_timing_summary -file ./report/passthrough_timing_synth.rpt
| Design       : bd_0_wrapper
| Device       : 7z020-clg484
| Speed File   : -1  PRODUCTION 1.11 2014-09-11
------------------------------------------------------------------------------------

Timing Summary Report

------------------------------------------------------------------------------------------------
| Timer Settings
| --------------
------------------------------------------------------------------------------------------------

  Enable Multi Corner Analysis               :  Yes
  Enable Pessimism Removal                   :  Yes
  Pessimism Removal Resolution               :  Nearest Common Node
  Enable Input Delay Default Clock           :  No
  Enable Preset / Clear Arcs                 :  No
  Disable Flight Delays                      :  No
  Ignore I/O Paths                           :  No
  Timing Early Launch at Borrowing Latches   :  No
  Borrow Time for Max Delay Exceptions       :  Yes
  Merge Timing Exceptions                    :  Yes

  Corner  Analyze    Analyze    
  Name    Max Paths  Min Paths  
  ------  ---------  ---------  
  Slow    Yes        Yes        
  Fast    Yes        Yes        



check_timing report

Table of Contents
-----------------
1. checking no_clock
2. checking constant_clock
3. checking pulse_width_clock
4. checking unconstrained_internal_endpoints
5. checking no_input_delay
6. checking no_output_delay
7. checking multiple_clock
8. checking generated_clocks
9. checking loops
10. checking partial_input_delay
11. checking partial_output_delay
12. checking latch_loops

1. checking no_clock
--------------------
 There are 0 register/latch pins with no clock.


2. checking constant_clock
--------------------------
 There are 0 register/latch pins with constant_clock.


3. checking pulse_width_clock
-----------------------------
 There are 0 register/latch pins which need pulse_width check


4. checking unconstrained_internal_endpoints
--------------------------------------------
 There are 0 pins that are not constrained for maximum delay.

 There are 0 pins that are not constrained for maximum delay due to constant clock.


5. checking no_input_delay
--------------------------
 There are 11 input ports with no input delay specified. (HIGH)

 There are 0 input ports with no input delay but user has a false path constraint.


6. checking no_output_delay
---------------------------
 There are 13 ports with no output delay specified. (HIGH)

 There are 0 ports with no output delay but user has a false path constraint

 There are 0 ports with no output delay but with a timing clock defined on it or propagating through it


7. checking multiple_clock
--------------------------
 There are 0 register/latch pins with multiple clocks.


8. checking generated_clocks
----------------------------
 There are 0 generated clocks that are not connected to a clock source.


9. checking loops
-----------------
 There are 0 combinational loops in the design.


10. checking partial_input_delay
--------------------------------
 There are 0 input ports with partial input delay specified.


11. checking partial_output_delay
---------------------------------
 There are 0 ports with partial output delay specified.


12. checking latch_loops
------------------------
 There are 0 combinational latch loops in the design through latch input



------------------------------------------------------------------------------------------------
| Design Timing Summary
| ---------------------
------------------------------------------------------------------------------------------------

    WNS(ns)      TNS(ns)  TNS Failing Endpoints  TNS Total Endpoints      WHS(ns)      THS(ns)  THS Failing Endpoints  THS Total Endpoints     WPWS(ns)     TPWS(ns)  TPWS Failing Endpoints  TPWS Total Endpoints  
    -------      -------  ---------------------  -------------------      -------      -------  ---------------------  -------------------     --------     --------  ----------------------  --------------------  
      4.620        0.000                      0                  702        0.252        0.000                      0                  702        4.500        0.000                       0                   305  


All user specified timing constraints are met.


------------------------------------------------------------------------------------------------
| Clock Summary
| -------------
------------------------------------------------------------------------------------------------

Clock   Waveform(ns)       Period(ns)      Frequency(MHz)
-----   ------------       ----------      --------------
ap_clk  {0.000 5.000}      10.000          100.000         


------------------------------------------------------------------------------------------------
| Intra Clock Table
| -----------------
------------------------------------------------------------------------------------------------

Clock             WNS(ns)      TNS(ns)  TNS Failing Endpoints  TNS Total Endpoints      WHS(ns)      THS(ns)  THS Failing Endpoints  THS Total Endpoints     WPWS(ns)     TPWS(ns)  TPWS Failing Endpoints  TPWS Total Endpoints  
-----             -------      -------  ---------------------  -------------------      -------      -------  ---------------------  -------------------     --------     --------  ----------------------  --------------------  
ap_clk              4.620        0.000                      0                  702        0.252        0.000                      0                  702        4.500        0.000                       0                   305  


------------------------------------------------------------------------------------------------
| Inter Clock Table
| -----------------
------------------------------------------------------------------------------------------------

From Clock    To Clock          WNS(ns)      TNS(ns)  TNS Failing Endpoints  TNS Total Endpoints      WHS(ns)      THS(ns)  THS Failing Endpoints  THS Total Endpoints  
----------    --------          -------      -------  ---------------------  -------------------      -------      -------  ---------------------  -------------------  


------------------------------------------------------------------------------------------------
| Other Path Groups Table
| -----------------------
------------------------------------------------------------------------------------------------

Path Group    From Clock    To Clock          WNS(ns)      TNS(ns)  TNS Failing Endpoints  TNS Total Endpoints      WHS(ns)      THS(ns)  THS Failing Endpoints  THS Total Endpoints  
----------    ----------    --------          -------      -------  ---------------------  -------------------      -------      -------  ---------------------  -------------------  


------------------------------------------------------------------------------------------------
| Timing Details
| --------------
------------------------------------------------------------------------------------------------


---------------------------------------------------------------------------------------------------
From Clock:  ap_clk
  To Clock:  ap_clk

Setup :            0  Failing Endpoints,  Worst Slack        4.620ns,  Total Violation        0.000ns
Hold  :            0  Failing Endpoints,  Worst Slack        0.252ns,  Total Violation        0.000ns
PW    :            0  Failing Endpoints,  Worst Slack        4.500ns,  Total Violation        0.000ns
---------------------------------------------------------------------------------------------------


Max Delay Paths
--------------------------------------------------------------------------------------
Slack (MET) :             4.620ns  (required time - arrival time)
  Source:                 bd_0_i/hls_inst/U0/Mat2AXIvideo_DMA_U0/t_V_1_reg_170_reg[5]/C
                            (rising edge-triggered cell FDRE clocked by ap_clk  {rise@0.000ns fall@5.000ns period=10.000ns})
  Destination:            bd_0_i/hls_inst/U0/Mat2AXIvideo_DMA_U0/t_V_1_reg_170_reg[0]/R
                            (rising edge-triggered cell FDRE clocked by ap_clk  {rise@0.000ns fall@5.000ns period=10.000ns})
  Path Group:             ap_clk
  Path Type:              Setup (Max at Slow Process Corner)
  Requirement:            10.000ns  (ap_clk rise@10.000ns - ap_clk rise@0.000ns)
  Data Path Delay:        4.772ns  (logic 2.149ns (45.034%)  route 2.623ns (54.966%))
  Logic Levels:           6  (CARRY4=3 LUT3=1 LUT4=1 LUT6=1)
  Clock Path Skew:        -0.049ns (DCD - SCD + CPR)
    Destination Clock Delay (DCD):    0.924ns = ( 10.924 - 10.000 ) 
    Source Clock Delay      (SCD):    0.973ns
    Clock Pessimism Removal (CPR):    0.000ns
  Clock Uncertainty:      0.035ns  ((TSJ^2 + TIJ^2)^1/2 + DJ) / 2 + PE
    Total System Jitter     (TSJ):    0.071ns
    Total Input Jitter      (TIJ):    0.000ns
    Discrete Jitter          (DJ):    0.000ns
    Phase Error              (PE):    0.000ns

    Location             Delay type                Incr(ns)  Path(ns)    Netlist Resource(s)
  -------------------------------------------------------------------    -------------------
                         (clock ap_clk rise edge)     0.000     0.000 r  
                                                      0.000     0.000 r  ap_clk (IN)
                         net (fo=304, unset)          0.973     0.973    bd_0_i/hls_inst/U0/Mat2AXIvideo_DMA_U0/ap_clk
                         FDRE                                         r  bd_0_i/hls_inst/U0/Mat2AXIvideo_DMA_U0/t_V_1_reg_170_reg[5]/C
  -------------------------------------------------------------------    -------------------
                         FDRE (Prop_fdre_C_Q)         0.518     1.491 f  bd_0_i/hls_inst/U0/Mat2AXIvideo_DMA_U0/t_V_1_reg_170_reg[5]/Q
                         net (fo=3, unplaced)         0.759     2.250    bd_0_i/hls_inst/U0/Mat2AXIvideo_DMA_U0/t_V_1_reg_170_reg[5]
                         LUT3 (Prop_lut3_I0_O)        0.295     2.545 r  bd_0_i/hls_inst/U0/Mat2AXIvideo_DMA_U0/ap_NS_fsm4_carry_i_3/O
                         net (fo=1, unplaced)         0.000     2.545    bd_0_i/hls_inst/U0/Mat2AXIvideo_DMA_U0/ap_NS_fsm4_carry_i_3_n_0
                         CARRY4 (Prop_carry4_S[1]_CO[3])
                                                      0.533     3.078 r  bd_0_i/hls_inst/U0/Mat2AXIvideo_DMA_U0/ap_NS_fsm4_carry/CO[3]
                         net (fo=1, unplaced)         0.009     3.087    bd_0_i/hls_inst/U0/Mat2AXIvideo_DMA_U0/ap_NS_fsm4_carry_n_0
                         CARRY4 (Prop_carry4_CI_CO[3])
                                                      0.117     3.204 r  bd_0_i/hls_inst/U0/Mat2AXIvideo_DMA_U0/ap_NS_fsm4_carry__0/CO[3]
                         net (fo=1, unplaced)         0.000     3.204    bd_0_i/hls_inst/U0/Mat2AXIvideo_DMA_U0/ap_NS_fsm4_carry__0_n_0
                         CARRY4 (Prop_carry4_CI_CO[2])
                                                      0.252     3.456 r  bd_0_i/hls_inst/U0/Mat2AXIvideo_DMA_U0/ap_NS_fsm4_carry__1/CO[2]
                         net (fo=7, unplaced)         0.487     3.943    bd_0_i/hls_inst/U0/Mat2AXIvideo_DMA_U0/regslice_both_AXI_video_strm_V_data_V_U/ibuf_inst/CO[0]
                         LUT4 (Prop_lut4_I3_O)        0.310     4.253 f  bd_0_i/hls_inst/U0/Mat2AXIvideo_DMA_U0/regslice_both_AXI_video_strm_V_data_V_U/ibuf_inst/t_V_1_reg_170[0]_i_2/O
                         net (fo=33, unplaced)        0.521     4.774    bd_0_i/hls_inst/U0/Mat2AXIvideo_DMA_U0/regslice_both_AXI_video_strm_V_data_V_U/ibuf_inst/t_V_1_reg_1700
                         LUT6 (Prop_lut6_I5_O)        0.124     4.898 r  bd_0_i/hls_inst/U0/Mat2AXIvideo_DMA_U0/regslice_both_AXI_video_strm_V_data_V_U/ibuf_inst/t_V_1_reg_170[0]_i_1/O
                         net (fo=32, unplaced)        0.847     5.745    bd_0_i/hls_inst/U0/Mat2AXIvideo_DMA_U0/t_V_1_reg_170
                         FDRE                                         r  bd_0_i/hls_inst/U0/Mat2AXIvideo_DMA_U0/t_V_1_reg_170_reg[0]/R
  -------------------------------------------------------------------    -------------------

                         (clock ap_clk rise edge)    10.000    10.000 r  
                                                      0.000    10.000 r  ap_clk (IN)
                         net (fo=304, unset)          0.924    10.924    bd_0_i/hls_inst/U0/Mat2AXIvideo_DMA_U0/ap_clk
                         FDRE                                         r  bd_0_i/hls_inst/U0/Mat2AXIvideo_DMA_U0/t_V_1_reg_170_reg[0]/C
                         clock pessimism              0.000    10.924    
                         clock uncertainty           -0.035    10.889    
                         FDRE (Setup_fdre_C_R)       -0.524    10.365    bd_0_i/hls_inst/U0/Mat2AXIvideo_DMA_U0/t_V_1_reg_170_reg[0]
  -------------------------------------------------------------------
                         required time                         10.365    
                         arrival time                          -5.745    
  -------------------------------------------------------------------
                         slack                                  4.620    





Min Delay Paths
--------------------------------------------------------------------------------------
Slack (MET) :             0.252ns  (arrival time - required time)
  Source:                 bd_0_i/hls_inst/U0/Mat2AXIvideo_DMA_U0/regslice_both_AXI_video_strm_V_keep_V_U/obuf_inst/odata_int_reg[0]/C
                            (rising edge-triggered cell FDRE clocked by ap_clk  {rise@0.000ns fall@5.000ns period=10.000ns})
  Destination:            bd_0_i/hls_inst/U0/Mat2AXIvideo_DMA_U0/regslice_both_AXI_video_strm_V_keep_V_U/obuf_inst/odata_int_reg[0]/D
                            (rising edge-triggered cell FDRE clocked by ap_clk  {rise@0.000ns fall@5.000ns period=10.000ns})
  Path Group:             ap_clk
  Path Type:              Hold (Min at Fast Process Corner)
  Requirement:            0.000ns  (ap_clk rise@0.000ns - ap_clk rise@0.000ns)
  Data Path Delay:        0.393ns  (logic 0.262ns (66.651%)  route 0.131ns (33.349%))
  Logic Levels:           1  (LUT5=1)
  Clock Path Skew:        0.022ns (DCD - SCD - CPR)
    Destination Clock Delay (DCD):    0.432ns
    Source Clock Delay      (SCD):    0.410ns
    Clock Pessimism Removal (CPR):    -0.000ns

    Location             Delay type                Incr(ns)  Path(ns)    Netlist Resource(s)
  -------------------------------------------------------------------    -------------------
                         (clock ap_clk rise edge)     0.000     0.000 r  
                                                      0.000     0.000 r  ap_clk (IN)
                         net (fo=304, unset)          0.410     0.410    bd_0_i/hls_inst/U0/Mat2AXIvideo_DMA_U0/regslice_both_AXI_video_strm_V_keep_V_U/obuf_inst/ap_clk
                         FDRE                                         r  bd_0_i/hls_inst/U0/Mat2AXIvideo_DMA_U0/regslice_both_AXI_video_strm_V_keep_V_U/obuf_inst/odata_int_reg[0]/C
  -------------------------------------------------------------------    -------------------
                         FDRE (Prop_fdre_C_Q)         0.164     0.574 r  bd_0_i/hls_inst/U0/Mat2AXIvideo_DMA_U0/regslice_both_AXI_video_strm_V_keep_V_U/obuf_inst/odata_int_reg[0]/Q
                         net (fo=1, unplaced)         0.131     0.705    bd_0_i/hls_inst/U0/Mat2AXIvideo_DMA_U0/regslice_both_AXI_video_strm_V_keep_V_U/obuf_inst/video_out_TSTRB[0]
                         LUT5 (Prop_lut5_I4_O)        0.098     0.803 r  bd_0_i/hls_inst/U0/Mat2AXIvideo_DMA_U0/regslice_both_AXI_video_strm_V_keep_V_U/obuf_inst/odata_int[0]_i_1/O
                         net (fo=1, unplaced)         0.000     0.803    bd_0_i/hls_inst/U0/Mat2AXIvideo_DMA_U0/regslice_both_AXI_video_strm_V_keep_V_U/obuf_inst/odata_int[0]_i_1_n_0
                         FDRE                                         r  bd_0_i/hls_inst/U0/Mat2AXIvideo_DMA_U0/regslice_both_AXI_video_strm_V_keep_V_U/obuf_inst/odata_int_reg[0]/D
  -------------------------------------------------------------------    -------------------

                         (clock ap_clk rise edge)     0.000     0.000 r  
                                                      0.000     0.000 r  ap_clk (IN)
                         net (fo=304, unset)          0.432     0.432    bd_0_i/hls_inst/U0/Mat2AXIvideo_DMA_U0/regslice_both_AXI_video_strm_V_keep_V_U/obuf_inst/ap_clk
                         FDRE                                         r  bd_0_i/hls_inst/U0/Mat2AXIvideo_DMA_U0/regslice_both_AXI_video_strm_V_keep_V_U/obuf_inst/odata_int_reg[0]/C
                         clock pessimism              0.000     0.432    
                         FDRE (Hold_fdre_C_D)         0.120     0.552    bd_0_i/hls_inst/U0/Mat2AXIvideo_DMA_U0/regslice_both_AXI_video_strm_V_keep_V_U/obuf_inst/odata_int_reg[0]
  -------------------------------------------------------------------
                         required time                         -0.552    
                         arrival time                           0.803    
  -------------------------------------------------------------------
                         slack                                  0.252    





Pulse Width Checks
--------------------------------------------------------------------------------------
Clock Name:         ap_clk
Waveform(ns):       { 0.000 5.000 }
Period(ns):         10.000
Sources:            { ap_clk }

Check Type        Corner  Lib Pin  Reference Pin  Required(ns)  Actual(ns)  Slack(ns)  Location  Pin
Min Period        n/a     FDSE/C   n/a            1.000         10.000      9.000                bd_0_i/hls_inst/U0/AXIvideo2Mat_DMA_U0/ap_CS_fsm_reg[0]/C
Low Pulse Width   Fast    FDSE/C   n/a            0.500         5.000       4.500                bd_0_i/hls_inst/U0/AXIvideo2Mat_DMA_U0/ap_CS_fsm_reg[0]/C
High Pulse Width  Slow    FDSE/C   n/a            0.500         5.000       4.500                bd_0_i/hls_inst/U0/AXIvideo2Mat_DMA_U0/ap_CS_fsm_reg[0]/C



