

================================================================
== Vivado HLS Report for 'Block_proc'
================================================================
* Date:           Thu May 14 20:16:11 2020

* Version:        2019.2 (Build 2704478 on Wed Nov 06 22:10:23 MST 2019)
* Project:        HLS_SimpleDesign_ZedBoard
* Solution:       solution1
* Product family: zynq
* Target device:  xc7z020-clg484-1


================================================================
== Performance Estimates
================================================================
+ Timing: 
    * Summary: 
    +--------+----------+----------+------------+
    |  Clock |  Target  | Estimated| Uncertainty|
    +--------+----------+----------+------------+
    |ap_clk  | 10.00 ns | 3.634 ns |   1.25 ns  |
    +--------+----------+----------+------------+

+ Latency: 
    * Summary: 
    +---------+---------+----------+----------+-----+-----+---------+
    |  Latency (cycles) |  Latency (absolute) |  Interval | Pipeline|
    |   min   |   max   |    min   |    max   | min | max |   Type  |
    +---------+---------+----------+----------+-----+-----+---------+
    |        0|        0|   0 ns   |   0 ns   |    0|    0|   none  |
    +---------+---------+----------+----------+-----+-----+---------+

    + Detail: 
        * Instance: 
        N/A

        * Loop: 
        N/A

============================================================
+ Verbose Summary: Synthesis Manager
============================================================
InlineROM: 1
ExposeGlobal: 0
============================================================
+ Verbose Summary: CDFG Model
============================================================
IsTopModel: 0
ResetActiveHigh: 1
IsCombinational: 2
IsDatapathOnly: 0
HasWiredReturn: 1
HasMFsm: 0
HasVarLatency: 0
IsPipeline: 0
IsRtlPipelined: 0
IsInstanceOverlapped: 0
IsDontTouch: 0
HasImplIP: 0
IsGatedGlobalClock: 0


============================================================
+ Verbose Summary: Schedule
============================================================
* Number of FSM states : 1
* Pipeline : 0
* Dataflow Pipeline: 0

* FSM state transitions: 
1 --> 

* FSM state operations: 

State 1 <SV = 0> <Delay = 3.63>
ST_1 : Operation 2 [1/1] (0.00ns)   --->   "call void (...)* @_ssdm_op_SpecInterface(i11* %img_1_cols_V_out, [8 x i8]* @ap_fifo_str, i32 0, i32 0, [1 x i8]* @p_str47, i32 0, i32 0, [1 x i8]* @p_str48, [1 x i8]* @p_str49, [1 x i8]* @p_str50, i32 2, i32 2, i32 16, i32 16, [1 x i8]* @p_str51, [1 x i8]* @p_str52)"   --->   Operation 2 'specinterface' <Predicate = true> <Delay = 0.00>
ST_1 : Operation 3 [1/1] (0.00ns)   --->   "call void (...)* @_ssdm_op_SpecInterface(i10* %img_1_rows_V_out, [8 x i8]* @ap_fifo_str, i32 0, i32 0, [1 x i8]* @p_str41, i32 0, i32 0, [1 x i8]* @p_str42, [1 x i8]* @p_str43, [1 x i8]* @p_str44, i32 2, i32 2, i32 16, i32 16, [1 x i8]* @p_str45, [1 x i8]* @p_str46)"   --->   Operation 3 'specinterface' <Predicate = true> <Delay = 0.00>
ST_1 : Operation 4 [1/1] (3.63ns)   --->   "call void @_ssdm_op_Write.ap_fifo.i10P(i10* %img_1_rows_V_out, i10 480)" [C:/Xilinx/Vivado/2019.2/common/technology/autopilot/hls/hls_video_core.h:656->C:/Xilinx/Vivado/2019.2/common/technology/autopilot/hls/hls_video_core.h:642->C:/Xilinx/Vivado/2019.2/common/technology/autopilot/hls/hls_video_core.h:643->HLS_SimpleDesign_ZedBoard/core.cpp:11->HLS_SimpleDesign_ZedBoard/core.cpp:13]   --->   Operation 4 'write' <Predicate = true> <Delay = 3.63> <Core = "FIFO">   --->   Core 32 'FIFO' <Latency = 0> <II = 1> <Delay = 3.63> <Storage> <Opcode : 'read' 'write' 'nbread' 'nbwrite'> <Ports = 0> <Width = 11> <Depth = 2> <FIFO>
ST_1 : Operation 5 [1/1] (3.63ns)   --->   "call void @_ssdm_op_Write.ap_fifo.i11P(i11* %img_1_cols_V_out, i11 640)" [C:/Xilinx/Vivado/2019.2/common/technology/autopilot/hls/hls_video_core.h:657->C:/Xilinx/Vivado/2019.2/common/technology/autopilot/hls/hls_video_core.h:642->C:/Xilinx/Vivado/2019.2/common/technology/autopilot/hls/hls_video_core.h:643->HLS_SimpleDesign_ZedBoard/core.cpp:11->HLS_SimpleDesign_ZedBoard/core.cpp:13]   --->   Operation 5 'write' <Predicate = true> <Delay = 3.63> <Core = "FIFO">   --->   Core 32 'FIFO' <Latency = 0> <II = 1> <Delay = 3.63> <Storage> <Opcode : 'read' 'write' 'nbread' 'nbwrite'> <Ports = 0> <Width = 11> <Depth = 2> <FIFO>
ST_1 : Operation 6 [1/1] (0.00ns)   --->   "ret void" [HLS_SimpleDesign_ZedBoard/core.cpp:13]   --->   Operation 6 'ret' <Predicate = true> <Delay = 0.00>


============================================================
+ Verbose Summary: Timing violations
============================================================
Target clock period: 10ns, clock uncertainty: 1.25ns.

 <State 1>: 3.63ns
The critical path consists of the following:
	fifo write on port 'img_1_rows_V_out' (C:/Xilinx/Vivado/2019.2/common/technology/autopilot/hls/hls_video_core.h:656->C:/Xilinx/Vivado/2019.2/common/technology/autopilot/hls/hls_video_core.h:642->C:/Xilinx/Vivado/2019.2/common/technology/autopilot/hls/hls_video_core.h:643->HLS_SimpleDesign_ZedBoard/core.cpp:11->HLS_SimpleDesign_ZedBoard/core.cpp:13) [5]  (3.63 ns)


============================================================
+ Verbose Summary: Binding
============================================================
N/A
* FSMD analyzer results:
  - Output states:
 - Input state : 
  - Chain level:
	State 1


============================================================
+ Verbose Summary: Datapath Resource usage 
============================================================
N/A
