Copyright 1986-2019 Xilinx, Inc. All Rights Reserved.
------------------------------------------------------------------------------------
| Tool Version : Vivado v.2019.2 (win64) Build 2708876 Wed Nov  6 21:40:23 MST 2019
| Date         : Thu May 14 18:37:12 2020
| Host         : DESKTOP-LVJ56DR running 64-bit major release  (build 9200)
| Command      : report_timing_summary -file ./report/blur_image_timing_routed.rpt
| Design       : bd_0_wrapper
| Device       : 7z007s-clg225
| Speed File   : -1  PRODUCTION 1.11 2016-07-27
------------------------------------------------------------------------------------

Timing Summary Report

------------------------------------------------------------------------------------------------
| Timer Settings
| --------------
------------------------------------------------------------------------------------------------

  Enable Multi Corner Analysis               :  Yes
  Enable Pessimism Removal                   :  Yes
  Pessimism Removal Resolution               :  Nearest Common Node
  Enable Input Delay Default Clock           :  No
  Enable Preset / Clear Arcs                 :  No
  Disable Flight Delays                      :  No
  Ignore I/O Paths                           :  No
  Timing Early Launch at Borrowing Latches   :  No
  Borrow Time for Max Delay Exceptions       :  Yes
  Merge Timing Exceptions                    :  Yes

  Corner  Analyze    Analyze    
  Name    Max Paths  Min Paths  
  ------  ---------  ---------  
  Slow    Yes        Yes        
  Fast    Yes        Yes        



check_timing report

Table of Contents
-----------------
1. checking no_clock
2. checking constant_clock
3. checking pulse_width_clock
4. checking unconstrained_internal_endpoints
5. checking no_input_delay
6. checking no_output_delay
7. checking multiple_clock
8. checking generated_clocks
9. checking loops
10. checking partial_input_delay
11. checking partial_output_delay
12. checking latch_loops

1. checking no_clock
--------------------
 There are 0 register/latch pins with no clock.


2. checking constant_clock
--------------------------
 There are 0 register/latch pins with constant_clock.


3. checking pulse_width_clock
-----------------------------
 There are 0 register/latch pins which need pulse_width check


4. checking unconstrained_internal_endpoints
--------------------------------------------
 There are 0 pins that are not constrained for maximum delay.

 There are 0 pins that are not constrained for maximum delay due to constant clock.


5. checking no_input_delay
--------------------------
 There are 11 input ports with no input delay specified. (HIGH)

 There are 0 input ports with no input delay but user has a false path constraint.


6. checking no_output_delay
---------------------------
 There are 13 ports with no output delay specified. (HIGH)

 There are 0 ports with no output delay but user has a false path constraint

 There are 0 ports with no output delay but with a timing clock defined on it or propagating through it


7. checking multiple_clock
--------------------------
 There are 0 register/latch pins with multiple clocks.


8. checking generated_clocks
----------------------------
 There are 0 generated clocks that are not connected to a clock source.


9. checking loops
-----------------
 There are 0 combinational loops in the design.


10. checking partial_input_delay
--------------------------------
 There are 0 input ports with partial input delay specified.


11. checking partial_output_delay
---------------------------------
 There are 0 ports with partial output delay specified.


12. checking latch_loops
------------------------
 There are 0 combinational latch loops in the design through latch input



------------------------------------------------------------------------------------------------
| Design Timing Summary
| ---------------------
------------------------------------------------------------------------------------------------

    WNS(ns)      TNS(ns)  TNS Failing Endpoints  TNS Total Endpoints      WHS(ns)      THS(ns)  THS Failing Endpoints  THS Total Endpoints     WPWS(ns)     TPWS(ns)  TPWS Failing Endpoints  TPWS Total Endpoints  
    -------      -------  ---------------------  -------------------      -------      -------  ---------------------  -------------------     --------     --------  ----------------------  --------------------  
      4.097        0.000                      0                  702        0.144        0.000                      0                  702        4.500        0.000                       0                   305  


All user specified timing constraints are met.


------------------------------------------------------------------------------------------------
| Clock Summary
| -------------
------------------------------------------------------------------------------------------------

Clock   Waveform(ns)       Period(ns)      Frequency(MHz)
-----   ------------       ----------      --------------
ap_clk  {0.000 5.000}      10.000          100.000         


------------------------------------------------------------------------------------------------
| Intra Clock Table
| -----------------
------------------------------------------------------------------------------------------------

Clock             WNS(ns)      TNS(ns)  TNS Failing Endpoints  TNS Total Endpoints      WHS(ns)      THS(ns)  THS Failing Endpoints  THS Total Endpoints     WPWS(ns)     TPWS(ns)  TPWS Failing Endpoints  TPWS Total Endpoints  
-----             -------      -------  ---------------------  -------------------      -------      -------  ---------------------  -------------------     --------     --------  ----------------------  --------------------  
ap_clk              4.097        0.000                      0                  702        0.144        0.000                      0                  702        4.500        0.000                       0                   305  


------------------------------------------------------------------------------------------------
| Inter Clock Table
| -----------------
------------------------------------------------------------------------------------------------

From Clock    To Clock          WNS(ns)      TNS(ns)  TNS Failing Endpoints  TNS Total Endpoints      WHS(ns)      THS(ns)  THS Failing Endpoints  THS Total Endpoints  
----------    --------          -------      -------  ---------------------  -------------------      -------      -------  ---------------------  -------------------  


------------------------------------------------------------------------------------------------
| Other Path Groups Table
| -----------------------
------------------------------------------------------------------------------------------------

Path Group    From Clock    To Clock          WNS(ns)      TNS(ns)  TNS Failing Endpoints  TNS Total Endpoints      WHS(ns)      THS(ns)  THS Failing Endpoints  THS Total Endpoints  
----------    ----------    --------          -------      -------  ---------------------  -------------------      -------      -------  ---------------------  -------------------  


------------------------------------------------------------------------------------------------
| Timing Details
| --------------
------------------------------------------------------------------------------------------------


---------------------------------------------------------------------------------------------------
From Clock:  ap_clk
  To Clock:  ap_clk

Setup :            0  Failing Endpoints,  Worst Slack        4.097ns,  Total Violation        0.000ns
Hold  :            0  Failing Endpoints,  Worst Slack        0.144ns,  Total Violation        0.000ns
PW    :            0  Failing Endpoints,  Worst Slack        4.500ns,  Total Violation        0.000ns
---------------------------------------------------------------------------------------------------


Max Delay Paths
--------------------------------------------------------------------------------------
Slack (MET) :             4.097ns  (required time - arrival time)
  Source:                 bd_0_i/hls_inst/U0/Mat2AXIvideo_DMA_U0/t_V_reg_159_reg[3]/C
                            (rising edge-triggered cell FDRE clocked by ap_clk  {rise@0.000ns fall@5.000ns period=10.000ns})
  Destination:            bd_0_i/hls_inst/U0/Mat2AXIvideo_DMA_U0/t_V_1_reg_170_reg[28]/R
                            (rising edge-triggered cell FDRE clocked by ap_clk  {rise@0.000ns fall@5.000ns period=10.000ns})
  Path Group:             ap_clk
  Path Type:              Setup (Max at Slow Process Corner)
  Requirement:            10.000ns  (ap_clk rise@10.000ns - ap_clk rise@0.000ns)
  Data Path Delay:        5.295ns  (logic 1.785ns (33.708%)  route 3.510ns (66.292%))
  Logic Levels:           5  (CARRY4=3 LUT3=1 LUT6=1)
  Clock Path Skew:        -0.049ns (DCD - SCD + CPR)
    Destination Clock Delay (DCD):    0.924ns = ( 10.924 - 10.000 ) 
    Source Clock Delay      (SCD):    0.973ns
    Clock Pessimism Removal (CPR):    0.000ns
  Clock Uncertainty:      0.035ns  ((TSJ^2 + TIJ^2)^1/2 + DJ) / 2 + PE
    Total System Jitter     (TSJ):    0.071ns
    Total Input Jitter      (TIJ):    0.000ns
    Discrete Jitter          (DJ):    0.000ns
    Phase Error              (PE):    0.000ns

    Location             Delay type                Incr(ns)  Path(ns)    Netlist Resource(s)
  -------------------------------------------------------------------    -------------------
                         (clock ap_clk rise edge)     0.000     0.000 r  
                                                      0.000     0.000 r  ap_clk (IN)
                         net (fo=304, unset)          0.973     0.973    bd_0_i/hls_inst/U0/Mat2AXIvideo_DMA_U0/ap_clk
    SLICE_X17Y53         FDRE                                         r  bd_0_i/hls_inst/U0/Mat2AXIvideo_DMA_U0/t_V_reg_159_reg[3]/C
  -------------------------------------------------------------------    -------------------
    SLICE_X17Y53         FDRE (Prop_fdre_C_Q)         0.456     1.429 f  bd_0_i/hls_inst/U0/Mat2AXIvideo_DMA_U0/t_V_reg_159_reg[3]/Q
                         net (fo=3, routed)           1.240     2.669    bd_0_i/hls_inst/U0/Mat2AXIvideo_DMA_U0/t_V_reg_159[3]
    SLICE_X15Y55         LUT3 (Prop_lut3_I0_O)        0.124     2.793 r  bd_0_i/hls_inst/U0/Mat2AXIvideo_DMA_U0/i__carry_i_3/O
                         net (fo=1, routed)           0.000     2.793    bd_0_i/hls_inst/U0/Mat2AXIvideo_DMA_U0/i__carry_i_3_n_0
    SLICE_X15Y55         CARRY4 (Prop_carry4_S[1]_CO[3])
                                                      0.550     3.343 r  bd_0_i/hls_inst/U0/Mat2AXIvideo_DMA_U0/ap_NS_fsm3_inferred__0/i__carry/CO[3]
                         net (fo=1, routed)           0.000     3.343    bd_0_i/hls_inst/U0/Mat2AXIvideo_DMA_U0/ap_NS_fsm3_inferred__0/i__carry_n_0
    SLICE_X15Y56         CARRY4 (Prop_carry4_CI_CO[3])
                                                      0.114     3.457 r  bd_0_i/hls_inst/U0/Mat2AXIvideo_DMA_U0/ap_NS_fsm3_inferred__0/i__carry__0/CO[3]
                         net (fo=1, routed)           0.000     3.457    bd_0_i/hls_inst/U0/Mat2AXIvideo_DMA_U0/ap_NS_fsm3_inferred__0/i__carry__0_n_0
    SLICE_X15Y57         CARRY4 (Prop_carry4_CI_CO[2])
                                                      0.228     3.685 f  bd_0_i/hls_inst/U0/Mat2AXIvideo_DMA_U0/ap_NS_fsm3_inferred__0/i__carry__1/CO[2]
                         net (fo=5, routed)           1.273     4.958    bd_0_i/hls_inst/U0/Mat2AXIvideo_DMA_U0/regslice_both_AXI_video_strm_V_data_V_U/ibuf_inst/t_V_1_reg_170_reg[0][0]
    SLICE_X17Y60         LUT6 (Prop_lut6_I4_O)        0.313     5.271 r  bd_0_i/hls_inst/U0/Mat2AXIvideo_DMA_U0/regslice_both_AXI_video_strm_V_data_V_U/ibuf_inst/t_V_1_reg_170[0]_i_1/O
                         net (fo=32, routed)          0.998     6.268    bd_0_i/hls_inst/U0/Mat2AXIvideo_DMA_U0/t_V_1_reg_170
    SLICE_X12Y63         FDRE                                         r  bd_0_i/hls_inst/U0/Mat2AXIvideo_DMA_U0/t_V_1_reg_170_reg[28]/R
  -------------------------------------------------------------------    -------------------

                         (clock ap_clk rise edge)    10.000    10.000 r  
                                                      0.000    10.000 r  ap_clk (IN)
                         net (fo=304, unset)          0.924    10.924    bd_0_i/hls_inst/U0/Mat2AXIvideo_DMA_U0/ap_clk
    SLICE_X12Y63         FDRE                                         r  bd_0_i/hls_inst/U0/Mat2AXIvideo_DMA_U0/t_V_1_reg_170_reg[28]/C
                         clock pessimism              0.000    10.924    
                         clock uncertainty           -0.035    10.889    
    SLICE_X12Y63         FDRE (Setup_fdre_C_R)       -0.524    10.365    bd_0_i/hls_inst/U0/Mat2AXIvideo_DMA_U0/t_V_1_reg_170_reg[28]
  -------------------------------------------------------------------
                         required time                         10.365    
                         arrival time                          -6.268    
  -------------------------------------------------------------------
                         slack                                  4.097    





Min Delay Paths
--------------------------------------------------------------------------------------
Slack (MET) :             0.144ns  (arrival time - required time)
  Source:                 bd_0_i/hls_inst/U0/AXIvideo2Mat_DMA_U0/tmp_data_V_reg_269_reg[1]/C
                            (rising edge-triggered cell FDRE clocked by ap_clk  {rise@0.000ns fall@5.000ns period=10.000ns})
  Destination:            bd_0_i/hls_inst/U0/img_1_data_stream_0_U/U_fifo_w8_d2_A_shiftReg/SRL_SIG_reg[0][1]/D
                            (rising edge-triggered cell FDRE clocked by ap_clk  {rise@0.000ns fall@5.000ns period=10.000ns})
  Path Group:             ap_clk
  Path Type:              Hold (Min at Fast Process Corner)
  Requirement:            0.000ns  (ap_clk rise@0.000ns - ap_clk rise@0.000ns)
  Data Path Delay:        0.242ns  (logic 0.141ns (58.265%)  route 0.101ns (41.735%))
  Logic Levels:           0  
  Clock Path Skew:        0.022ns (DCD - SCD - CPR)
    Destination Clock Delay (DCD):    0.432ns
    Source Clock Delay      (SCD):    0.410ns
    Clock Pessimism Removal (CPR):    -0.000ns

    Location             Delay type                Incr(ns)  Path(ns)    Netlist Resource(s)
  -------------------------------------------------------------------    -------------------
                         (clock ap_clk rise edge)     0.000     0.000 r  
                                                      0.000     0.000 r  ap_clk (IN)
                         net (fo=304, unset)          0.410     0.410    bd_0_i/hls_inst/U0/AXIvideo2Mat_DMA_U0/ap_clk
    SLICE_X18Y64         FDRE                                         r  bd_0_i/hls_inst/U0/AXIvideo2Mat_DMA_U0/tmp_data_V_reg_269_reg[1]/C
  -------------------------------------------------------------------    -------------------
    SLICE_X18Y64         FDRE (Prop_fdre_C_Q)         0.141     0.551 r  bd_0_i/hls_inst/U0/AXIvideo2Mat_DMA_U0/tmp_data_V_reg_269_reg[1]/Q
                         net (fo=1, routed)           0.101     0.652    bd_0_i/hls_inst/U0/img_1_data_stream_0_U/U_fifo_w8_d2_A_shiftReg/SRL_SIG_reg[0][7]_0[1]
    SLICE_X16Y64         FDRE                                         r  bd_0_i/hls_inst/U0/img_1_data_stream_0_U/U_fifo_w8_d2_A_shiftReg/SRL_SIG_reg[0][1]/D
  -------------------------------------------------------------------    -------------------

                         (clock ap_clk rise edge)     0.000     0.000 r  
                                                      0.000     0.000 r  ap_clk (IN)
                         net (fo=304, unset)          0.432     0.432    bd_0_i/hls_inst/U0/img_1_data_stream_0_U/U_fifo_w8_d2_A_shiftReg/ap_clk
    SLICE_X16Y64         FDRE                                         r  bd_0_i/hls_inst/U0/img_1_data_stream_0_U/U_fifo_w8_d2_A_shiftReg/SRL_SIG_reg[0][1]/C
                         clock pessimism              0.000     0.432    
    SLICE_X16Y64         FDRE (Hold_fdre_C_D)         0.076     0.508    bd_0_i/hls_inst/U0/img_1_data_stream_0_U/U_fifo_w8_d2_A_shiftReg/SRL_SIG_reg[0][1]
  -------------------------------------------------------------------
                         required time                         -0.508    
                         arrival time                           0.652    
  -------------------------------------------------------------------
                         slack                                  0.144    





Pulse Width Checks
--------------------------------------------------------------------------------------
Clock Name:         ap_clk
Waveform(ns):       { 0.000 5.000 }
Period(ns):         10.000
Sources:            { ap_clk }

Check Type        Corner  Lib Pin  Reference Pin  Required(ns)  Actual(ns)  Slack(ns)  Location      Pin
Min Period        n/a     FDSE/C   n/a            1.000         10.000      9.000      SLICE_X18Y58  bd_0_i/hls_inst/U0/AXIvideo2Mat_DMA_U0/ap_CS_fsm_reg[0]/C
Low Pulse Width   Fast    FDSE/C   n/a            0.500         5.000       4.500      SLICE_X18Y58  bd_0_i/hls_inst/U0/AXIvideo2Mat_DMA_U0/ap_CS_fsm_reg[0]/C
High Pulse Width  Slow    FDSE/C   n/a            0.500         5.000       4.500      SLICE_X18Y58  bd_0_i/hls_inst/U0/AXIvideo2Mat_DMA_U0/ap_CS_fsm_reg[0]/C



