

================================================================
== Vivado HLS Report for 'CvtColor_1'
================================================================
* Date:           Tue May 12 16:47:57 2020

* Version:        2019.2 (Build 2704478 on Wed Nov 06 22:10:23 MST 2019)
* Project:        HLS_CircleFilter_Minized
* Solution:       solution1
* Product family: zynq
* Target device:  xc7z007s-clg225-1


================================================================
== Performance Estimates
================================================================
+ Timing: 
    * Summary: 
    +--------+----------+----------+------------+
    |  Clock |  Target  | Estimated| Uncertainty|
    +--------+----------+----------+------------+
    |ap_clk  | 10.00 ns | 9.400 ns |   1.25 ns  |
    +--------+----------+----------+------------+

+ Latency: 
    * Summary: 
    +---------+---------+-----------+----------+-----+--------+---------+
    |  Latency (cycles) |  Latency (absolute)  |   Interval   | Pipeline|
    |   min   |   max   |    min    |    max   | min |   max  |   Type  |
    +---------+---------+-----------+----------+-----+--------+---------+
    |        1|   310081| 10.000 ns | 3.101 ms |    1|  310081|   none  |
    +---------+---------+-----------+----------+-----+--------+---------+

    + Detail: 
        * Instance: 
        N/A

        * Loop: 
        +---------------+---------+---------+----------+-----------+-----------+---------+----------+
        |               |  Latency (cycles) | Iteration|  Initiation Interval  |   Trip  |          |
        |   Loop Name   |   min   |   max   |  Latency |  achieved |   target  |  Count  | Pipelined|
        +---------------+---------+---------+----------+-----------+-----------+---------+----------+
        |- loop_height  |        0|   310080|  3 ~ 646 |          -|          -| 0 ~ 480 |    no    |
        | + loop_width  |        0|      643|         5|          1|          1| 0 ~ 640 |    yes   |
        +---------------+---------+---------+----------+-----------+-----------+---------+----------+



================================================================
== Utilization Estimates
================================================================
* Summary: 
+-----------------+---------+-------+-------+-------+-----+
|       Name      | BRAM_18K| DSP48E|   FF  |  LUT  | URAM|
+-----------------+---------+-------+-------+-------+-----+
|DSP              |        -|      3|      -|      -|    -|
|Expression       |        -|      -|      0|     94|    -|
|FIFO             |        -|      -|      -|      -|    -|
|Instance         |        -|      -|      -|      -|    -|
|Memory           |        -|      -|      -|      -|    -|
|Multiplexer      |        -|      -|      -|    135|    -|
|Register         |        0|      -|    233|     32|    -|
+-----------------+---------+-------+-------+-------+-----+
|Total            |        0|      3|    233|    261|    0|
+-----------------+---------+-------+-------+-------+-----+
|Available        |      100|     66|  28800|  14400|    0|
+-----------------+---------+-------+-------+-------+-----+
|Utilization (%)  |        0|      4|   ~0  |      1|    0|
+-----------------+---------+-------+-------+-------+-----+

+ Detail: 
    * Instance: 
    N/A

    * DSP48E: 
    +--------------------------+----------------------+--------------+
    |         Instance         |        Module        |  Expression  |
    +--------------------------+----------------------+--------------+
    |filter_mac_muladdcud_U21  |filter_mac_muladdcud  | i0 * i1 + i2 |
    |filter_mac_muladddEe_U22  |filter_mac_muladddEe  | i0 + i1 * i2 |
    |filter_mul_mul_22bkb_U20  |filter_mul_mul_22bkb  |    i0 * i1   |
    +--------------------------+----------------------+--------------+

    * Memory: 
    N/A

    * FIFO: 
    N/A

    * Expression: 
    +----------------------------------+----------+-------+---+----+------------+------------+
    |           Variable Name          | Operation| DSP48E| FF| LUT| Bitwidth P0| Bitwidth P1|
    +----------------------------------+----------+-------+---+----+------------+------------+
    |i_fu_232_p2                       |     +    |      0|  0|  15|           9|           1|
    |j_fu_247_p2                       |     +    |      0|  0|  14|          10|           1|
    |p_Val2_8_fu_284_p2                |     +    |      0|  0|  15|           8|           8|
    |ap_block_state7_pp0_stage0_iter4  |    and   |      0|  0|   2|           1|           1|
    |icmp_ln1967_fu_227_p2             |   icmp   |      0|  0|  13|          10|          10|
    |icmp_ln1968_fu_242_p2             |   icmp   |      0|  0|  13|          11|          11|
    |ap_block_pp0_stage0_01001         |    or    |      0|  0|   2|           1|           1|
    |ap_block_state1                   |    or    |      0|  0|   2|           1|           1|
    |ap_block_state4_pp0_stage0_iter1  |    or    |      0|  0|   2|           1|           1|
    |deleted_zeros_fu_310_p2           |    or    |      0|  0|   2|           1|           1|
    |p_dst_data_stream_V_din           |  select  |      0|  0|   8|           1|           8|
    |ap_enable_pp0                     |    xor   |      0|  0|   2|           1|           2|
    |ap_enable_reg_pp0_iter1           |    xor   |      0|  0|   2|           2|           1|
    |xor_ln777_fu_296_p2               |    xor   |      0|  0|   2|           1|           2|
    +----------------------------------+----------+-------+---+----+------------+------------+
    |Total                             |          |      0|  0|  94|          58|          49|
    +----------------------------------+----------+-------+---+----+------------+------------+

    * Multiplexer: 
    +-----------------------------+----+-----------+-----+-----------+
    |             Name            | LUT| Input Size| Bits| Total Bits|
    +-----------------------------+----+-----------+-----+-----------+
    |ap_NS_fsm                    |  27|          5|    1|          5|
    |ap_done                      |   9|          2|    1|          2|
    |ap_enable_reg_pp0_iter1      |   9|          2|    1|          2|
    |ap_enable_reg_pp0_iter4      |   9|          2|    1|          2|
    |i_0_i_reg_201                |   9|          2|    9|         18|
    |j_0_i_reg_212                |   9|          2|   10|         20|
    |p_dst_data_stream_V_blk_n    |   9|          2|    1|          2|
    |p_src_cols_V_blk_n           |   9|          2|    1|          2|
    |p_src_data_stream_0_V_blk_n  |   9|          2|    1|          2|
    |p_src_data_stream_1_V_blk_n  |   9|          2|    1|          2|
    |p_src_data_stream_2_V_blk_n  |   9|          2|    1|          2|
    |p_src_rows_V_blk_n           |   9|          2|    1|          2|
    |real_start                   |   9|          2|    1|          2|
    +-----------------------------+----+-----------+-----+-----------+
    |Total                        | 135|         29|   30|         63|
    +-----------------------------+----+-----------+-----+-----------+

    * Register: 
    +------------------------------+----+----+-----+-----------+
    |             Name             | FF | LUT| Bits| Const Bits|
    +------------------------------+----+----+-----+-----------+
    |ap_CS_fsm                     |   4|   0|    4|          0|
    |ap_done_reg                   |   1|   0|    1|          0|
    |ap_enable_reg_pp0_iter0       |   1|   0|    1|          0|
    |ap_enable_reg_pp0_iter1       |   1|   0|    1|          0|
    |ap_enable_reg_pp0_iter2       |   1|   0|    1|          0|
    |ap_enable_reg_pp0_iter3       |   1|   0|    1|          0|
    |ap_enable_reg_pp0_iter4       |   1|   0|    1|          0|
    |i_0_i_reg_201                 |   9|   0|    9|          0|
    |i_reg_363                     |   9|   0|    9|          0|
    |icmp_ln1968_reg_368           |   1|   0|    1|          0|
    |j_0_i_reg_212                 |  10|   0|   10|          0|
    |mul_ln703_1_reg_392           |  29|   0|   29|          0|
    |p_Val2_7_reg_402              |   8|   0|    8|          0|
    |p_src_cols_V_read_reg_349     |  11|   0|   11|          0|
    |p_src_rows_V_read_reg_354     |  10|   0|   10|          0|
    |ret_V_1_reg_397               |  30|   0|   30|          0|
    |start_once_reg                |   1|   0|    1|          0|
    |tmp_35_reg_377                |   8|   0|    8|          0|
    |tmp_35_reg_377_pp0_iter2_reg  |   8|   0|    8|          0|
    |tmp_36_reg_382                |   8|   0|    8|          0|
    |tmp_36_reg_382_pp0_iter2_reg  |   8|   0|    8|          0|
    |tmp_37_reg_387                |   8|   0|    8|          0|
    |tmp_reg_407                   |   1|   0|    1|          0|
    |icmp_ln1968_reg_368           |  64|  32|    1|          0|
    +------------------------------+----+----+-----+-----------+
    |Total                         | 233|  32|  170|          0|
    +------------------------------+----+----+-----+-----------+



================================================================
== Interface
================================================================
* Summary: 
+-------------------------------+-----+-----+------------+-----------------------+--------------+
|           RTL Ports           | Dir | Bits|  Protocol  |     Source Object     |    C Type    |
+-------------------------------+-----+-----+------------+-----------------------+--------------+
|ap_clk                         |  in |    1| ap_ctrl_hs |       CvtColor.1      | return value |
|ap_rst                         |  in |    1| ap_ctrl_hs |       CvtColor.1      | return value |
|ap_start                       |  in |    1| ap_ctrl_hs |       CvtColor.1      | return value |
|start_full_n                   |  in |    1| ap_ctrl_hs |       CvtColor.1      | return value |
|ap_done                        | out |    1| ap_ctrl_hs |       CvtColor.1      | return value |
|ap_continue                    |  in |    1| ap_ctrl_hs |       CvtColor.1      | return value |
|ap_idle                        | out |    1| ap_ctrl_hs |       CvtColor.1      | return value |
|ap_ready                       | out |    1| ap_ctrl_hs |       CvtColor.1      | return value |
|start_out                      | out |    1| ap_ctrl_hs |       CvtColor.1      | return value |
|start_write                    | out |    1| ap_ctrl_hs |       CvtColor.1      | return value |
|p_src_rows_V_dout              |  in |   10|   ap_fifo  |      p_src_rows_V     |    pointer   |
|p_src_rows_V_empty_n           |  in |    1|   ap_fifo  |      p_src_rows_V     |    pointer   |
|p_src_rows_V_read              | out |    1|   ap_fifo  |      p_src_rows_V     |    pointer   |
|p_src_cols_V_dout              |  in |   11|   ap_fifo  |      p_src_cols_V     |    pointer   |
|p_src_cols_V_empty_n           |  in |    1|   ap_fifo  |      p_src_cols_V     |    pointer   |
|p_src_cols_V_read              | out |    1|   ap_fifo  |      p_src_cols_V     |    pointer   |
|p_src_data_stream_0_V_dout     |  in |    8|   ap_fifo  | p_src_data_stream_0_V |    pointer   |
|p_src_data_stream_0_V_empty_n  |  in |    1|   ap_fifo  | p_src_data_stream_0_V |    pointer   |
|p_src_data_stream_0_V_read     | out |    1|   ap_fifo  | p_src_data_stream_0_V |    pointer   |
|p_src_data_stream_1_V_dout     |  in |    8|   ap_fifo  | p_src_data_stream_1_V |    pointer   |
|p_src_data_stream_1_V_empty_n  |  in |    1|   ap_fifo  | p_src_data_stream_1_V |    pointer   |
|p_src_data_stream_1_V_read     | out |    1|   ap_fifo  | p_src_data_stream_1_V |    pointer   |
|p_src_data_stream_2_V_dout     |  in |    8|   ap_fifo  | p_src_data_stream_2_V |    pointer   |
|p_src_data_stream_2_V_empty_n  |  in |    1|   ap_fifo  | p_src_data_stream_2_V |    pointer   |
|p_src_data_stream_2_V_read     | out |    1|   ap_fifo  | p_src_data_stream_2_V |    pointer   |
|p_dst_data_stream_V_din        | out |    8|   ap_fifo  |  p_dst_data_stream_V  |    pointer   |
|p_dst_data_stream_V_full_n     |  in |    1|   ap_fifo  |  p_dst_data_stream_V  |    pointer   |
|p_dst_data_stream_V_write      | out |    1|   ap_fifo  |  p_dst_data_stream_V  |    pointer   |
+-------------------------------+-----+-----+------------+-----------------------+--------------+

