

================================================================
== Vivado HLS Report for 'filter'
================================================================
* Date:           Tue May 12 16:48:00 2020

* Version:        2019.2 (Build 2704478 on Wed Nov 06 22:10:23 MST 2019)
* Project:        HLS_CircleFilter_Minized
* Solution:       solution1
* Product family: zynq
* Target device:  xc7z007s-clg225-1


================================================================
== Performance Estimates
================================================================
+ Timing: 
    * Summary: 
    +--------+----------+-----------+------------+
    |  Clock |  Target  | Estimated | Uncertainty|
    +--------+----------+-----------+------------+
    |ap_clk  | 10.00 ns | 10.831 ns |   1.25 ns  |
    +--------+----------+-----------+------------+

+ Latency: 
    * Summary: 
    +---------+---------+----------+----------+--------+--------+----------+
    |  Latency (cycles) |  Latency (absolute) |     Interval    | Pipeline |
    |   min   |   max   |    min   |    max   |   min  |   max  |   Type   |
    +---------+---------+----------+----------+--------+--------+----------+
    |   315409|   315409| 3.416 ms | 3.416 ms |  315402|  315402| dataflow |
    +---------+---------+----------+----------+--------+--------+----------+

    + Detail: 
        * Instance: 
        +-----------------+--------------+---------+---------+-----------+----------+--------+--------+---------+
        |                 |              |  Latency (cycles) |  Latency (absolute)  |     Interval    | Pipeline|
        |     Instance    |    Module    |   min   |   max   |    min    |    max   |   min  |   max  |   Type  |
        +-----------------+--------------+---------+---------+-----------+----------+--------+--------+---------+
        |GaussianBlur_U0  |GaussianBlur  |   315401|   315401|  3.416 ms | 3.416 ms |  315401|  315401|   none  |
        |AXIvideo2Mat_U0  |AXIvideo2Mat  |        3|   309603| 32.493 ns | 3.353 ms |       3|  309603|   none  |
        |Threshold_U0     |Threshold     |        1|   309121| 10.831 ns | 3.348 ms |       1|  309121|   none  |
        |CvtColor_1_U0    |CvtColor_1    |        1|   310081| 10.831 ns | 3.358 ms |       1|  310081|   none  |
        |Mat2AXIvideo_U0  |Mat2AXIvideo  |   309121|   309121|  3.348 ms | 3.348 ms |  309121|  309121|   none  |
        |CvtColor_U0      |CvtColor      |        1|   308641| 10.831 ns | 3.343 ms |       1|  308641|   none  |
        |Block_proc_U0    |Block_proc    |        0|        0|    0 ns   |   0 ns   |       0|       0|   none  |
        +-----------------+--------------+---------+---------+-----------+----------+--------+--------+---------+

        * Loop: 
        N/A



================================================================
== Utilization Estimates
================================================================
* Summary: 
+-----------------+---------+-------+-------+-------+-----+
|       Name      | BRAM_18K| DSP48E|   FF  |  LUT  | URAM|
+-----------------+---------+-------+-------+-------+-----+
|DSP              |        -|      -|      -|      -|    -|
|Expression       |        -|      -|      0|     32|    -|
|FIFO             |        0|      -|     85|    360|    -|
|Instance         |        5|     22|   1976|   3255|    0|
|Memory           |        -|      -|      -|      -|    -|
|Multiplexer      |        -|      -|      -|     36|    -|
|Register         |        -|      -|      6|      -|    -|
+-----------------+---------+-------+-------+-------+-----+
|Total            |        5|     22|   2067|   3683|    0|
+-----------------+---------+-------+-------+-------+-----+
|Available        |      100|     66|  28800|  14400|    0|
+-----------------+---------+-------+-------+-------+-----+
|Utilization (%)  |        5|     33|      7|     25|    0|
+-----------------+---------+-------+-------+-------+-----+

+ Detail: 
    * Instance: 
    +-----------------+--------------+---------+-------+------+------+-----+
    |     Instance    |    Module    | BRAM_18K| DSP48E|  FF  |  LUT | URAM|
    +-----------------+--------------+---------+-------+------+------+-----+
    |AXIvideo2Mat_U0  |AXIvideo2Mat  |        0|      0|   365|   445|    0|
    |Block_proc_U0    |Block_proc    |        0|      0|     3|    56|    0|
    |CvtColor_U0      |CvtColor      |        0|      0|    58|   197|    0|
    |CvtColor_1_U0    |CvtColor_1    |        0|      3|   233|   261|    0|
    |GaussianBlur_U0  |GaussianBlur  |        5|     19|  1105|  1830|    0|
    |Mat2AXIvideo_U0  |Mat2AXIvideo  |        0|      0|    40|   192|    0|
    |Threshold_U0     |Threshold     |        0|      0|   172|   274|    0|
    +-----------------+--------------+---------+-------+------+------+-----+
    |Total            |              |        5|     22|  1976|  3255|    0|
    +-----------------+--------------+---------+-------+------+------+-----+

    * DSP48E: 
    N/A

    * Memory: 
    N/A

    * FIFO: 
    +-----------------------+---------+---+----+-----+------+-----+---------+
    |          Name         | BRAM_18K| FF| LUT| URAM| Depth| Bits| Size:D*B|
    +-----------------------+---------+---+----+-----+------+-----+---------+
    |img_0_cols_V_c15_U     |        0|  5|   0|    -|     2|   11|       22|
    |img_0_cols_V_c_U       |        0|  5|   0|    -|     2|   11|       22|
    |img_0_data_stream_0_U  |        0|  5|   0|    -|     2|    8|       16|
    |img_0_data_stream_1_U  |        0|  5|   0|    -|     2|    8|       16|
    |img_0_data_stream_2_U  |        0|  5|   0|    -|     2|    8|       16|
    |img_0_rows_V_c14_U     |        0|  5|   0|    -|     2|   10|       20|
    |img_0_rows_V_c_U       |        0|  5|   0|    -|     2|   10|       20|
    |img_1_data_stream_0_U  |        0|  5|   0|    -|     2|    8|       16|
    |img_2_data_stream_0_U  |        0|  5|   0|    -|     2|    8|       16|
    |img_3_cols_V_c17_U     |        0|  5|   0|    -|     2|   11|       22|
    |img_3_cols_V_c_U       |        0|  5|   0|    -|     5|   11|       55|
    |img_3_data_stream_0_U  |        0|  5|   0|    -|     2|    8|       16|
    |img_3_rows_V_c16_U     |        0|  5|   0|    -|     2|   10|       20|
    |img_3_rows_V_c_U       |        0|  5|   0|    -|     5|   10|       50|
    |img_4_data_stream_0_U  |        0|  5|   0|    -|     2|    8|       16|
    |img_4_data_stream_1_U  |        0|  5|   0|    -|     2|    8|       16|
    |img_4_data_stream_2_U  |        0|  5|   0|    -|     2|    8|       16|
    +-----------------------+---------+---+----+-----+------+-----+---------+
    |Total                  |        0| 85|   0|    0|    40|  156|      375|
    +-----------------------+---------+---+----+-----+------+-----+---------+

    * Expression: 
    +----------------------------------+----------+-------+---+----+------------+------------+
    |           Variable Name          | Operation| DSP48E| FF| LUT| Bitwidth P0| Bitwidth P1|
    +----------------------------------+----------+-------+---+----+------------+------------+
    |AXIvideo2Mat_U0_ap_ready_count    |     +    |      0|  0|  10|           2|           1|
    |Block_proc_U0_ap_ready_count      |     +    |      0|  0|  10|           2|           1|
    |AXIvideo2Mat_U0_ap_start          |    and   |      0|  0|   2|           1|           1|
    |Block_proc_U0_ap_start            |    and   |      0|  0|   2|           1|           1|
    |ap_idle                           |    and   |      0|  0|   2|           1|           1|
    |ap_sync_ready                     |    and   |      0|  0|   2|           1|           1|
    |ap_sync_AXIvideo2Mat_U0_ap_ready  |    or    |      0|  0|   2|           1|           1|
    |ap_sync_Block_proc_U0_ap_ready    |    or    |      0|  0|   2|           1|           1|
    +----------------------------------+----------+-------+---+----+------------+------------+
    |Total                             |          |      0|  0|  32|          10|           8|
    +----------------------------------+----------+-------+---+----+------------+------------+

    * Multiplexer: 
    +--------------------------------------+----+-----------+-----+-----------+
    |                 Name                 | LUT| Input Size| Bits| Total Bits|
    +--------------------------------------+----+-----------+-----+-----------+
    |AXIvideo2Mat_U0_ap_ready_count        |   9|          2|    2|          4|
    |Block_proc_U0_ap_ready_count          |   9|          2|    2|          4|
    |ap_sync_reg_AXIvideo2Mat_U0_ap_ready  |   9|          2|    1|          2|
    |ap_sync_reg_Block_proc_U0_ap_ready    |   9|          2|    1|          2|
    +--------------------------------------+----+-----------+-----+-----------+
    |Total                                 |  36|          8|    6|         12|
    +--------------------------------------+----+-----------+-----+-----------+

    * Register: 
    +--------------------------------------+---+----+-----+-----------+
    |                 Name                 | FF| LUT| Bits| Const Bits|
    +--------------------------------------+---+----+-----+-----------+
    |AXIvideo2Mat_U0_ap_ready_count        |  2|   0|    2|          0|
    |Block_proc_U0_ap_ready_count          |  2|   0|    2|          0|
    |ap_sync_reg_AXIvideo2Mat_U0_ap_ready  |  1|   0|    1|          0|
    |ap_sync_reg_Block_proc_U0_ap_ready    |  1|   0|    1|          0|
    +--------------------------------------+---+----+-----+-----------+
    |Total                                 |  6|   0|    6|          0|
    +--------------------------------------+---+----+-----+-----------+



================================================================
== Interface
================================================================
* Summary: 
+------------------+-----+-----+------------+--------------------+--------------+
|     RTL Ports    | Dir | Bits|  Protocol  |    Source Object   |    C Type    |
+------------------+-----+-----+------------+--------------------+--------------+
|video_in_TDATA    |  in |   32|    axis    |  video_in_V_data_V |    pointer   |
|video_in_TKEEP    |  in |    4|    axis    |  video_in_V_keep_V |    pointer   |
|video_in_TSTRB    |  in |    4|    axis    |  video_in_V_strb_V |    pointer   |
|video_in_TUSER    |  in |    1|    axis    |  video_in_V_user_V |    pointer   |
|video_in_TLAST    |  in |    1|    axis    |  video_in_V_last_V |    pointer   |
|video_in_TID      |  in |    1|    axis    |   video_in_V_id_V  |    pointer   |
|video_in_TDEST    |  in |    1|    axis    |  video_in_V_dest_V |    pointer   |
|video_in_TVALID   |  in |    1|    axis    |  video_in_V_dest_V |    pointer   |
|video_in_TREADY   | out |    1|    axis    |  video_in_V_dest_V |    pointer   |
|video_out_TDATA   | out |   32|    axis    | video_out_V_data_V |    pointer   |
|video_out_TKEEP   | out |    4|    axis    | video_out_V_keep_V |    pointer   |
|video_out_TSTRB   | out |    4|    axis    | video_out_V_strb_V |    pointer   |
|video_out_TUSER   | out |    1|    axis    | video_out_V_user_V |    pointer   |
|video_out_TLAST   | out |    1|    axis    | video_out_V_last_V |    pointer   |
|video_out_TID     | out |    1|    axis    |  video_out_V_id_V  |    pointer   |
|video_out_TDEST   | out |    1|    axis    | video_out_V_dest_V |    pointer   |
|video_out_TVALID  | out |    1|    axis    | video_out_V_dest_V |    pointer   |
|video_out_TREADY  |  in |    1|    axis    | video_out_V_dest_V |    pointer   |
|ap_clk            |  in |    1| ap_ctrl_hs |       filter       | return value |
|ap_rst_n          |  in |    1| ap_ctrl_hs |       filter       | return value |
|ap_start          |  in |    1| ap_ctrl_hs |       filter       | return value |
|ap_done           | out |    1| ap_ctrl_hs |       filter       | return value |
|ap_ready          | out |    1| ap_ctrl_hs |       filter       | return value |
|ap_idle           | out |    1| ap_ctrl_hs |       filter       | return value |
+------------------+-----+-----+------------+--------------------+--------------+

