

================================================================
== Vivado HLS Report for 'AXIvideo2Mat'
================================================================
* Date:           Tue Apr 28 15:28:43 2020

* Version:        2019.2 (Build 2704478 on Wed Nov 06 22:10:23 MST 2019)
* Project:        HLS_CircleFilter
* Solution:       solution1
* Product family: zynq
* Target device:  xc7z020-clg484-1


================================================================
== Performance Estimates
================================================================
+ Timing: 
    * Summary: 
    +--------+----------+----------+------------+
    |  Clock |  Target  | Estimated| Uncertainty|
    +--------+----------+----------+------------+
    |ap_clk  | 10.00 ns | 7.268 ns |   1.25 ns  |
    +--------+----------+----------+------------+

+ Latency: 
    * Summary: 
    +---------+---------+-----------+----------+-----+--------+---------+
    |  Latency (cycles) |  Latency (absolute)  |   Interval   | Pipeline|
    |   min   |   max   |    min    |    max   | min |   max  |   Type  |
    +---------+---------+-----------+----------+-----+--------+---------+
    |        3|   309603| 30.000 ns | 3.096 ms |    3|  309603|   none  |
    +---------+---------+-----------+----------+-----+--------+---------+

    + Detail: 
        * Instance: 
        N/A

        * Loop: 
        +-----------------------+---------+---------+----------+-----------+-----------+---------+----------+
        |                       |  Latency (cycles) | Iteration|  Initiation Interval  |   Trip  |          |
        |       Loop Name       |   min   |   max   |  Latency |  achieved |   target  |  Count  | Pipelined|
        +-----------------------+---------+---------+----------+-----------+-----------+---------+----------+
        |- loop_wait_for_start  |        0|        0|         1|          1|          1|        0|    yes   |
        |- loop_height          |        0|   309600|  5 ~ 645 |          -|          -| 0 ~ 480 |    no    |
        | + loop_width          |        0|      640|         2|          1|          1| 0 ~ 640 |    yes   |
        | + loop_wait_for_eol   |        0|        0|         1|          1|          1|        0|    yes   |
        +-----------------------+---------+---------+----------+-----------+-----------+---------+----------+

============================================================
+ Verbose Summary: Synthesis Manager
============================================================
InlineROM: 1
ExposeGlobal: 0
============================================================
+ Verbose Summary: CDFG Model
============================================================
IsTopModel: 0
ResetActiveHigh: 1
IsCombinational: 2
IsDatapathOnly: 0
HasWiredReturn: 1
HasMFsm: 0
HasVarLatency: 1
IsPipeline: 0
IsRtlPipelined: 0
IsInstanceOverlapped: 0
IsDontTouch: 0
HasImplIP: 0
IsGatedGlobalClock: 0

+ Individual pipeline summary: 
  * Pipeline-0: initiation interval (II) = 1, depth = 1
  * Pipeline-1: initiation interval (II) = 1, depth = 2
  * Pipeline-2: initiation interval (II) = 1, depth = 1


============================================================
+ Verbose Summary: Schedule
============================================================
* Number of FSM states : 9
* Pipeline : 3
  Pipeline-0 : II = 1, D = 1, States = { 2 }
  Pipeline-1 : II = 1, D = 2, States = { 5 6 }
  Pipeline-2 : II = 1, D = 1, States = { 8 }
* Dataflow Pipeline: 0

* FSM state transitions: 
1 --> 2 
2 --> 3 2 
3 --> 4 
4 --> 5 
5 --> 7 6 
6 --> 5 
7 --> 8 
8 --> 9 8 
9 --> 4 

* FSM state operations: 

State 1 <SV = 0> <Delay = 7.26>
ST_1 : Operation 10 [1/1] (0.00ns)   --->   "call void (...)* @_ssdm_op_SpecInterface(i8* %img_data_stream_V, [8 x i8]* @ap_fifo_str, i32 0, i32 0, [1 x i8]* @p_str184, i32 0, i32 0, [1 x i8]* @p_str185, [1 x i8]* @p_str186, [1 x i8]* @p_str187, i32 2, i32 2, i32 16, i32 16, [1 x i8]* @p_str188, [1 x i8]* @p_str189)"   --->   Operation 10 'specinterface' <Predicate = true> <Delay = 0.00>
ST_1 : Operation 11 [1/1] (0.00ns)   --->   "call void (...)* @_ssdm_op_SpecInterface(i16* %AXI_video_strm_V_data_V, i2* %AXI_video_strm_V_keep_V, i2* %AXI_video_strm_V_strb_V, i1* %AXI_video_strm_V_user_V, i1* %AXI_video_strm_V_last_V, i1* %AXI_video_strm_V_id_V, i1* %AXI_video_strm_V_dest_V, [5 x i8]* @p_str, i32 1, i32 1, [5 x i8]* @p_str1, i32 0, i32 0, [1 x i8]* @p_str2, [1 x i8]* @p_str2, [1 x i8]* @p_str2, i32 0, i32 0, i32 0, i32 0, [1 x i8]* @p_str2, [1 x i8]* @p_str2) nounwind"   --->   Operation 11 'specinterface' <Predicate = true> <Delay = 0.00>
ST_1 : Operation 12 [1/1] (0.00ns)   --->   "call void (...)* @_ssdm_op_SpecInterface(i16* %AXI_video_strm_V_data_V, i2* %AXI_video_strm_V_keep_V, i2* %AXI_video_strm_V_strb_V, i1* %AXI_video_strm_V_user_V, i1* %AXI_video_strm_V_last_V, i1* %AXI_video_strm_V_id_V, i1* %AXI_video_strm_V_dest_V, [5 x i8]* @p_str, i32 1, i32 1, [5 x i8]* @p_str1, i32 0, i32 0, [1 x i8]* @p_str2, [1 x i8]* @p_str2, [1 x i8]* @p_str2, i32 0, i32 0, i32 0, i32 0, [1 x i8]* @p_str2, [1 x i8]* @p_str2) nounwind"   --->   Operation 12 'specinterface' <Predicate = true> <Delay = 0.00>
ST_1 : Operation 13 [1/1] (0.00ns)   --->   "call void (...)* @_ssdm_op_SpecInterface(i16* %AXI_video_strm_V_data_V, i2* %AXI_video_strm_V_keep_V, i2* %AXI_video_strm_V_strb_V, i1* %AXI_video_strm_V_user_V, i1* %AXI_video_strm_V_last_V, i1* %AXI_video_strm_V_id_V, i1* %AXI_video_strm_V_dest_V, [5 x i8]* @p_str, i32 1, i32 1, [5 x i8]* @p_str1, i32 0, i32 0, [1 x i8]* @p_str2, [1 x i8]* @p_str2, [1 x i8]* @p_str2, i32 0, i32 0, i32 0, i32 0, [1 x i8]* @p_str2, [1 x i8]* @p_str2) nounwind"   --->   Operation 13 'specinterface' <Predicate = true> <Delay = 0.00>
ST_1 : Operation 14 [1/1] (0.00ns)   --->   "call void (...)* @_ssdm_op_SpecInterface(i16* %AXI_video_strm_V_data_V, i2* %AXI_video_strm_V_keep_V, i2* %AXI_video_strm_V_strb_V, i1* %AXI_video_strm_V_user_V, i1* %AXI_video_strm_V_last_V, i1* %AXI_video_strm_V_id_V, i1* %AXI_video_strm_V_dest_V, [5 x i8]* @p_str, i32 1, i32 1, [5 x i8]* @p_str1, i32 0, i32 0, [1 x i8]* @p_str2, [1 x i8]* @p_str2, [1 x i8]* @p_str2, i32 0, i32 0, i32 0, i32 0, [1 x i8]* @p_str2, [1 x i8]* @p_str2) nounwind"   --->   Operation 14 'specinterface' <Predicate = true> <Delay = 0.00>
ST_1 : Operation 15 [1/1] (0.00ns)   --->   "call void (...)* @_ssdm_op_SpecInterface(i16* %AXI_video_strm_V_data_V, i2* %AXI_video_strm_V_keep_V, i2* %AXI_video_strm_V_strb_V, i1* %AXI_video_strm_V_user_V, i1* %AXI_video_strm_V_last_V, i1* %AXI_video_strm_V_id_V, i1* %AXI_video_strm_V_dest_V, [5 x i8]* @p_str, i32 1, i32 1, [5 x i8]* @p_str1, i32 0, i32 0, [1 x i8]* @p_str2, [1 x i8]* @p_str2, [1 x i8]* @p_str2, i32 0, i32 0, i32 0, i32 0, [1 x i8]* @p_str2, [1 x i8]* @p_str2) nounwind"   --->   Operation 15 'specinterface' <Predicate = true> <Delay = 0.00>
ST_1 : Operation 16 [1/1] (0.00ns)   --->   "call void (...)* @_ssdm_op_SpecInterface(i16* %AXI_video_strm_V_data_V, i2* %AXI_video_strm_V_keep_V, i2* %AXI_video_strm_V_strb_V, i1* %AXI_video_strm_V_user_V, i1* %AXI_video_strm_V_last_V, i1* %AXI_video_strm_V_id_V, i1* %AXI_video_strm_V_dest_V, [5 x i8]* @p_str, i32 1, i32 1, [5 x i8]* @p_str1, i32 0, i32 0, [1 x i8]* @p_str2, [1 x i8]* @p_str2, [1 x i8]* @p_str2, i32 0, i32 0, i32 0, i32 0, [1 x i8]* @p_str2, [1 x i8]* @p_str2) nounwind"   --->   Operation 16 'specinterface' <Predicate = true> <Delay = 0.00>
ST_1 : Operation 17 [1/1] (0.00ns)   --->   "call void (...)* @_ssdm_op_SpecInterface(i16* %AXI_video_strm_V_data_V, i2* %AXI_video_strm_V_keep_V, i2* %AXI_video_strm_V_strb_V, i1* %AXI_video_strm_V_user_V, i1* %AXI_video_strm_V_last_V, i1* %AXI_video_strm_V_id_V, i1* %AXI_video_strm_V_dest_V, [5 x i8]* @p_str, i32 1, i32 1, [5 x i8]* @p_str1, i32 0, i32 0, [1 x i8]* @p_str2, [1 x i8]* @p_str2, [1 x i8]* @p_str2, i32 0, i32 0, i32 0, i32 0, [1 x i8]* @p_str2, [1 x i8]* @p_str2) nounwind"   --->   Operation 17 'specinterface' <Predicate = true> <Delay = 0.00>
ST_1 : Operation 18 [1/1] (0.00ns)   --->   "call void (...)* @_ssdm_op_SpecInterface(i11* %img_cols_V, [8 x i8]* @ap_fifo_str, i32 0, i32 0, [1 x i8]* @p_str263, i32 0, i32 0, [1 x i8]* @p_str264, [1 x i8]* @p_str265, [1 x i8]* @p_str266, i32 2, i32 2, i32 16, i32 16, [1 x i8]* @p_str267, [11 x i8]* @ScalarProp_str)"   --->   Operation 18 'specinterface' <Predicate = true> <Delay = 0.00>
ST_1 : Operation 19 [1/1] (0.00ns)   --->   "call void (...)* @_ssdm_op_SpecInterface(i10* %img_rows_V, [8 x i8]* @ap_fifo_str, i32 0, i32 0, [1 x i8]* @p_str258, i32 0, i32 0, [1 x i8]* @p_str259, [1 x i8]* @p_str260, [1 x i8]* @p_str261, i32 2, i32 2, i32 16, i32 16, [1 x i8]* @p_str262, [11 x i8]* @ScalarProp_str)"   --->   Operation 19 'specinterface' <Predicate = true> <Delay = 0.00>
ST_1 : Operation 20 [1/1] (3.63ns)   --->   "%img_rows_V_read = call i10 @_ssdm_op_Read.ap_fifo.i10P(i10* %img_rows_V)" [C:/Xilinx/Vivado/2019.2/common/technology/autopilot/hls/hls_video_core.h:589->C:/Xilinx/Vivado/2019.2/common/technology/autopilot/hls/hls_video_core.h:717->C:/Xilinx/Vivado/2019.2/common/technology/autopilot/hls/hls_video_io.h:94]   --->   Operation 20 'read' 'img_rows_V_read' <Predicate = true> <Delay = 3.63> <Core = "FIFO">   --->   Core 32 'FIFO' <Latency = 0> <II = 1> <Delay = 3.63> <Storage> <Opcode : 'read' 'write' 'nbread' 'nbwrite'> <Ports = 0> <Width = 11> <Depth = 2> <FIFO>
ST_1 : Operation 21 [1/1] (3.63ns)   --->   "%img_cols_V_read = call i11 @_ssdm_op_Read.ap_fifo.i11P(i11* %img_cols_V)" [C:/Xilinx/Vivado/2019.2/common/technology/autopilot/hls/hls_video_core.h:589->C:/Xilinx/Vivado/2019.2/common/technology/autopilot/hls/hls_video_core.h:717->C:/Xilinx/Vivado/2019.2/common/technology/autopilot/hls/hls_video_io.h:94]   --->   Operation 21 'read' 'img_cols_V_read' <Predicate = true> <Delay = 3.63> <Core = "FIFO">   --->   Core 32 'FIFO' <Latency = 0> <II = 1> <Delay = 3.63> <Storage> <Opcode : 'read' 'write' 'nbread' 'nbwrite'> <Ports = 0> <Width = 11> <Depth = 2> <FIFO>
ST_1 : Operation 22 [1/1] (0.00ns)   --->   "call void (...)* @_ssdm_op_SpecInterface(i10* %img_rows_V_out, [8 x i8]* @ap_fifo_str, i32 0, i32 0, [1 x i8]* @p_str268, i32 0, i32 0, [1 x i8]* @p_str269, [1 x i8]* @p_str270, [1 x i8]* @p_str271, i32 2, i32 2, i32 16, i32 16, [1 x i8]* @p_str272, [11 x i8]* @ScalarProp_str)"   --->   Operation 22 'specinterface' <Predicate = true> <Delay = 0.00>
ST_1 : Operation 23 [1/1] (3.63ns)   --->   "call void @_ssdm_op_Write.ap_fifo.i10P(i10* %img_rows_V_out, i10 %img_rows_V_read)" [C:/Xilinx/Vivado/2019.2/common/technology/autopilot/hls/hls_video_core.h:589->C:/Xilinx/Vivado/2019.2/common/technology/autopilot/hls/hls_video_core.h:717->C:/Xilinx/Vivado/2019.2/common/technology/autopilot/hls/hls_video_io.h:94]   --->   Operation 23 'write' <Predicate = true> <Delay = 3.63> <Core = "FIFO">   --->   Core 32 'FIFO' <Latency = 0> <II = 1> <Delay = 3.63> <Storage> <Opcode : 'read' 'write' 'nbread' 'nbwrite'> <Ports = 0> <Width = 11> <Depth = 2> <FIFO>
ST_1 : Operation 24 [1/1] (0.00ns)   --->   "call void (...)* @_ssdm_op_SpecInterface(i11* %img_cols_V_out, [8 x i8]* @ap_fifo_str, i32 0, i32 0, [1 x i8]* @p_str273, i32 0, i32 0, [1 x i8]* @p_str274, [1 x i8]* @p_str275, [1 x i8]* @p_str276, i32 2, i32 2, i32 16, i32 16, [1 x i8]* @p_str277, [11 x i8]* @ScalarProp_str)"   --->   Operation 24 'specinterface' <Predicate = true> <Delay = 0.00>
ST_1 : Operation 25 [1/1] (3.63ns)   --->   "call void @_ssdm_op_Write.ap_fifo.i11P(i11* %img_cols_V_out, i11 %img_cols_V_read)" [C:/Xilinx/Vivado/2019.2/common/technology/autopilot/hls/hls_video_core.h:589->C:/Xilinx/Vivado/2019.2/common/technology/autopilot/hls/hls_video_core.h:717->C:/Xilinx/Vivado/2019.2/common/technology/autopilot/hls/hls_video_io.h:94]   --->   Operation 25 'write' <Predicate = true> <Delay = 3.63> <Core = "FIFO">   --->   Core 32 'FIFO' <Latency = 0> <II = 1> <Delay = 3.63> <Storage> <Opcode : 'read' 'write' 'nbread' 'nbwrite'> <Ports = 0> <Width = 11> <Depth = 2> <FIFO>
ST_1 : Operation 26 [1/1] (0.00ns)   --->   "call void (...)* @_ssdm_op_SpecInterface(i16* %AXI_video_strm_V_data_V, i2* %AXI_video_strm_V_keep_V, i2* %AXI_video_strm_V_strb_V, i1* %AXI_video_strm_V_user_V, i1* %AXI_video_strm_V_last_V, i1* %AXI_video_strm_V_id_V, i1* %AXI_video_strm_V_dest_V, [5 x i8]* @p_str, i32 1, i32 1, [5 x i8]* @p_str1, i32 0, i32 0, [1 x i8]* @p_str2, [1 x i8]* @p_str2, [1 x i8]* @p_str2, i32 0, i32 0, i32 0, i32 0, [1 x i8]* @p_str2, [1 x i8]* @p_str2) nounwind"   --->   Operation 26 'specinterface' <Predicate = true> <Delay = 0.00>
ST_1 : Operation 27 [1/1] (0.00ns)   --->   "%rows_V = sext i10 %img_rows_V_read to i32" [C:/Xilinx/Vivado/2019.2/common/technology/autopilot/hls/hls_video_io.h:60]   --->   Operation 27 'sext' 'rows_V' <Predicate = true> <Delay = 0.00>
ST_1 : Operation 28 [1/1] (0.00ns)   --->   "%cols_V = sext i11 %img_cols_V_read to i32" [C:/Xilinx/Vivado/2019.2/common/technology/autopilot/hls/hls_video_io.h:61]   --->   Operation 28 'sext' 'cols_V' <Predicate = true> <Delay = 0.00>
ST_1 : Operation 29 [1/1] (0.00ns)   --->   "br label %loop_wait_for_start" [C:/Xilinx/Vivado/2019.2/common/technology/autopilot/hls/hls_video_io.h:63]   --->   Operation 29 'br' <Predicate = true> <Delay = 0.00>

State 2 <SV = 1> <Delay = 0.00>
ST_2 : Operation 30 [1/1] (0.00ns)   --->   "call void (...)* @_ssdm_op_SpecLoopName([20 x i8]* @p_str42) nounwind" [C:/Xilinx/Vivado/2019.2/common/technology/autopilot/hls/hls_video_io.h:65]   --->   Operation 30 'specloopname' <Predicate = true> <Delay = 0.00>
ST_2 : Operation 31 [1/1] (0.00ns)   --->   "%tmp_24_i = call i32 (...)* @_ssdm_op_SpecRegionBegin([20 x i8]* @p_str42)" [C:/Xilinx/Vivado/2019.2/common/technology/autopilot/hls/hls_video_io.h:65]   --->   Operation 31 'specregionbegin' 'tmp_24_i' <Predicate = true> <Delay = 0.00>
ST_2 : Operation 32 [1/1] (0.00ns)   --->   "call void (...)* @_ssdm_op_SpecPipeline(i32 1, i32 1, i32 1, i32 0, [1 x i8]* @p_str2) nounwind" [C:/Xilinx/Vivado/2019.2/common/technology/autopilot/hls/hls_video_io.h:66]   --->   Operation 32 'specpipeline' <Predicate = true> <Delay = 0.00>
ST_2 : Operation 33 [1/1] (0.00ns)   --->   "call void (...)* @_ssdm_op_SpecLoopTripCount(i32 0, i32 0, i32 0, [1 x i8]* @p_str2) nounwind" [C:/Xilinx/Vivado/2019.2/common/technology/autopilot/hls/hls_video_io.h:67]   --->   Operation 33 'speclooptripcount' <Predicate = true> <Delay = 0.00>
ST_2 : Operation 34 [1/1] (0.00ns)   --->   "%empty = call { i16, i2, i2, i1, i1, i1, i1 } @_ssdm_op_Read.axis.volatile.i16P.i2P.i2P.i1P.i1P.i1P.i1P(i16* %AXI_video_strm_V_data_V, i2* %AXI_video_strm_V_keep_V, i2* %AXI_video_strm_V_strb_V, i1* %AXI_video_strm_V_user_V, i1* %AXI_video_strm_V_last_V, i1* %AXI_video_strm_V_id_V, i1* %AXI_video_strm_V_dest_V)" [C:/Xilinx/Vivado/2019.2/common/technology/autopilot/hls/hls_video_io.h:68]   --->   Operation 34 'read' 'empty' <Predicate = true> <Delay = 0.00> <Core = "AXI4Stream">   --->   Core 5 'AXI4Stream' <Latency = 0> <II = 1> <Delay = 1.00> <Adapter> <Opcode : >
ST_2 : Operation 35 [1/1] (0.00ns)   --->   "%tmp_data_V = extractvalue { i16, i2, i2, i1, i1, i1, i1 } %empty, 0" [C:/Xilinx/Vivado/2019.2/common/technology/autopilot/hls/hls_video_io.h:68]   --->   Operation 35 'extractvalue' 'tmp_data_V' <Predicate = true> <Delay = 0.00>
ST_2 : Operation 36 [1/1] (0.00ns)   --->   "%tmp_user_V = extractvalue { i16, i2, i2, i1, i1, i1, i1 } %empty, 3" [C:/Xilinx/Vivado/2019.2/common/technology/autopilot/hls/hls_video_io.h:68]   --->   Operation 36 'extractvalue' 'tmp_user_V' <Predicate = true> <Delay = 0.00>
ST_2 : Operation 37 [1/1] (0.00ns)   --->   "%tmp_last_V = extractvalue { i16, i2, i2, i1, i1, i1, i1 } %empty, 4" [C:/Xilinx/Vivado/2019.2/common/technology/autopilot/hls/hls_video_io.h:68]   --->   Operation 37 'extractvalue' 'tmp_last_V' <Predicate = true> <Delay = 0.00>
ST_2 : Operation 38 [1/1] (0.00ns)   --->   "%empty_51 = call i32 (...)* @_ssdm_op_SpecRegionEnd([20 x i8]* @p_str42, i32 %tmp_24_i)" [C:/Xilinx/Vivado/2019.2/common/technology/autopilot/hls/hls_video_io.h:70]   --->   Operation 38 'specregionend' 'empty_51' <Predicate = true> <Delay = 0.00>
ST_2 : Operation 39 [1/1] (0.00ns)   --->   "br i1 %tmp_user_V, label %.preheader232.i.preheader, label %loop_wait_for_start" [C:/Xilinx/Vivado/2019.2/common/technology/autopilot/hls/hls_video_io.h:65]   --->   Operation 39 'br' <Predicate = true> <Delay = 0.00>

State 3 <SV = 2> <Delay = 1.76>
ST_3 : Operation 40 [1/1] (0.00ns)   --->   "%sof_1_i = alloca i1"   --->   Operation 40 'alloca' 'sof_1_i' <Predicate = true> <Delay = 0.00>
ST_3 : Operation 41 [1/1] (1.76ns)   --->   "store i1 true, i1* %sof_1_i" [C:/Xilinx/Vivado/2019.2/common/technology/autopilot/hls/hls_video_io.h:71]   --->   Operation 41 'store' <Predicate = true> <Delay = 1.76>
ST_3 : Operation 42 [1/1] (1.76ns)   --->   "br label %.preheader232.i" [C:/Xilinx/Vivado/2019.2/common/technology/autopilot/hls/hls_video_io.h:71]   --->   Operation 42 'br' <Predicate = true> <Delay = 1.76>

State 4 <SV = 3> <Delay = 3.45>
ST_4 : Operation 43 [1/1] (0.00ns)   --->   "%axi_last_V_0_i = phi i1 [ %axi_last_V_3_i, %loop_height_end ], [ %tmp_last_V, %.preheader232.i.preheader ]"   --->   Operation 43 'phi' 'axi_last_V_0_i' <Predicate = true> <Delay = 0.00>
ST_4 : Operation 44 [1/1] (0.00ns)   --->   "%axi_data_V_0_i = phi i16 [ %axi_data_V_3_i, %loop_height_end ], [ %tmp_data_V, %.preheader232.i.preheader ]"   --->   Operation 44 'phi' 'axi_data_V_0_i' <Predicate = true> <Delay = 0.00>
ST_4 : Operation 45 [1/1] (0.00ns)   --->   "%t_V = phi i32 [ %i_V, %loop_height_end ], [ 0, %.preheader232.i.preheader ]"   --->   Operation 45 'phi' 't_V' <Predicate = true> <Delay = 0.00>
ST_4 : Operation 46 [1/1] (2.47ns)   --->   "%icmp_ln71 = icmp eq i32 %t_V, %rows_V" [C:/Xilinx/Vivado/2019.2/common/technology/autopilot/hls/hls_video_io.h:71]   --->   Operation 46 'icmp' 'icmp_ln71' <Predicate = true> <Delay = 2.47> <Core = "Cmp">   --->   Core 25 'Cmp' <Latency = 0> <II = 1> <Delay = 2.47> <FuncUnit> <Opcode : 'icmp'> <InPorts = 2> <OutPorts = 1>
ST_4 : Operation 47 [1/1] (0.00ns)   --->   "call void (...)* @_ssdm_op_SpecLoopTripCount(i64 0, i64 480, i64 0)"   --->   Operation 47 'speclooptripcount' <Predicate = true> <Delay = 0.00>
ST_4 : Operation 48 [1/1] (2.55ns)   --->   "%i_V = add i32 %t_V, 1" [C:/Xilinx/Vivado/2019.2/common/technology/autopilot/hls/hls_video_io.h:71]   --->   Operation 48 'add' 'i_V' <Predicate = true> <Delay = 2.55> <Core = "AddSub">   --->   Core 14 'AddSub' <Latency = 0> <II = 1> <Delay = 2.55> <FuncUnit> <Opcode : 'add' 'sub'> <InPorts = 2> <OutPorts = 1>
ST_4 : Operation 49 [1/1] (0.00ns)   --->   "br i1 %icmp_ln71, label %.exit, label %loop_height_begin" [C:/Xilinx/Vivado/2019.2/common/technology/autopilot/hls/hls_video_io.h:71]   --->   Operation 49 'br' <Predicate = true> <Delay = 0.00>
ST_4 : Operation 50 [1/1] (0.00ns)   --->   "call void (...)* @_ssdm_op_SpecLoopName([12 x i8]* @p_str8) nounwind" [C:/Xilinx/Vivado/2019.2/common/technology/autopilot/hls/hls_video_io.h:71]   --->   Operation 50 'specloopname' <Predicate = (!icmp_ln71)> <Delay = 0.00>
ST_4 : Operation 51 [1/1] (0.00ns)   --->   "%tmp_25_i = call i32 (...)* @_ssdm_op_SpecRegionBegin([12 x i8]* @p_str8)" [C:/Xilinx/Vivado/2019.2/common/technology/autopilot/hls/hls_video_io.h:71]   --->   Operation 51 'specregionbegin' 'tmp_25_i' <Predicate = (!icmp_ln71)> <Delay = 0.00>
ST_4 : Operation 52 [1/1] (1.76ns)   --->   "br label %0" [C:/Xilinx/Vivado/2019.2/common/technology/autopilot/hls/hls_video_io.h:73]   --->   Operation 52 'br' <Predicate = (!icmp_ln71)> <Delay = 1.76>
ST_4 : Operation 53 [1/1] (0.00ns)   --->   "ret void"   --->   Operation 53 'ret' <Predicate = (icmp_ln71)> <Delay = 0.00>

State 5 <SV = 4> <Delay = 2.74>
ST_5 : Operation 54 [1/1] (0.00ns)   --->   "%eol = phi i1 [ %axi_last_V_0_i, %loop_height_begin ], [ %axi_last_V_2_i, %hls_label_0 ]" [C:/Xilinx/Vivado/2019.2/common/technology/autopilot/hls/hls_video_io.h:100]   --->   Operation 54 'phi' 'eol' <Predicate = true> <Delay = 0.00>
ST_5 : Operation 55 [1/1] (0.00ns)   --->   "%axi_data_V_1_i = phi i16 [ %axi_data_V_0_i, %loop_height_begin ], [ %p_Val2_s, %hls_label_0 ]"   --->   Operation 55 'phi' 'axi_data_V_1_i' <Predicate = true> <Delay = 0.00>
ST_5 : Operation 56 [1/1] (0.00ns)   --->   "%t_V_4 = phi i32 [ 0, %loop_height_begin ], [ %j_V, %hls_label_0 ]"   --->   Operation 56 'phi' 't_V_4' <Predicate = true> <Delay = 0.00>
ST_5 : Operation 57 [1/1] (0.00ns)   --->   "%eol_0_i = phi i1 [ false, %loop_height_begin ], [ %axi_last_V_2_i, %hls_label_0 ]" [C:/Xilinx/Vivado/2019.2/common/technology/autopilot/hls/hls_video_io.h:81]   --->   Operation 57 'phi' 'eol_0_i' <Predicate = true> <Delay = 0.00>
ST_5 : Operation 58 [1/1] (2.47ns)   --->   "%icmp_ln73 = icmp eq i32 %t_V_4, %cols_V" [C:/Xilinx/Vivado/2019.2/common/technology/autopilot/hls/hls_video_io.h:73]   --->   Operation 58 'icmp' 'icmp_ln73' <Predicate = true> <Delay = 2.47> <Core = "Cmp">   --->   Core 25 'Cmp' <Latency = 0> <II = 1> <Delay = 2.47> <FuncUnit> <Opcode : 'icmp'> <InPorts = 2> <OutPorts = 1>
ST_5 : Operation 59 [1/1] (0.00ns)   --->   "call void (...)* @_ssdm_op_SpecLoopTripCount(i64 0, i64 640, i64 0)"   --->   Operation 59 'speclooptripcount' <Predicate = true> <Delay = 0.00>
ST_5 : Operation 60 [1/1] (2.55ns)   --->   "%j_V = add i32 %t_V_4, 1" [C:/Xilinx/Vivado/2019.2/common/technology/autopilot/hls/hls_video_io.h:73]   --->   Operation 60 'add' 'j_V' <Predicate = true> <Delay = 2.55> <Core = "AddSub">   --->   Core 14 'AddSub' <Latency = 0> <II = 1> <Delay = 2.55> <FuncUnit> <Opcode : 'add' 'sub'> <InPorts = 2> <OutPorts = 1>
ST_5 : Operation 61 [1/1] (0.00ns)   --->   "br i1 %icmp_ln73, label %.preheader.i.preheader, label %loop_width_begin" [C:/Xilinx/Vivado/2019.2/common/technology/autopilot/hls/hls_video_io.h:73]   --->   Operation 61 'br' <Predicate = true> <Delay = 0.00>
ST_5 : Operation 62 [1/1] (0.00ns)   --->   "%sof_1_i_load = load i1* %sof_1_i" [C:/Xilinx/Vivado/2019.2/common/technology/autopilot/hls/hls_video_io.h:76]   --->   Operation 62 'load' 'sof_1_i_load' <Predicate = (!icmp_ln73)> <Delay = 0.00>
ST_5 : Operation 63 [1/1] (0.97ns)   --->   "%or_ln76 = or i1 %sof_1_i_load, %eol_0_i" [C:/Xilinx/Vivado/2019.2/common/technology/autopilot/hls/hls_video_io.h:76]   --->   Operation 63 'or' 'or_ln76' <Predicate = (!icmp_ln73)> <Delay = 0.97> <Core = "LogicGate">   --->   Core 27 'LogicGate' <Latency = 0> <II = 1> <Delay = 0.97> <FuncUnit> <Opcode : 'and' 'or' 'xor'> <InPorts = 2> <OutPorts = 1>
ST_5 : Operation 64 [1/1] (1.76ns)   --->   "br i1 %or_ln76, label %hls_label_0, label %1" [C:/Xilinx/Vivado/2019.2/common/technology/autopilot/hls/hls_video_io.h:76]   --->   Operation 64 'br' <Predicate = (!icmp_ln73)> <Delay = 1.76>
ST_5 : Operation 65 [1/1] (0.00ns)   --->   "%empty_52 = call { i16, i2, i2, i1, i1, i1, i1 } @_ssdm_op_Read.axis.volatile.i16P.i2P.i2P.i1P.i1P.i1P.i1P(i16* %AXI_video_strm_V_data_V, i2* %AXI_video_strm_V_keep_V, i2* %AXI_video_strm_V_strb_V, i1* %AXI_video_strm_V_user_V, i1* %AXI_video_strm_V_last_V, i1* %AXI_video_strm_V_id_V, i1* %AXI_video_strm_V_dest_V)" [C:/Xilinx/Vivado/2019.2/common/technology/autopilot/hls/hls_video_io.h:81]   --->   Operation 65 'read' 'empty_52' <Predicate = (!icmp_ln73 & !or_ln76)> <Delay = 0.00> <Core = "AXI4Stream">   --->   Core 5 'AXI4Stream' <Latency = 0> <II = 1> <Delay = 1.00> <Adapter> <Opcode : >
ST_5 : Operation 66 [1/1] (0.00ns)   --->   "%tmp_data_V_1 = extractvalue { i16, i2, i2, i1, i1, i1, i1 } %empty_52, 0" [C:/Xilinx/Vivado/2019.2/common/technology/autopilot/hls/hls_video_io.h:81]   --->   Operation 66 'extractvalue' 'tmp_data_V_1' <Predicate = (!icmp_ln73 & !or_ln76)> <Delay = 0.00>
ST_5 : Operation 67 [1/1] (0.00ns)   --->   "%tmp_last_V_1 = extractvalue { i16, i2, i2, i1, i1, i1, i1 } %empty_52, 4" [C:/Xilinx/Vivado/2019.2/common/technology/autopilot/hls/hls_video_io.h:81]   --->   Operation 67 'extractvalue' 'tmp_last_V_1' <Predicate = (!icmp_ln73 & !or_ln76)> <Delay = 0.00>
ST_5 : Operation 68 [1/1] (1.76ns)   --->   "br label %hls_label_0"   --->   Operation 68 'br' <Predicate = (!icmp_ln73 & !or_ln76)> <Delay = 1.76>
ST_5 : Operation 69 [1/1] (0.00ns)   --->   "%axi_last_V_2_i = phi i1 [ %tmp_last_V_1, %1 ], [ %eol, %loop_width_begin ]"   --->   Operation 69 'phi' 'axi_last_V_2_i' <Predicate = (!icmp_ln73)> <Delay = 0.00>
ST_5 : Operation 70 [1/1] (0.00ns)   --->   "%p_Val2_s = phi i16 [ %tmp_data_V_1, %1 ], [ %axi_data_V_1_i, %loop_width_begin ]"   --->   Operation 70 'phi' 'p_Val2_s' <Predicate = (!icmp_ln73)> <Delay = 0.00>
ST_5 : Operation 71 [1/1] (0.00ns)   --->   "%tmp = trunc i16 %p_Val2_s to i8" [C:/Xilinx/Vivado/2019.2/common/technology/autopilot/hls/hls_axi_io.h:49->C:/Xilinx/Vivado/2019.2/common/technology/autopilot/hls/hls_axi_io.h:71->C:/Xilinx/Vivado/2019.2/common/technology/autopilot/hls/hls_video_io.h:92]   --->   Operation 71 'trunc' 'tmp' <Predicate = (!icmp_ln73)> <Delay = 0.00>
ST_5 : Operation 72 [1/1] (1.76ns)   --->   "store i1 false, i1* %sof_1_i" [C:/Xilinx/Vivado/2019.2/common/technology/autopilot/hls/hls_video_io.h:73]   --->   Operation 72 'store' <Predicate = (!icmp_ln73)> <Delay = 1.76>

State 6 <SV = 5> <Delay = 3.63>
ST_6 : Operation 73 [1/1] (0.00ns)   --->   "call void (...)* @_ssdm_op_SpecLoopName([11 x i8]* @p_str9) nounwind" [C:/Xilinx/Vivado/2019.2/common/technology/autopilot/hls/hls_video_io.h:73]   --->   Operation 73 'specloopname' <Predicate = (!icmp_ln73)> <Delay = 0.00>
ST_6 : Operation 74 [1/1] (0.00ns)   --->   "%tmp_26_i = call i32 (...)* @_ssdm_op_SpecRegionBegin([11 x i8]* @p_str9)" [C:/Xilinx/Vivado/2019.2/common/technology/autopilot/hls/hls_video_io.h:73]   --->   Operation 74 'specregionbegin' 'tmp_26_i' <Predicate = (!icmp_ln73)> <Delay = 0.00>
ST_6 : Operation 75 [1/1] (0.00ns)   --->   "call void (...)* @_ssdm_op_SpecPipeline(i32 1, i32 1, i32 1, i32 0, [1 x i8]* @p_str2) nounwind" [C:/Xilinx/Vivado/2019.2/common/technology/autopilot/hls/hls_video_io.h:75]   --->   Operation 75 'specpipeline' <Predicate = (!icmp_ln73)> <Delay = 0.00>
ST_6 : Operation 76 [1/1] (0.00ns)   --->   "call void (...)* @_ssdm_op_SpecLoopName([14 x i8]* @p_str10) nounwind" [C:/Xilinx/Vivado/2019.2/common/technology/autopilot/hls/hls_video_io.h:91]   --->   Operation 76 'specloopname' <Predicate = (!icmp_ln73)> <Delay = 0.00>
ST_6 : Operation 77 [1/1] (0.00ns)   --->   "%tmp_28_i = call i32 (...)* @_ssdm_op_SpecRegionBegin([12 x i8]* @p_str17)" [C:/Xilinx/Vivado/2019.2/common/technology/autopilot/hls/hls_video_core.h:696->C:/Xilinx/Vivado/2019.2/common/technology/autopilot/hls/hls_video_core.h:717->C:/Xilinx/Vivado/2019.2/common/technology/autopilot/hls/hls_video_io.h:94]   --->   Operation 77 'specregionbegin' 'tmp_28_i' <Predicate = (!icmp_ln73)> <Delay = 0.00>
ST_6 : Operation 78 [1/1] (0.00ns)   --->   "call void (...)* @_ssdm_op_SpecProtocol(i32 0, [1 x i8]* @p_str2) nounwind" [C:/Xilinx/Vivado/2019.2/common/technology/autopilot/hls/hls_video_core.h:700->C:/Xilinx/Vivado/2019.2/common/technology/autopilot/hls/hls_video_core.h:717->C:/Xilinx/Vivado/2019.2/common/technology/autopilot/hls/hls_video_io.h:94]   --->   Operation 78 'specprotocol' <Predicate = (!icmp_ln73)> <Delay = 0.00>
ST_6 : Operation 79 [1/1] (3.63ns)   --->   "call void @_ssdm_op_Write.ap_fifo.volatile.i8P(i8* %img_data_stream_V, i8 %tmp)" [C:/Xilinx/Vivado/2019.2/common/technology/autopilot/hls/hls_video_core.h:703->C:/Xilinx/Vivado/2019.2/common/technology/autopilot/hls/hls_video_core.h:717->C:/Xilinx/Vivado/2019.2/common/technology/autopilot/hls/hls_video_io.h:94]   --->   Operation 79 'write' <Predicate = (!icmp_ln73)> <Delay = 3.63> <Core = "FIFO">   --->   Core 32 'FIFO' <Latency = 0> <II = 1> <Delay = 3.63> <Storage> <Opcode : 'read' 'write' 'nbread' 'nbwrite'> <Ports = 0> <Width = 11> <Depth = 2> <FIFO>
ST_6 : Operation 80 [1/1] (0.00ns)   --->   "%empty_53 = call i32 (...)* @_ssdm_op_SpecRegionEnd([12 x i8]* @p_str17, i32 %tmp_28_i)" [C:/Xilinx/Vivado/2019.2/common/technology/autopilot/hls/hls_video_core.h:705->C:/Xilinx/Vivado/2019.2/common/technology/autopilot/hls/hls_video_core.h:717->C:/Xilinx/Vivado/2019.2/common/technology/autopilot/hls/hls_video_io.h:94]   --->   Operation 80 'specregionend' 'empty_53' <Predicate = (!icmp_ln73)> <Delay = 0.00>
ST_6 : Operation 81 [1/1] (0.00ns)   --->   "%empty_54 = call i32 (...)* @_ssdm_op_SpecRegionEnd([11 x i8]* @p_str9, i32 %tmp_26_i)" [C:/Xilinx/Vivado/2019.2/common/technology/autopilot/hls/hls_video_io.h:95]   --->   Operation 81 'specregionend' 'empty_54' <Predicate = (!icmp_ln73)> <Delay = 0.00>
ST_6 : Operation 82 [1/1] (0.00ns)   --->   "br label %0" [C:/Xilinx/Vivado/2019.2/common/technology/autopilot/hls/hls_video_io.h:73]   --->   Operation 82 'br' <Predicate = (!icmp_ln73)> <Delay = 0.00>

State 7 <SV = 5> <Delay = 1.76>
ST_7 : Operation 83 [1/1] (1.76ns)   --->   "br label %.preheader.i" [C:/Xilinx/Vivado/2019.2/common/technology/autopilot/hls/hls_video_io.h:96]   --->   Operation 83 'br' <Predicate = true> <Delay = 1.76>

State 8 <SV = 6> <Delay = 0.00>
ST_8 : Operation 84 [1/1] (0.00ns)   --->   "%axi_last_V_3_i = phi i1 [ %tmp_last_V_2, %loop_wait_for_eol ], [ %eol, %.preheader.i.preheader ]"   --->   Operation 84 'phi' 'axi_last_V_3_i' <Predicate = true> <Delay = 0.00>
ST_8 : Operation 85 [1/1] (0.00ns)   --->   "%axi_data_V_3_i = phi i16 [ %tmp_data_V_2, %loop_wait_for_eol ], [ %axi_data_V_1_i, %.preheader.i.preheader ]"   --->   Operation 85 'phi' 'axi_data_V_3_i' <Predicate = true> <Delay = 0.00>
ST_8 : Operation 86 [1/1] (0.00ns)   --->   "%eol_2_i = phi i1 [ %tmp_last_V_2, %loop_wait_for_eol ], [ %eol_0_i, %.preheader.i.preheader ]"   --->   Operation 86 'phi' 'eol_2_i' <Predicate = true> <Delay = 0.00>
ST_8 : Operation 87 [1/1] (0.00ns)   --->   "br i1 %eol_2_i, label %loop_height_end, label %loop_wait_for_eol" [C:/Xilinx/Vivado/2019.2/common/technology/autopilot/hls/hls_video_io.h:96]   --->   Operation 87 'br' <Predicate = true> <Delay = 0.00>
ST_8 : Operation 88 [1/1] (0.00ns)   --->   "call void (...)* @_ssdm_op_SpecLoopName([18 x i8]* @p_str43) nounwind" [C:/Xilinx/Vivado/2019.2/common/technology/autopilot/hls/hls_video_io.h:96]   --->   Operation 88 'specloopname' <Predicate = (!eol_2_i)> <Delay = 0.00>
ST_8 : Operation 89 [1/1] (0.00ns)   --->   "%tmp_27_i = call i32 (...)* @_ssdm_op_SpecRegionBegin([18 x i8]* @p_str43)" [C:/Xilinx/Vivado/2019.2/common/technology/autopilot/hls/hls_video_io.h:96]   --->   Operation 89 'specregionbegin' 'tmp_27_i' <Predicate = (!eol_2_i)> <Delay = 0.00>
ST_8 : Operation 90 [1/1] (0.00ns)   --->   "call void (...)* @_ssdm_op_SpecPipeline(i32 1, i32 1, i32 1, i32 0, [1 x i8]* @p_str2) nounwind" [C:/Xilinx/Vivado/2019.2/common/technology/autopilot/hls/hls_video_io.h:97]   --->   Operation 90 'specpipeline' <Predicate = (!eol_2_i)> <Delay = 0.00>
ST_8 : Operation 91 [1/1] (0.00ns)   --->   "call void (...)* @_ssdm_op_SpecLoopTripCount(i32 0, i32 0, i32 0, [1 x i8]* @p_str2) nounwind" [C:/Xilinx/Vivado/2019.2/common/technology/autopilot/hls/hls_video_io.h:98]   --->   Operation 91 'speclooptripcount' <Predicate = (!eol_2_i)> <Delay = 0.00>
ST_8 : Operation 92 [1/1] (0.00ns)   --->   "%empty_55 = call { i16, i2, i2, i1, i1, i1, i1 } @_ssdm_op_Read.axis.volatile.i16P.i2P.i2P.i1P.i1P.i1P.i1P(i16* %AXI_video_strm_V_data_V, i2* %AXI_video_strm_V_keep_V, i2* %AXI_video_strm_V_strb_V, i1* %AXI_video_strm_V_user_V, i1* %AXI_video_strm_V_last_V, i1* %AXI_video_strm_V_id_V, i1* %AXI_video_strm_V_dest_V)" [C:/Xilinx/Vivado/2019.2/common/technology/autopilot/hls/hls_video_io.h:100]   --->   Operation 92 'read' 'empty_55' <Predicate = (!eol_2_i)> <Delay = 0.00> <Core = "AXI4Stream">   --->   Core 5 'AXI4Stream' <Latency = 0> <II = 1> <Delay = 1.00> <Adapter> <Opcode : >
ST_8 : Operation 93 [1/1] (0.00ns)   --->   "%tmp_data_V_2 = extractvalue { i16, i2, i2, i1, i1, i1, i1 } %empty_55, 0" [C:/Xilinx/Vivado/2019.2/common/technology/autopilot/hls/hls_video_io.h:100]   --->   Operation 93 'extractvalue' 'tmp_data_V_2' <Predicate = (!eol_2_i)> <Delay = 0.00>
ST_8 : Operation 94 [1/1] (0.00ns)   --->   "%tmp_last_V_2 = extractvalue { i16, i2, i2, i1, i1, i1, i1 } %empty_55, 4" [C:/Xilinx/Vivado/2019.2/common/technology/autopilot/hls/hls_video_io.h:100]   --->   Operation 94 'extractvalue' 'tmp_last_V_2' <Predicate = (!eol_2_i)> <Delay = 0.00>
ST_8 : Operation 95 [1/1] (0.00ns)   --->   "%empty_56 = call i32 (...)* @_ssdm_op_SpecRegionEnd([18 x i8]* @p_str43, i32 %tmp_27_i)" [C:/Xilinx/Vivado/2019.2/common/technology/autopilot/hls/hls_video_io.h:103]   --->   Operation 95 'specregionend' 'empty_56' <Predicate = (!eol_2_i)> <Delay = 0.00>
ST_8 : Operation 96 [1/1] (0.00ns)   --->   "br label %.preheader.i" [C:/Xilinx/Vivado/2019.2/common/technology/autopilot/hls/hls_video_io.h:103]   --->   Operation 96 'br' <Predicate = (!eol_2_i)> <Delay = 0.00>

State 9 <SV = 7> <Delay = 0.00>
ST_9 : Operation 97 [1/1] (0.00ns)   --->   "%empty_57 = call i32 (...)* @_ssdm_op_SpecRegionEnd([12 x i8]* @p_str8, i32 %tmp_25_i)" [C:/Xilinx/Vivado/2019.2/common/technology/autopilot/hls/hls_video_io.h:104]   --->   Operation 97 'specregionend' 'empty_57' <Predicate = true> <Delay = 0.00>
ST_9 : Operation 98 [1/1] (0.00ns)   --->   "br label %.preheader232.i" [C:/Xilinx/Vivado/2019.2/common/technology/autopilot/hls/hls_video_io.h:71]   --->   Operation 98 'br' <Predicate = true> <Delay = 0.00>


============================================================
+ Verbose Summary: Binding
============================================================
STG Binding: 
---------------- STG Properties BEGIN ----------------
- Is combinational: 0
- Is one-state seq: 0
- Is datapath-only: 0
- Is pipelined: 0
- Is top level: 0
Port [ Return ] is wired: 1; IO mode=ap_ctrl_hs:ce=0
Port [ AXI_video_strm_V_data_V]:  wired=1; compound=1; hidden=0; nouse=0; global=0; static=0; extern=0; dir=0; type=0; pingpong=0; private_global=0; IO mode=axis:ce=0
Port [ AXI_video_strm_V_keep_V]:  wired=1; compound=1; hidden=0; nouse=0; global=0; static=0; extern=0; dir=0; type=0; pingpong=0; private_global=0; IO mode=axis:ce=0
Port [ AXI_video_strm_V_strb_V]:  wired=1; compound=1; hidden=0; nouse=0; global=0; static=0; extern=0; dir=0; type=0; pingpong=0; private_global=0; IO mode=axis:ce=0
Port [ AXI_video_strm_V_user_V]:  wired=1; compound=1; hidden=0; nouse=0; global=0; static=0; extern=0; dir=0; type=0; pingpong=0; private_global=0; IO mode=axis:ce=0
Port [ AXI_video_strm_V_last_V]:  wired=1; compound=1; hidden=0; nouse=0; global=0; static=0; extern=0; dir=0; type=0; pingpong=0; private_global=0; IO mode=axis:ce=0
Port [ AXI_video_strm_V_id_V]:  wired=1; compound=1; hidden=0; nouse=0; global=0; static=0; extern=0; dir=0; type=0; pingpong=0; private_global=0; IO mode=axis:ce=0
Port [ AXI_video_strm_V_dest_V]:  wired=1; compound=1; hidden=0; nouse=0; global=0; static=0; extern=0; dir=0; type=0; pingpong=0; private_global=0; IO mode=axis:ce=0
Port [ img_rows_V]:  wired=1; compound=1; hidden=0; nouse=0; global=0; static=0; extern=0; dir=0; type=3; pingpong=0; private_global=0; IO mode=ap_fifo:ce=0
Port [ img_cols_V]:  wired=1; compound=1; hidden=0; nouse=0; global=0; static=0; extern=0; dir=0; type=3; pingpong=0; private_global=0; IO mode=ap_fifo:ce=0
Port [ img_data_stream_V]:  wired=1; compound=1; hidden=0; nouse=0; global=0; static=0; extern=0; dir=1; type=3; pingpong=0; private_global=0; IO mode=ap_fifo:ce=0
Port [ img_rows_V_out]:  wired=1; compound=1; hidden=0; nouse=0; global=0; static=0; extern=0; dir=1; type=3; pingpong=0; private_global=0; IO mode=ap_fifo:ce=0
Port [ img_cols_V_out]:  wired=1; compound=1; hidden=0; nouse=0; global=0; static=0; extern=0; dir=1; type=3; pingpong=0; private_global=0; IO mode=ap_fifo:ce=0
---------------- STG Properties END ------------------

---------------- Datapath Model BEGIN ----------------

<LifeTime>
<method=bitvector/>
specinterface_ln0      (specinterface    ) [ 0000000000]
specinterface_ln0      (specinterface    ) [ 0000000000]
specinterface_ln0      (specinterface    ) [ 0000000000]
specinterface_ln0      (specinterface    ) [ 0000000000]
specinterface_ln0      (specinterface    ) [ 0000000000]
specinterface_ln0      (specinterface    ) [ 0000000000]
specinterface_ln0      (specinterface    ) [ 0000000000]
specinterface_ln0      (specinterface    ) [ 0000000000]
specinterface_ln0      (specinterface    ) [ 0000000000]
specinterface_ln0      (specinterface    ) [ 0000000000]
img_rows_V_read        (read             ) [ 0000000000]
img_cols_V_read        (read             ) [ 0000000000]
specinterface_ln0      (specinterface    ) [ 0000000000]
write_ln589            (write            ) [ 0000000000]
specinterface_ln0      (specinterface    ) [ 0000000000]
write_ln589            (write            ) [ 0000000000]
specinterface_ln0      (specinterface    ) [ 0000000000]
rows_V                 (sext             ) [ 0011111111]
cols_V                 (sext             ) [ 0011111111]
br_ln63                (br               ) [ 0000000000]
specloopname_ln65      (specloopname     ) [ 0000000000]
tmp_24_i               (specregionbegin  ) [ 0000000000]
specpipeline_ln66      (specpipeline     ) [ 0000000000]
speclooptripcount_ln67 (speclooptripcount) [ 0000000000]
empty                  (read             ) [ 0000000000]
tmp_data_V             (extractvalue     ) [ 0001111111]
tmp_user_V             (extractvalue     ) [ 0010000000]
tmp_last_V             (extractvalue     ) [ 0001111111]
empty_51               (specregionend    ) [ 0000000000]
br_ln65                (br               ) [ 0000000000]
sof_1_i                (alloca           ) [ 0001111111]
store_ln71             (store            ) [ 0000000000]
br_ln71                (br               ) [ 0001111111]
axi_last_V_0_i         (phi              ) [ 0000111000]
axi_data_V_0_i         (phi              ) [ 0000111000]
t_V                    (phi              ) [ 0000100000]
icmp_ln71              (icmp             ) [ 0000111111]
speclooptripcount_ln0  (speclooptripcount) [ 0000000000]
i_V                    (add              ) [ 0001111111]
br_ln71                (br               ) [ 0000000000]
specloopname_ln71      (specloopname     ) [ 0000000000]
tmp_25_i               (specregionbegin  ) [ 0000011111]
br_ln73                (br               ) [ 0000111111]
ret_ln0                (ret              ) [ 0000000000]
eol                    (phi              ) [ 0000010110]
axi_data_V_1_i         (phi              ) [ 0000010110]
t_V_4                  (phi              ) [ 0000010000]
eol_0_i                (phi              ) [ 0000010110]
icmp_ln73              (icmp             ) [ 0000111111]
speclooptripcount_ln0  (speclooptripcount) [ 0000000000]
j_V                    (add              ) [ 0000111111]
br_ln73                (br               ) [ 0000000000]
sof_1_i_load           (load             ) [ 0000000000]
or_ln76                (or               ) [ 0000111111]
br_ln76                (br               ) [ 0000000000]
empty_52               (read             ) [ 0000000000]
tmp_data_V_1           (extractvalue     ) [ 0000000000]
tmp_last_V_1           (extractvalue     ) [ 0000000000]
br_ln0                 (br               ) [ 0000000000]
axi_last_V_2_i         (phi              ) [ 0000111111]
p_Val2_s               (phi              ) [ 0000111111]
tmp                    (trunc            ) [ 0000011000]
store_ln73             (store            ) [ 0000000000]
specloopname_ln73      (specloopname     ) [ 0000000000]
tmp_26_i               (specregionbegin  ) [ 0000000000]
specpipeline_ln75      (specpipeline     ) [ 0000000000]
specloopname_ln91      (specloopname     ) [ 0000000000]
tmp_28_i               (specregionbegin  ) [ 0000000000]
specprotocol_ln700     (specprotocol     ) [ 0000000000]
write_ln703            (write            ) [ 0000000000]
empty_53               (specregionend    ) [ 0000000000]
empty_54               (specregionend    ) [ 0000000000]
br_ln73                (br               ) [ 0000111111]
br_ln96                (br               ) [ 0000111111]
axi_last_V_3_i         (phi              ) [ 0001100011]
axi_data_V_3_i         (phi              ) [ 0001100011]
eol_2_i                (phi              ) [ 0000000010]
br_ln96                (br               ) [ 0000000000]
specloopname_ln96      (specloopname     ) [ 0000000000]
tmp_27_i               (specregionbegin  ) [ 0000000000]
specpipeline_ln97      (specpipeline     ) [ 0000000000]
speclooptripcount_ln98 (speclooptripcount) [ 0000000000]
empty_55               (read             ) [ 0000000000]
tmp_data_V_2           (extractvalue     ) [ 0000111111]
tmp_last_V_2           (extractvalue     ) [ 0000111111]
empty_56               (specregionend    ) [ 0000000000]
br_ln103               (br               ) [ 0000111111]
empty_57               (specregionend    ) [ 0000000000]
br_ln71                (br               ) [ 0001111111]
</LifeTime>

<model>

<comp_list>
<comp id="0" class="1000" name="AXI_video_strm_V_data_V">
<pin_list>
<pin id="1" dir="1" index="0" bw="1" slack="0"/>
</pin_list>
<bind>
<StgValue><ssdm name="AXI_video_strm_V_data_V"/></StgValue>
</bind>
</comp>

<comp id="2" class="1000" name="AXI_video_strm_V_keep_V">
<pin_list>
<pin id="3" dir="1" index="0" bw="1" slack="0"/>
</pin_list>
<bind>
<StgValue><ssdm name="AXI_video_strm_V_keep_V"/></StgValue>
</bind>
</comp>

<comp id="4" class="1000" name="AXI_video_strm_V_strb_V">
<pin_list>
<pin id="5" dir="1" index="0" bw="1" slack="0"/>
</pin_list>
<bind>
<StgValue><ssdm name="AXI_video_strm_V_strb_V"/></StgValue>
</bind>
</comp>

<comp id="6" class="1000" name="AXI_video_strm_V_user_V">
<pin_list>
<pin id="7" dir="1" index="0" bw="1" slack="0"/>
</pin_list>
<bind>
<StgValue><ssdm name="AXI_video_strm_V_user_V"/></StgValue>
</bind>
</comp>

<comp id="8" class="1000" name="AXI_video_strm_V_last_V">
<pin_list>
<pin id="9" dir="1" index="0" bw="1" slack="0"/>
</pin_list>
<bind>
<StgValue><ssdm name="AXI_video_strm_V_last_V"/></StgValue>
</bind>
</comp>

<comp id="10" class="1000" name="AXI_video_strm_V_id_V">
<pin_list>
<pin id="11" dir="1" index="0" bw="1" slack="0"/>
</pin_list>
<bind>
<StgValue><ssdm name="AXI_video_strm_V_id_V"/></StgValue>
</bind>
</comp>

<comp id="12" class="1000" name="AXI_video_strm_V_dest_V">
<pin_list>
<pin id="13" dir="1" index="0" bw="1" slack="0"/>
</pin_list>
<bind>
<StgValue><ssdm name="AXI_video_strm_V_dest_V"/></StgValue>
</bind>
</comp>

<comp id="14" class="1000" name="img_rows_V">
<pin_list>
<pin id="15" dir="1" index="0" bw="1" slack="0"/>
</pin_list>
<bind>
<StgValue><ssdm name="img_rows_V"/></StgValue>
</bind>
</comp>

<comp id="16" class="1000" name="img_cols_V">
<pin_list>
<pin id="17" dir="1" index="0" bw="1" slack="0"/>
</pin_list>
<bind>
<StgValue><ssdm name="img_cols_V"/></StgValue>
</bind>
</comp>

<comp id="18" class="1000" name="img_data_stream_V">
<pin_list>
<pin id="19" dir="1" index="0" bw="1" slack="0"/>
</pin_list>
<bind>
<StgValue><ssdm name="img_data_stream_V"/></StgValue>
</bind>
</comp>

<comp id="20" class="1000" name="img_rows_V_out">
<pin_list>
<pin id="21" dir="1" index="0" bw="1" slack="0"/>
</pin_list>
<bind>
<StgValue><ssdm name="img_rows_V_out"/></StgValue>
</bind>
</comp>

<comp id="22" class="1000" name="img_cols_V_out">
<pin_list>
<pin id="23" dir="1" index="0" bw="1" slack="0"/>
</pin_list>
<bind>
<StgValue><ssdm name="img_cols_V_out"/></StgValue>
</bind>
</comp>

<comp id="24" class="1001" name="const_24">
<pin_list>
<pin id="25" dir="1" index="0" bw="1" slack="2147483647"/>
</pin_list>
<bind>
<StgValue><ssdm name="_ssdm_op_SpecInterface"/></StgValue>
</bind>
</comp>

<comp id="26" class="1001" name="const_26">
<pin_list>
<pin id="27" dir="1" index="0" bw="1" slack="2147483647"/>
</pin_list>
<bind>
<StgValue><ssdm name="ap_fifo_str"/></StgValue>
</bind>
</comp>

<comp id="28" class="1001" name="const_28">
<pin_list>
<pin id="29" dir="1" index="0" bw="1" slack="1"/>
</pin_list>
<bind>
<StgValue><ssdm name=""/></StgValue>
</bind>
</comp>

<comp id="30" class="1001" name="const_30">
<pin_list>
<pin id="31" dir="1" index="0" bw="1" slack="2147483647"/>
</pin_list>
<bind>
<StgValue><ssdm name="p_str184"/></StgValue>
</bind>
</comp>

<comp id="32" class="1001" name="const_32">
<pin_list>
<pin id="33" dir="1" index="0" bw="1" slack="2147483647"/>
</pin_list>
<bind>
<StgValue><ssdm name="p_str185"/></StgValue>
</bind>
</comp>

<comp id="34" class="1001" name="const_34">
<pin_list>
<pin id="35" dir="1" index="0" bw="1" slack="2147483647"/>
</pin_list>
<bind>
<StgValue><ssdm name="p_str186"/></StgValue>
</bind>
</comp>

<comp id="36" class="1001" name="const_36">
<pin_list>
<pin id="37" dir="1" index="0" bw="1" slack="2147483647"/>
</pin_list>
<bind>
<StgValue><ssdm name="p_str187"/></StgValue>
</bind>
</comp>

<comp id="38" class="1001" name="const_38">
<pin_list>
<pin id="39" dir="1" index="0" bw="1" slack="2147483647"/>
</pin_list>
<bind>
<StgValue><ssdm name=""/></StgValue>
</bind>
</comp>

<comp id="40" class="1001" name="const_40">
<pin_list>
<pin id="41" dir="1" index="0" bw="1" slack="2147483647"/>
</pin_list>
<bind>
<StgValue><ssdm name=""/></StgValue>
</bind>
</comp>

<comp id="42" class="1001" name="const_42">
<pin_list>
<pin id="43" dir="1" index="0" bw="1" slack="2147483647"/>
</pin_list>
<bind>
<StgValue><ssdm name="p_str188"/></StgValue>
</bind>
</comp>

<comp id="44" class="1001" name="const_44">
<pin_list>
<pin id="45" dir="1" index="0" bw="1" slack="2147483647"/>
</pin_list>
<bind>
<StgValue><ssdm name="p_str189"/></StgValue>
</bind>
</comp>

<comp id="46" class="1001" name="const_46">
<pin_list>
<pin id="47" dir="1" index="0" bw="1" slack="2147483647"/>
</pin_list>
<bind>
<StgValue><ssdm name="p_str"/></StgValue>
</bind>
</comp>

<comp id="48" class="1001" name="const_48">
<pin_list>
<pin id="49" dir="1" index="0" bw="1" slack="0"/>
</pin_list>
<bind>
<StgValue><ssdm name=""/></StgValue>
</bind>
</comp>

<comp id="50" class="1001" name="const_50">
<pin_list>
<pin id="51" dir="1" index="0" bw="1" slack="2147483647"/>
</pin_list>
<bind>
<StgValue><ssdm name="p_str1"/></StgValue>
</bind>
</comp>

<comp id="52" class="1001" name="const_52">
<pin_list>
<pin id="53" dir="1" index="0" bw="1" slack="2147483647"/>
</pin_list>
<bind>
<StgValue><ssdm name="p_str2"/></StgValue>
</bind>
</comp>

<comp id="54" class="1001" name="const_54">
<pin_list>
<pin id="55" dir="1" index="0" bw="1" slack="2147483647"/>
</pin_list>
<bind>
<StgValue><ssdm name="p_str263"/></StgValue>
</bind>
</comp>

<comp id="56" class="1001" name="const_56">
<pin_list>
<pin id="57" dir="1" index="0" bw="1" slack="2147483647"/>
</pin_list>
<bind>
<StgValue><ssdm name="p_str264"/></StgValue>
</bind>
</comp>

<comp id="58" class="1001" name="const_58">
<pin_list>
<pin id="59" dir="1" index="0" bw="1" slack="2147483647"/>
</pin_list>
<bind>
<StgValue><ssdm name="p_str265"/></StgValue>
</bind>
</comp>

<comp id="60" class="1001" name="const_60">
<pin_list>
<pin id="61" dir="1" index="0" bw="1" slack="2147483647"/>
</pin_list>
<bind>
<StgValue><ssdm name="p_str266"/></StgValue>
</bind>
</comp>

<comp id="62" class="1001" name="const_62">
<pin_list>
<pin id="63" dir="1" index="0" bw="1" slack="2147483647"/>
</pin_list>
<bind>
<StgValue><ssdm name="p_str267"/></StgValue>
</bind>
</comp>

<comp id="64" class="1001" name="const_64">
<pin_list>
<pin id="65" dir="1" index="0" bw="1" slack="2147483647"/>
</pin_list>
<bind>
<StgValue><ssdm name="ScalarProp_str"/></StgValue>
</bind>
</comp>

<comp id="66" class="1001" name="const_66">
<pin_list>
<pin id="67" dir="1" index="0" bw="1" slack="2147483647"/>
</pin_list>
<bind>
<StgValue><ssdm name="p_str258"/></StgValue>
</bind>
</comp>

<comp id="68" class="1001" name="const_68">
<pin_list>
<pin id="69" dir="1" index="0" bw="1" slack="2147483647"/>
</pin_list>
<bind>
<StgValue><ssdm name="p_str259"/></StgValue>
</bind>
</comp>

<comp id="70" class="1001" name="const_70">
<pin_list>
<pin id="71" dir="1" index="0" bw="1" slack="2147483647"/>
</pin_list>
<bind>
<StgValue><ssdm name="p_str260"/></StgValue>
</bind>
</comp>

<comp id="72" class="1001" name="const_72">
<pin_list>
<pin id="73" dir="1" index="0" bw="1" slack="2147483647"/>
</pin_list>
<bind>
<StgValue><ssdm name="p_str261"/></StgValue>
</bind>
</comp>

<comp id="74" class="1001" name="const_74">
<pin_list>
<pin id="75" dir="1" index="0" bw="1" slack="2147483647"/>
</pin_list>
<bind>
<StgValue><ssdm name="p_str262"/></StgValue>
</bind>
</comp>

<comp id="76" class="1001" name="const_76">
<pin_list>
<pin id="77" dir="1" index="0" bw="1" slack="0"/>
</pin_list>
<bind>
<StgValue><ssdm name="_ssdm_op_Read.ap_fifo.i10P"/></StgValue>
</bind>
</comp>

<comp id="78" class="1001" name="const_78">
<pin_list>
<pin id="79" dir="1" index="0" bw="1" slack="0"/>
</pin_list>
<bind>
<StgValue><ssdm name="_ssdm_op_Read.ap_fifo.i11P"/></StgValue>
</bind>
</comp>

<comp id="80" class="1001" name="const_80">
<pin_list>
<pin id="81" dir="1" index="0" bw="1" slack="2147483647"/>
</pin_list>
<bind>
<StgValue><ssdm name="p_str268"/></StgValue>
</bind>
</comp>

<comp id="82" class="1001" name="const_82">
<pin_list>
<pin id="83" dir="1" index="0" bw="1" slack="2147483647"/>
</pin_list>
<bind>
<StgValue><ssdm name="p_str269"/></StgValue>
</bind>
</comp>

<comp id="84" class="1001" name="const_84">
<pin_list>
<pin id="85" dir="1" index="0" bw="1" slack="2147483647"/>
</pin_list>
<bind>
<StgValue><ssdm name="p_str270"/></StgValue>
</bind>
</comp>

<comp id="86" class="1001" name="const_86">
<pin_list>
<pin id="87" dir="1" index="0" bw="1" slack="2147483647"/>
</pin_list>
<bind>
<StgValue><ssdm name="p_str271"/></StgValue>
</bind>
</comp>

<comp id="88" class="1001" name="const_88">
<pin_list>
<pin id="89" dir="1" index="0" bw="1" slack="2147483647"/>
</pin_list>
<bind>
<StgValue><ssdm name="p_str272"/></StgValue>
</bind>
</comp>

<comp id="90" class="1001" name="const_90">
<pin_list>
<pin id="91" dir="1" index="0" bw="1" slack="0"/>
</pin_list>
<bind>
<StgValue><ssdm name="_ssdm_op_Write.ap_fifo.i10P"/></StgValue>
</bind>
</comp>

<comp id="92" class="1001" name="const_92">
<pin_list>
<pin id="93" dir="1" index="0" bw="1" slack="2147483647"/>
</pin_list>
<bind>
<StgValue><ssdm name="p_str273"/></StgValue>
</bind>
</comp>

<comp id="94" class="1001" name="const_94">
<pin_list>
<pin id="95" dir="1" index="0" bw="1" slack="2147483647"/>
</pin_list>
<bind>
<StgValue><ssdm name="p_str274"/></StgValue>
</bind>
</comp>

<comp id="96" class="1001" name="const_96">
<pin_list>
<pin id="97" dir="1" index="0" bw="1" slack="2147483647"/>
</pin_list>
<bind>
<StgValue><ssdm name="p_str275"/></StgValue>
</bind>
</comp>

<comp id="98" class="1001" name="const_98">
<pin_list>
<pin id="99" dir="1" index="0" bw="1" slack="2147483647"/>
</pin_list>
<bind>
<StgValue><ssdm name="p_str276"/></StgValue>
</bind>
</comp>

<comp id="100" class="1001" name="const_100">
<pin_list>
<pin id="101" dir="1" index="0" bw="1" slack="2147483647"/>
</pin_list>
<bind>
<StgValue><ssdm name="p_str277"/></StgValue>
</bind>
</comp>

<comp id="102" class="1001" name="const_102">
<pin_list>
<pin id="103" dir="1" index="0" bw="1" slack="0"/>
</pin_list>
<bind>
<StgValue><ssdm name="_ssdm_op_Write.ap_fifo.i11P"/></StgValue>
</bind>
</comp>

<comp id="104" class="1001" name="const_104">
<pin_list>
<pin id="105" dir="1" index="0" bw="1" slack="2147483647"/>
</pin_list>
<bind>
<StgValue><ssdm name="_ssdm_op_SpecLoopName"/></StgValue>
</bind>
</comp>

<comp id="106" class="1001" name="const_106">
<pin_list>
<pin id="107" dir="1" index="0" bw="1" slack="2147483647"/>
</pin_list>
<bind>
<StgValue><ssdm name="p_str42"/></StgValue>
</bind>
</comp>

<comp id="108" class="1001" name="const_108">
<pin_list>
<pin id="109" dir="1" index="0" bw="1" slack="2147483647"/>
</pin_list>
<bind>
<StgValue><ssdm name="_ssdm_op_SpecRegionBegin"/></StgValue>
</bind>
</comp>

<comp id="110" class="1001" name="const_110">
<pin_list>
<pin id="111" dir="1" index="0" bw="1" slack="2147483647"/>
</pin_list>
<bind>
<StgValue><ssdm name="_ssdm_op_SpecPipeline"/></StgValue>
</bind>
</comp>

<comp id="112" class="1001" name="const_112">
<pin_list>
<pin id="113" dir="1" index="0" bw="1" slack="2147483647"/>
</pin_list>
<bind>
<StgValue><ssdm name="_ssdm_op_SpecLoopTripCount"/></StgValue>
</bind>
</comp>

<comp id="114" class="1001" name="const_114">
<pin_list>
<pin id="115" dir="1" index="0" bw="1" slack="0"/>
</pin_list>
<bind>
<StgValue><ssdm name="_ssdm_op_Read.axis.volatile.i16P.i2P.i2P.i1P.i1P.i1P.i1P"/></StgValue>
</bind>
</comp>

<comp id="116" class="1001" name="const_116">
<pin_list>
<pin id="117" dir="1" index="0" bw="1" slack="2147483647"/>
</pin_list>
<bind>
<StgValue><ssdm name="_ssdm_op_SpecRegionEnd"/></StgValue>
</bind>
</comp>

<comp id="118" class="1001" name="const_118">
<pin_list>
<pin id="119" dir="1" index="0" bw="1" slack="0"/>
</pin_list>
<bind>
<StgValue><ssdm name=""/></StgValue>
</bind>
</comp>

<comp id="120" class="1001" name="const_120">
<pin_list>
<pin id="121" dir="1" index="0" bw="1" slack="2147483647"/>
</pin_list>
<bind>
<StgValue><ssdm name=""/></StgValue>
</bind>
</comp>

<comp id="122" class="1001" name="const_122">
<pin_list>
<pin id="123" dir="1" index="0" bw="1" slack="2147483647"/>
</pin_list>
<bind>
<StgValue><ssdm name=""/></StgValue>
</bind>
</comp>

<comp id="124" class="1001" name="const_124">
<pin_list>
<pin id="125" dir="1" index="0" bw="1" slack="2147483647"/>
</pin_list>
<bind>
<StgValue><ssdm name="p_str8"/></StgValue>
</bind>
</comp>

<comp id="126" class="1001" name="const_126">
<pin_list>
<pin id="127" dir="1" index="0" bw="1" slack="0"/>
</pin_list>
<bind>
<StgValue><ssdm name=""/></StgValue>
</bind>
</comp>

<comp id="128" class="1001" name="const_128">
<pin_list>
<pin id="129" dir="1" index="0" bw="1" slack="2147483647"/>
</pin_list>
<bind>
<StgValue><ssdm name=""/></StgValue>
</bind>
</comp>

<comp id="130" class="1001" name="const_130">
<pin_list>
<pin id="131" dir="1" index="0" bw="1" slack="2147483647"/>
</pin_list>
<bind>
<StgValue><ssdm name="p_str9"/></StgValue>
</bind>
</comp>

<comp id="132" class="1001" name="const_132">
<pin_list>
<pin id="133" dir="1" index="0" bw="1" slack="2147483647"/>
</pin_list>
<bind>
<StgValue><ssdm name="p_str10"/></StgValue>
</bind>
</comp>

<comp id="134" class="1001" name="const_134">
<pin_list>
<pin id="135" dir="1" index="0" bw="1" slack="2147483647"/>
</pin_list>
<bind>
<StgValue><ssdm name="p_str17"/></StgValue>
</bind>
</comp>

<comp id="136" class="1001" name="const_136">
<pin_list>
<pin id="137" dir="1" index="0" bw="1" slack="2147483647"/>
</pin_list>
<bind>
<StgValue><ssdm name="_ssdm_op_SpecProtocol"/></StgValue>
</bind>
</comp>

<comp id="138" class="1001" name="const_138">
<pin_list>
<pin id="139" dir="1" index="0" bw="1" slack="0"/>
</pin_list>
<bind>
<StgValue><ssdm name="_ssdm_op_Write.ap_fifo.volatile.i8P"/></StgValue>
</bind>
</comp>

<comp id="140" class="1001" name="const_140">
<pin_list>
<pin id="141" dir="1" index="0" bw="1" slack="2147483647"/>
</pin_list>
<bind>
<StgValue><ssdm name="p_str43"/></StgValue>
</bind>
</comp>

<comp id="142" class="1004" name="sof_1_i_fu_142">
<pin_list>
<pin id="143" dir="0" index="0" bw="1" slack="0"/>
<pin id="144" dir="1" index="1" bw="1" slack="0"/>
</pin_list>
<bind>
<opcode="alloca(26) " fcode="alloca"/>
<opset="sof_1_i/3 "/>
</bind>
</comp>

<comp id="146" class="1004" name="img_rows_V_read_read_fu_146">
<pin_list>
<pin id="147" dir="0" index="0" bw="10" slack="0"/>
<pin id="148" dir="0" index="1" bw="10" slack="0"/>
<pin id="149" dir="1" index="2" bw="10" slack="0"/>
</pin_list>
<bind>
<opcode="read(1150) " fcode="read"/>
<opset="img_rows_V_read/1 "/>
</bind>
</comp>

<comp id="152" class="1004" name="img_cols_V_read_read_fu_152">
<pin_list>
<pin id="153" dir="0" index="0" bw="11" slack="0"/>
<pin id="154" dir="0" index="1" bw="11" slack="0"/>
<pin id="155" dir="1" index="2" bw="11" slack="0"/>
</pin_list>
<bind>
<opcode="read(1150) " fcode="read"/>
<opset="img_cols_V_read/1 "/>
</bind>
</comp>

<comp id="158" class="1004" name="write_ln589_write_fu_158">
<pin_list>
<pin id="159" dir="0" index="0" bw="0" slack="0"/>
<pin id="160" dir="0" index="1" bw="10" slack="0"/>
<pin id="161" dir="0" index="2" bw="10" slack="0"/>
<pin id="162" dir="1" index="3" bw="0" slack="2147483647"/>
</pin_list>
<bind>
<opcode="write(1151) " fcode="write"/>
<opset="write_ln589/1 "/>
</bind>
</comp>

<comp id="166" class="1004" name="write_ln589_write_fu_166">
<pin_list>
<pin id="167" dir="0" index="0" bw="0" slack="0"/>
<pin id="168" dir="0" index="1" bw="11" slack="0"/>
<pin id="169" dir="0" index="2" bw="11" slack="0"/>
<pin id="170" dir="1" index="3" bw="0" slack="2147483647"/>
</pin_list>
<bind>
<opcode="write(1151) " fcode="write"/>
<opset="write_ln589/1 "/>
</bind>
</comp>

<comp id="174" class="1004" name="grp_read_fu_174">
<pin_list>
<pin id="175" dir="0" index="0" bw="24" slack="0"/>
<pin id="176" dir="0" index="1" bw="16" slack="0"/>
<pin id="177" dir="0" index="2" bw="2" slack="0"/>
<pin id="178" dir="0" index="3" bw="2" slack="0"/>
<pin id="179" dir="0" index="4" bw="1" slack="0"/>
<pin id="180" dir="0" index="5" bw="1" slack="0"/>
<pin id="181" dir="0" index="6" bw="1" slack="0"/>
<pin id="182" dir="0" index="7" bw="1" slack="0"/>
<pin id="183" dir="1" index="8" bw="24" slack="0"/>
</pin_list>
<bind>
<opcode="read(1150) " fcode="read"/>
<opset="empty/2 empty_52/5 empty_55/8 "/>
</bind>
</comp>

<comp id="192" class="1004" name="write_ln703_write_fu_192">
<pin_list>
<pin id="193" dir="0" index="0" bw="0" slack="0"/>
<pin id="194" dir="0" index="1" bw="8" slack="0"/>
<pin id="195" dir="0" index="2" bw="8" slack="1"/>
<pin id="196" dir="1" index="3" bw="0" slack="2147483647"/>
</pin_list>
<bind>
<opcode="write(1151) " fcode="write"/>
<opset="write_ln703/6 "/>
</bind>
</comp>

<comp id="199" class="1005" name="axi_last_V_0_i_reg_199">
<pin_list>
<pin id="200" dir="0" index="0" bw="1" slack="1"/>
<pin id="201" dir="1" index="1" bw="1" slack="1"/>
</pin_list>
<bind>
<opset="axi_last_V_0_i (phireg) "/>
</bind>
</comp>

<comp id="202" class="1004" name="axi_last_V_0_i_phi_fu_202">
<pin_list>
<pin id="203" dir="0" index="0" bw="1" slack="1"/>
<pin id="204" dir="0" index="1" bw="0" slack="2147483647"/>
<pin id="205" dir="0" index="2" bw="1" slack="2"/>
<pin id="206" dir="0" index="3" bw="0" slack="2147483647"/>
<pin id="207" dir="1" index="4" bw="1" slack="1"/>
</pin_list>
<bind>
<opcode="phi(47) " fcode="phi"/>
<opset="axi_last_V_0_i/4 "/>
</bind>
</comp>

<comp id="209" class="1005" name="axi_data_V_0_i_reg_209">
<pin_list>
<pin id="210" dir="0" index="0" bw="16" slack="1"/>
<pin id="211" dir="1" index="1" bw="16" slack="1"/>
</pin_list>
<bind>
<opset="axi_data_V_0_i (phireg) "/>
</bind>
</comp>

<comp id="212" class="1004" name="axi_data_V_0_i_phi_fu_212">
<pin_list>
<pin id="213" dir="0" index="0" bw="16" slack="1"/>
<pin id="214" dir="0" index="1" bw="0" slack="2147483647"/>
<pin id="215" dir="0" index="2" bw="16" slack="2"/>
<pin id="216" dir="0" index="3" bw="0" slack="2147483647"/>
<pin id="217" dir="1" index="4" bw="16" slack="1"/>
</pin_list>
<bind>
<opcode="phi(47) " fcode="phi"/>
<opset="axi_data_V_0_i/4 "/>
</bind>
</comp>

<comp id="219" class="1005" name="t_V_reg_219">
<pin_list>
<pin id="220" dir="0" index="0" bw="32" slack="1"/>
<pin id="221" dir="1" index="1" bw="32" slack="1"/>
</pin_list>
<bind>
<opset="t_V (phireg) "/>
</bind>
</comp>

<comp id="223" class="1004" name="t_V_phi_fu_223">
<pin_list>
<pin id="224" dir="0" index="0" bw="32" slack="0"/>
<pin id="225" dir="0" index="1" bw="0" slack="2147483647"/>
<pin id="226" dir="0" index="2" bw="1" slack="1"/>
<pin id="227" dir="0" index="3" bw="0" slack="2147483647"/>
<pin id="228" dir="1" index="4" bw="32" slack="0"/>
</pin_list>
<bind>
<opcode="phi(47) " fcode="phi"/>
<opset="t_V/4 "/>
</bind>
</comp>

<comp id="230" class="1005" name="eol_reg_230">
<pin_list>
<pin id="231" dir="0" index="0" bw="1" slack="2"/>
<pin id="232" dir="1" index="1" bw="1" slack="2"/>
</pin_list>
<bind>
<opset="eol (phireg) "/>
</bind>
</comp>

<comp id="233" class="1004" name="eol_phi_fu_233">
<pin_list>
<pin id="234" dir="0" index="0" bw="1" slack="1"/>
<pin id="235" dir="0" index="1" bw="0" slack="2147483647"/>
<pin id="236" dir="0" index="2" bw="1" slack="0"/>
<pin id="237" dir="0" index="3" bw="0" slack="2147483647"/>
<pin id="238" dir="1" index="4" bw="1" slack="0"/>
</pin_list>
<bind>
<opcode="phi(47) " fcode="phi"/>
<opset="eol/5 "/>
</bind>
</comp>

<comp id="241" class="1005" name="axi_data_V_1_i_reg_241">
<pin_list>
<pin id="242" dir="0" index="0" bw="16" slack="2"/>
<pin id="243" dir="1" index="1" bw="16" slack="2"/>
</pin_list>
<bind>
<opset="axi_data_V_1_i (phireg) "/>
</bind>
</comp>

<comp id="244" class="1004" name="axi_data_V_1_i_phi_fu_244">
<pin_list>
<pin id="245" dir="0" index="0" bw="16" slack="1"/>
<pin id="246" dir="0" index="1" bw="0" slack="2147483647"/>
<pin id="247" dir="0" index="2" bw="16" slack="0"/>
<pin id="248" dir="0" index="3" bw="0" slack="2147483647"/>
<pin id="249" dir="1" index="4" bw="16" slack="0"/>
</pin_list>
<bind>
<opcode="phi(47) " fcode="phi"/>
<opset="axi_data_V_1_i/5 "/>
</bind>
</comp>

<comp id="252" class="1005" name="t_V_4_reg_252">
<pin_list>
<pin id="253" dir="0" index="0" bw="32" slack="1"/>
<pin id="254" dir="1" index="1" bw="32" slack="1"/>
</pin_list>
<bind>
<opset="t_V_4 (phireg) "/>
</bind>
</comp>

<comp id="256" class="1004" name="t_V_4_phi_fu_256">
<pin_list>
<pin id="257" dir="0" index="0" bw="1" slack="1"/>
<pin id="258" dir="0" index="1" bw="0" slack="2147483647"/>
<pin id="259" dir="0" index="2" bw="32" slack="0"/>
<pin id="260" dir="0" index="3" bw="0" slack="2147483647"/>
<pin id="261" dir="1" index="4" bw="32" slack="0"/>
</pin_list>
<bind>
<opcode="phi(47) " fcode="phi"/>
<opset="t_V_4/5 "/>
</bind>
</comp>

<comp id="263" class="1005" name="eol_0_i_reg_263">
<pin_list>
<pin id="264" dir="0" index="0" bw="1" slack="1"/>
<pin id="265" dir="1" index="1" bw="1" slack="1"/>
</pin_list>
<bind>
<opset="eol_0_i (phireg) "/>
</bind>
</comp>

<comp id="267" class="1004" name="eol_0_i_phi_fu_267">
<pin_list>
<pin id="268" dir="0" index="0" bw="1" slack="1"/>
<pin id="269" dir="0" index="1" bw="0" slack="2147483647"/>
<pin id="270" dir="0" index="2" bw="1" slack="0"/>
<pin id="271" dir="0" index="3" bw="0" slack="2147483647"/>
<pin id="272" dir="1" index="4" bw="1" slack="0"/>
</pin_list>
<bind>
<opcode="phi(47) " fcode="phi"/>
<opset="eol_0_i/5 "/>
</bind>
</comp>

<comp id="275" class="1005" name="axi_last_V_2_i_reg_275">
<pin_list>
<pin id="276" dir="0" index="0" bw="1" slack="0"/>
<pin id="277" dir="1" index="1" bw="1" slack="0"/>
</pin_list>
<bind>
<opset="axi_last_V_2_i (phireg) "/>
</bind>
</comp>

<comp id="280" class="1004" name="axi_last_V_2_i_phi_fu_280">
<pin_list>
<pin id="281" dir="0" index="0" bw="1" slack="0"/>
<pin id="282" dir="0" index="1" bw="0" slack="2147483647"/>
<pin id="283" dir="0" index="2" bw="1" slack="0"/>
<pin id="284" dir="0" index="3" bw="0" slack="2147483647"/>
<pin id="285" dir="1" index="4" bw="1" slack="0"/>
</pin_list>
<bind>
<opcode="phi(47) " fcode="phi"/>
<opset="axi_last_V_2_i/5 "/>
</bind>
</comp>

<comp id="288" class="1005" name="p_Val2_s_reg_288">
<pin_list>
<pin id="289" dir="0" index="0" bw="16" slack="0"/>
<pin id="290" dir="1" index="1" bw="16" slack="0"/>
</pin_list>
<bind>
<opset="p_Val2_s (phireg) "/>
</bind>
</comp>

<comp id="292" class="1004" name="p_Val2_s_phi_fu_292">
<pin_list>
<pin id="293" dir="0" index="0" bw="16" slack="0"/>
<pin id="294" dir="0" index="1" bw="0" slack="2147483647"/>
<pin id="295" dir="0" index="2" bw="16" slack="0"/>
<pin id="296" dir="0" index="3" bw="0" slack="2147483647"/>
<pin id="297" dir="1" index="4" bw="16" slack="0"/>
</pin_list>
<bind>
<opcode="phi(47) " fcode="phi"/>
<opset="p_Val2_s/5 "/>
</bind>
</comp>

<comp id="300" class="1005" name="axi_last_V_3_i_reg_300">
<pin_list>
<pin id="301" dir="0" index="0" bw="1" slack="1"/>
<pin id="302" dir="1" index="1" bw="1" slack="1"/>
</pin_list>
<bind>
<opset="axi_last_V_3_i (phireg) "/>
</bind>
</comp>

<comp id="304" class="1004" name="axi_last_V_3_i_phi_fu_304">
<pin_list>
<pin id="305" dir="0" index="0" bw="1" slack="0"/>
<pin id="306" dir="0" index="1" bw="0" slack="2147483647"/>
<pin id="307" dir="0" index="2" bw="1" slack="2"/>
<pin id="308" dir="0" index="3" bw="0" slack="2147483647"/>
<pin id="309" dir="1" index="4" bw="1" slack="1"/>
</pin_list>
<bind>
<opcode="phi(47) " fcode="phi"/>
<opset="axi_last_V_3_i/8 "/>
</bind>
</comp>

<comp id="312" class="1005" name="axi_data_V_3_i_reg_312">
<pin_list>
<pin id="313" dir="0" index="0" bw="16" slack="1"/>
<pin id="314" dir="1" index="1" bw="16" slack="1"/>
</pin_list>
<bind>
<opset="axi_data_V_3_i (phireg) "/>
</bind>
</comp>

<comp id="316" class="1004" name="axi_data_V_3_i_phi_fu_316">
<pin_list>
<pin id="317" dir="0" index="0" bw="16" slack="0"/>
<pin id="318" dir="0" index="1" bw="0" slack="2147483647"/>
<pin id="319" dir="0" index="2" bw="16" slack="2"/>
<pin id="320" dir="0" index="3" bw="0" slack="2147483647"/>
<pin id="321" dir="1" index="4" bw="16" slack="1"/>
</pin_list>
<bind>
<opcode="phi(47) " fcode="phi"/>
<opset="axi_data_V_3_i/8 "/>
</bind>
</comp>

<comp id="324" class="1005" name="eol_2_i_reg_324">
<pin_list>
<pin id="325" dir="0" index="0" bw="1" slack="2147483647"/>
<pin id="326" dir="1" index="1" bw="1" slack="2147483647"/>
</pin_list>
<bind>
<opset="eol_2_i (phireg) "/>
</bind>
</comp>

<comp id="327" class="1004" name="eol_2_i_phi_fu_327">
<pin_list>
<pin id="328" dir="0" index="0" bw="1" slack="0"/>
<pin id="329" dir="0" index="1" bw="0" slack="2147483647"/>
<pin id="330" dir="0" index="2" bw="1" slack="2"/>
<pin id="331" dir="0" index="3" bw="0" slack="2147483647"/>
<pin id="332" dir="1" index="4" bw="1" slack="2147483647"/>
</pin_list>
<bind>
<opcode="phi(47) " fcode="phi"/>
<opset="eol_2_i/8 "/>
</bind>
</comp>

<comp id="334" class="1004" name="grp_fu_334">
<pin_list>
<pin id="335" dir="0" index="0" bw="24" slack="0"/>
<pin id="336" dir="1" index="1" bw="16" slack="0"/>
</pin_list>
<bind>
<opcode="extractvalue(56) " fcode="extractvalue"/>
<opset="tmp_data_V/2 tmp_data_V_1/5 tmp_data_V_2/8 "/>
</bind>
</comp>

<comp id="339" class="1004" name="grp_fu_339">
<pin_list>
<pin id="340" dir="0" index="0" bw="24" slack="0"/>
<pin id="341" dir="1" index="1" bw="1" slack="0"/>
</pin_list>
<bind>
<opcode="extractvalue(56) " fcode="extractvalue"/>
<opset="tmp_last_V/2 tmp_last_V_1/5 tmp_last_V_2/8 "/>
</bind>
</comp>

<comp id="344" class="1004" name="rows_V_fu_344">
<pin_list>
<pin id="345" dir="0" index="0" bw="10" slack="0"/>
<pin id="346" dir="1" index="1" bw="32" slack="3"/>
</pin_list>
<bind>
<opcode="sext(35) " fcode="sext"/>
<opset="rows_V/1 "/>
</bind>
</comp>

<comp id="348" class="1004" name="cols_V_fu_348">
<pin_list>
<pin id="349" dir="0" index="0" bw="11" slack="0"/>
<pin id="350" dir="1" index="1" bw="32" slack="4"/>
</pin_list>
<bind>
<opcode="sext(35) " fcode="sext"/>
<opset="cols_V/1 "/>
</bind>
</comp>

<comp id="352" class="1004" name="tmp_user_V_fu_352">
<pin_list>
<pin id="353" dir="0" index="0" bw="24" slack="0"/>
<pin id="354" dir="1" index="1" bw="1" slack="2147483647"/>
</pin_list>
<bind>
<opcode="extractvalue(56) " fcode="extractvalue"/>
<opset="tmp_user_V/2 "/>
</bind>
</comp>

<comp id="356" class="1004" name="store_ln71_store_fu_356">
<pin_list>
<pin id="357" dir="0" index="0" bw="1" slack="0"/>
<pin id="358" dir="0" index="1" bw="1" slack="0"/>
<pin id="359" dir="1" index="2" bw="0" slack="2147483647"/>
</pin_list>
<bind>
<opcode="store(28) " fcode="store"/>
<opset="store_ln71/3 "/>
</bind>
</comp>

<comp id="361" class="1004" name="icmp_ln71_fu_361">
<pin_list>
<pin id="362" dir="0" index="0" bw="32" slack="0"/>
<pin id="363" dir="0" index="1" bw="10" slack="3"/>
<pin id="364" dir="1" index="2" bw="1" slack="1"/>
</pin_list>
<bind>
<opcode="icmp(45) " fcode="icmp"/>
<opset="icmp_ln71/4 "/>
</bind>
</comp>

<comp id="366" class="1004" name="i_V_fu_366">
<pin_list>
<pin id="367" dir="0" index="0" bw="32" slack="0"/>
<pin id="368" dir="0" index="1" bw="1" slack="0"/>
<pin id="369" dir="1" index="2" bw="32" slack="0"/>
</pin_list>
<bind>
<opcode="add(8) " fcode="add"/>
<opset="i_V/4 "/>
</bind>
</comp>

<comp id="372" class="1004" name="icmp_ln73_fu_372">
<pin_list>
<pin id="373" dir="0" index="0" bw="32" slack="0"/>
<pin id="374" dir="0" index="1" bw="11" slack="4"/>
<pin id="375" dir="1" index="2" bw="1" slack="1"/>
</pin_list>
<bind>
<opcode="icmp(45) " fcode="icmp"/>
<opset="icmp_ln73/5 "/>
</bind>
</comp>

<comp id="377" class="1004" name="j_V_fu_377">
<pin_list>
<pin id="378" dir="0" index="0" bw="32" slack="0"/>
<pin id="379" dir="0" index="1" bw="1" slack="0"/>
<pin id="380" dir="1" index="2" bw="32" slack="0"/>
</pin_list>
<bind>
<opcode="add(8) " fcode="add"/>
<opset="j_V/5 "/>
</bind>
</comp>

<comp id="383" class="1004" name="sof_1_i_load_load_fu_383">
<pin_list>
<pin id="384" dir="0" index="0" bw="1" slack="2"/>
<pin id="385" dir="1" index="1" bw="1" slack="0"/>
</pin_list>
<bind>
<opcode="load(27) " fcode="load"/>
<opset="sof_1_i_load/5 "/>
</bind>
</comp>

<comp id="386" class="1004" name="or_ln76_fu_386">
<pin_list>
<pin id="387" dir="0" index="0" bw="1" slack="0"/>
<pin id="388" dir="0" index="1" bw="1" slack="0"/>
<pin id="389" dir="1" index="2" bw="1" slack="1"/>
</pin_list>
<bind>
<opcode="or(24) " fcode="or"/>
<opset="or_ln76/5 "/>
</bind>
</comp>

<comp id="392" class="1004" name="tmp_fu_392">
<pin_list>
<pin id="393" dir="0" index="0" bw="16" slack="0"/>
<pin id="394" dir="1" index="1" bw="8" slack="1"/>
</pin_list>
<bind>
<opcode="trunc(33) " fcode="trunc"/>
<opset="tmp/5 "/>
</bind>
</comp>

<comp id="396" class="1004" name="store_ln73_store_fu_396">
<pin_list>
<pin id="397" dir="0" index="0" bw="1" slack="0"/>
<pin id="398" dir="0" index="1" bw="1" slack="2"/>
<pin id="399" dir="1" index="2" bw="0" slack="2147483647"/>
</pin_list>
<bind>
<opcode="store(28) " fcode="store"/>
<opset="store_ln73/5 "/>
</bind>
</comp>

<comp id="401" class="1005" name="rows_V_reg_401">
<pin_list>
<pin id="402" dir="0" index="0" bw="32" slack="3"/>
<pin id="403" dir="1" index="1" bw="32" slack="3"/>
</pin_list>
<bind>
<opset="rows_V "/>
</bind>
</comp>

<comp id="406" class="1005" name="cols_V_reg_406">
<pin_list>
<pin id="407" dir="0" index="0" bw="32" slack="4"/>
<pin id="408" dir="1" index="1" bw="32" slack="4"/>
</pin_list>
<bind>
<opset="cols_V "/>
</bind>
</comp>

<comp id="411" class="1005" name="tmp_data_V_reg_411">
<pin_list>
<pin id="412" dir="0" index="0" bw="16" slack="2"/>
<pin id="413" dir="1" index="1" bw="16" slack="2"/>
</pin_list>
<bind>
<opset="tmp_data_V "/>
</bind>
</comp>

<comp id="419" class="1005" name="tmp_last_V_reg_419">
<pin_list>
<pin id="420" dir="0" index="0" bw="1" slack="2"/>
<pin id="421" dir="1" index="1" bw="1" slack="2"/>
</pin_list>
<bind>
<opset="tmp_last_V "/>
</bind>
</comp>

<comp id="424" class="1005" name="sof_1_i_reg_424">
<pin_list>
<pin id="425" dir="0" index="0" bw="1" slack="0"/>
<pin id="426" dir="1" index="1" bw="1" slack="0"/>
</pin_list>
<bind>
<opset="sof_1_i "/>
</bind>
</comp>

<comp id="431" class="1005" name="icmp_ln71_reg_431">
<pin_list>
<pin id="432" dir="0" index="0" bw="1" slack="1"/>
<pin id="433" dir="1" index="1" bw="1" slack="2147483647"/>
</pin_list>
<bind>
<opset="icmp_ln71 "/>
</bind>
</comp>

<comp id="435" class="1005" name="i_V_reg_435">
<pin_list>
<pin id="436" dir="0" index="0" bw="32" slack="0"/>
<pin id="437" dir="1" index="1" bw="32" slack="0"/>
</pin_list>
<bind>
<opset="i_V "/>
</bind>
</comp>

<comp id="440" class="1005" name="icmp_ln73_reg_440">
<pin_list>
<pin id="441" dir="0" index="0" bw="1" slack="1"/>
<pin id="442" dir="1" index="1" bw="1" slack="2147483647"/>
</pin_list>
<bind>
<opset="icmp_ln73 "/>
</bind>
</comp>

<comp id="444" class="1005" name="j_V_reg_444">
<pin_list>
<pin id="445" dir="0" index="0" bw="32" slack="0"/>
<pin id="446" dir="1" index="1" bw="32" slack="0"/>
</pin_list>
<bind>
<opset="j_V "/>
</bind>
</comp>

<comp id="449" class="1005" name="or_ln76_reg_449">
<pin_list>
<pin id="450" dir="0" index="0" bw="1" slack="1"/>
<pin id="451" dir="1" index="1" bw="1" slack="2147483647"/>
</pin_list>
<bind>
<opset="or_ln76 "/>
</bind>
</comp>

<comp id="453" class="1005" name="tmp_reg_453">
<pin_list>
<pin id="454" dir="0" index="0" bw="8" slack="1"/>
<pin id="455" dir="1" index="1" bw="8" slack="1"/>
</pin_list>
<bind>
<opset="tmp "/>
</bind>
</comp>

<comp id="458" class="1005" name="tmp_data_V_2_reg_458">
<pin_list>
<pin id="459" dir="0" index="0" bw="16" slack="0"/>
<pin id="460" dir="1" index="1" bw="16" slack="0"/>
</pin_list>
<bind>
<opset="tmp_data_V_2 "/>
</bind>
</comp>

<comp id="463" class="1005" name="tmp_last_V_2_reg_463">
<pin_list>
<pin id="464" dir="0" index="0" bw="1" slack="0"/>
<pin id="465" dir="1" index="1" bw="1" slack="0"/>
</pin_list>
<bind>
<opset="tmp_last_V_2 "/>
</bind>
</comp>

</comp_list>

<net_list>
<net id="145"><net_src comp="48" pin="0"/><net_sink comp="142" pin=0"/></net>

<net id="150"><net_src comp="76" pin="0"/><net_sink comp="146" pin=0"/></net>

<net id="151"><net_src comp="14" pin="0"/><net_sink comp="146" pin=1"/></net>

<net id="156"><net_src comp="78" pin="0"/><net_sink comp="152" pin=0"/></net>

<net id="157"><net_src comp="16" pin="0"/><net_sink comp="152" pin=1"/></net>

<net id="163"><net_src comp="90" pin="0"/><net_sink comp="158" pin=0"/></net>

<net id="164"><net_src comp="20" pin="0"/><net_sink comp="158" pin=1"/></net>

<net id="165"><net_src comp="146" pin="2"/><net_sink comp="158" pin=2"/></net>

<net id="171"><net_src comp="102" pin="0"/><net_sink comp="166" pin=0"/></net>

<net id="172"><net_src comp="22" pin="0"/><net_sink comp="166" pin=1"/></net>

<net id="173"><net_src comp="152" pin="2"/><net_sink comp="166" pin=2"/></net>

<net id="184"><net_src comp="114" pin="0"/><net_sink comp="174" pin=0"/></net>

<net id="185"><net_src comp="0" pin="0"/><net_sink comp="174" pin=1"/></net>

<net id="186"><net_src comp="2" pin="0"/><net_sink comp="174" pin=2"/></net>

<net id="187"><net_src comp="4" pin="0"/><net_sink comp="174" pin=3"/></net>

<net id="188"><net_src comp="6" pin="0"/><net_sink comp="174" pin=4"/></net>

<net id="189"><net_src comp="8" pin="0"/><net_sink comp="174" pin=5"/></net>

<net id="190"><net_src comp="10" pin="0"/><net_sink comp="174" pin=6"/></net>

<net id="191"><net_src comp="12" pin="0"/><net_sink comp="174" pin=7"/></net>

<net id="197"><net_src comp="138" pin="0"/><net_sink comp="192" pin=0"/></net>

<net id="198"><net_src comp="18" pin="0"/><net_sink comp="192" pin=1"/></net>

<net id="208"><net_src comp="202" pin="4"/><net_sink comp="199" pin=0"/></net>

<net id="218"><net_src comp="212" pin="4"/><net_sink comp="209" pin=0"/></net>

<net id="222"><net_src comp="28" pin="0"/><net_sink comp="219" pin=0"/></net>

<net id="229"><net_src comp="219" pin="1"/><net_sink comp="223" pin=2"/></net>

<net id="239"><net_src comp="199" pin="1"/><net_sink comp="233" pin=0"/></net>

<net id="240"><net_src comp="233" pin="4"/><net_sink comp="230" pin=0"/></net>

<net id="250"><net_src comp="209" pin="1"/><net_sink comp="244" pin=0"/></net>

<net id="251"><net_src comp="244" pin="4"/><net_sink comp="241" pin=0"/></net>

<net id="255"><net_src comp="28" pin="0"/><net_sink comp="252" pin=0"/></net>

<net id="262"><net_src comp="252" pin="1"/><net_sink comp="256" pin=0"/></net>

<net id="266"><net_src comp="126" pin="0"/><net_sink comp="263" pin=0"/></net>

<net id="273"><net_src comp="263" pin="1"/><net_sink comp="267" pin=0"/></net>

<net id="274"><net_src comp="267" pin="4"/><net_sink comp="263" pin=0"/></net>

<net id="278"><net_src comp="275" pin="1"/><net_sink comp="233" pin=2"/></net>

<net id="279"><net_src comp="275" pin="1"/><net_sink comp="267" pin=2"/></net>

<net id="286"><net_src comp="233" pin="4"/><net_sink comp="280" pin=2"/></net>

<net id="287"><net_src comp="280" pin="4"/><net_sink comp="275" pin=0"/></net>

<net id="291"><net_src comp="288" pin="1"/><net_sink comp="244" pin=2"/></net>

<net id="298"><net_src comp="244" pin="4"/><net_sink comp="292" pin=2"/></net>

<net id="299"><net_src comp="292" pin="4"/><net_sink comp="288" pin=0"/></net>

<net id="303"><net_src comp="300" pin="1"/><net_sink comp="202" pin=0"/></net>

<net id="310"><net_src comp="230" pin="1"/><net_sink comp="304" pin=2"/></net>

<net id="311"><net_src comp="304" pin="4"/><net_sink comp="300" pin=0"/></net>

<net id="315"><net_src comp="312" pin="1"/><net_sink comp="212" pin=0"/></net>

<net id="322"><net_src comp="241" pin="1"/><net_sink comp="316" pin=2"/></net>

<net id="323"><net_src comp="316" pin="4"/><net_sink comp="312" pin=0"/></net>

<net id="333"><net_src comp="263" pin="1"/><net_sink comp="327" pin=2"/></net>

<net id="337"><net_src comp="174" pin="8"/><net_sink comp="334" pin=0"/></net>

<net id="338"><net_src comp="334" pin="1"/><net_sink comp="292" pin=0"/></net>

<net id="342"><net_src comp="174" pin="8"/><net_sink comp="339" pin=0"/></net>

<net id="343"><net_src comp="339" pin="1"/><net_sink comp="280" pin=0"/></net>

<net id="347"><net_src comp="146" pin="2"/><net_sink comp="344" pin=0"/></net>

<net id="351"><net_src comp="152" pin="2"/><net_sink comp="348" pin=0"/></net>

<net id="355"><net_src comp="174" pin="8"/><net_sink comp="352" pin=0"/></net>

<net id="360"><net_src comp="118" pin="0"/><net_sink comp="356" pin=0"/></net>

<net id="365"><net_src comp="223" pin="4"/><net_sink comp="361" pin=0"/></net>

<net id="370"><net_src comp="223" pin="4"/><net_sink comp="366" pin=0"/></net>

<net id="371"><net_src comp="48" pin="0"/><net_sink comp="366" pin=1"/></net>

<net id="376"><net_src comp="256" pin="4"/><net_sink comp="372" pin=0"/></net>

<net id="381"><net_src comp="256" pin="4"/><net_sink comp="377" pin=0"/></net>

<net id="382"><net_src comp="48" pin="0"/><net_sink comp="377" pin=1"/></net>

<net id="390"><net_src comp="383" pin="1"/><net_sink comp="386" pin=0"/></net>

<net id="391"><net_src comp="267" pin="4"/><net_sink comp="386" pin=1"/></net>

<net id="395"><net_src comp="292" pin="4"/><net_sink comp="392" pin=0"/></net>

<net id="400"><net_src comp="126" pin="0"/><net_sink comp="396" pin=0"/></net>

<net id="404"><net_src comp="344" pin="1"/><net_sink comp="401" pin=0"/></net>

<net id="405"><net_src comp="401" pin="1"/><net_sink comp="361" pin=1"/></net>

<net id="409"><net_src comp="348" pin="1"/><net_sink comp="406" pin=0"/></net>

<net id="410"><net_src comp="406" pin="1"/><net_sink comp="372" pin=1"/></net>

<net id="414"><net_src comp="334" pin="1"/><net_sink comp="411" pin=0"/></net>

<net id="415"><net_src comp="411" pin="1"/><net_sink comp="212" pin=2"/></net>

<net id="422"><net_src comp="339" pin="1"/><net_sink comp="419" pin=0"/></net>

<net id="423"><net_src comp="419" pin="1"/><net_sink comp="202" pin=2"/></net>

<net id="427"><net_src comp="142" pin="1"/><net_sink comp="424" pin=0"/></net>

<net id="428"><net_src comp="424" pin="1"/><net_sink comp="356" pin=1"/></net>

<net id="429"><net_src comp="424" pin="1"/><net_sink comp="383" pin=0"/></net>

<net id="430"><net_src comp="424" pin="1"/><net_sink comp="396" pin=1"/></net>

<net id="434"><net_src comp="361" pin="2"/><net_sink comp="431" pin=0"/></net>

<net id="438"><net_src comp="366" pin="2"/><net_sink comp="435" pin=0"/></net>

<net id="439"><net_src comp="435" pin="1"/><net_sink comp="223" pin=0"/></net>

<net id="443"><net_src comp="372" pin="2"/><net_sink comp="440" pin=0"/></net>

<net id="447"><net_src comp="377" pin="2"/><net_sink comp="444" pin=0"/></net>

<net id="448"><net_src comp="444" pin="1"/><net_sink comp="256" pin=2"/></net>

<net id="452"><net_src comp="386" pin="2"/><net_sink comp="449" pin=0"/></net>

<net id="456"><net_src comp="392" pin="1"/><net_sink comp="453" pin=0"/></net>

<net id="457"><net_src comp="453" pin="1"/><net_sink comp="192" pin=2"/></net>

<net id="461"><net_src comp="334" pin="1"/><net_sink comp="458" pin=0"/></net>

<net id="462"><net_src comp="458" pin="1"/><net_sink comp="316" pin=0"/></net>

<net id="466"><net_src comp="339" pin="1"/><net_sink comp="463" pin=0"/></net>

<net id="467"><net_src comp="463" pin="1"/><net_sink comp="304" pin=0"/></net>

<net id="468"><net_src comp="463" pin="1"/><net_sink comp="327" pin=0"/></net>

</net_list>

</model> 
---------------- Datapath Model END ------------------

* FSMD analyzer results:
  - Output states:
	Port: img_data_stream_V | {6 }
	Port: img_rows_V_out | {1 }
	Port: img_cols_V_out | {1 }
 - Input state : 
	Port: AXIvideo2Mat : AXI_video_strm_V_data_V | {2 5 8 }
	Port: AXIvideo2Mat : AXI_video_strm_V_keep_V | {2 5 8 }
	Port: AXIvideo2Mat : AXI_video_strm_V_strb_V | {2 5 8 }
	Port: AXIvideo2Mat : AXI_video_strm_V_user_V | {2 5 8 }
	Port: AXIvideo2Mat : AXI_video_strm_V_last_V | {2 5 8 }
	Port: AXIvideo2Mat : AXI_video_strm_V_id_V | {2 5 8 }
	Port: AXIvideo2Mat : AXI_video_strm_V_dest_V | {2 5 8 }
	Port: AXIvideo2Mat : img_rows_V | {1 }
	Port: AXIvideo2Mat : img_cols_V | {1 }
  - Chain level:
	State 1
	State 2
		empty_51 : 1
		br_ln65 : 1
	State 3
		store_ln71 : 1
	State 4
		icmp_ln71 : 1
		i_V : 1
		br_ln71 : 2
	State 5
		icmp_ln73 : 1
		j_V : 1
		br_ln73 : 2
		or_ln76 : 1
		br_ln76 : 1
		axi_last_V_2_i : 2
		p_Val2_s : 2
		tmp : 3
	State 6
		empty_53 : 1
		empty_54 : 1
	State 7
	State 8
		br_ln96 : 1
		empty_56 : 1
	State 9


============================================================
+ Verbose Summary: Datapath Resource usage 
============================================================

* Functional unit list:
|----------|-----------------------------|---------|---------|
| Operation|       Functional Unit       |    FF   |   LUT   |
|----------|-----------------------------|---------|---------|
|    add   |          i_V_fu_366         |    0    |    39   |
|          |          j_V_fu_377         |    0    |    39   |
|----------|-----------------------------|---------|---------|
|   icmp   |       icmp_ln71_fu_361      |    0    |    18   |
|          |       icmp_ln73_fu_372      |    0    |    18   |
|----------|-----------------------------|---------|---------|
|    or    |        or_ln76_fu_386       |    0    |    2    |
|----------|-----------------------------|---------|---------|
|          | img_rows_V_read_read_fu_146 |    0    |    0    |
|   read   | img_cols_V_read_read_fu_152 |    0    |    0    |
|          |       grp_read_fu_174       |    0    |    0    |
|----------|-----------------------------|---------|---------|
|          |   write_ln589_write_fu_158  |    0    |    0    |
|   write  |   write_ln589_write_fu_166  |    0    |    0    |
|          |   write_ln703_write_fu_192  |    0    |    0    |
|----------|-----------------------------|---------|---------|
|          |          grp_fu_334         |    0    |    0    |
|extractvalue|          grp_fu_339         |    0    |    0    |
|          |      tmp_user_V_fu_352      |    0    |    0    |
|----------|-----------------------------|---------|---------|
|   sext   |        rows_V_fu_344        |    0    |    0    |
|          |        cols_V_fu_348        |    0    |    0    |
|----------|-----------------------------|---------|---------|
|   trunc  |          tmp_fu_392         |    0    |    0    |
|----------|-----------------------------|---------|---------|
|   Total  |                             |    0    |   116   |
|----------|-----------------------------|---------|---------|

Memories:
N/A

* Register list:
+----------------------+--------+
|                      |   FF   |
+----------------------+--------+
|axi_data_V_0_i_reg_209|   16   |
|axi_data_V_1_i_reg_241|   16   |
|axi_data_V_3_i_reg_312|   16   |
|axi_last_V_0_i_reg_199|    1   |
|axi_last_V_2_i_reg_275|    1   |
|axi_last_V_3_i_reg_300|    1   |
|    cols_V_reg_406    |   32   |
|    eol_0_i_reg_263   |    1   |
|    eol_2_i_reg_324   |    1   |
|      eol_reg_230     |    1   |
|      i_V_reg_435     |   32   |
|   icmp_ln71_reg_431  |    1   |
|   icmp_ln73_reg_440  |    1   |
|      j_V_reg_444     |   32   |
|    or_ln76_reg_449   |    1   |
|   p_Val2_s_reg_288   |   16   |
|    rows_V_reg_401    |   32   |
|    sof_1_i_reg_424   |    1   |
|     t_V_4_reg_252    |   32   |
|      t_V_reg_219     |   32   |
| tmp_data_V_2_reg_458 |   16   |
|  tmp_data_V_reg_411  |   16   |
| tmp_last_V_2_reg_463 |    1   |
|  tmp_last_V_reg_419  |    1   |
|      tmp_reg_453     |    8   |
+----------------------+--------+
|         Total        |   308  |
+----------------------+--------+

* Multiplexer (MUX) list: 
|-----------------|------|------|------|--------||---------||---------|
|       Comp      |  Pin | Size |  BW  | S x BW ||  Delay  ||   LUT   |
|-----------------|------|------|------|--------||---------||---------|
| eol_0_i_reg_263 |  p0  |   2  |   1  |    2   ||    9    |
|-----------------|------|------|------|--------||---------||---------|
|      Total      |      |      |      |    2   ||  1.769  ||    9    |
|-----------------|------|------|------|--------||---------||---------|



* Summary:
+-----------+--------+--------+--------+
|           |  Delay |   FF   |   LUT  |
+-----------+--------+--------+--------+
|  Function |    -   |    0   |   116  |
|   Memory  |    -   |    -   |    -   |
|Multiplexer|    1   |    -   |    9   |
|  Register |    -   |   308  |    -   |
+-----------+--------+--------+--------+
|   Total   |    1   |   308  |   125  |
+-----------+--------+--------+--------+
