

================================================================
== Vivado HLS Report for 'add_ex'
================================================================
* Date:           Tue Apr 21 16:45:13 2020

* Version:        2019.2 (Build 2704478 on Wed Nov 06 22:10:23 MST 2019)
* Project:        Simple_Adder
* Solution:       solution1
* Product family: zynq
* Target device:  xc7z020-clg484-1


================================================================
== Performance Estimates
================================================================
+ Timing: 
    * Summary: 
    +--------+----------+----------+------------+
    |  Clock |  Target  | Estimated| Uncertainty|
    +--------+----------+----------+------------+
    |ap_clk  | 10.00 ns | 2.552 ns |   1.25 ns  |
    +--------+----------+----------+------------+

+ Latency: 
    * Summary: 
    +---------+---------+----------+----------+-----+-----+---------+
    |  Latency (cycles) |  Latency (absolute) |  Interval | Pipeline|
    |   min   |   max   |    min   |    max   | min | max |   Type  |
    +---------+---------+----------+----------+-----+-----+---------+
    |        0|        0|   0 ns   |   0 ns   |    0|    0|   none  |
    +---------+---------+----------+----------+-----+-----+---------+

    + Detail: 
        * Instance: 
        N/A

        * Loop: 
        N/A



================================================================
== Utilization Estimates
================================================================
* Summary: 
+-----------------+---------+-------+--------+-------+-----+
|       Name      | BRAM_18K| DSP48E|   FF   |  LUT  | URAM|
+-----------------+---------+-------+--------+-------+-----+
|DSP              |        -|      -|       -|      -|    -|
|Expression       |        -|      -|       0|     39|    -|
|FIFO             |        -|      -|       -|      -|    -|
|Instance         |        -|      -|       -|      -|    -|
|Memory           |        -|      -|       -|      -|    -|
|Multiplexer      |        -|      -|       -|      -|    -|
|Register         |        -|      -|       -|      -|    -|
+-----------------+---------+-------+--------+-------+-----+
|Total            |        0|      0|       0|     39|    0|
+-----------------+---------+-------+--------+-------+-----+
|Available        |      280|    220|  106400|  53200|    0|
+-----------------+---------+-------+--------+-------+-----+
|Utilization (%)  |        0|      0|       0|   ~0  |    0|
+-----------------+---------+-------+--------+-------+-----+

+ Detail: 
    * Instance: 
    N/A

    * DSP48E: 
    N/A

    * Memory: 
    N/A

    * FIFO: 
    N/A

    * Expression: 
    +--------------+----------+-------+---+----+------------+------------+
    | Variable Name| Operation| DSP48E| FF| LUT| Bitwidth P0| Bitwidth P1|
    +--------------+----------+-------+---+----+------------+------------+
    |ap_return     |     +    |      0|  0|  39|          32|          32|
    +--------------+----------+-------+---+----+------------+------------+
    |Total         |          |      0|  0|  39|          32|          32|
    +--------------+----------+-------+---+----+------------+------------+

    * Multiplexer: 
    N/A

    * Register: 
    N/A



================================================================
== Interface
================================================================
* Summary: 
+-----------+-----+-----+------------+--------------+--------------+
| RTL Ports | Dir | Bits|  Protocol  | Source Object|    C Type    |
+-----------+-----+-----+------------+--------------+--------------+
|ap_start   |  in |    1| ap_ctrl_hs |    add_ex    | return value |
|ap_done    | out |    1| ap_ctrl_hs |    add_ex    | return value |
|ap_idle    | out |    1| ap_ctrl_hs |    add_ex    | return value |
|ap_ready   | out |    1| ap_ctrl_hs |    add_ex    | return value |
|ap_return  | out |   32| ap_ctrl_hs |    add_ex    | return value |
|in_a       |  in |   32|   ap_none  |     in_a     |    scalar    |
|in_b       |  in |   32|   ap_none  |     in_b     |    scalar    |
+-----------+-----+-----+------------+--------------+--------------+

