Copyright 1986-2019 Xilinx, Inc. All Rights Reserved.
-----------------------------------------------------------------------------------------------------------------------------------------------------------------------------------------------------------
| Tool Version : Vivado v.2019.2 (win64) Build 2708876 Wed Nov  6 21:40:23 MST 2019
| Date         : Tue May 12 16:58:19 2020
| Host         : DESKTOP-LVJ56DR running 64-bit major release  (build 9200)
| Command      : report_timing_summary -max_paths 10 -file bd_0_wrapper_timing_summary_routed.rpt -pb bd_0_wrapper_timing_summary_routed.pb -rpx bd_0_wrapper_timing_summary_routed.rpx -warn_on_violation
| Design       : bd_0_wrapper
| Device       : 7z007s-clg225
| Speed File   : -1  PRODUCTION 1.11 2016-07-27
-----------------------------------------------------------------------------------------------------------------------------------------------------------------------------------------------------------

Timing Summary Report

------------------------------------------------------------------------------------------------
| Timer Settings
| --------------
------------------------------------------------------------------------------------------------

  Enable Multi Corner Analysis               :  Yes
  Enable Pessimism Removal                   :  Yes
  Pessimism Removal Resolution               :  Nearest Common Node
  Enable Input Delay Default Clock           :  No
  Enable Preset / Clear Arcs                 :  No
  Disable Flight Delays                      :  No
  Ignore I/O Paths                           :  No
  Timing Early Launch at Borrowing Latches   :  No
  Borrow Time for Max Delay Exceptions       :  Yes
  Merge Timing Exceptions                    :  Yes

  Corner  Analyze    Analyze    
  Name    Max Paths  Min Paths  
  ------  ---------  ---------  
  Slow    Yes        Yes        
  Fast    Yes        Yes        



check_timing report

Table of Contents
-----------------
1. checking no_clock
2. checking constant_clock
3. checking pulse_width_clock
4. checking unconstrained_internal_endpoints
5. checking no_input_delay
6. checking no_output_delay
7. checking multiple_clock
8. checking generated_clocks
9. checking loops
10. checking partial_input_delay
11. checking partial_output_delay
12. checking latch_loops

1. checking no_clock
--------------------
 There are 0 register/latch pins with no clock.


2. checking constant_clock
--------------------------
 There are 0 register/latch pins with constant_clock.


3. checking pulse_width_clock
-----------------------------
 There are 0 register/latch pins which need pulse_width check


4. checking unconstrained_internal_endpoints
--------------------------------------------
 There are 0 pins that are not constrained for maximum delay.

 There are 0 pins that are not constrained for maximum delay due to constant clock.


5. checking no_input_delay
--------------------------
 There are 30 input ports with no input delay specified. (HIGH)

 There are 0 input ports with no input delay but user has a false path constraint.


6. checking no_output_delay
---------------------------
 There are 43 ports with no output delay specified. (HIGH)

 There are 0 ports with no output delay but user has a false path constraint

 There are 0 ports with no output delay but with a timing clock defined on it or propagating through it


7. checking multiple_clock
--------------------------
 There are 0 register/latch pins with multiple clocks.


8. checking generated_clocks
----------------------------
 There are 0 generated clocks that are not connected to a clock source.


9. checking loops
-----------------
 There are 0 combinational loops in the design.


10. checking partial_input_delay
--------------------------------
 There are 0 input ports with partial input delay specified.


11. checking partial_output_delay
---------------------------------
 There are 0 ports with partial output delay specified.


12. checking latch_loops
------------------------
 There are 0 combinational latch loops in the design through latch input



------------------------------------------------------------------------------------------------
| Design Timing Summary
| ---------------------
------------------------------------------------------------------------------------------------

    WNS(ns)      TNS(ns)  TNS Failing Endpoints  TNS Total Endpoints      WHS(ns)      THS(ns)  THS Failing Endpoints  THS Total Endpoints     WPWS(ns)     TPWS(ns)  TPWS Failing Endpoints  TPWS Total Endpoints  
    -------      -------  ---------------------  -------------------      -------      -------  ---------------------  -------------------     --------     --------  ----------------------  --------------------  
      0.481        0.000                      0                 3388        0.099        0.000                      0                 3388        4.020        0.000                       0                  1374  


All user specified timing constraints are met.


------------------------------------------------------------------------------------------------
| Clock Summary
| -------------
------------------------------------------------------------------------------------------------

Clock   Waveform(ns)       Period(ns)      Frequency(MHz)
-----   ------------       ----------      --------------
ap_clk  {0.000 5.000}      10.000          100.000         


------------------------------------------------------------------------------------------------
| Intra Clock Table
| -----------------
------------------------------------------------------------------------------------------------

Clock             WNS(ns)      TNS(ns)  TNS Failing Endpoints  TNS Total Endpoints      WHS(ns)      THS(ns)  THS Failing Endpoints  THS Total Endpoints     WPWS(ns)     TPWS(ns)  TPWS Failing Endpoints  TPWS Total Endpoints  
-----             -------      -------  ---------------------  -------------------      -------      -------  ---------------------  -------------------     --------     --------  ----------------------  --------------------  
ap_clk              0.481        0.000                      0                 3388        0.099        0.000                      0                 3388        4.020        0.000                       0                  1374  


------------------------------------------------------------------------------------------------
| Inter Clock Table
| -----------------
------------------------------------------------------------------------------------------------

From Clock    To Clock          WNS(ns)      TNS(ns)  TNS Failing Endpoints  TNS Total Endpoints      WHS(ns)      THS(ns)  THS Failing Endpoints  THS Total Endpoints  
----------    --------          -------      -------  ---------------------  -------------------      -------      -------  ---------------------  -------------------  


------------------------------------------------------------------------------------------------
| Other Path Groups Table
| -----------------------
------------------------------------------------------------------------------------------------

Path Group    From Clock    To Clock          WNS(ns)      TNS(ns)  TNS Failing Endpoints  TNS Total Endpoints      WHS(ns)      THS(ns)  THS Failing Endpoints  THS Total Endpoints  
----------    ----------    --------          -------      -------  ---------------------  -------------------      -------      -------  ---------------------  -------------------  


------------------------------------------------------------------------------------------------
| Timing Details
| --------------
------------------------------------------------------------------------------------------------


---------------------------------------------------------------------------------------------------
From Clock:  ap_clk
  To Clock:  ap_clk

Setup :            0  Failing Endpoints,  Worst Slack        0.481ns,  Total Violation        0.000ns
Hold  :            0  Failing Endpoints,  Worst Slack        0.099ns,  Total Violation        0.000ns
PW    :            0  Failing Endpoints,  Worst Slack        4.020ns,  Total Violation        0.000ns
---------------------------------------------------------------------------------------------------


Max Delay Paths
--------------------------------------------------------------------------------------
Slack (MET) :             0.481ns  (required time - arrival time)
  Source:                 bd_0_i/hls_inst/U0/GaussianBlur_U0/grp_Filter2D_fu_40/ap_enable_reg_pp0_iter5_reg/C
                            (rising edge-triggered cell FDRE clocked by ap_clk  {rise@0.000ns fall@5.000ns period=10.000ns})
  Destination:            bd_0_i/hls_inst/U0/GaussianBlur_U0/grp_Filter2D_fu_40/filter_mac_muladdocq_U50/filter_mac_muladdocq_DSP48_8_U/p/C[0]
                            (rising edge-triggered cell DSP48E1 clocked by ap_clk  {rise@0.000ns fall@5.000ns period=10.000ns})
  Path Group:             ap_clk
  Path Type:              Setup (Max at Slow Process Corner)
  Requirement:            10.000ns  (ap_clk rise@10.000ns - ap_clk rise@0.000ns)
  Data Path Delay:        7.734ns  (logic 4.421ns (57.164%)  route 3.313ns (42.836%))
  Logic Levels:           2  (DSP48E1=1 LUT4=1)
  Clock Path Skew:        -0.049ns (DCD - SCD + CPR)
    Destination Clock Delay (DCD):    0.924ns = ( 10.924 - 10.000 ) 
    Source Clock Delay      (SCD):    0.973ns
    Clock Pessimism Removal (CPR):    0.000ns
  Clock Uncertainty:      0.035ns  ((TSJ^2 + TIJ^2)^1/2 + DJ) / 2 + PE
    Total System Jitter     (TSJ):    0.071ns
    Total Input Jitter      (TIJ):    0.000ns
    Discrete Jitter          (DJ):    0.000ns
    Phase Error              (PE):    0.000ns

    Location             Delay type                Incr(ns)  Path(ns)    Netlist Resource(s)
  -------------------------------------------------------------------    -------------------
                         (clock ap_clk rise edge)     0.000     0.000 r  
                                                      0.000     0.000 r  ap_clk (IN)
                         net (fo=1373, unset)         0.973     0.973    bd_0_i/hls_inst/U0/GaussianBlur_U0/grp_Filter2D_fu_40/ap_clk
    SLICE_X13Y10         FDRE                                         r  bd_0_i/hls_inst/U0/GaussianBlur_U0/grp_Filter2D_fu_40/ap_enable_reg_pp0_iter5_reg/C
  -------------------------------------------------------------------    -------------------
    SLICE_X13Y10         FDRE (Prop_fdre_C_Q)         0.456     1.429 r  bd_0_i/hls_inst/U0/GaussianBlur_U0/grp_Filter2D_fu_40/ap_enable_reg_pp0_iter5_reg/Q
                         net (fo=67, routed)          1.620     3.049    bd_0_i/hls_inst/U0/GaussianBlur_U0/grp_Filter2D_fu_40/ap_enable_reg_pp0_iter5
    SLICE_X28Y20         LUT4 (Prop_lut4_I1_O)        0.124     3.173 r  bd_0_i/hls_inst/U0/GaussianBlur_U0/grp_Filter2D_fu_40/grp_fu_1962_p2_i_5/O
                         net (fo=1, routed)           1.255     4.428    bd_0_i/hls_inst/U0/GaussianBlur_U0/grp_Filter2D_fu_40/grp_fu_1962_p2_i_5_n_1
    DSP48_X0Y8           DSP48E1 (Prop_dsp48e1_A[3]_P[0])
                                                      3.841     8.269 r  bd_0_i/hls_inst/U0/GaussianBlur_U0/grp_Filter2D_fu_40/grp_fu_1962_p2/P[0]
                         net (fo=1, routed)           0.438     8.707    bd_0_i/hls_inst/U0/GaussianBlur_U0/grp_Filter2D_fu_40/filter_mac_muladdocq_U50/filter_mac_muladdocq_DSP48_8_U/P[0]
    DSP48_X0Y9           DSP48E1                                      r  bd_0_i/hls_inst/U0/GaussianBlur_U0/grp_Filter2D_fu_40/filter_mac_muladdocq_U50/filter_mac_muladdocq_DSP48_8_U/p/C[0]
  -------------------------------------------------------------------    -------------------

                         (clock ap_clk rise edge)    10.000    10.000 r  
                                                      0.000    10.000 r  ap_clk (IN)
                         net (fo=1373, unset)         0.924    10.924    bd_0_i/hls_inst/U0/GaussianBlur_U0/grp_Filter2D_fu_40/filter_mac_muladdocq_U50/filter_mac_muladdocq_DSP48_8_U/ap_clk
    DSP48_X0Y9           DSP48E1                                      r  bd_0_i/hls_inst/U0/GaussianBlur_U0/grp_Filter2D_fu_40/filter_mac_muladdocq_U50/filter_mac_muladdocq_DSP48_8_U/p/CLK
                         clock pessimism              0.000    10.924    
                         clock uncertainty           -0.035    10.889    
    DSP48_X0Y9           DSP48E1 (Setup_dsp48e1_CLK_C[0])
                                                     -1.701     9.188    bd_0_i/hls_inst/U0/GaussianBlur_U0/grp_Filter2D_fu_40/filter_mac_muladdocq_U50/filter_mac_muladdocq_DSP48_8_U/p
  -------------------------------------------------------------------
                         required time                          9.188    
                         arrival time                          -8.707    
  -------------------------------------------------------------------
                         slack                                  0.481    

Slack (MET) :             0.481ns  (required time - arrival time)
  Source:                 bd_0_i/hls_inst/U0/GaussianBlur_U0/grp_Filter2D_fu_40/ap_enable_reg_pp0_iter5_reg/C
                            (rising edge-triggered cell FDRE clocked by ap_clk  {rise@0.000ns fall@5.000ns period=10.000ns})
  Destination:            bd_0_i/hls_inst/U0/GaussianBlur_U0/grp_Filter2D_fu_40/filter_mac_muladdocq_U50/filter_mac_muladdocq_DSP48_8_U/p/C[10]
                            (rising edge-triggered cell DSP48E1 clocked by ap_clk  {rise@0.000ns fall@5.000ns period=10.000ns})
  Path Group:             ap_clk
  Path Type:              Setup (Max at Slow Process Corner)
  Requirement:            10.000ns  (ap_clk rise@10.000ns - ap_clk rise@0.000ns)
  Data Path Delay:        7.734ns  (logic 4.421ns (57.164%)  route 3.313ns (42.836%))
  Logic Levels:           2  (DSP48E1=1 LUT4=1)
  Clock Path Skew:        -0.049ns (DCD - SCD + CPR)
    Destination Clock Delay (DCD):    0.924ns = ( 10.924 - 10.000 ) 
    Source Clock Delay      (SCD):    0.973ns
    Clock Pessimism Removal (CPR):    0.000ns
  Clock Uncertainty:      0.035ns  ((TSJ^2 + TIJ^2)^1/2 + DJ) / 2 + PE
    Total System Jitter     (TSJ):    0.071ns
    Total Input Jitter      (TIJ):    0.000ns
    Discrete Jitter          (DJ):    0.000ns
    Phase Error              (PE):    0.000ns

    Location             Delay type                Incr(ns)  Path(ns)    Netlist Resource(s)
  -------------------------------------------------------------------    -------------------
                         (clock ap_clk rise edge)     0.000     0.000 r  
                                                      0.000     0.000 r  ap_clk (IN)
                         net (fo=1373, unset)         0.973     0.973    bd_0_i/hls_inst/U0/GaussianBlur_U0/grp_Filter2D_fu_40/ap_clk
    SLICE_X13Y10         FDRE                                         r  bd_0_i/hls_inst/U0/GaussianBlur_U0/grp_Filter2D_fu_40/ap_enable_reg_pp0_iter5_reg/C
  -------------------------------------------------------------------    -------------------
    SLICE_X13Y10         FDRE (Prop_fdre_C_Q)         0.456     1.429 r  bd_0_i/hls_inst/U0/GaussianBlur_U0/grp_Filter2D_fu_40/ap_enable_reg_pp0_iter5_reg/Q
                         net (fo=67, routed)          1.620     3.049    bd_0_i/hls_inst/U0/GaussianBlur_U0/grp_Filter2D_fu_40/ap_enable_reg_pp0_iter5
    SLICE_X28Y20         LUT4 (Prop_lut4_I1_O)        0.124     3.173 r  bd_0_i/hls_inst/U0/GaussianBlur_U0/grp_Filter2D_fu_40/grp_fu_1962_p2_i_5/O
                         net (fo=1, routed)           1.255     4.428    bd_0_i/hls_inst/U0/GaussianBlur_U0/grp_Filter2D_fu_40/grp_fu_1962_p2_i_5_n_1
    DSP48_X0Y8           DSP48E1 (Prop_dsp48e1_A[3]_P[10])
                                                      3.841     8.269 r  bd_0_i/hls_inst/U0/GaussianBlur_U0/grp_Filter2D_fu_40/grp_fu_1962_p2/P[10]
                         net (fo=1, routed)           0.438     8.707    bd_0_i/hls_inst/U0/GaussianBlur_U0/grp_Filter2D_fu_40/filter_mac_muladdocq_U50/filter_mac_muladdocq_DSP48_8_U/P[10]
    DSP48_X0Y9           DSP48E1                                      r  bd_0_i/hls_inst/U0/GaussianBlur_U0/grp_Filter2D_fu_40/filter_mac_muladdocq_U50/filter_mac_muladdocq_DSP48_8_U/p/C[10]
  -------------------------------------------------------------------    -------------------

                         (clock ap_clk rise edge)    10.000    10.000 r  
                                                      0.000    10.000 r  ap_clk (IN)
                         net (fo=1373, unset)         0.924    10.924    bd_0_i/hls_inst/U0/GaussianBlur_U0/grp_Filter2D_fu_40/filter_mac_muladdocq_U50/filter_mac_muladdocq_DSP48_8_U/ap_clk
    DSP48_X0Y9           DSP48E1                                      r  bd_0_i/hls_inst/U0/GaussianBlur_U0/grp_Filter2D_fu_40/filter_mac_muladdocq_U50/filter_mac_muladdocq_DSP48_8_U/p/CLK
                         clock pessimism              0.000    10.924    
                         clock uncertainty           -0.035    10.889    
    DSP48_X0Y9           DSP48E1 (Setup_dsp48e1_CLK_C[10])
                                                     -1.701     9.188    bd_0_i/hls_inst/U0/GaussianBlur_U0/grp_Filter2D_fu_40/filter_mac_muladdocq_U50/filter_mac_muladdocq_DSP48_8_U/p
  -------------------------------------------------------------------
                         required time                          9.188    
                         arrival time                          -8.707    
  -------------------------------------------------------------------
                         slack                                  0.481    

Slack (MET) :             0.481ns  (required time - arrival time)
  Source:                 bd_0_i/hls_inst/U0/GaussianBlur_U0/grp_Filter2D_fu_40/ap_enable_reg_pp0_iter5_reg/C
                            (rising edge-triggered cell FDRE clocked by ap_clk  {rise@0.000ns fall@5.000ns period=10.000ns})
  Destination:            bd_0_i/hls_inst/U0/GaussianBlur_U0/grp_Filter2D_fu_40/filter_mac_muladdocq_U50/filter_mac_muladdocq_DSP48_8_U/p/C[11]
                            (rising edge-triggered cell DSP48E1 clocked by ap_clk  {rise@0.000ns fall@5.000ns period=10.000ns})
  Path Group:             ap_clk
  Path Type:              Setup (Max at Slow Process Corner)
  Requirement:            10.000ns  (ap_clk rise@10.000ns - ap_clk rise@0.000ns)
  Data Path Delay:        7.734ns  (logic 4.421ns (57.164%)  route 3.313ns (42.836%))
  Logic Levels:           2  (DSP48E1=1 LUT4=1)
  Clock Path Skew:        -0.049ns (DCD - SCD + CPR)
    Destination Clock Delay (DCD):    0.924ns = ( 10.924 - 10.000 ) 
    Source Clock Delay      (SCD):    0.973ns
    Clock Pessimism Removal (CPR):    0.000ns
  Clock Uncertainty:      0.035ns  ((TSJ^2 + TIJ^2)^1/2 + DJ) / 2 + PE
    Total System Jitter     (TSJ):    0.071ns
    Total Input Jitter      (TIJ):    0.000ns
    Discrete Jitter          (DJ):    0.000ns
    Phase Error              (PE):    0.000ns

    Location             Delay type                Incr(ns)  Path(ns)    Netlist Resource(s)
  -------------------------------------------------------------------    -------------------
                         (clock ap_clk rise edge)     0.000     0.000 r  
                                                      0.000     0.000 r  ap_clk (IN)
                         net (fo=1373, unset)         0.973     0.973    bd_0_i/hls_inst/U0/GaussianBlur_U0/grp_Filter2D_fu_40/ap_clk
    SLICE_X13Y10         FDRE                                         r  bd_0_i/hls_inst/U0/GaussianBlur_U0/grp_Filter2D_fu_40/ap_enable_reg_pp0_iter5_reg/C
  -------------------------------------------------------------------    -------------------
    SLICE_X13Y10         FDRE (Prop_fdre_C_Q)         0.456     1.429 r  bd_0_i/hls_inst/U0/GaussianBlur_U0/grp_Filter2D_fu_40/ap_enable_reg_pp0_iter5_reg/Q
                         net (fo=67, routed)          1.620     3.049    bd_0_i/hls_inst/U0/GaussianBlur_U0/grp_Filter2D_fu_40/ap_enable_reg_pp0_iter5
    SLICE_X28Y20         LUT4 (Prop_lut4_I1_O)        0.124     3.173 r  bd_0_i/hls_inst/U0/GaussianBlur_U0/grp_Filter2D_fu_40/grp_fu_1962_p2_i_5/O
                         net (fo=1, routed)           1.255     4.428    bd_0_i/hls_inst/U0/GaussianBlur_U0/grp_Filter2D_fu_40/grp_fu_1962_p2_i_5_n_1
    DSP48_X0Y8           DSP48E1 (Prop_dsp48e1_A[3]_P[11])
                                                      3.841     8.269 r  bd_0_i/hls_inst/U0/GaussianBlur_U0/grp_Filter2D_fu_40/grp_fu_1962_p2/P[11]
                         net (fo=1, routed)           0.438     8.707    bd_0_i/hls_inst/U0/GaussianBlur_U0/grp_Filter2D_fu_40/filter_mac_muladdocq_U50/filter_mac_muladdocq_DSP48_8_U/P[11]
    DSP48_X0Y9           DSP48E1                                      r  bd_0_i/hls_inst/U0/GaussianBlur_U0/grp_Filter2D_fu_40/filter_mac_muladdocq_U50/filter_mac_muladdocq_DSP48_8_U/p/C[11]
  -------------------------------------------------------------------    -------------------

                         (clock ap_clk rise edge)    10.000    10.000 r  
                                                      0.000    10.000 r  ap_clk (IN)
                         net (fo=1373, unset)         0.924    10.924    bd_0_i/hls_inst/U0/GaussianBlur_U0/grp_Filter2D_fu_40/filter_mac_muladdocq_U50/filter_mac_muladdocq_DSP48_8_U/ap_clk
    DSP48_X0Y9           DSP48E1                                      r  bd_0_i/hls_inst/U0/GaussianBlur_U0/grp_Filter2D_fu_40/filter_mac_muladdocq_U50/filter_mac_muladdocq_DSP48_8_U/p/CLK
                         clock pessimism              0.000    10.924    
                         clock uncertainty           -0.035    10.889    
    DSP48_X0Y9           DSP48E1 (Setup_dsp48e1_CLK_C[11])
                                                     -1.701     9.188    bd_0_i/hls_inst/U0/GaussianBlur_U0/grp_Filter2D_fu_40/filter_mac_muladdocq_U50/filter_mac_muladdocq_DSP48_8_U/p
  -------------------------------------------------------------------
                         required time                          9.188    
                         arrival time                          -8.707    
  -------------------------------------------------------------------
                         slack                                  0.481    

Slack (MET) :             0.481ns  (required time - arrival time)
  Source:                 bd_0_i/hls_inst/U0/GaussianBlur_U0/grp_Filter2D_fu_40/ap_enable_reg_pp0_iter5_reg/C
                            (rising edge-triggered cell FDRE clocked by ap_clk  {rise@0.000ns fall@5.000ns period=10.000ns})
  Destination:            bd_0_i/hls_inst/U0/GaussianBlur_U0/grp_Filter2D_fu_40/filter_mac_muladdocq_U50/filter_mac_muladdocq_DSP48_8_U/p/C[12]
                            (rising edge-triggered cell DSP48E1 clocked by ap_clk  {rise@0.000ns fall@5.000ns period=10.000ns})
  Path Group:             ap_clk
  Path Type:              Setup (Max at Slow Process Corner)
  Requirement:            10.000ns  (ap_clk rise@10.000ns - ap_clk rise@0.000ns)
  Data Path Delay:        7.734ns  (logic 4.421ns (57.164%)  route 3.313ns (42.836%))
  Logic Levels:           2  (DSP48E1=1 LUT4=1)
  Clock Path Skew:        -0.049ns (DCD - SCD + CPR)
    Destination Clock Delay (DCD):    0.924ns = ( 10.924 - 10.000 ) 
    Source Clock Delay      (SCD):    0.973ns
    Clock Pessimism Removal (CPR):    0.000ns
  Clock Uncertainty:      0.035ns  ((TSJ^2 + TIJ^2)^1/2 + DJ) / 2 + PE
    Total System Jitter     (TSJ):    0.071ns
    Total Input Jitter      (TIJ):    0.000ns
    Discrete Jitter          (DJ):    0.000ns
    Phase Error              (PE):    0.000ns

    Location             Delay type                Incr(ns)  Path(ns)    Netlist Resource(s)
  -------------------------------------------------------------------    -------------------
                         (clock ap_clk rise edge)     0.000     0.000 r  
                                                      0.000     0.000 r  ap_clk (IN)
                         net (fo=1373, unset)         0.973     0.973    bd_0_i/hls_inst/U0/GaussianBlur_U0/grp_Filter2D_fu_40/ap_clk
    SLICE_X13Y10         FDRE                                         r  bd_0_i/hls_inst/U0/GaussianBlur_U0/grp_Filter2D_fu_40/ap_enable_reg_pp0_iter5_reg/C
  -------------------------------------------------------------------    -------------------
    SLICE_X13Y10         FDRE (Prop_fdre_C_Q)         0.456     1.429 r  bd_0_i/hls_inst/U0/GaussianBlur_U0/grp_Filter2D_fu_40/ap_enable_reg_pp0_iter5_reg/Q
                         net (fo=67, routed)          1.620     3.049    bd_0_i/hls_inst/U0/GaussianBlur_U0/grp_Filter2D_fu_40/ap_enable_reg_pp0_iter5
    SLICE_X28Y20         LUT4 (Prop_lut4_I1_O)        0.124     3.173 r  bd_0_i/hls_inst/U0/GaussianBlur_U0/grp_Filter2D_fu_40/grp_fu_1962_p2_i_5/O
                         net (fo=1, routed)           1.255     4.428    bd_0_i/hls_inst/U0/GaussianBlur_U0/grp_Filter2D_fu_40/grp_fu_1962_p2_i_5_n_1
    DSP48_X0Y8           DSP48E1 (Prop_dsp48e1_A[3]_P[12])
                                                      3.841     8.269 r  bd_0_i/hls_inst/U0/GaussianBlur_U0/grp_Filter2D_fu_40/grp_fu_1962_p2/P[12]
                         net (fo=1, routed)           0.438     8.707    bd_0_i/hls_inst/U0/GaussianBlur_U0/grp_Filter2D_fu_40/filter_mac_muladdocq_U50/filter_mac_muladdocq_DSP48_8_U/P[12]
    DSP48_X0Y9           DSP48E1                                      r  bd_0_i/hls_inst/U0/GaussianBlur_U0/grp_Filter2D_fu_40/filter_mac_muladdocq_U50/filter_mac_muladdocq_DSP48_8_U/p/C[12]
  -------------------------------------------------------------------    -------------------

                         (clock ap_clk rise edge)    10.000    10.000 r  
                                                      0.000    10.000 r  ap_clk (IN)
                         net (fo=1373, unset)         0.924    10.924    bd_0_i/hls_inst/U0/GaussianBlur_U0/grp_Filter2D_fu_40/filter_mac_muladdocq_U50/filter_mac_muladdocq_DSP48_8_U/ap_clk
    DSP48_X0Y9           DSP48E1                                      r  bd_0_i/hls_inst/U0/GaussianBlur_U0/grp_Filter2D_fu_40/filter_mac_muladdocq_U50/filter_mac_muladdocq_DSP48_8_U/p/CLK
                         clock pessimism              0.000    10.924    
                         clock uncertainty           -0.035    10.889    
    DSP48_X0Y9           DSP48E1 (Setup_dsp48e1_CLK_C[12])
                                                     -1.701     9.188    bd_0_i/hls_inst/U0/GaussianBlur_U0/grp_Filter2D_fu_40/filter_mac_muladdocq_U50/filter_mac_muladdocq_DSP48_8_U/p
  -------------------------------------------------------------------
                         required time                          9.188    
                         arrival time                          -8.707    
  -------------------------------------------------------------------
                         slack                                  0.481    

Slack (MET) :             0.481ns  (required time - arrival time)
  Source:                 bd_0_i/hls_inst/U0/GaussianBlur_U0/grp_Filter2D_fu_40/ap_enable_reg_pp0_iter5_reg/C
                            (rising edge-triggered cell FDRE clocked by ap_clk  {rise@0.000ns fall@5.000ns period=10.000ns})
  Destination:            bd_0_i/hls_inst/U0/GaussianBlur_U0/grp_Filter2D_fu_40/filter_mac_muladdocq_U50/filter_mac_muladdocq_DSP48_8_U/p/C[13]
                            (rising edge-triggered cell DSP48E1 clocked by ap_clk  {rise@0.000ns fall@5.000ns period=10.000ns})
  Path Group:             ap_clk
  Path Type:              Setup (Max at Slow Process Corner)
  Requirement:            10.000ns  (ap_clk rise@10.000ns - ap_clk rise@0.000ns)
  Data Path Delay:        7.734ns  (logic 4.421ns (57.164%)  route 3.313ns (42.836%))
  Logic Levels:           2  (DSP48E1=1 LUT4=1)
  Clock Path Skew:        -0.049ns (DCD - SCD + CPR)
    Destination Clock Delay (DCD):    0.924ns = ( 10.924 - 10.000 ) 
    Source Clock Delay      (SCD):    0.973ns
    Clock Pessimism Removal (CPR):    0.000ns
  Clock Uncertainty:      0.035ns  ((TSJ^2 + TIJ^2)^1/2 + DJ) / 2 + PE
    Total System Jitter     (TSJ):    0.071ns
    Total Input Jitter      (TIJ):    0.000ns
    Discrete Jitter          (DJ):    0.000ns
    Phase Error              (PE):    0.000ns

    Location             Delay type                Incr(ns)  Path(ns)    Netlist Resource(s)
  -------------------------------------------------------------------    -------------------
                         (clock ap_clk rise edge)     0.000     0.000 r  
                                                      0.000     0.000 r  ap_clk (IN)
                         net (fo=1373, unset)         0.973     0.973    bd_0_i/hls_inst/U0/GaussianBlur_U0/grp_Filter2D_fu_40/ap_clk
    SLICE_X13Y10         FDRE                                         r  bd_0_i/hls_inst/U0/GaussianBlur_U0/grp_Filter2D_fu_40/ap_enable_reg_pp0_iter5_reg/C
  -------------------------------------------------------------------    -------------------
    SLICE_X13Y10         FDRE (Prop_fdre_C_Q)         0.456     1.429 r  bd_0_i/hls_inst/U0/GaussianBlur_U0/grp_Filter2D_fu_40/ap_enable_reg_pp0_iter5_reg/Q
                         net (fo=67, routed)          1.620     3.049    bd_0_i/hls_inst/U0/GaussianBlur_U0/grp_Filter2D_fu_40/ap_enable_reg_pp0_iter5
    SLICE_X28Y20         LUT4 (Prop_lut4_I1_O)        0.124     3.173 r  bd_0_i/hls_inst/U0/GaussianBlur_U0/grp_Filter2D_fu_40/grp_fu_1962_p2_i_5/O
                         net (fo=1, routed)           1.255     4.428    bd_0_i/hls_inst/U0/GaussianBlur_U0/grp_Filter2D_fu_40/grp_fu_1962_p2_i_5_n_1
    DSP48_X0Y8           DSP48E1 (Prop_dsp48e1_A[3]_P[13])
                                                      3.841     8.269 r  bd_0_i/hls_inst/U0/GaussianBlur_U0/grp_Filter2D_fu_40/grp_fu_1962_p2/P[13]
                         net (fo=1, routed)           0.438     8.707    bd_0_i/hls_inst/U0/GaussianBlur_U0/grp_Filter2D_fu_40/filter_mac_muladdocq_U50/filter_mac_muladdocq_DSP48_8_U/P[13]
    DSP48_X0Y9           DSP48E1                                      r  bd_0_i/hls_inst/U0/GaussianBlur_U0/grp_Filter2D_fu_40/filter_mac_muladdocq_U50/filter_mac_muladdocq_DSP48_8_U/p/C[13]
  -------------------------------------------------------------------    -------------------

                         (clock ap_clk rise edge)    10.000    10.000 r  
                                                      0.000    10.000 r  ap_clk (IN)
                         net (fo=1373, unset)         0.924    10.924    bd_0_i/hls_inst/U0/GaussianBlur_U0/grp_Filter2D_fu_40/filter_mac_muladdocq_U50/filter_mac_muladdocq_DSP48_8_U/ap_clk
    DSP48_X0Y9           DSP48E1                                      r  bd_0_i/hls_inst/U0/GaussianBlur_U0/grp_Filter2D_fu_40/filter_mac_muladdocq_U50/filter_mac_muladdocq_DSP48_8_U/p/CLK
                         clock pessimism              0.000    10.924    
                         clock uncertainty           -0.035    10.889    
    DSP48_X0Y9           DSP48E1 (Setup_dsp48e1_CLK_C[13])
                                                     -1.701     9.188    bd_0_i/hls_inst/U0/GaussianBlur_U0/grp_Filter2D_fu_40/filter_mac_muladdocq_U50/filter_mac_muladdocq_DSP48_8_U/p
  -------------------------------------------------------------------
                         required time                          9.188    
                         arrival time                          -8.707    
  -------------------------------------------------------------------
                         slack                                  0.481    

Slack (MET) :             0.481ns  (required time - arrival time)
  Source:                 bd_0_i/hls_inst/U0/GaussianBlur_U0/grp_Filter2D_fu_40/ap_enable_reg_pp0_iter5_reg/C
                            (rising edge-triggered cell FDRE clocked by ap_clk  {rise@0.000ns fall@5.000ns period=10.000ns})
  Destination:            bd_0_i/hls_inst/U0/GaussianBlur_U0/grp_Filter2D_fu_40/filter_mac_muladdocq_U50/filter_mac_muladdocq_DSP48_8_U/p/C[14]
                            (rising edge-triggered cell DSP48E1 clocked by ap_clk  {rise@0.000ns fall@5.000ns period=10.000ns})
  Path Group:             ap_clk
  Path Type:              Setup (Max at Slow Process Corner)
  Requirement:            10.000ns  (ap_clk rise@10.000ns - ap_clk rise@0.000ns)
  Data Path Delay:        7.734ns  (logic 4.421ns (57.164%)  route 3.313ns (42.836%))
  Logic Levels:           2  (DSP48E1=1 LUT4=1)
  Clock Path Skew:        -0.049ns (DCD - SCD + CPR)
    Destination Clock Delay (DCD):    0.924ns = ( 10.924 - 10.000 ) 
    Source Clock Delay      (SCD):    0.973ns
    Clock Pessimism Removal (CPR):    0.000ns
  Clock Uncertainty:      0.035ns  ((TSJ^2 + TIJ^2)^1/2 + DJ) / 2 + PE
    Total System Jitter     (TSJ):    0.071ns
    Total Input Jitter      (TIJ):    0.000ns
    Discrete Jitter          (DJ):    0.000ns
    Phase Error              (PE):    0.000ns

    Location             Delay type                Incr(ns)  Path(ns)    Netlist Resource(s)
  -------------------------------------------------------------------    -------------------
                         (clock ap_clk rise edge)     0.000     0.000 r  
                                                      0.000     0.000 r  ap_clk (IN)
                         net (fo=1373, unset)         0.973     0.973    bd_0_i/hls_inst/U0/GaussianBlur_U0/grp_Filter2D_fu_40/ap_clk
    SLICE_X13Y10         FDRE                                         r  bd_0_i/hls_inst/U0/GaussianBlur_U0/grp_Filter2D_fu_40/ap_enable_reg_pp0_iter5_reg/C
  -------------------------------------------------------------------    -------------------
    SLICE_X13Y10         FDRE (Prop_fdre_C_Q)         0.456     1.429 r  bd_0_i/hls_inst/U0/GaussianBlur_U0/grp_Filter2D_fu_40/ap_enable_reg_pp0_iter5_reg/Q
                         net (fo=67, routed)          1.620     3.049    bd_0_i/hls_inst/U0/GaussianBlur_U0/grp_Filter2D_fu_40/ap_enable_reg_pp0_iter5
    SLICE_X28Y20         LUT4 (Prop_lut4_I1_O)        0.124     3.173 r  bd_0_i/hls_inst/U0/GaussianBlur_U0/grp_Filter2D_fu_40/grp_fu_1962_p2_i_5/O
                         net (fo=1, routed)           1.255     4.428    bd_0_i/hls_inst/U0/GaussianBlur_U0/grp_Filter2D_fu_40/grp_fu_1962_p2_i_5_n_1
    DSP48_X0Y8           DSP48E1 (Prop_dsp48e1_A[3]_P[14])
                                                      3.841     8.269 r  bd_0_i/hls_inst/U0/GaussianBlur_U0/grp_Filter2D_fu_40/grp_fu_1962_p2/P[14]
                         net (fo=1, routed)           0.438     8.707    bd_0_i/hls_inst/U0/GaussianBlur_U0/grp_Filter2D_fu_40/filter_mac_muladdocq_U50/filter_mac_muladdocq_DSP48_8_U/P[14]
    DSP48_X0Y9           DSP48E1                                      r  bd_0_i/hls_inst/U0/GaussianBlur_U0/grp_Filter2D_fu_40/filter_mac_muladdocq_U50/filter_mac_muladdocq_DSP48_8_U/p/C[14]
  -------------------------------------------------------------------    -------------------

                         (clock ap_clk rise edge)    10.000    10.000 r  
                                                      0.000    10.000 r  ap_clk (IN)
                         net (fo=1373, unset)         0.924    10.924    bd_0_i/hls_inst/U0/GaussianBlur_U0/grp_Filter2D_fu_40/filter_mac_muladdocq_U50/filter_mac_muladdocq_DSP48_8_U/ap_clk
    DSP48_X0Y9           DSP48E1                                      r  bd_0_i/hls_inst/U0/GaussianBlur_U0/grp_Filter2D_fu_40/filter_mac_muladdocq_U50/filter_mac_muladdocq_DSP48_8_U/p/CLK
                         clock pessimism              0.000    10.924    
                         clock uncertainty           -0.035    10.889    
    DSP48_X0Y9           DSP48E1 (Setup_dsp48e1_CLK_C[14])
                                                     -1.701     9.188    bd_0_i/hls_inst/U0/GaussianBlur_U0/grp_Filter2D_fu_40/filter_mac_muladdocq_U50/filter_mac_muladdocq_DSP48_8_U/p
  -------------------------------------------------------------------
                         required time                          9.188    
                         arrival time                          -8.707    
  -------------------------------------------------------------------
                         slack                                  0.481    

Slack (MET) :             0.481ns  (required time - arrival time)
  Source:                 bd_0_i/hls_inst/U0/GaussianBlur_U0/grp_Filter2D_fu_40/ap_enable_reg_pp0_iter5_reg/C
                            (rising edge-triggered cell FDRE clocked by ap_clk  {rise@0.000ns fall@5.000ns period=10.000ns})
  Destination:            bd_0_i/hls_inst/U0/GaussianBlur_U0/grp_Filter2D_fu_40/filter_mac_muladdocq_U50/filter_mac_muladdocq_DSP48_8_U/p/C[15]
                            (rising edge-triggered cell DSP48E1 clocked by ap_clk  {rise@0.000ns fall@5.000ns period=10.000ns})
  Path Group:             ap_clk
  Path Type:              Setup (Max at Slow Process Corner)
  Requirement:            10.000ns  (ap_clk rise@10.000ns - ap_clk rise@0.000ns)
  Data Path Delay:        7.734ns  (logic 4.421ns (57.164%)  route 3.313ns (42.836%))
  Logic Levels:           2  (DSP48E1=1 LUT4=1)
  Clock Path Skew:        -0.049ns (DCD - SCD + CPR)
    Destination Clock Delay (DCD):    0.924ns = ( 10.924 - 10.000 ) 
    Source Clock Delay      (SCD):    0.973ns
    Clock Pessimism Removal (CPR):    0.000ns
  Clock Uncertainty:      0.035ns  ((TSJ^2 + TIJ^2)^1/2 + DJ) / 2 + PE
    Total System Jitter     (TSJ):    0.071ns
    Total Input Jitter      (TIJ):    0.000ns
    Discrete Jitter          (DJ):    0.000ns
    Phase Error              (PE):    0.000ns

    Location             Delay type                Incr(ns)  Path(ns)    Netlist Resource(s)
  -------------------------------------------------------------------    -------------------
                         (clock ap_clk rise edge)     0.000     0.000 r  
                                                      0.000     0.000 r  ap_clk (IN)
                         net (fo=1373, unset)         0.973     0.973    bd_0_i/hls_inst/U0/GaussianBlur_U0/grp_Filter2D_fu_40/ap_clk
    SLICE_X13Y10         FDRE                                         r  bd_0_i/hls_inst/U0/GaussianBlur_U0/grp_Filter2D_fu_40/ap_enable_reg_pp0_iter5_reg/C
  -------------------------------------------------------------------    -------------------
    SLICE_X13Y10         FDRE (Prop_fdre_C_Q)         0.456     1.429 r  bd_0_i/hls_inst/U0/GaussianBlur_U0/grp_Filter2D_fu_40/ap_enable_reg_pp0_iter5_reg/Q
                         net (fo=67, routed)          1.620     3.049    bd_0_i/hls_inst/U0/GaussianBlur_U0/grp_Filter2D_fu_40/ap_enable_reg_pp0_iter5
    SLICE_X28Y20         LUT4 (Prop_lut4_I1_O)        0.124     3.173 r  bd_0_i/hls_inst/U0/GaussianBlur_U0/grp_Filter2D_fu_40/grp_fu_1962_p2_i_5/O
                         net (fo=1, routed)           1.255     4.428    bd_0_i/hls_inst/U0/GaussianBlur_U0/grp_Filter2D_fu_40/grp_fu_1962_p2_i_5_n_1
    DSP48_X0Y8           DSP48E1 (Prop_dsp48e1_A[3]_P[15])
                                                      3.841     8.269 r  bd_0_i/hls_inst/U0/GaussianBlur_U0/grp_Filter2D_fu_40/grp_fu_1962_p2/P[15]
                         net (fo=1, routed)           0.438     8.707    bd_0_i/hls_inst/U0/GaussianBlur_U0/grp_Filter2D_fu_40/filter_mac_muladdocq_U50/filter_mac_muladdocq_DSP48_8_U/P[15]
    DSP48_X0Y9           DSP48E1                                      r  bd_0_i/hls_inst/U0/GaussianBlur_U0/grp_Filter2D_fu_40/filter_mac_muladdocq_U50/filter_mac_muladdocq_DSP48_8_U/p/C[15]
  -------------------------------------------------------------------    -------------------

                         (clock ap_clk rise edge)    10.000    10.000 r  
                                                      0.000    10.000 r  ap_clk (IN)
                         net (fo=1373, unset)         0.924    10.924    bd_0_i/hls_inst/U0/GaussianBlur_U0/grp_Filter2D_fu_40/filter_mac_muladdocq_U50/filter_mac_muladdocq_DSP48_8_U/ap_clk
    DSP48_X0Y9           DSP48E1                                      r  bd_0_i/hls_inst/U0/GaussianBlur_U0/grp_Filter2D_fu_40/filter_mac_muladdocq_U50/filter_mac_muladdocq_DSP48_8_U/p/CLK
                         clock pessimism              0.000    10.924    
                         clock uncertainty           -0.035    10.889    
    DSP48_X0Y9           DSP48E1 (Setup_dsp48e1_CLK_C[15])
                                                     -1.701     9.188    bd_0_i/hls_inst/U0/GaussianBlur_U0/grp_Filter2D_fu_40/filter_mac_muladdocq_U50/filter_mac_muladdocq_DSP48_8_U/p
  -------------------------------------------------------------------
                         required time                          9.188    
                         arrival time                          -8.707    
  -------------------------------------------------------------------
                         slack                                  0.481    

Slack (MET) :             0.481ns  (required time - arrival time)
  Source:                 bd_0_i/hls_inst/U0/GaussianBlur_U0/grp_Filter2D_fu_40/ap_enable_reg_pp0_iter5_reg/C
                            (rising edge-triggered cell FDRE clocked by ap_clk  {rise@0.000ns fall@5.000ns period=10.000ns})
  Destination:            bd_0_i/hls_inst/U0/GaussianBlur_U0/grp_Filter2D_fu_40/filter_mac_muladdocq_U50/filter_mac_muladdocq_DSP48_8_U/p/C[16]
                            (rising edge-triggered cell DSP48E1 clocked by ap_clk  {rise@0.000ns fall@5.000ns period=10.000ns})
  Path Group:             ap_clk
  Path Type:              Setup (Max at Slow Process Corner)
  Requirement:            10.000ns  (ap_clk rise@10.000ns - ap_clk rise@0.000ns)
  Data Path Delay:        7.734ns  (logic 4.421ns (57.164%)  route 3.313ns (42.836%))
  Logic Levels:           2  (DSP48E1=1 LUT4=1)
  Clock Path Skew:        -0.049ns (DCD - SCD + CPR)
    Destination Clock Delay (DCD):    0.924ns = ( 10.924 - 10.000 ) 
    Source Clock Delay      (SCD):    0.973ns
    Clock Pessimism Removal (CPR):    0.000ns
  Clock Uncertainty:      0.035ns  ((TSJ^2 + TIJ^2)^1/2 + DJ) / 2 + PE
    Total System Jitter     (TSJ):    0.071ns
    Total Input Jitter      (TIJ):    0.000ns
    Discrete Jitter          (DJ):    0.000ns
    Phase Error              (PE):    0.000ns

    Location             Delay type                Incr(ns)  Path(ns)    Netlist Resource(s)
  -------------------------------------------------------------------    -------------------
                         (clock ap_clk rise edge)     0.000     0.000 r  
                                                      0.000     0.000 r  ap_clk (IN)
                         net (fo=1373, unset)         0.973     0.973    bd_0_i/hls_inst/U0/GaussianBlur_U0/grp_Filter2D_fu_40/ap_clk
    SLICE_X13Y10         FDRE                                         r  bd_0_i/hls_inst/U0/GaussianBlur_U0/grp_Filter2D_fu_40/ap_enable_reg_pp0_iter5_reg/C
  -------------------------------------------------------------------    -------------------
    SLICE_X13Y10         FDRE (Prop_fdre_C_Q)         0.456     1.429 r  bd_0_i/hls_inst/U0/GaussianBlur_U0/grp_Filter2D_fu_40/ap_enable_reg_pp0_iter5_reg/Q
                         net (fo=67, routed)          1.620     3.049    bd_0_i/hls_inst/U0/GaussianBlur_U0/grp_Filter2D_fu_40/ap_enable_reg_pp0_iter5
    SLICE_X28Y20         LUT4 (Prop_lut4_I1_O)        0.124     3.173 r  bd_0_i/hls_inst/U0/GaussianBlur_U0/grp_Filter2D_fu_40/grp_fu_1962_p2_i_5/O
                         net (fo=1, routed)           1.255     4.428    bd_0_i/hls_inst/U0/GaussianBlur_U0/grp_Filter2D_fu_40/grp_fu_1962_p2_i_5_n_1
    DSP48_X0Y8           DSP48E1 (Prop_dsp48e1_A[3]_P[16])
                                                      3.841     8.269 r  bd_0_i/hls_inst/U0/GaussianBlur_U0/grp_Filter2D_fu_40/grp_fu_1962_p2/P[16]
                         net (fo=1, routed)           0.438     8.707    bd_0_i/hls_inst/U0/GaussianBlur_U0/grp_Filter2D_fu_40/filter_mac_muladdocq_U50/filter_mac_muladdocq_DSP48_8_U/P[16]
    DSP48_X0Y9           DSP48E1                                      r  bd_0_i/hls_inst/U0/GaussianBlur_U0/grp_Filter2D_fu_40/filter_mac_muladdocq_U50/filter_mac_muladdocq_DSP48_8_U/p/C[16]
  -------------------------------------------------------------------    -------------------

                         (clock ap_clk rise edge)    10.000    10.000 r  
                                                      0.000    10.000 r  ap_clk (IN)
                         net (fo=1373, unset)         0.924    10.924    bd_0_i/hls_inst/U0/GaussianBlur_U0/grp_Filter2D_fu_40/filter_mac_muladdocq_U50/filter_mac_muladdocq_DSP48_8_U/ap_clk
    DSP48_X0Y9           DSP48E1                                      r  bd_0_i/hls_inst/U0/GaussianBlur_U0/grp_Filter2D_fu_40/filter_mac_muladdocq_U50/filter_mac_muladdocq_DSP48_8_U/p/CLK
                         clock pessimism              0.000    10.924    
                         clock uncertainty           -0.035    10.889    
    DSP48_X0Y9           DSP48E1 (Setup_dsp48e1_CLK_C[16])
                                                     -1.701     9.188    bd_0_i/hls_inst/U0/GaussianBlur_U0/grp_Filter2D_fu_40/filter_mac_muladdocq_U50/filter_mac_muladdocq_DSP48_8_U/p
  -------------------------------------------------------------------
                         required time                          9.188    
                         arrival time                          -8.707    
  -------------------------------------------------------------------
                         slack                                  0.481    

Slack (MET) :             0.481ns  (required time - arrival time)
  Source:                 bd_0_i/hls_inst/U0/GaussianBlur_U0/grp_Filter2D_fu_40/ap_enable_reg_pp0_iter5_reg/C
                            (rising edge-triggered cell FDRE clocked by ap_clk  {rise@0.000ns fall@5.000ns period=10.000ns})
  Destination:            bd_0_i/hls_inst/U0/GaussianBlur_U0/grp_Filter2D_fu_40/filter_mac_muladdocq_U50/filter_mac_muladdocq_DSP48_8_U/p/C[1]
                            (rising edge-triggered cell DSP48E1 clocked by ap_clk  {rise@0.000ns fall@5.000ns period=10.000ns})
  Path Group:             ap_clk
  Path Type:              Setup (Max at Slow Process Corner)
  Requirement:            10.000ns  (ap_clk rise@10.000ns - ap_clk rise@0.000ns)
  Data Path Delay:        7.734ns  (logic 4.421ns (57.164%)  route 3.313ns (42.836%))
  Logic Levels:           2  (DSP48E1=1 LUT4=1)
  Clock Path Skew:        -0.049ns (DCD - SCD + CPR)
    Destination Clock Delay (DCD):    0.924ns = ( 10.924 - 10.000 ) 
    Source Clock Delay      (SCD):    0.973ns
    Clock Pessimism Removal (CPR):    0.000ns
  Clock Uncertainty:      0.035ns  ((TSJ^2 + TIJ^2)^1/2 + DJ) / 2 + PE
    Total System Jitter     (TSJ):    0.071ns
    Total Input Jitter      (TIJ):    0.000ns
    Discrete Jitter          (DJ):    0.000ns
    Phase Error              (PE):    0.000ns

    Location             Delay type                Incr(ns)  Path(ns)    Netlist Resource(s)
  -------------------------------------------------------------------    -------------------
                         (clock ap_clk rise edge)     0.000     0.000 r  
                                                      0.000     0.000 r  ap_clk (IN)
                         net (fo=1373, unset)         0.973     0.973    bd_0_i/hls_inst/U0/GaussianBlur_U0/grp_Filter2D_fu_40/ap_clk
    SLICE_X13Y10         FDRE                                         r  bd_0_i/hls_inst/U0/GaussianBlur_U0/grp_Filter2D_fu_40/ap_enable_reg_pp0_iter5_reg/C
  -------------------------------------------------------------------    -------------------
    SLICE_X13Y10         FDRE (Prop_fdre_C_Q)         0.456     1.429 r  bd_0_i/hls_inst/U0/GaussianBlur_U0/grp_Filter2D_fu_40/ap_enable_reg_pp0_iter5_reg/Q
                         net (fo=67, routed)          1.620     3.049    bd_0_i/hls_inst/U0/GaussianBlur_U0/grp_Filter2D_fu_40/ap_enable_reg_pp0_iter5
    SLICE_X28Y20         LUT4 (Prop_lut4_I1_O)        0.124     3.173 r  bd_0_i/hls_inst/U0/GaussianBlur_U0/grp_Filter2D_fu_40/grp_fu_1962_p2_i_5/O
                         net (fo=1, routed)           1.255     4.428    bd_0_i/hls_inst/U0/GaussianBlur_U0/grp_Filter2D_fu_40/grp_fu_1962_p2_i_5_n_1
    DSP48_X0Y8           DSP48E1 (Prop_dsp48e1_A[3]_P[1])
                                                      3.841     8.269 r  bd_0_i/hls_inst/U0/GaussianBlur_U0/grp_Filter2D_fu_40/grp_fu_1962_p2/P[1]
                         net (fo=1, routed)           0.438     8.707    bd_0_i/hls_inst/U0/GaussianBlur_U0/grp_Filter2D_fu_40/filter_mac_muladdocq_U50/filter_mac_muladdocq_DSP48_8_U/P[1]
    DSP48_X0Y9           DSP48E1                                      r  bd_0_i/hls_inst/U0/GaussianBlur_U0/grp_Filter2D_fu_40/filter_mac_muladdocq_U50/filter_mac_muladdocq_DSP48_8_U/p/C[1]
  -------------------------------------------------------------------    -------------------

                         (clock ap_clk rise edge)    10.000    10.000 r  
                                                      0.000    10.000 r  ap_clk (IN)
                         net (fo=1373, unset)         0.924    10.924    bd_0_i/hls_inst/U0/GaussianBlur_U0/grp_Filter2D_fu_40/filter_mac_muladdocq_U50/filter_mac_muladdocq_DSP48_8_U/ap_clk
    DSP48_X0Y9           DSP48E1                                      r  bd_0_i/hls_inst/U0/GaussianBlur_U0/grp_Filter2D_fu_40/filter_mac_muladdocq_U50/filter_mac_muladdocq_DSP48_8_U/p/CLK
                         clock pessimism              0.000    10.924    
                         clock uncertainty           -0.035    10.889    
    DSP48_X0Y9           DSP48E1 (Setup_dsp48e1_CLK_C[1])
                                                     -1.701     9.188    bd_0_i/hls_inst/U0/GaussianBlur_U0/grp_Filter2D_fu_40/filter_mac_muladdocq_U50/filter_mac_muladdocq_DSP48_8_U/p
  -------------------------------------------------------------------
                         required time                          9.188    
                         arrival time                          -8.707    
  -------------------------------------------------------------------
                         slack                                  0.481    

Slack (MET) :             0.481ns  (required time - arrival time)
  Source:                 bd_0_i/hls_inst/U0/GaussianBlur_U0/grp_Filter2D_fu_40/ap_enable_reg_pp0_iter5_reg/C
                            (rising edge-triggered cell FDRE clocked by ap_clk  {rise@0.000ns fall@5.000ns period=10.000ns})
  Destination:            bd_0_i/hls_inst/U0/GaussianBlur_U0/grp_Filter2D_fu_40/filter_mac_muladdocq_U50/filter_mac_muladdocq_DSP48_8_U/p/C[2]
                            (rising edge-triggered cell DSP48E1 clocked by ap_clk  {rise@0.000ns fall@5.000ns period=10.000ns})
  Path Group:             ap_clk
  Path Type:              Setup (Max at Slow Process Corner)
  Requirement:            10.000ns  (ap_clk rise@10.000ns - ap_clk rise@0.000ns)
  Data Path Delay:        7.734ns  (logic 4.421ns (57.164%)  route 3.313ns (42.836%))
  Logic Levels:           2  (DSP48E1=1 LUT4=1)
  Clock Path Skew:        -0.049ns (DCD - SCD + CPR)
    Destination Clock Delay (DCD):    0.924ns = ( 10.924 - 10.000 ) 
    Source Clock Delay      (SCD):    0.973ns
    Clock Pessimism Removal (CPR):    0.000ns
  Clock Uncertainty:      0.035ns  ((TSJ^2 + TIJ^2)^1/2 + DJ) / 2 + PE
    Total System Jitter     (TSJ):    0.071ns
    Total Input Jitter      (TIJ):    0.000ns
    Discrete Jitter          (DJ):    0.000ns
    Phase Error              (PE):    0.000ns

    Location             Delay type                Incr(ns)  Path(ns)    Netlist Resource(s)
  -------------------------------------------------------------------    -------------------
                         (clock ap_clk rise edge)     0.000     0.000 r  
                                                      0.000     0.000 r  ap_clk (IN)
                         net (fo=1373, unset)         0.973     0.973    bd_0_i/hls_inst/U0/GaussianBlur_U0/grp_Filter2D_fu_40/ap_clk
    SLICE_X13Y10         FDRE                                         r  bd_0_i/hls_inst/U0/GaussianBlur_U0/grp_Filter2D_fu_40/ap_enable_reg_pp0_iter5_reg/C
  -------------------------------------------------------------------    -------------------
    SLICE_X13Y10         FDRE (Prop_fdre_C_Q)         0.456     1.429 r  bd_0_i/hls_inst/U0/GaussianBlur_U0/grp_Filter2D_fu_40/ap_enable_reg_pp0_iter5_reg/Q
                         net (fo=67, routed)          1.620     3.049    bd_0_i/hls_inst/U0/GaussianBlur_U0/grp_Filter2D_fu_40/ap_enable_reg_pp0_iter5
    SLICE_X28Y20         LUT4 (Prop_lut4_I1_O)        0.124     3.173 r  bd_0_i/hls_inst/U0/GaussianBlur_U0/grp_Filter2D_fu_40/grp_fu_1962_p2_i_5/O
                         net (fo=1, routed)           1.255     4.428    bd_0_i/hls_inst/U0/GaussianBlur_U0/grp_Filter2D_fu_40/grp_fu_1962_p2_i_5_n_1
    DSP48_X0Y8           DSP48E1 (Prop_dsp48e1_A[3]_P[2])
                                                      3.841     8.269 r  bd_0_i/hls_inst/U0/GaussianBlur_U0/grp_Filter2D_fu_40/grp_fu_1962_p2/P[2]
                         net (fo=1, routed)           0.438     8.707    bd_0_i/hls_inst/U0/GaussianBlur_U0/grp_Filter2D_fu_40/filter_mac_muladdocq_U50/filter_mac_muladdocq_DSP48_8_U/P[2]
    DSP48_X0Y9           DSP48E1                                      r  bd_0_i/hls_inst/U0/GaussianBlur_U0/grp_Filter2D_fu_40/filter_mac_muladdocq_U50/filter_mac_muladdocq_DSP48_8_U/p/C[2]
  -------------------------------------------------------------------    -------------------

                         (clock ap_clk rise edge)    10.000    10.000 r  
                                                      0.000    10.000 r  ap_clk (IN)
                         net (fo=1373, unset)         0.924    10.924    bd_0_i/hls_inst/U0/GaussianBlur_U0/grp_Filter2D_fu_40/filter_mac_muladdocq_U50/filter_mac_muladdocq_DSP48_8_U/ap_clk
    DSP48_X0Y9           DSP48E1                                      r  bd_0_i/hls_inst/U0/GaussianBlur_U0/grp_Filter2D_fu_40/filter_mac_muladdocq_U50/filter_mac_muladdocq_DSP48_8_U/p/CLK
                         clock pessimism              0.000    10.924    
                         clock uncertainty           -0.035    10.889    
    DSP48_X0Y9           DSP48E1 (Setup_dsp48e1_CLK_C[2])
                                                     -1.701     9.188    bd_0_i/hls_inst/U0/GaussianBlur_U0/grp_Filter2D_fu_40/filter_mac_muladdocq_U50/filter_mac_muladdocq_DSP48_8_U/p
  -------------------------------------------------------------------
                         required time                          9.188    
                         arrival time                          -8.707    
  -------------------------------------------------------------------
                         slack                                  0.481    





Min Delay Paths
--------------------------------------------------------------------------------------
Slack (MET) :             0.099ns  (arrival time - required time)
  Source:                 bd_0_i/hls_inst/U0/GaussianBlur_U0/grp_Filter2D_fu_40/src_kernel_win_0_va_5_fu_190_reg[5]/C
                            (rising edge-triggered cell FDRE clocked by ap_clk  {rise@0.000ns fall@5.000ns period=10.000ns})
  Destination:            bd_0_i/hls_inst/U0/GaussianBlur_U0/grp_Filter2D_fu_40/src_kernel_win_0_va_6_fu_194_reg[5]/D
                            (rising edge-triggered cell FDRE clocked by ap_clk  {rise@0.000ns fall@5.000ns period=10.000ns})
  Path Group:             ap_clk
  Path Type:              Hold (Min at Fast Process Corner)
  Requirement:            0.000ns  (ap_clk rise@0.000ns - ap_clk rise@0.000ns)
  Data Path Delay:        0.197ns  (logic 0.141ns (71.611%)  route 0.056ns (28.389%))
  Logic Levels:           0  
  Clock Path Skew:        0.022ns (DCD - SCD - CPR)
    Destination Clock Delay (DCD):    0.432ns
    Source Clock Delay      (SCD):    0.410ns
    Clock Pessimism Removal (CPR):    -0.000ns

    Location             Delay type                Incr(ns)  Path(ns)    Netlist Resource(s)
  -------------------------------------------------------------------    -------------------
                         (clock ap_clk rise edge)     0.000     0.000 r  
                                                      0.000     0.000 r  ap_clk (IN)
                         net (fo=1373, unset)         0.410     0.410    bd_0_i/hls_inst/U0/GaussianBlur_U0/grp_Filter2D_fu_40/ap_clk
    SLICE_X31Y25         FDRE                                         r  bd_0_i/hls_inst/U0/GaussianBlur_U0/grp_Filter2D_fu_40/src_kernel_win_0_va_5_fu_190_reg[5]/C
  -------------------------------------------------------------------    -------------------
    SLICE_X31Y25         FDRE (Prop_fdre_C_Q)         0.141     0.551 r  bd_0_i/hls_inst/U0/GaussianBlur_U0/grp_Filter2D_fu_40/src_kernel_win_0_va_5_fu_190_reg[5]/Q
                         net (fo=3, routed)           0.056     0.607    bd_0_i/hls_inst/U0/GaussianBlur_U0/grp_Filter2D_fu_40/src_kernel_win_0_va_5_fu_190[5]
    SLICE_X31Y25         FDRE                                         r  bd_0_i/hls_inst/U0/GaussianBlur_U0/grp_Filter2D_fu_40/src_kernel_win_0_va_6_fu_194_reg[5]/D
  -------------------------------------------------------------------    -------------------

                         (clock ap_clk rise edge)     0.000     0.000 r  
                                                      0.000     0.000 r  ap_clk (IN)
                         net (fo=1373, unset)         0.432     0.432    bd_0_i/hls_inst/U0/GaussianBlur_U0/grp_Filter2D_fu_40/ap_clk
    SLICE_X31Y25         FDRE                                         r  bd_0_i/hls_inst/U0/GaussianBlur_U0/grp_Filter2D_fu_40/src_kernel_win_0_va_6_fu_194_reg[5]/C
                         clock pessimism              0.000     0.432    
    SLICE_X31Y25         FDRE (Hold_fdre_C_D)         0.076     0.508    bd_0_i/hls_inst/U0/GaussianBlur_U0/grp_Filter2D_fu_40/src_kernel_win_0_va_6_fu_194_reg[5]
  -------------------------------------------------------------------
                         required time                         -0.508    
                         arrival time                           0.607    
  -------------------------------------------------------------------
                         slack                                  0.099    

Slack (MET) :             0.099ns  (arrival time - required time)
  Source:                 bd_0_i/hls_inst/U0/img_0_data_stream_1_U/U_fifo_w8_d2_A_shiftReg/SRL_SIG_reg[0][4]/C
                            (rising edge-triggered cell FDRE clocked by ap_clk  {rise@0.000ns fall@5.000ns period=10.000ns})
  Destination:            bd_0_i/hls_inst/U0/img_0_data_stream_1_U/U_fifo_w8_d2_A_shiftReg/SRL_SIG_reg[1][4]/D
                            (rising edge-triggered cell FDRE clocked by ap_clk  {rise@0.000ns fall@5.000ns period=10.000ns})
  Path Group:             ap_clk
  Path Type:              Hold (Min at Fast Process Corner)
  Requirement:            0.000ns  (ap_clk rise@0.000ns - ap_clk rise@0.000ns)
  Data Path Delay:        0.197ns  (logic 0.141ns (71.611%)  route 0.056ns (28.389%))
  Logic Levels:           0  
  Clock Path Skew:        0.022ns (DCD - SCD - CPR)
    Destination Clock Delay (DCD):    0.432ns
    Source Clock Delay      (SCD):    0.410ns
    Clock Pessimism Removal (CPR):    -0.000ns

    Location             Delay type                Incr(ns)  Path(ns)    Netlist Resource(s)
  -------------------------------------------------------------------    -------------------
                         (clock ap_clk rise edge)     0.000     0.000 r  
                                                      0.000     0.000 r  ap_clk (IN)
                         net (fo=1373, unset)         0.410     0.410    bd_0_i/hls_inst/U0/img_0_data_stream_1_U/U_fifo_w8_d2_A_shiftReg/ap_clk
    SLICE_X11Y30         FDRE                                         r  bd_0_i/hls_inst/U0/img_0_data_stream_1_U/U_fifo_w8_d2_A_shiftReg/SRL_SIG_reg[0][4]/C
  -------------------------------------------------------------------    -------------------
    SLICE_X11Y30         FDRE (Prop_fdre_C_Q)         0.141     0.551 r  bd_0_i/hls_inst/U0/img_0_data_stream_1_U/U_fifo_w8_d2_A_shiftReg/SRL_SIG_reg[0][4]/Q
                         net (fo=2, routed)           0.056     0.607    bd_0_i/hls_inst/U0/img_0_data_stream_1_U/U_fifo_w8_d2_A_shiftReg/SRL_SIG_reg[0]_0[4]
    SLICE_X11Y30         FDRE                                         r  bd_0_i/hls_inst/U0/img_0_data_stream_1_U/U_fifo_w8_d2_A_shiftReg/SRL_SIG_reg[1][4]/D
  -------------------------------------------------------------------    -------------------

                         (clock ap_clk rise edge)     0.000     0.000 r  
                                                      0.000     0.000 r  ap_clk (IN)
                         net (fo=1373, unset)         0.432     0.432    bd_0_i/hls_inst/U0/img_0_data_stream_1_U/U_fifo_w8_d2_A_shiftReg/ap_clk
    SLICE_X11Y30         FDRE                                         r  bd_0_i/hls_inst/U0/img_0_data_stream_1_U/U_fifo_w8_d2_A_shiftReg/SRL_SIG_reg[1][4]/C
                         clock pessimism              0.000     0.432    
    SLICE_X11Y30         FDRE (Hold_fdre_C_D)         0.076     0.508    bd_0_i/hls_inst/U0/img_0_data_stream_1_U/U_fifo_w8_d2_A_shiftReg/SRL_SIG_reg[1][4]
  -------------------------------------------------------------------
                         required time                         -0.508    
                         arrival time                           0.607    
  -------------------------------------------------------------------
                         slack                                  0.099    

Slack (MET) :             0.104ns  (arrival time - required time)
  Source:                 bd_0_i/hls_inst/U0/img_0_data_stream_1_U/U_fifo_w8_d2_A_shiftReg/SRL_SIG_reg[0][3]/C
                            (rising edge-triggered cell FDRE clocked by ap_clk  {rise@0.000ns fall@5.000ns period=10.000ns})
  Destination:            bd_0_i/hls_inst/U0/img_0_data_stream_1_U/U_fifo_w8_d2_A_shiftReg/SRL_SIG_reg[1][3]/D
                            (rising edge-triggered cell FDRE clocked by ap_clk  {rise@0.000ns fall@5.000ns period=10.000ns})
  Path Group:             ap_clk
  Path Type:              Hold (Min at Fast Process Corner)
  Requirement:            0.000ns  (ap_clk rise@0.000ns - ap_clk rise@0.000ns)
  Data Path Delay:        0.197ns  (logic 0.141ns (71.611%)  route 0.056ns (28.389%))
  Logic Levels:           0  
  Clock Path Skew:        0.022ns (DCD - SCD - CPR)
    Destination Clock Delay (DCD):    0.432ns
    Source Clock Delay      (SCD):    0.410ns
    Clock Pessimism Removal (CPR):    -0.000ns

    Location             Delay type                Incr(ns)  Path(ns)    Netlist Resource(s)
  -------------------------------------------------------------------    -------------------
                         (clock ap_clk rise edge)     0.000     0.000 r  
                                                      0.000     0.000 r  ap_clk (IN)
                         net (fo=1373, unset)         0.410     0.410    bd_0_i/hls_inst/U0/img_0_data_stream_1_U/U_fifo_w8_d2_A_shiftReg/ap_clk
    SLICE_X11Y30         FDRE                                         r  bd_0_i/hls_inst/U0/img_0_data_stream_1_U/U_fifo_w8_d2_A_shiftReg/SRL_SIG_reg[0][3]/C
  -------------------------------------------------------------------    -------------------
    SLICE_X11Y30         FDRE (Prop_fdre_C_Q)         0.141     0.551 r  bd_0_i/hls_inst/U0/img_0_data_stream_1_U/U_fifo_w8_d2_A_shiftReg/SRL_SIG_reg[0][3]/Q
                         net (fo=2, routed)           0.056     0.607    bd_0_i/hls_inst/U0/img_0_data_stream_1_U/U_fifo_w8_d2_A_shiftReg/SRL_SIG_reg[0]_0[3]
    SLICE_X11Y30         FDRE                                         r  bd_0_i/hls_inst/U0/img_0_data_stream_1_U/U_fifo_w8_d2_A_shiftReg/SRL_SIG_reg[1][3]/D
  -------------------------------------------------------------------    -------------------

                         (clock ap_clk rise edge)     0.000     0.000 r  
                                                      0.000     0.000 r  ap_clk (IN)
                         net (fo=1373, unset)         0.432     0.432    bd_0_i/hls_inst/U0/img_0_data_stream_1_U/U_fifo_w8_d2_A_shiftReg/ap_clk
    SLICE_X11Y30         FDRE                                         r  bd_0_i/hls_inst/U0/img_0_data_stream_1_U/U_fifo_w8_d2_A_shiftReg/SRL_SIG_reg[1][3]/C
                         clock pessimism              0.000     0.432    
    SLICE_X11Y30         FDRE (Hold_fdre_C_D)         0.071     0.503    bd_0_i/hls_inst/U0/img_0_data_stream_1_U/U_fifo_w8_d2_A_shiftReg/SRL_SIG_reg[1][3]
  -------------------------------------------------------------------
                         required time                         -0.503    
                         arrival time                           0.607    
  -------------------------------------------------------------------
                         slack                                  0.104    

Slack (MET) :             0.108ns  (arrival time - required time)
  Source:                 bd_0_i/hls_inst/U0/GaussianBlur_U0/grp_Filter2D_fu_40/x_reg_2364_reg[7]/C
                            (rising edge-triggered cell FDRE clocked by ap_clk  {rise@0.000ns fall@5.000ns period=10.000ns})
  Destination:            bd_0_i/hls_inst/U0/GaussianBlur_U0/grp_Filter2D_fu_40/k_buf_0_val_6_U/Filter2D_k_buf_0_eOg_ram_U/ram_reg/ADDRARDADDR[11]
                            (rising edge-triggered cell RAMB18E1 clocked by ap_clk  {rise@0.000ns fall@5.000ns period=10.000ns})
  Path Group:             ap_clk
  Path Type:              Hold (Min at Fast Process Corner)
  Requirement:            0.000ns  (ap_clk rise@0.000ns - ap_clk rise@0.000ns)
  Data Path Delay:        0.312ns  (logic 0.141ns (45.124%)  route 0.171ns (54.876%))
  Logic Levels:           0  
  Clock Path Skew:        0.022ns (DCD - SCD - CPR)
    Destination Clock Delay (DCD):    0.432ns
    Source Clock Delay      (SCD):    0.410ns
    Clock Pessimism Removal (CPR):    -0.000ns

    Location             Delay type                Incr(ns)  Path(ns)    Netlist Resource(s)
  -------------------------------------------------------------------    -------------------
                         (clock ap_clk rise edge)     0.000     0.000 r  
                                                      0.000     0.000 r  ap_clk (IN)
                         net (fo=1373, unset)         0.410     0.410    bd_0_i/hls_inst/U0/GaussianBlur_U0/grp_Filter2D_fu_40/ap_clk
    SLICE_X7Y13          FDRE                                         r  bd_0_i/hls_inst/U0/GaussianBlur_U0/grp_Filter2D_fu_40/x_reg_2364_reg[7]/C
  -------------------------------------------------------------------    -------------------
    SLICE_X7Y13          FDRE (Prop_fdre_C_Q)         0.141     0.551 r  bd_0_i/hls_inst/U0/GaussianBlur_U0/grp_Filter2D_fu_40/x_reg_2364_reg[7]/Q
                         net (fo=7, routed)           0.171     0.723    bd_0_i/hls_inst/U0/GaussianBlur_U0/grp_Filter2D_fu_40/k_buf_0_val_6_U/Filter2D_k_buf_0_eOg_ram_U/ADDRARDADDR[7]
    RAMB18_X0Y5          RAMB18E1                                     r  bd_0_i/hls_inst/U0/GaussianBlur_U0/grp_Filter2D_fu_40/k_buf_0_val_6_U/Filter2D_k_buf_0_eOg_ram_U/ram_reg/ADDRARDADDR[11]
  -------------------------------------------------------------------    -------------------

                         (clock ap_clk rise edge)     0.000     0.000 r  
                                                      0.000     0.000 r  ap_clk (IN)
                         net (fo=1373, unset)         0.432     0.432    bd_0_i/hls_inst/U0/GaussianBlur_U0/grp_Filter2D_fu_40/k_buf_0_val_6_U/Filter2D_k_buf_0_eOg_ram_U/ap_clk
    RAMB18_X0Y5          RAMB18E1                                     r  bd_0_i/hls_inst/U0/GaussianBlur_U0/grp_Filter2D_fu_40/k_buf_0_val_6_U/Filter2D_k_buf_0_eOg_ram_U/ram_reg/CLKARDCLK
                         clock pessimism              0.000     0.432    
    RAMB18_X0Y5          RAMB18E1 (Hold_ramb18e1_CLKARDCLK_ADDRARDADDR[11])
                                                      0.183     0.615    bd_0_i/hls_inst/U0/GaussianBlur_U0/grp_Filter2D_fu_40/k_buf_0_val_6_U/Filter2D_k_buf_0_eOg_ram_U/ram_reg
  -------------------------------------------------------------------
                         required time                         -0.615    
                         arrival time                           0.723    
  -------------------------------------------------------------------
                         slack                                  0.108    

Slack (MET) :             0.108ns  (arrival time - required time)
  Source:                 bd_0_i/hls_inst/U0/GaussianBlur_U0/grp_Filter2D_fu_40/x_reg_2364_reg[7]/C
                            (rising edge-triggered cell FDRE clocked by ap_clk  {rise@0.000ns fall@5.000ns period=10.000ns})
  Destination:            bd_0_i/hls_inst/U0/GaussianBlur_U0/grp_Filter2D_fu_40/k_buf_0_val_7_U/Filter2D_k_buf_0_eOg_ram_U/ram_reg/ADDRARDADDR[11]
                            (rising edge-triggered cell RAMB18E1 clocked by ap_clk  {rise@0.000ns fall@5.000ns period=10.000ns})
  Path Group:             ap_clk
  Path Type:              Hold (Min at Fast Process Corner)
  Requirement:            0.000ns  (ap_clk rise@0.000ns - ap_clk rise@0.000ns)
  Data Path Delay:        0.312ns  (logic 0.141ns (45.124%)  route 0.171ns (54.876%))
  Logic Levels:           0  
  Clock Path Skew:        0.022ns (DCD - SCD - CPR)
    Destination Clock Delay (DCD):    0.432ns
    Source Clock Delay      (SCD):    0.410ns
    Clock Pessimism Removal (CPR):    -0.000ns

    Location             Delay type                Incr(ns)  Path(ns)    Netlist Resource(s)
  -------------------------------------------------------------------    -------------------
                         (clock ap_clk rise edge)     0.000     0.000 r  
                                                      0.000     0.000 r  ap_clk (IN)
                         net (fo=1373, unset)         0.410     0.410    bd_0_i/hls_inst/U0/GaussianBlur_U0/grp_Filter2D_fu_40/ap_clk
    SLICE_X7Y13          FDRE                                         r  bd_0_i/hls_inst/U0/GaussianBlur_U0/grp_Filter2D_fu_40/x_reg_2364_reg[7]/C
  -------------------------------------------------------------------    -------------------
    SLICE_X7Y13          FDRE (Prop_fdre_C_Q)         0.141     0.551 r  bd_0_i/hls_inst/U0/GaussianBlur_U0/grp_Filter2D_fu_40/x_reg_2364_reg[7]/Q
                         net (fo=7, routed)           0.171     0.723    bd_0_i/hls_inst/U0/GaussianBlur_U0/grp_Filter2D_fu_40/k_buf_0_val_7_U/Filter2D_k_buf_0_eOg_ram_U/ADDRARDADDR[7]
    RAMB18_X0Y4          RAMB18E1                                     r  bd_0_i/hls_inst/U0/GaussianBlur_U0/grp_Filter2D_fu_40/k_buf_0_val_7_U/Filter2D_k_buf_0_eOg_ram_U/ram_reg/ADDRARDADDR[11]
  -------------------------------------------------------------------    -------------------

                         (clock ap_clk rise edge)     0.000     0.000 r  
                                                      0.000     0.000 r  ap_clk (IN)
                         net (fo=1373, unset)         0.432     0.432    bd_0_i/hls_inst/U0/GaussianBlur_U0/grp_Filter2D_fu_40/k_buf_0_val_7_U/Filter2D_k_buf_0_eOg_ram_U/ap_clk
    RAMB18_X0Y4          RAMB18E1                                     r  bd_0_i/hls_inst/U0/GaussianBlur_U0/grp_Filter2D_fu_40/k_buf_0_val_7_U/Filter2D_k_buf_0_eOg_ram_U/ram_reg/CLKARDCLK
                         clock pessimism              0.000     0.432    
    RAMB18_X0Y4          RAMB18E1 (Hold_ramb18e1_CLKARDCLK_ADDRARDADDR[11])
                                                      0.183     0.615    bd_0_i/hls_inst/U0/GaussianBlur_U0/grp_Filter2D_fu_40/k_buf_0_val_7_U/Filter2D_k_buf_0_eOg_ram_U/ram_reg
  -------------------------------------------------------------------
                         required time                         -0.615    
                         arrival time                           0.723    
  -------------------------------------------------------------------
                         slack                                  0.108    

Slack (MET) :             0.109ns  (arrival time - required time)
  Source:                 bd_0_i/hls_inst/U0/GaussianBlur_U0/grp_Filter2D_fu_40/src_kernel_win_0_va_5_fu_190_reg[7]/C
                            (rising edge-triggered cell FDRE clocked by ap_clk  {rise@0.000ns fall@5.000ns period=10.000ns})
  Destination:            bd_0_i/hls_inst/U0/GaussianBlur_U0/grp_Filter2D_fu_40/src_kernel_win_0_va_6_fu_194_reg[7]/D
                            (rising edge-triggered cell FDRE clocked by ap_clk  {rise@0.000ns fall@5.000ns period=10.000ns})
  Path Group:             ap_clk
  Path Type:              Hold (Min at Fast Process Corner)
  Requirement:            0.000ns  (ap_clk rise@0.000ns - ap_clk rise@0.000ns)
  Data Path Delay:        0.209ns  (logic 0.141ns (67.454%)  route 0.068ns (32.546%))
  Logic Levels:           0  
  Clock Path Skew:        0.022ns (DCD - SCD - CPR)
    Destination Clock Delay (DCD):    0.432ns
    Source Clock Delay      (SCD):    0.410ns
    Clock Pessimism Removal (CPR):    -0.000ns

    Location             Delay type                Incr(ns)  Path(ns)    Netlist Resource(s)
  -------------------------------------------------------------------    -------------------
                         (clock ap_clk rise edge)     0.000     0.000 r  
                                                      0.000     0.000 r  ap_clk (IN)
                         net (fo=1373, unset)         0.410     0.410    bd_0_i/hls_inst/U0/GaussianBlur_U0/grp_Filter2D_fu_40/ap_clk
    SLICE_X31Y24         FDRE                                         r  bd_0_i/hls_inst/U0/GaussianBlur_U0/grp_Filter2D_fu_40/src_kernel_win_0_va_5_fu_190_reg[7]/C
  -------------------------------------------------------------------    -------------------
    SLICE_X31Y24         FDRE (Prop_fdre_C_Q)         0.141     0.551 r  bd_0_i/hls_inst/U0/GaussianBlur_U0/grp_Filter2D_fu_40/src_kernel_win_0_va_5_fu_190_reg[7]/Q
                         net (fo=3, routed)           0.068     0.619    bd_0_i/hls_inst/U0/GaussianBlur_U0/grp_Filter2D_fu_40/src_kernel_win_0_va_5_fu_190[7]
    SLICE_X31Y24         FDRE                                         r  bd_0_i/hls_inst/U0/GaussianBlur_U0/grp_Filter2D_fu_40/src_kernel_win_0_va_6_fu_194_reg[7]/D
  -------------------------------------------------------------------    -------------------

                         (clock ap_clk rise edge)     0.000     0.000 r  
                                                      0.000     0.000 r  ap_clk (IN)
                         net (fo=1373, unset)         0.432     0.432    bd_0_i/hls_inst/U0/GaussianBlur_U0/grp_Filter2D_fu_40/ap_clk
    SLICE_X31Y24         FDRE                                         r  bd_0_i/hls_inst/U0/GaussianBlur_U0/grp_Filter2D_fu_40/src_kernel_win_0_va_6_fu_194_reg[7]/C
                         clock pessimism              0.000     0.432    
    SLICE_X31Y24         FDRE (Hold_fdre_C_D)         0.078     0.510    bd_0_i/hls_inst/U0/GaussianBlur_U0/grp_Filter2D_fu_40/src_kernel_win_0_va_6_fu_194_reg[7]
  -------------------------------------------------------------------
                         required time                         -0.510    
                         arrival time                           0.619    
  -------------------------------------------------------------------
                         slack                                  0.109    

Slack (MET) :             0.109ns  (arrival time - required time)
  Source:                 bd_0_i/hls_inst/U0/img_0_data_stream_1_U/U_fifo_w8_d2_A_shiftReg/SRL_SIG_reg[0][6]/C
                            (rising edge-triggered cell FDRE clocked by ap_clk  {rise@0.000ns fall@5.000ns period=10.000ns})
  Destination:            bd_0_i/hls_inst/U0/img_0_data_stream_1_U/U_fifo_w8_d2_A_shiftReg/SRL_SIG_reg[1][6]/D
                            (rising edge-triggered cell FDRE clocked by ap_clk  {rise@0.000ns fall@5.000ns period=10.000ns})
  Path Group:             ap_clk
  Path Type:              Hold (Min at Fast Process Corner)
  Requirement:            0.000ns  (ap_clk rise@0.000ns - ap_clk rise@0.000ns)
  Data Path Delay:        0.209ns  (logic 0.141ns (67.454%)  route 0.068ns (32.546%))
  Logic Levels:           0  
  Clock Path Skew:        0.022ns (DCD - SCD - CPR)
    Destination Clock Delay (DCD):    0.432ns
    Source Clock Delay      (SCD):    0.410ns
    Clock Pessimism Removal (CPR):    -0.000ns

    Location             Delay type                Incr(ns)  Path(ns)    Netlist Resource(s)
  -------------------------------------------------------------------    -------------------
                         (clock ap_clk rise edge)     0.000     0.000 r  
                                                      0.000     0.000 r  ap_clk (IN)
                         net (fo=1373, unset)         0.410     0.410    bd_0_i/hls_inst/U0/img_0_data_stream_1_U/U_fifo_w8_d2_A_shiftReg/ap_clk
    SLICE_X11Y30         FDRE                                         r  bd_0_i/hls_inst/U0/img_0_data_stream_1_U/U_fifo_w8_d2_A_shiftReg/SRL_SIG_reg[0][6]/C
  -------------------------------------------------------------------    -------------------
    SLICE_X11Y30         FDRE (Prop_fdre_C_Q)         0.141     0.551 r  bd_0_i/hls_inst/U0/img_0_data_stream_1_U/U_fifo_w8_d2_A_shiftReg/SRL_SIG_reg[0][6]/Q
                         net (fo=2, routed)           0.068     0.619    bd_0_i/hls_inst/U0/img_0_data_stream_1_U/U_fifo_w8_d2_A_shiftReg/SRL_SIG_reg[0]_0[6]
    SLICE_X11Y30         FDRE                                         r  bd_0_i/hls_inst/U0/img_0_data_stream_1_U/U_fifo_w8_d2_A_shiftReg/SRL_SIG_reg[1][6]/D
  -------------------------------------------------------------------    -------------------

                         (clock ap_clk rise edge)     0.000     0.000 r  
                                                      0.000     0.000 r  ap_clk (IN)
                         net (fo=1373, unset)         0.432     0.432    bd_0_i/hls_inst/U0/img_0_data_stream_1_U/U_fifo_w8_d2_A_shiftReg/ap_clk
    SLICE_X11Y30         FDRE                                         r  bd_0_i/hls_inst/U0/img_0_data_stream_1_U/U_fifo_w8_d2_A_shiftReg/SRL_SIG_reg[1][6]/C
                         clock pessimism              0.000     0.432    
    SLICE_X11Y30         FDRE (Hold_fdre_C_D)         0.078     0.510    bd_0_i/hls_inst/U0/img_0_data_stream_1_U/U_fifo_w8_d2_A_shiftReg/SRL_SIG_reg[1][6]
  -------------------------------------------------------------------
                         required time                         -0.510    
                         arrival time                           0.619    
  -------------------------------------------------------------------
                         slack                                  0.109    

Slack (MET) :             0.110ns  (arrival time - required time)
  Source:                 bd_0_i/hls_inst/U0/GaussianBlur_U0/grp_Filter2D_fu_40/src_kernel_win_0_va_5_fu_190_reg[6]/C
                            (rising edge-triggered cell FDRE clocked by ap_clk  {rise@0.000ns fall@5.000ns period=10.000ns})
  Destination:            bd_0_i/hls_inst/U0/GaussianBlur_U0/grp_Filter2D_fu_40/src_kernel_win_0_va_6_fu_194_reg[6]/D
                            (rising edge-triggered cell FDRE clocked by ap_clk  {rise@0.000ns fall@5.000ns period=10.000ns})
  Path Group:             ap_clk
  Path Type:              Hold (Min at Fast Process Corner)
  Requirement:            0.000ns  (ap_clk rise@0.000ns - ap_clk rise@0.000ns)
  Data Path Delay:        0.209ns  (logic 0.141ns (67.433%)  route 0.068ns (32.567%))
  Logic Levels:           0  
  Clock Path Skew:        0.022ns (DCD - SCD - CPR)
    Destination Clock Delay (DCD):    0.432ns
    Source Clock Delay      (SCD):    0.410ns
    Clock Pessimism Removal (CPR):    -0.000ns

    Location             Delay type                Incr(ns)  Path(ns)    Netlist Resource(s)
  -------------------------------------------------------------------    -------------------
                         (clock ap_clk rise edge)     0.000     0.000 r  
                                                      0.000     0.000 r  ap_clk (IN)
                         net (fo=1373, unset)         0.410     0.410    bd_0_i/hls_inst/U0/GaussianBlur_U0/grp_Filter2D_fu_40/ap_clk
    SLICE_X31Y25         FDRE                                         r  bd_0_i/hls_inst/U0/GaussianBlur_U0/grp_Filter2D_fu_40/src_kernel_win_0_va_5_fu_190_reg[6]/C
  -------------------------------------------------------------------    -------------------
    SLICE_X31Y25         FDRE (Prop_fdre_C_Q)         0.141     0.551 r  bd_0_i/hls_inst/U0/GaussianBlur_U0/grp_Filter2D_fu_40/src_kernel_win_0_va_5_fu_190_reg[6]/Q
                         net (fo=3, routed)           0.068     0.619    bd_0_i/hls_inst/U0/GaussianBlur_U0/grp_Filter2D_fu_40/src_kernel_win_0_va_5_fu_190[6]
    SLICE_X31Y25         FDRE                                         r  bd_0_i/hls_inst/U0/GaussianBlur_U0/grp_Filter2D_fu_40/src_kernel_win_0_va_6_fu_194_reg[6]/D
  -------------------------------------------------------------------    -------------------

                         (clock ap_clk rise edge)     0.000     0.000 r  
                                                      0.000     0.000 r  ap_clk (IN)
                         net (fo=1373, unset)         0.432     0.432    bd_0_i/hls_inst/U0/GaussianBlur_U0/grp_Filter2D_fu_40/ap_clk
    SLICE_X31Y25         FDRE                                         r  bd_0_i/hls_inst/U0/GaussianBlur_U0/grp_Filter2D_fu_40/src_kernel_win_0_va_6_fu_194_reg[6]/C
                         clock pessimism              0.000     0.432    
    SLICE_X31Y25         FDRE (Hold_fdre_C_D)         0.078     0.510    bd_0_i/hls_inst/U0/GaussianBlur_U0/grp_Filter2D_fu_40/src_kernel_win_0_va_6_fu_194_reg[6]
  -------------------------------------------------------------------
                         required time                         -0.510    
                         arrival time                           0.619    
  -------------------------------------------------------------------
                         slack                                  0.110    

Slack (MET) :             0.111ns  (arrival time - required time)
  Source:                 bd_0_i/hls_inst/U0/GaussianBlur_U0/grp_Filter2D_fu_40/src_kernel_win_0_va_5_fu_190_reg[0]/C
                            (rising edge-triggered cell FDRE clocked by ap_clk  {rise@0.000ns fall@5.000ns period=10.000ns})
  Destination:            bd_0_i/hls_inst/U0/GaussianBlur_U0/grp_Filter2D_fu_40/src_kernel_win_0_va_6_fu_194_reg[0]/D
                            (rising edge-triggered cell FDRE clocked by ap_clk  {rise@0.000ns fall@5.000ns period=10.000ns})
  Path Group:             ap_clk
  Path Type:              Hold (Min at Fast Process Corner)
  Requirement:            0.000ns  (ap_clk rise@0.000ns - ap_clk rise@0.000ns)
  Data Path Delay:        0.209ns  (logic 0.141ns (67.454%)  route 0.068ns (32.546%))
  Logic Levels:           0  
  Clock Path Skew:        0.022ns (DCD - SCD - CPR)
    Destination Clock Delay (DCD):    0.432ns
    Source Clock Delay      (SCD):    0.410ns
    Clock Pessimism Removal (CPR):    -0.000ns

    Location             Delay type                Incr(ns)  Path(ns)    Netlist Resource(s)
  -------------------------------------------------------------------    -------------------
                         (clock ap_clk rise edge)     0.000     0.000 r  
                                                      0.000     0.000 r  ap_clk (IN)
                         net (fo=1373, unset)         0.410     0.410    bd_0_i/hls_inst/U0/GaussianBlur_U0/grp_Filter2D_fu_40/ap_clk
    SLICE_X31Y24         FDRE                                         r  bd_0_i/hls_inst/U0/GaussianBlur_U0/grp_Filter2D_fu_40/src_kernel_win_0_va_5_fu_190_reg[0]/C
  -------------------------------------------------------------------    -------------------
    SLICE_X31Y24         FDRE (Prop_fdre_C_Q)         0.141     0.551 r  bd_0_i/hls_inst/U0/GaussianBlur_U0/grp_Filter2D_fu_40/src_kernel_win_0_va_5_fu_190_reg[0]/Q
                         net (fo=3, routed)           0.068     0.619    bd_0_i/hls_inst/U0/GaussianBlur_U0/grp_Filter2D_fu_40/src_kernel_win_0_va_5_fu_190[0]
    SLICE_X31Y24         FDRE                                         r  bd_0_i/hls_inst/U0/GaussianBlur_U0/grp_Filter2D_fu_40/src_kernel_win_0_va_6_fu_194_reg[0]/D
  -------------------------------------------------------------------    -------------------

                         (clock ap_clk rise edge)     0.000     0.000 r  
                                                      0.000     0.000 r  ap_clk (IN)
                         net (fo=1373, unset)         0.432     0.432    bd_0_i/hls_inst/U0/GaussianBlur_U0/grp_Filter2D_fu_40/ap_clk
    SLICE_X31Y24         FDRE                                         r  bd_0_i/hls_inst/U0/GaussianBlur_U0/grp_Filter2D_fu_40/src_kernel_win_0_va_6_fu_194_reg[0]/C
                         clock pessimism              0.000     0.432    
    SLICE_X31Y24         FDRE (Hold_fdre_C_D)         0.076     0.508    bd_0_i/hls_inst/U0/GaussianBlur_U0/grp_Filter2D_fu_40/src_kernel_win_0_va_6_fu_194_reg[0]
  -------------------------------------------------------------------
                         required time                         -0.508    
                         arrival time                           0.619    
  -------------------------------------------------------------------
                         slack                                  0.111    

Slack (MET) :             0.112ns  (arrival time - required time)
  Source:                 bd_0_i/hls_inst/U0/img_0_data_stream_1_U/U_fifo_w8_d2_A_shiftReg/SRL_SIG_reg[0][2]/C
                            (rising edge-triggered cell FDRE clocked by ap_clk  {rise@0.000ns fall@5.000ns period=10.000ns})
  Destination:            bd_0_i/hls_inst/U0/img_0_data_stream_1_U/U_fifo_w8_d2_A_shiftReg/SRL_SIG_reg[1][2]/D
                            (rising edge-triggered cell FDRE clocked by ap_clk  {rise@0.000ns fall@5.000ns period=10.000ns})
  Path Group:             ap_clk
  Path Type:              Hold (Min at Fast Process Corner)
  Requirement:            0.000ns  (ap_clk rise@0.000ns - ap_clk rise@0.000ns)
  Data Path Delay:        0.209ns  (logic 0.141ns (67.454%)  route 0.068ns (32.546%))
  Logic Levels:           0  
  Clock Path Skew:        0.022ns (DCD - SCD - CPR)
    Destination Clock Delay (DCD):    0.432ns
    Source Clock Delay      (SCD):    0.410ns
    Clock Pessimism Removal (CPR):    -0.000ns

    Location             Delay type                Incr(ns)  Path(ns)    Netlist Resource(s)
  -------------------------------------------------------------------    -------------------
                         (clock ap_clk rise edge)     0.000     0.000 r  
                                                      0.000     0.000 r  ap_clk (IN)
                         net (fo=1373, unset)         0.410     0.410    bd_0_i/hls_inst/U0/img_0_data_stream_1_U/U_fifo_w8_d2_A_shiftReg/ap_clk
    SLICE_X11Y30         FDRE                                         r  bd_0_i/hls_inst/U0/img_0_data_stream_1_U/U_fifo_w8_d2_A_shiftReg/SRL_SIG_reg[0][2]/C
  -------------------------------------------------------------------    -------------------
    SLICE_X11Y30         FDRE (Prop_fdre_C_Q)         0.141     0.551 r  bd_0_i/hls_inst/U0/img_0_data_stream_1_U/U_fifo_w8_d2_A_shiftReg/SRL_SIG_reg[0][2]/Q
                         net (fo=2, routed)           0.068     0.619    bd_0_i/hls_inst/U0/img_0_data_stream_1_U/U_fifo_w8_d2_A_shiftReg/SRL_SIG_reg[0]_0[2]
    SLICE_X11Y30         FDRE                                         r  bd_0_i/hls_inst/U0/img_0_data_stream_1_U/U_fifo_w8_d2_A_shiftReg/SRL_SIG_reg[1][2]/D
  -------------------------------------------------------------------    -------------------

                         (clock ap_clk rise edge)     0.000     0.000 r  
                                                      0.000     0.000 r  ap_clk (IN)
                         net (fo=1373, unset)         0.432     0.432    bd_0_i/hls_inst/U0/img_0_data_stream_1_U/U_fifo_w8_d2_A_shiftReg/ap_clk
    SLICE_X11Y30         FDRE                                         r  bd_0_i/hls_inst/U0/img_0_data_stream_1_U/U_fifo_w8_d2_A_shiftReg/SRL_SIG_reg[1][2]/C
                         clock pessimism              0.000     0.432    
    SLICE_X11Y30         FDRE (Hold_fdre_C_D)         0.075     0.507    bd_0_i/hls_inst/U0/img_0_data_stream_1_U/U_fifo_w8_d2_A_shiftReg/SRL_SIG_reg[1][2]
  -------------------------------------------------------------------
                         required time                         -0.507    
                         arrival time                           0.619    
  -------------------------------------------------------------------
                         slack                                  0.112    





Pulse Width Checks
--------------------------------------------------------------------------------------
Clock Name:         ap_clk
Waveform(ns):       { 0.000 5.000 }
Period(ns):         10.000
Sources:            { ap_clk }

Check Type        Corner  Lib Pin             Reference Pin  Required(ns)  Actual(ns)  Slack(ns)  Location     Pin
Min Period        n/a     DSP48E1/CLK         n/a            5.244         10.000      4.756      DSP48_X1Y7   bd_0_i/hls_inst/U0/GaussianBlur_U0/grp_Filter2D_fu_40/mul_ln703_2_reg_2508_reg/CLK
Min Period        n/a     DSP48E1/CLK         n/a            3.687         10.000      6.313      DSP48_X0Y3   bd_0_i/hls_inst/U0/GaussianBlur_U0/grp_Filter2D_fu_40/filter_mac_muladdlbW_U44/filter_mac_muladdlbW_DSP48_5_U/p/CLK
Min Period        n/a     DSP48E1/CLK         n/a            3.687         10.000      6.313      DSP48_X0Y6   bd_0_i/hls_inst/U0/GaussianBlur_U0/grp_Filter2D_fu_40/filter_mac_muladdjbC_U45/filter_mac_muladdjbC_DSP48_3_U/p/CLK
Min Period        n/a     DSP48E1/CLK         n/a            3.687         10.000      6.313      DSP48_X0Y11  bd_0_i/hls_inst/U0/CvtColor_1_U0/mul_ln703_1_reg_392_reg/CLK
Min Period        n/a     DSP48E1/CLK         n/a            3.687         10.000      6.313      DSP48_X0Y9   bd_0_i/hls_inst/U0/GaussianBlur_U0/grp_Filter2D_fu_40/filter_mac_muladdocq_U50/filter_mac_muladdocq_DSP48_8_U/p/CLK
Min Period        n/a     RAMB18E1/CLKARDCLK  n/a            2.944         10.000      7.056      RAMB18_X0Y8  bd_0_i/hls_inst/U0/GaussianBlur_U0/grp_Filter2D_fu_40/k_buf_0_val_5_U/Filter2D_k_buf_0_eOg_ram_U/ram_reg/CLKARDCLK
Min Period        n/a     RAMB18E1/CLKARDCLK  n/a            2.944         10.000      7.056      RAMB18_X0Y5  bd_0_i/hls_inst/U0/GaussianBlur_U0/grp_Filter2D_fu_40/k_buf_0_val_6_U/Filter2D_k_buf_0_eOg_ram_U/ram_reg/CLKARDCLK
Min Period        n/a     RAMB18E1/CLKARDCLK  n/a            2.944         10.000      7.056      RAMB18_X0Y4  bd_0_i/hls_inst/U0/GaussianBlur_U0/grp_Filter2D_fu_40/k_buf_0_val_7_U/Filter2D_k_buf_0_eOg_ram_U/ram_reg/CLKARDCLK
Min Period        n/a     RAMB18E1/CLKARDCLK  n/a            2.944         10.000      7.056      RAMB18_X0Y6  bd_0_i/hls_inst/U0/GaussianBlur_U0/grp_Filter2D_fu_40/k_buf_0_val_8_U/Filter2D_k_buf_0_eOg_ram_U/ram_reg/CLKARDCLK
Min Period        n/a     RAMB18E1/CLKARDCLK  n/a            2.944         10.000      7.056      RAMB18_X0Y7  bd_0_i/hls_inst/U0/GaussianBlur_U0/grp_Filter2D_fu_40/k_buf_0_val_9_U/Filter2D_k_buf_0_eOg_ram_U/ram_reg/CLKARDCLK
Low Pulse Width   Fast    SRL16E/CLK          n/a            0.980         5.000       4.020      SLICE_X4Y20  bd_0_i/hls_inst/U0/img_3_cols_V_c_U/U_fifo_w11_d5_A_shiftReg/SRL_SIG_reg[4][7]_srl5/CLK
Low Pulse Width   Fast    SRL16E/CLK          n/a            0.980         5.000       4.020      SLICE_X4Y20  bd_0_i/hls_inst/U0/img_3_cols_V_c_U/U_fifo_w11_d5_A_shiftReg/SRL_SIG_reg[4][9]_srl5/CLK
Low Pulse Width   Fast    SRL16E/CLK          n/a            0.980         5.000       4.020      SLICE_X0Y16  bd_0_i/hls_inst/U0/img_3_rows_V_c_U/U_fifo_w10_d5_A_shiftReg/SRL_SIG_reg[4][5]_srl5/CLK
Low Pulse Width   Fast    SRL16E/CLK          n/a            0.980         5.000       4.020      SLICE_X0Y16  bd_0_i/hls_inst/U0/img_3_rows_V_c_U/U_fifo_w10_d5_A_shiftReg/SRL_SIG_reg[4][6]_srl5/CLK
Low Pulse Width   Fast    SRL16E/CLK          n/a            0.980         5.000       4.020      SLICE_X0Y16  bd_0_i/hls_inst/U0/img_3_rows_V_c_U/U_fifo_w10_d5_A_shiftReg/SRL_SIG_reg[4][7]_srl5/CLK
Low Pulse Width   Fast    SRL16E/CLK          n/a            0.980         5.000       4.020      SLICE_X0Y16  bd_0_i/hls_inst/U0/img_3_rows_V_c_U/U_fifo_w10_d5_A_shiftReg/SRL_SIG_reg[4][8]_srl5/CLK
Low Pulse Width   Slow    SRL16E/CLK          n/a            0.980         5.000       4.020      SLICE_X4Y20  bd_0_i/hls_inst/U0/img_3_cols_V_c_U/U_fifo_w11_d5_A_shiftReg/SRL_SIG_reg[4][7]_srl5/CLK
Low Pulse Width   Slow    SRL16E/CLK          n/a            0.980         5.000       4.020      SLICE_X4Y20  bd_0_i/hls_inst/U0/img_3_cols_V_c_U/U_fifo_w11_d5_A_shiftReg/SRL_SIG_reg[4][9]_srl5/CLK
Low Pulse Width   Slow    SRL16E/CLK          n/a            0.980         5.000       4.020      SLICE_X0Y16  bd_0_i/hls_inst/U0/img_3_rows_V_c_U/U_fifo_w10_d5_A_shiftReg/SRL_SIG_reg[4][5]_srl5/CLK
Low Pulse Width   Slow    SRL16E/CLK          n/a            0.980         5.000       4.020      SLICE_X0Y16  bd_0_i/hls_inst/U0/img_3_rows_V_c_U/U_fifo_w10_d5_A_shiftReg/SRL_SIG_reg[4][6]_srl5/CLK
High Pulse Width  Slow    SRL16E/CLK          n/a            0.980         5.000       4.020      SLICE_X4Y20  bd_0_i/hls_inst/U0/img_3_cols_V_c_U/U_fifo_w11_d5_A_shiftReg/SRL_SIG_reg[4][7]_srl5/CLK
High Pulse Width  Fast    SRL16E/CLK          n/a            0.980         5.000       4.020      SLICE_X4Y20  bd_0_i/hls_inst/U0/img_3_cols_V_c_U/U_fifo_w11_d5_A_shiftReg/SRL_SIG_reg[4][7]_srl5/CLK
High Pulse Width  Slow    SRL16E/CLK          n/a            0.980         5.000       4.020      SLICE_X4Y20  bd_0_i/hls_inst/U0/img_3_cols_V_c_U/U_fifo_w11_d5_A_shiftReg/SRL_SIG_reg[4][9]_srl5/CLK
High Pulse Width  Fast    SRL16E/CLK          n/a            0.980         5.000       4.020      SLICE_X4Y20  bd_0_i/hls_inst/U0/img_3_cols_V_c_U/U_fifo_w11_d5_A_shiftReg/SRL_SIG_reg[4][9]_srl5/CLK
High Pulse Width  Slow    SRL16E/CLK          n/a            0.980         5.000       4.020      SLICE_X0Y16  bd_0_i/hls_inst/U0/img_3_rows_V_c_U/U_fifo_w10_d5_A_shiftReg/SRL_SIG_reg[4][5]_srl5/CLK
High Pulse Width  Fast    SRL16E/CLK          n/a            0.980         5.000       4.020      SLICE_X0Y16  bd_0_i/hls_inst/U0/img_3_rows_V_c_U/U_fifo_w10_d5_A_shiftReg/SRL_SIG_reg[4][5]_srl5/CLK
High Pulse Width  Slow    SRL16E/CLK          n/a            0.980         5.000       4.020      SLICE_X0Y16  bd_0_i/hls_inst/U0/img_3_rows_V_c_U/U_fifo_w10_d5_A_shiftReg/SRL_SIG_reg[4][6]_srl5/CLK
High Pulse Width  Fast    SRL16E/CLK          n/a            0.980         5.000       4.020      SLICE_X0Y16  bd_0_i/hls_inst/U0/img_3_rows_V_c_U/U_fifo_w10_d5_A_shiftReg/SRL_SIG_reg[4][6]_srl5/CLK
High Pulse Width  Slow    SRL16E/CLK          n/a            0.980         5.000       4.020      SLICE_X0Y16  bd_0_i/hls_inst/U0/img_3_rows_V_c_U/U_fifo_w10_d5_A_shiftReg/SRL_SIG_reg[4][7]_srl5/CLK
High Pulse Width  Fast    SRL16E/CLK          n/a            0.980         5.000       4.020      SLICE_X0Y16  bd_0_i/hls_inst/U0/img_3_rows_V_c_U/U_fifo_w10_d5_A_shiftReg/SRL_SIG_reg[4][7]_srl5/CLK



