Copyright 1986-2019 Xilinx, Inc. All Rights Reserved.
--------------------------------------------------------------------------------------------------------------------------------------------------------------------------
| Tool Version : Vivado v.2019.2 (win64) Build 2708876 Wed Nov  6 21:40:23 MST 2019
| Date         : Tue May 12 16:58:18 2020
| Host         : DESKTOP-LVJ56DR running 64-bit major release  (build 9200)
| Command      : report_methodology -file bd_0_wrapper_methodology_drc_routed.rpt -pb bd_0_wrapper_methodology_drc_routed.pb -rpx bd_0_wrapper_methodology_drc_routed.rpx
| Design       : bd_0_wrapper
| Device       : xc7z007sclg225-1
| Speed File   : -1
| Design State : Fully Routed
--------------------------------------------------------------------------------------------------------------------------------------------------------------------------

Report Methodology

Table of Contents
-----------------
1. REPORT SUMMARY
2. REPORT DETAILS

1. REPORT SUMMARY
-----------------
            Netlist: netlist
          Floorplan: checkpoint_bd_0_wrapper
      Design limits: <entire design considered>
             Max violations: <unlimited>
             Violations found: 81
+-----------+----------+-------------------------------+------------+
| Rule      | Severity | Description                   | Violations |
+-----------+----------+-------------------------------+------------+
| TIMING-18 | Warning  | Missing input or output delay | 81         |
+-----------+----------+-------------------------------+------------+

2. REPORT DETAILS
-----------------
TIMING-18#1 Warning
Missing input or output delay  
An input delay is missing on ap_ctrl_start relative to clock(s) ap_clk
Related violations: <none>

TIMING-18#2 Warning
Missing input or output delay  
An input delay is missing on ap_rst_n relative to clock(s) ap_clk
Related violations: <none>

TIMING-18#3 Warning
Missing input or output delay  
An input delay is missing on video_in_tdata[0] relative to clock(s) ap_clk
Related violations: <none>

TIMING-18#4 Warning
Missing input or output delay  
An input delay is missing on video_in_tdata[10] relative to clock(s) ap_clk
Related violations: <none>

TIMING-18#5 Warning
Missing input or output delay  
An input delay is missing on video_in_tdata[11] relative to clock(s) ap_clk
Related violations: <none>

TIMING-18#6 Warning
Missing input or output delay  
An input delay is missing on video_in_tdata[12] relative to clock(s) ap_clk
Related violations: <none>

TIMING-18#7 Warning
Missing input or output delay  
An input delay is missing on video_in_tdata[13] relative to clock(s) ap_clk
Related violations: <none>

TIMING-18#8 Warning
Missing input or output delay  
An input delay is missing on video_in_tdata[14] relative to clock(s) ap_clk
Related violations: <none>

TIMING-18#9 Warning
Missing input or output delay  
An input delay is missing on video_in_tdata[15] relative to clock(s) ap_clk
Related violations: <none>

TIMING-18#10 Warning
Missing input or output delay  
An input delay is missing on video_in_tdata[16] relative to clock(s) ap_clk
Related violations: <none>

TIMING-18#11 Warning
Missing input or output delay  
An input delay is missing on video_in_tdata[17] relative to clock(s) ap_clk
Related violations: <none>

TIMING-18#12 Warning
Missing input or output delay  
An input delay is missing on video_in_tdata[18] relative to clock(s) ap_clk
Related violations: <none>

TIMING-18#13 Warning
Missing input or output delay  
An input delay is missing on video_in_tdata[19] relative to clock(s) ap_clk
Related violations: <none>

TIMING-18#14 Warning
Missing input or output delay  
An input delay is missing on video_in_tdata[1] relative to clock(s) ap_clk
Related violations: <none>

TIMING-18#15 Warning
Missing input or output delay  
An input delay is missing on video_in_tdata[20] relative to clock(s) ap_clk
Related violations: <none>

TIMING-18#16 Warning
Missing input or output delay  
An input delay is missing on video_in_tdata[21] relative to clock(s) ap_clk
Related violations: <none>

TIMING-18#17 Warning
Missing input or output delay  
An input delay is missing on video_in_tdata[22] relative to clock(s) ap_clk
Related violations: <none>

TIMING-18#18 Warning
Missing input or output delay  
An input delay is missing on video_in_tdata[23] relative to clock(s) ap_clk
Related violations: <none>

TIMING-18#19 Warning
Missing input or output delay  
An input delay is missing on video_in_tdata[24] relative to clock(s) ap_clk
Related violations: <none>

TIMING-18#20 Warning
Missing input or output delay  
An input delay is missing on video_in_tdata[25] relative to clock(s) ap_clk
Related violations: <none>

TIMING-18#21 Warning
Missing input or output delay  
An input delay is missing on video_in_tdata[26] relative to clock(s) ap_clk
Related violations: <none>

TIMING-18#22 Warning
Missing input or output delay  
An input delay is missing on video_in_tdata[27] relative to clock(s) ap_clk
Related violations: <none>

TIMING-18#23 Warning
Missing input or output delay  
An input delay is missing on video_in_tdata[28] relative to clock(s) ap_clk
Related violations: <none>

TIMING-18#24 Warning
Missing input or output delay  
An input delay is missing on video_in_tdata[29] relative to clock(s) ap_clk
Related violations: <none>

TIMING-18#25 Warning
Missing input or output delay  
An input delay is missing on video_in_tdata[2] relative to clock(s) ap_clk
Related violations: <none>

TIMING-18#26 Warning
Missing input or output delay  
An input delay is missing on video_in_tdata[30] relative to clock(s) ap_clk
Related violations: <none>

TIMING-18#27 Warning
Missing input or output delay  
An input delay is missing on video_in_tdata[31] relative to clock(s) ap_clk
Related violations: <none>

TIMING-18#28 Warning
Missing input or output delay  
An input delay is missing on video_in_tdata[3] relative to clock(s) ap_clk
Related violations: <none>

TIMING-18#29 Warning
Missing input or output delay  
An input delay is missing on video_in_tdata[4] relative to clock(s) ap_clk
Related violations: <none>

TIMING-18#30 Warning
Missing input or output delay  
An input delay is missing on video_in_tdata[5] relative to clock(s) ap_clk
Related violations: <none>

TIMING-18#31 Warning
Missing input or output delay  
An input delay is missing on video_in_tdata[6] relative to clock(s) ap_clk
Related violations: <none>

TIMING-18#32 Warning
Missing input or output delay  
An input delay is missing on video_in_tdata[7] relative to clock(s) ap_clk
Related violations: <none>

TIMING-18#33 Warning
Missing input or output delay  
An input delay is missing on video_in_tdata[8] relative to clock(s) ap_clk
Related violations: <none>

TIMING-18#34 Warning
Missing input or output delay  
An input delay is missing on video_in_tdata[9] relative to clock(s) ap_clk
Related violations: <none>

TIMING-18#35 Warning
Missing input or output delay  
An input delay is missing on video_in_tlast[0] relative to clock(s) ap_clk
Related violations: <none>

TIMING-18#36 Warning
Missing input or output delay  
An input delay is missing on video_in_tuser[0] relative to clock(s) ap_clk
Related violations: <none>

TIMING-18#37 Warning
Missing input or output delay  
An input delay is missing on video_in_tvalid relative to clock(s) ap_clk
Related violations: <none>

TIMING-18#38 Warning
Missing input or output delay  
An input delay is missing on video_out_tready relative to clock(s) ap_clk
Related violations: <none>

TIMING-18#39 Warning
Missing input or output delay  
An output delay is missing on ap_ctrl_done relative to clock(s) ap_clk
Related violations: <none>

TIMING-18#40 Warning
Missing input or output delay  
An output delay is missing on ap_ctrl_idle relative to clock(s) ap_clk
Related violations: <none>

TIMING-18#41 Warning
Missing input or output delay  
An output delay is missing on ap_ctrl_ready relative to clock(s) ap_clk
Related violations: <none>

TIMING-18#42 Warning
Missing input or output delay  
An output delay is missing on video_in_tready relative to clock(s) ap_clk
Related violations: <none>

TIMING-18#43 Warning
Missing input or output delay  
An output delay is missing on video_out_tdata[0] relative to clock(s) ap_clk
Related violations: <none>

TIMING-18#44 Warning
Missing input or output delay  
An output delay is missing on video_out_tdata[10] relative to clock(s) ap_clk
Related violations: <none>

TIMING-18#45 Warning
Missing input or output delay  
An output delay is missing on video_out_tdata[11] relative to clock(s) ap_clk
Related violations: <none>

TIMING-18#46 Warning
Missing input or output delay  
An output delay is missing on video_out_tdata[12] relative to clock(s) ap_clk
Related violations: <none>

TIMING-18#47 Warning
Missing input or output delay  
An output delay is missing on video_out_tdata[13] relative to clock(s) ap_clk
Related violations: <none>

TIMING-18#48 Warning
Missing input or output delay  
An output delay is missing on video_out_tdata[14] relative to clock(s) ap_clk
Related violations: <none>

TIMING-18#49 Warning
Missing input or output delay  
An output delay is missing on video_out_tdata[15] relative to clock(s) ap_clk
Related violations: <none>

TIMING-18#50 Warning
Missing input or output delay  
An output delay is missing on video_out_tdata[16] relative to clock(s) ap_clk
Related violations: <none>

TIMING-18#51 Warning
Missing input or output delay  
An output delay is missing on video_out_tdata[17] relative to clock(s) ap_clk
Related violations: <none>

TIMING-18#52 Warning
Missing input or output delay  
An output delay is missing on video_out_tdata[18] relative to clock(s) ap_clk
Related violations: <none>

TIMING-18#53 Warning
Missing input or output delay  
An output delay is missing on video_out_tdata[19] relative to clock(s) ap_clk
Related violations: <none>

TIMING-18#54 Warning
Missing input or output delay  
An output delay is missing on video_out_tdata[1] relative to clock(s) ap_clk
Related violations: <none>

TIMING-18#55 Warning
Missing input or output delay  
An output delay is missing on video_out_tdata[20] relative to clock(s) ap_clk
Related violations: <none>

TIMING-18#56 Warning
Missing input or output delay  
An output delay is missing on video_out_tdata[21] relative to clock(s) ap_clk
Related violations: <none>

TIMING-18#57 Warning
Missing input or output delay  
An output delay is missing on video_out_tdata[22] relative to clock(s) ap_clk
Related violations: <none>

TIMING-18#58 Warning
Missing input or output delay  
An output delay is missing on video_out_tdata[23] relative to clock(s) ap_clk
Related violations: <none>

TIMING-18#59 Warning
Missing input or output delay  
An output delay is missing on video_out_tdata[24] relative to clock(s) ap_clk
Related violations: <none>

TIMING-18#60 Warning
Missing input or output delay  
An output delay is missing on video_out_tdata[25] relative to clock(s) ap_clk
Related violations: <none>

TIMING-18#61 Warning
Missing input or output delay  
An output delay is missing on video_out_tdata[26] relative to clock(s) ap_clk
Related violations: <none>

TIMING-18#62 Warning
Missing input or output delay  
An output delay is missing on video_out_tdata[27] relative to clock(s) ap_clk
Related violations: <none>

TIMING-18#63 Warning
Missing input or output delay  
An output delay is missing on video_out_tdata[28] relative to clock(s) ap_clk
Related violations: <none>

TIMING-18#64 Warning
Missing input or output delay  
An output delay is missing on video_out_tdata[29] relative to clock(s) ap_clk
Related violations: <none>

TIMING-18#65 Warning
Missing input or output delay  
An output delay is missing on video_out_tdata[2] relative to clock(s) ap_clk
Related violations: <none>

TIMING-18#66 Warning
Missing input or output delay  
An output delay is missing on video_out_tdata[30] relative to clock(s) ap_clk
Related violations: <none>

TIMING-18#67 Warning
Missing input or output delay  
An output delay is missing on video_out_tdata[31] relative to clock(s) ap_clk
Related violations: <none>

TIMING-18#68 Warning
Missing input or output delay  
An output delay is missing on video_out_tdata[3] relative to clock(s) ap_clk
Related violations: <none>

TIMING-18#69 Warning
Missing input or output delay  
An output delay is missing on video_out_tdata[4] relative to clock(s) ap_clk
Related violations: <none>

TIMING-18#70 Warning
Missing input or output delay  
An output delay is missing on video_out_tdata[5] relative to clock(s) ap_clk
Related violations: <none>

TIMING-18#71 Warning
Missing input or output delay  
An output delay is missing on video_out_tdata[6] relative to clock(s) ap_clk
Related violations: <none>

TIMING-18#72 Warning
Missing input or output delay  
An output delay is missing on video_out_tdata[7] relative to clock(s) ap_clk
Related violations: <none>

TIMING-18#73 Warning
Missing input or output delay  
An output delay is missing on video_out_tdata[8] relative to clock(s) ap_clk
Related violations: <none>

TIMING-18#74 Warning
Missing input or output delay  
An output delay is missing on video_out_tdata[9] relative to clock(s) ap_clk
Related violations: <none>

TIMING-18#75 Warning
Missing input or output delay  
An output delay is missing on video_out_tkeep[0] relative to clock(s) ap_clk
Related violations: <none>

TIMING-18#76 Warning
Missing input or output delay  
An output delay is missing on video_out_tkeep[1] relative to clock(s) ap_clk
Related violations: <none>

TIMING-18#77 Warning
Missing input or output delay  
An output delay is missing on video_out_tkeep[2] relative to clock(s) ap_clk
Related violations: <none>

TIMING-18#78 Warning
Missing input or output delay  
An output delay is missing on video_out_tkeep[3] relative to clock(s) ap_clk
Related violations: <none>

TIMING-18#79 Warning
Missing input or output delay  
An output delay is missing on video_out_tlast[0] relative to clock(s) ap_clk
Related violations: <none>

TIMING-18#80 Warning
Missing input or output delay  
An output delay is missing on video_out_tuser[0] relative to clock(s) ap_clk
Related violations: <none>

TIMING-18#81 Warning
Missing input or output delay  
An output delay is missing on video_out_tvalid relative to clock(s) ap_clk
Related violations: <none>


