

================================================================
== Vivado HLS Report for 'blur_image'
================================================================
* Date:           Thu May 14 18:31:27 2020

* Version:        2019.2 (Build 2704478 on Wed Nov 06 22:10:23 MST 2019)
* Project:        HLS_SimpleDesign
* Solution:       solution1
* Product family: zynq
* Target device:  xc7z007s-clg225-1


================================================================
== Performance Estimates
================================================================
+ Timing: 
    * Summary: 
    +--------+----------+----------+------------+
    |  Clock |  Target  | Estimated| Uncertainty|
    +--------+----------+----------+------------+
    |ap_clk  | 10.00 ns | 7.268 ns |   1.25 ns  |
    +--------+----------+----------+------------+

+ Latency: 
    * Summary: 
    +---------+---------+-----------+----------+-----+--------+----------+
    |  Latency (cycles) |  Latency (absolute)  |   Interval   | Pipeline |
    |   min   |   max   |    min    |    max   | min |   max  |   Type   |
    +---------+---------+-----------+----------+-----+--------+----------+
    |        3|   309123| 30.000 ns | 3.091 ms |    2|  309122| dataflow |
    +---------+---------+-----------+----------+-----+--------+----------+

    + Detail: 
        * Instance: 
        +---------------------+------------------+---------+---------+-----------+----------+-----+--------+---------+
        |                     |                  |  Latency (cycles) |  Latency (absolute)  |   Interval   | Pipeline|
        |       Instance      |      Module      |   min   |   max   |    min    |    max   | min |   max  |   Type  |
        +---------------------+------------------+---------+---------+-----------+----------+-----+--------+---------+
        |Mat2AXIvideo_DMA_U0  |Mat2AXIvideo_DMA  |        1|   309121| 10.000 ns | 3.091 ms |    1|  309121|   none  |
        |AXIvideo2Mat_DMA_U0  |AXIvideo2Mat_DMA  |        1|   308641| 10.000 ns | 3.086 ms |    1|  308641|   none  |
        |Block_proc_U0        |Block_proc        |        0|        0|    0 ns   |   0 ns   |    0|       0|   none  |
        +---------------------+------------------+---------+---------+-----------+----------+-----+--------+---------+

        * Loop: 
        N/A



================================================================
== Utilization Estimates
================================================================
* Summary: 
+-----------------+---------+-------+-------+-------+-----+
|       Name      | BRAM_18K| DSP48E|   FF  |  LUT  | URAM|
+-----------------+---------+-------+-------+-------+-----+
|DSP              |        -|      -|      -|      -|    -|
|Expression       |        -|      -|      -|      -|    -|
|FIFO             |        0|      -|     25|    110|    -|
|Instance         |        -|      -|    417|    649|    -|
|Memory           |        -|      -|      -|      -|    -|
|Multiplexer      |        -|      -|      -|      -|    -|
|Register         |        -|      -|      -|      -|    -|
+-----------------+---------+-------+-------+-------+-----+
|Total            |        0|      0|    442|    759|    0|
+-----------------+---------+-------+-------+-------+-----+
|Available        |      100|     66|  28800|  14400|    0|
+-----------------+---------+-------+-------+-------+-----+
|Utilization (%)  |        0|      0|      1|      5|    0|
+-----------------+---------+-------+-------+-------+-----+

+ Detail: 
    * Instance: 
    +---------------------+------------------+---------+-------+-----+-----+-----+
    |       Instance      |      Module      | BRAM_18K| DSP48E|  FF | LUT | URAM|
    +---------------------+------------------+---------+-------+-----+-----+-----+
    |AXIvideo2Mat_DMA_U0  |AXIvideo2Mat_DMA  |        0|      0|  177|  258|    0|
    |Block_proc_U0        |Block_proc        |        0|      0|    2|   29|    0|
    |Mat2AXIvideo_DMA_U0  |Mat2AXIvideo_DMA  |        0|      0|  238|  362|    0|
    +---------------------+------------------+---------+-------+-----+-----+-----+
    |Total                |                  |        0|      0|  417|  649|    0|
    +---------------------+------------------+---------+-------+-----+-----+-----+

    * DSP48E: 
    N/A

    * Memory: 
    N/A

    * FIFO: 
    +-----------------------+---------+---+----+-----+------+-----+---------+
    |          Name         | BRAM_18K| FF| LUT| URAM| Depth| Bits| Size:D*B|
    +-----------------------+---------+---+----+-----+------+-----+---------+
    |img_1_cols_V_c5_U      |        0|  5|   0|    -|     2|   11|       22|
    |img_1_cols_V_c_U       |        0|  5|   0|    -|     2|   11|       22|
    |img_1_data_stream_0_U  |        0|  5|   0|    -|     2|    8|       16|
    |img_1_rows_V_c4_U      |        0|  5|   0|    -|     2|   10|       20|
    |img_1_rows_V_c_U       |        0|  5|   0|    -|     2|   10|       20|
    +-----------------------+---------+---+----+-----+------+-----+---------+
    |Total                  |        0| 25|   0|    0|    10|   50|      100|
    +-----------------------+---------+---+----+-----+------+-----+---------+

    * Expression: 
    N/A

    * Multiplexer: 
    N/A

    * Register: 
    N/A



================================================================
== Interface
================================================================
* Summary: 
+------------------+-----+-----+--------------+--------------------+--------------+
|     RTL Ports    | Dir | Bits|   Protocol   |    Source Object   |    C Type    |
+------------------+-----+-----+--------------+--------------------+--------------+
|video_in_TDATA    |  in |    8|     axis     |  video_in_V_data_V |    pointer   |
|video_in_TKEEP    |  in |    1|     axis     |  video_in_V_keep_V |    pointer   |
|video_in_TSTRB    |  in |    1|     axis     |  video_in_V_strb_V |    pointer   |
|video_in_TUSER    |  in |    1|     axis     |  video_in_V_user_V |    pointer   |
|video_in_TLAST    |  in |    1|     axis     |  video_in_V_last_V |    pointer   |
|video_in_TID      |  in |    1|     axis     |   video_in_V_id_V  |    pointer   |
|video_in_TDEST    |  in |    1|     axis     |  video_in_V_dest_V |    pointer   |
|video_in_TVALID   |  in |    1|     axis     |  video_in_V_dest_V |    pointer   |
|video_in_TREADY   | out |    1|     axis     |  video_in_V_dest_V |    pointer   |
|video_out_TDATA   | out |    8|     axis     | video_out_V_data_V |    pointer   |
|video_out_TKEEP   | out |    1|     axis     | video_out_V_keep_V |    pointer   |
|video_out_TSTRB   | out |    1|     axis     | video_out_V_strb_V |    pointer   |
|video_out_TUSER   | out |    1|     axis     | video_out_V_user_V |    pointer   |
|video_out_TLAST   | out |    1|     axis     | video_out_V_last_V |    pointer   |
|video_out_TID     | out |    1|     axis     |  video_out_V_id_V  |    pointer   |
|video_out_TDEST   | out |    1|     axis     | video_out_V_dest_V |    pointer   |
|video_out_TVALID  | out |    1|     axis     | video_out_V_dest_V |    pointer   |
|video_out_TREADY  |  in |    1|     axis     | video_out_V_dest_V |    pointer   |
|ap_clk            |  in |    1| ap_ctrl_none |     blur_image     | return value |
|ap_rst_n          |  in |    1| ap_ctrl_none |     blur_image     | return value |
+------------------+-----+-----+--------------+--------------------+--------------+

