

================================================================
== Vivado HLS Report for 'Mat2AXIM'
================================================================
* Date:           Mon Apr  6 16:35:13 2020

* Version:        2019.2 (Build 2704478 on Wed Nov 06 22:10:23 MST 2019)
* Project:        HLS_SimpleDesign
* Solution:       conv
* Product family: zynq
* Target device:  xc7z020-clg484-1


================================================================
== Performance Estimates
================================================================
+ Timing: 
    * Summary: 
    +--------+----------+----------+------------+
    |  Clock |  Target  | Estimated| Uncertainty|
    +--------+----------+----------+------------+
    |ap_clk  | 10.00 ns | 6.888 ns |   1.25 ns  |
    +--------+----------+----------+------------+

+ Latency: 
    * Summary: 
    +---------+---------+-----------+-----------+---------+---------+---------+
    |  Latency (cycles) |   Latency (absolute)  |      Interval     | Pipeline|
    |   min   |   max   |    min    |    max    |   min   |   max   |   Type  |
    +---------+---------+-----------+-----------+---------+---------+---------+
    |  2076841|  2076841| 20.768 ms | 20.768 ms |  2076841|  2076841|   none  |
    +---------+---------+-----------+-----------+---------+---------+---------+

    + Detail: 
        * Instance: 
        N/A

        * Loop: 
        +-----------------+---------+---------+----------+-----------+-----------+------+----------+
        |                 |  Latency (cycles) | Iteration|  Initiation Interval  | Trip |          |
        |    Loop Name    |   min   |   max   |  Latency |  achieved |   target  | Count| Pipelined|
        +-----------------+---------+---------+----------+-----------+-----------+------+----------+
        |- loop_pixel     |  2076840|  2076840|      1923|          -|          -|  1080|    no    |
        | + loop_pixel.1  |     1920|     1920|         2|          1|          1|  1920|    yes   |
        +-----------------+---------+---------+----------+-----------+-----------+------+----------+



================================================================
== Utilization Estimates
================================================================
* Summary: 
+-----------------+---------+-------+--------+-------+-----+
|       Name      | BRAM_18K| DSP48E|   FF   |  LUT  | URAM|
+-----------------+---------+-------+--------+-------+-----+
|DSP              |        -|      -|       -|      -|    -|
|Expression       |        -|      -|       0|    120|    -|
|FIFO             |        -|      -|       -|      -|    -|
|Instance         |        -|      -|       -|      -|    -|
|Memory           |        -|      -|       -|      -|    -|
|Multiplexer      |        -|      -|       -|     78|    -|
|Register         |        -|      -|      78|      -|    -|
+-----------------+---------+-------+--------+-------+-----+
|Total            |        0|      0|      78|    198|    0|
+-----------------+---------+-------+--------+-------+-----+
|Available        |      280|    220|  106400|  53200|    0|
+-----------------+---------+-------+--------+-------+-----+
|Utilization (%)  |        0|      0|   ~0   |   ~0  |    0|
+-----------------+---------+-------+--------+-------+-----+

+ Detail: 
    * Instance: 
    N/A

    * DSP48E: 
    N/A

    * Memory: 
    N/A

    * FIFO: 
    N/A

    * Expression: 
    +----------------------------------+----------+-------+---+----+------------+------------+
    |           Variable Name          | Operation| DSP48E| FF| LUT| Bitwidth P0| Bitwidth P1|
    +----------------------------------+----------+-------+---+----+------------+------------+
    |add_ln253_fu_154_p2               |     +    |      0|  0|  29|          22|          22|
    |col_V_fu_144_p2                   |     +    |      0|  0|  13|          11|           1|
    |row_V_fu_106_p2                   |     +    |      0|  0|  13|          11|           1|
    |ret_V_fu_132_p2                   |     -    |      0|  0|  29|          22|          22|
    |ap_block_pp0_stage0_11001         |    and   |      0|  0|   2|           1|           1|
    |ap_block_state4_pp0_stage0_iter1  |    and   |      0|  0|   2|           1|           1|
    |icmp_ln240_fu_100_p2              |   icmp   |      0|  0|  13|          11|          11|
    |icmp_ln241_fu_138_p2              |   icmp   |      0|  0|  13|          11|           9|
    |ap_block_state1                   |    or    |      0|  0|   2|           1|           1|
    |ap_enable_pp0                     |    xor   |      0|  0|   2|           1|           2|
    |ap_enable_reg_pp0_iter1           |    xor   |      0|  0|   2|           2|           1|
    +----------------------------------+----------+-------+---+----+------------+------------+
    |Total                             |          |      0|  0| 120|          94|          72|
    +----------------------------------+----------+-------+---+----+------------+------------+

    * Multiplexer: 
    +-------------------------+----+-----------+-----+-----------+
    |           Name          | LUT| Input Size| Bits| Total Bits|
    +-------------------------+----+-----------+-----+-----------+
    |ap_NS_fsm                |  27|          5|    1|          5|
    |ap_done                  |   9|          2|    1|          2|
    |ap_enable_reg_pp0_iter1  |  15|          3|    1|          3|
    |img_data_stream_V_blk_n  |   9|          2|    1|          2|
    |t_V_1_reg_89             |   9|          2|   11|         22|
    |t_V_reg_78               |   9|          2|   11|         22|
    +-------------------------+----+-----------+-----+-----------+
    |Total                    |  78|         16|   26|         56|
    +-------------------------+----+-----------+-----+-----------+

    * Register: 
    +-------------------------+----+----+-----+-----------+
    |           Name          | FF | LUT| Bits| Const Bits|
    +-------------------------+----+----+-----+-----------+
    |add_ln253_reg_186        |  22|   0|   22|          0|
    |ap_CS_fsm                |   4|   0|    4|          0|
    |ap_done_reg              |   1|   0|    1|          0|
    |ap_enable_reg_pp0_iter0  |   1|   0|    1|          0|
    |ap_enable_reg_pp0_iter1  |   1|   0|    1|          0|
    |icmp_ln241_reg_177       |   1|   0|    1|          0|
    |ret_V_reg_172            |  15|   0|   22|          7|
    |row_V_reg_167            |  11|   0|   11|          0|
    |t_V_1_reg_89             |  11|   0|   11|          0|
    |t_V_reg_78               |  11|   0|   11|          0|
    +-------------------------+----+----+-----+-----------+
    |Total                    |  78|   0|   85|          7|
    +-------------------------+----+----+-----+-----------+



================================================================
== Interface
================================================================
* Summary: 
+---------------------------+-----+-----+------------+-------------------+--------------+
|         RTL Ports         | Dir | Bits|  Protocol  |   Source Object   |    C Type    |
+---------------------------+-----+-----+------------+-------------------+--------------+
|ap_clk                     |  in |    1| ap_ctrl_hs |      Mat2AXIM     | return value |
|ap_rst                     |  in |    1| ap_ctrl_hs |      Mat2AXIM     | return value |
|ap_start                   |  in |    1| ap_ctrl_hs |      Mat2AXIM     | return value |
|ap_done                    | out |    1| ap_ctrl_hs |      Mat2AXIM     | return value |
|ap_continue                |  in |    1| ap_ctrl_hs |      Mat2AXIM     | return value |
|ap_idle                    | out |    1| ap_ctrl_hs |      Mat2AXIM     | return value |
|ap_ready                   | out |    1| ap_ctrl_hs |      Mat2AXIM     | return value |
|img_data_stream_V_dout     |  in |    8|   ap_fifo  | img_data_stream_V |    pointer   |
|img_data_stream_V_empty_n  |  in |    1|   ap_fifo  | img_data_stream_V |    pointer   |
|img_data_stream_V_read     | out |    1|   ap_fifo  | img_data_stream_V |    pointer   |
|fb_address0                | out |   21|  ap_memory |         fb        |     array    |
|fb_ce0                     | out |    1|  ap_memory |         fb        |     array    |
|fb_we0                     | out |    1|  ap_memory |         fb        |     array    |
|fb_d0                      | out |    8|  ap_memory |         fb        |     array    |
+---------------------------+-----+-----+------------+-------------------+--------------+

