

================================================================
== Vivado HLS Report for 'CvtColor'
================================================================
* Date:           Tue May 12 16:47:55 2020

* Version:        2019.2 (Build 2704478 on Wed Nov 06 22:10:23 MST 2019)
* Project:        HLS_CircleFilter_Minized
* Solution:       solution1
* Product family: zynq
* Target device:  xc7z007s-clg225-1


================================================================
== Performance Estimates
================================================================
+ Timing: 
    * Summary: 
    +--------+----------+----------+------------+
    |  Clock |  Target  | Estimated| Uncertainty|
    +--------+----------+----------+------------+
    |ap_clk  | 10.00 ns | 7.268 ns |   1.25 ns  |
    +--------+----------+----------+------------+

+ Latency: 
    * Summary: 
    +---------+---------+-----------+----------+-----+--------+---------+
    |  Latency (cycles) |  Latency (absolute)  |   Interval   | Pipeline|
    |   min   |   max   |    min    |    max   | min |   max  |   Type  |
    +---------+---------+-----------+----------+-----+--------+---------+
    |        1|   308641| 10.000 ns | 3.086 ms |    1|  308641|   none  |
    +---------+---------+-----------+----------+-----+--------+---------+

    + Detail: 
        * Instance: 
        N/A

        * Loop: 
        +---------------+---------+---------+----------+-----------+-----------+---------+----------+
        |               |  Latency (cycles) | Iteration|  Initiation Interval  |   Trip  |          |
        |   Loop Name   |   min   |   max   |  Latency |  achieved |   target  |  Count  | Pipelined|
        +---------------+---------+---------+----------+-----------+-----------+---------+----------+
        |- loop_height  |        0|   308640|  3 ~ 643 |          -|          -| 0 ~ 480 |    no    |
        | + loop_width  |        0|      640|         2|          1|          1| 0 ~ 640 |    yes   |
        +---------------+---------+---------+----------+-----------+-----------+---------+----------+

============================================================
+ Verbose Summary: Synthesis Manager
============================================================
InlineROM: 1
ExposeGlobal: 0
============================================================
+ Verbose Summary: CDFG Model
============================================================
IsTopModel: 0
ResetActiveHigh: 1
IsCombinational: 2
IsDatapathOnly: 0
HasWiredReturn: 1
HasMFsm: 0
HasVarLatency: 1
IsPipeline: 0
IsRtlPipelined: 0
IsInstanceOverlapped: 0
IsDontTouch: 0
HasImplIP: 0
IsGatedGlobalClock: 0

+ Individual pipeline summary: 
  * Pipeline-0: initiation interval (II) = 1, depth = 2


============================================================
+ Verbose Summary: Schedule
============================================================
* Number of FSM states : 5
* Pipeline : 1
  Pipeline-0 : II = 1, D = 2, States = { 3 4 }
* Dataflow Pipeline: 0

* FSM state transitions: 
1 --> 2 
2 --> 3 
3 --> 5 4 
4 --> 3 
5 --> 2 

* FSM state operations: 

State 1 <SV = 0> <Delay = 3.63>
ST_1 : Operation 6 [1/1] (0.00ns)   --->   "call void (...)* @_ssdm_op_SpecInterface(i8* %p_dst_data_stream_2_V, [8 x i8]* @ap_fifo_str, i32 0, i32 0, [1 x i8]* @p_str272, i32 0, i32 0, [1 x i8]* @p_str273, [1 x i8]* @p_str274, [1 x i8]* @p_str275, i32 2, i32 2, i32 16, i32 16, [1 x i8]* @p_str276, [1 x i8]* @p_str277)"   --->   Operation 6 'specinterface' <Predicate = true> <Delay = 0.00>
ST_1 : Operation 7 [1/1] (0.00ns)   --->   "call void (...)* @_ssdm_op_SpecInterface(i8* %p_dst_data_stream_1_V, [8 x i8]* @ap_fifo_str, i32 0, i32 0, [1 x i8]* @p_str265, i32 0, i32 0, [1 x i8]* @p_str266, [1 x i8]* @p_str267, [1 x i8]* @p_str268, i32 2, i32 2, i32 16, i32 16, [1 x i8]* @p_str269, [1 x i8]* @p_str270)"   --->   Operation 7 'specinterface' <Predicate = true> <Delay = 0.00>
ST_1 : Operation 8 [1/1] (0.00ns)   --->   "call void (...)* @_ssdm_op_SpecInterface(i8* %p_dst_data_stream_0_V, [8 x i8]* @ap_fifo_str, i32 0, i32 0, [1 x i8]* @p_str258, i32 0, i32 0, [1 x i8]* @p_str259, [1 x i8]* @p_str260, [1 x i8]* @p_str261, i32 2, i32 2, i32 16, i32 16, [1 x i8]* @p_str262, [1 x i8]* @p_str263)"   --->   Operation 8 'specinterface' <Predicate = true> <Delay = 0.00>
ST_1 : Operation 9 [1/1] (0.00ns)   --->   "call void (...)* @_ssdm_op_SpecInterface(i8* %p_src_data_stream_V, [8 x i8]* @ap_fifo_str, i32 0, i32 0, [1 x i8]* @p_str251, i32 0, i32 0, [1 x i8]* @p_str252, [1 x i8]* @p_str253, [1 x i8]* @p_str254, i32 2, i32 2, i32 16, i32 16, [1 x i8]* @p_str255, [1 x i8]* @p_str256)"   --->   Operation 9 'specinterface' <Predicate = true> <Delay = 0.00>
ST_1 : Operation 10 [1/1] (0.00ns)   --->   "call void (...)* @_ssdm_op_SpecInterface(i10* %p_src_rows_V, [8 x i8]* @ap_fifo_str, i32 0, i32 0, [1 x i8]* @p_str413, i32 0, i32 0, [1 x i8]* @p_str414, [1 x i8]* @p_str415, [1 x i8]* @p_str416, i32 2, i32 2, i32 16, i32 16, [1 x i8]* @p_str417, [11 x i8]* @ScalarProp_str)"   --->   Operation 10 'specinterface' <Predicate = true> <Delay = 0.00>
ST_1 : Operation 11 [1/1] (0.00ns)   --->   "call void (...)* @_ssdm_op_SpecInterface(i11* %p_src_cols_V, [8 x i8]* @ap_fifo_str, i32 0, i32 0, [1 x i8]* @p_str418, i32 0, i32 0, [1 x i8]* @p_str419, [1 x i8]* @p_str420, [1 x i8]* @p_str421, i32 2, i32 2, i32 16, i32 16, [1 x i8]* @p_str422, [11 x i8]* @ScalarProp_str)"   --->   Operation 11 'specinterface' <Predicate = true> <Delay = 0.00>
ST_1 : Operation 12 [1/1] (3.63ns)   --->   "%p_src_cols_V_read = call i11 @_ssdm_op_Read.ap_fifo.i11P(i11* %p_src_cols_V)" [C:/Xilinx/Vivado/2019.2/common/technology/autopilot/hls/hls_video_imgproc.h:1961]   --->   Operation 12 'read' 'p_src_cols_V_read' <Predicate = true> <Delay = 3.63> <Core = "FIFO">   --->   Core 32 'FIFO' <Latency = 0> <II = 1> <Delay = 3.63> <Storage> <Opcode : 'read' 'write' 'nbread' 'nbwrite'> <Ports = 0> <Width = 10> <Depth = 2> <FIFO>
ST_1 : Operation 13 [1/1] (3.63ns)   --->   "%p_src_rows_V_read = call i10 @_ssdm_op_Read.ap_fifo.i10P(i10* %p_src_rows_V)" [C:/Xilinx/Vivado/2019.2/common/technology/autopilot/hls/hls_video_imgproc.h:1962]   --->   Operation 13 'read' 'p_src_rows_V_read' <Predicate = true> <Delay = 3.63> <Core = "FIFO">   --->   Core 32 'FIFO' <Latency = 0> <II = 1> <Delay = 3.63> <Storage> <Opcode : 'read' 'write' 'nbread' 'nbwrite'> <Ports = 0> <Width = 10> <Depth = 2> <FIFO>
ST_1 : Operation 14 [1/1] (1.76ns)   --->   "br label %0" [C:/Xilinx/Vivado/2019.2/common/technology/autopilot/hls/hls_video_imgproc.h:1967]   --->   Operation 14 'br' <Predicate = true> <Delay = 1.76>

State 2 <SV = 1> <Delay = 2.74>
ST_2 : Operation 15 [1/1] (0.00ns)   --->   "%i_0_i = phi i9 [ 0, %entry ], [ %i, %loop_height_end ]"   --->   Operation 15 'phi' 'i_0_i' <Predicate = true> <Delay = 0.00>
ST_2 : Operation 16 [1/1] (0.00ns)   --->   "%zext_ln1967 = zext i9 %i_0_i to i10" [C:/Xilinx/Vivado/2019.2/common/technology/autopilot/hls/hls_video_imgproc.h:1967]   --->   Operation 16 'zext' 'zext_ln1967' <Predicate = true> <Delay = 0.00>
ST_2 : Operation 17 [1/1] (1.77ns)   --->   "%icmp_ln1967 = icmp slt i10 %zext_ln1967, %p_src_rows_V_read" [C:/Xilinx/Vivado/2019.2/common/technology/autopilot/hls/hls_video_imgproc.h:1967]   --->   Operation 17 'icmp' 'icmp_ln1967' <Predicate = true> <Delay = 1.77> <Core = "Cmp">   --->   Core 25 'Cmp' <Latency = 0> <II = 1> <Delay = 1.77> <FuncUnit> <Opcode : 'icmp'> <InPorts = 2> <OutPorts = 1>
ST_2 : Operation 18 [1/1] (0.00ns)   --->   "call void (...)* @_ssdm_op_SpecLoopTripCount(i64 0, i64 480, i64 0)"   --->   Operation 18 'speclooptripcount' <Predicate = true> <Delay = 0.00>
ST_2 : Operation 19 [1/1] (1.82ns)   --->   "%i = add i9 %i_0_i, 1" [C:/Xilinx/Vivado/2019.2/common/technology/autopilot/hls/hls_video_imgproc.h:1967]   --->   Operation 19 'add' 'i' <Predicate = true> <Delay = 1.82> <Core = "AddSub">   --->   Core 14 'AddSub' <Latency = 0> <II = 1> <Delay = 1.82> <FuncUnit> <Opcode : 'add' 'sub'> <InPorts = 2> <OutPorts = 1>
ST_2 : Operation 20 [1/1] (0.00ns)   --->   "br i1 %icmp_ln1967, label %loop_height_begin, label %.exit" [C:/Xilinx/Vivado/2019.2/common/technology/autopilot/hls/hls_video_imgproc.h:1967]   --->   Operation 20 'br' <Predicate = true> <Delay = 0.00>
ST_2 : Operation 21 [1/1] (0.00ns)   --->   "call void (...)* @_ssdm_op_SpecLoopName([12 x i8]* @p_str7) nounwind" [C:/Xilinx/Vivado/2019.2/common/technology/autopilot/hls/hls_video_imgproc.h:1967]   --->   Operation 21 'specloopname' <Predicate = (icmp_ln1967)> <Delay = 0.00>
ST_2 : Operation 22 [1/1] (0.00ns)   --->   "%tmp_24_i = call i32 (...)* @_ssdm_op_SpecRegionBegin([12 x i8]* @p_str7)" [C:/Xilinx/Vivado/2019.2/common/technology/autopilot/hls/hls_video_imgproc.h:1967]   --->   Operation 22 'specregionbegin' 'tmp_24_i' <Predicate = (icmp_ln1967)> <Delay = 0.00>
ST_2 : Operation 23 [1/1] (1.76ns)   --->   "br label %1" [C:/Xilinx/Vivado/2019.2/common/technology/autopilot/hls/hls_video_imgproc.h:1968]   --->   Operation 23 'br' <Predicate = (icmp_ln1967)> <Delay = 1.76>
ST_2 : Operation 24 [1/1] (0.00ns)   --->   "ret void"   --->   Operation 24 'ret' <Predicate = (!icmp_ln1967)> <Delay = 0.00>

State 3 <SV = 2> <Delay = 1.88>
ST_3 : Operation 25 [1/1] (0.00ns)   --->   "%j_0_i = phi i10 [ 0, %loop_height_begin ], [ %j, %loop_width_begin ]"   --->   Operation 25 'phi' 'j_0_i' <Predicate = true> <Delay = 0.00>
ST_3 : Operation 26 [1/1] (0.00ns)   --->   "%zext_ln1968 = zext i10 %j_0_i to i11" [C:/Xilinx/Vivado/2019.2/common/technology/autopilot/hls/hls_video_imgproc.h:1968]   --->   Operation 26 'zext' 'zext_ln1968' <Predicate = true> <Delay = 0.00>
ST_3 : Operation 27 [1/1] (1.88ns)   --->   "%icmp_ln1968 = icmp slt i11 %zext_ln1968, %p_src_cols_V_read" [C:/Xilinx/Vivado/2019.2/common/technology/autopilot/hls/hls_video_imgproc.h:1968]   --->   Operation 27 'icmp' 'icmp_ln1968' <Predicate = true> <Delay = 1.88> <Core = "Cmp">   --->   Core 25 'Cmp' <Latency = 0> <II = 1> <Delay = 1.77> <FuncUnit> <Opcode : 'icmp'> <InPorts = 2> <OutPorts = 1>
ST_3 : Operation 28 [1/1] (0.00ns)   --->   "call void (...)* @_ssdm_op_SpecLoopTripCount(i64 0, i64 640, i64 0)"   --->   Operation 28 'speclooptripcount' <Predicate = true> <Delay = 0.00>
ST_3 : Operation 29 [1/1] (1.73ns)   --->   "%j = add i10 %j_0_i, 1" [C:/Xilinx/Vivado/2019.2/common/technology/autopilot/hls/hls_video_imgproc.h:1968]   --->   Operation 29 'add' 'j' <Predicate = true> <Delay = 1.73> <Core = "AddSub">   --->   Core 14 'AddSub' <Latency = 0> <II = 1> <Delay = 1.82> <FuncUnit> <Opcode : 'add' 'sub'> <InPorts = 2> <OutPorts = 1>
ST_3 : Operation 30 [1/1] (0.00ns)   --->   "br i1 %icmp_ln1968, label %loop_width_begin, label %loop_height_end" [C:/Xilinx/Vivado/2019.2/common/technology/autopilot/hls/hls_video_imgproc.h:1968]   --->   Operation 30 'br' <Predicate = true> <Delay = 0.00>

State 4 <SV = 3> <Delay = 7.26>
ST_4 : Operation 31 [1/1] (0.00ns)   --->   "call void (...)* @_ssdm_op_SpecLoopName([11 x i8]* @p_str8) nounwind" [C:/Xilinx/Vivado/2019.2/common/technology/autopilot/hls/hls_video_imgproc.h:1968]   --->   Operation 31 'specloopname' <Predicate = (icmp_ln1968)> <Delay = 0.00>
ST_4 : Operation 32 [1/1] (0.00ns)   --->   "%tmp_25_i = call i32 (...)* @_ssdm_op_SpecRegionBegin([11 x i8]* @p_str8)" [C:/Xilinx/Vivado/2019.2/common/technology/autopilot/hls/hls_video_imgproc.h:1968]   --->   Operation 32 'specregionbegin' 'tmp_25_i' <Predicate = (icmp_ln1968)> <Delay = 0.00>
ST_4 : Operation 33 [1/1] (0.00ns)   --->   "call void (...)* @_ssdm_op_SpecPipeline(i32 -1, i32 1, i32 1, i32 0, [1 x i8]* @p_str2) nounwind" [C:/Xilinx/Vivado/2019.2/common/technology/autopilot/hls/hls_video_imgproc.h:1970]   --->   Operation 33 'specpipeline' <Predicate = (icmp_ln1968)> <Delay = 0.00>
ST_4 : Operation 34 [1/1] (0.00ns)   --->   "%tmp_26_i = call i32 (...)* @_ssdm_op_SpecRegionBegin([12 x i8]* @p_str18)" [C:/Xilinx/Vivado/2019.2/common/technology/autopilot/hls/hls_video_core.h:672->C:/Xilinx/Vivado/2019.2/common/technology/autopilot/hls/hls_video_core.h:711->C:/Xilinx/Vivado/2019.2/common/technology/autopilot/hls/hls_video_imgproc.h:1971]   --->   Operation 34 'specregionbegin' 'tmp_26_i' <Predicate = (icmp_ln1968)> <Delay = 0.00>
ST_4 : Operation 35 [1/1] (0.00ns)   --->   "call void (...)* @_ssdm_op_SpecProtocol(i32 0, [1 x i8]* @p_str2) nounwind" [C:/Xilinx/Vivado/2019.2/common/technology/autopilot/hls/hls_video_core.h:676->C:/Xilinx/Vivado/2019.2/common/technology/autopilot/hls/hls_video_core.h:711->C:/Xilinx/Vivado/2019.2/common/technology/autopilot/hls/hls_video_imgproc.h:1971]   --->   Operation 35 'specprotocol' <Predicate = (icmp_ln1968)> <Delay = 0.00>
ST_4 : Operation 36 [1/1] (3.63ns)   --->   "%tmp = call i8 @_ssdm_op_Read.ap_fifo.volatile.i8P(i8* %p_src_data_stream_V)" [C:/Xilinx/Vivado/2019.2/common/technology/autopilot/hls/hls_video_core.h:679->C:/Xilinx/Vivado/2019.2/common/technology/autopilot/hls/hls_video_core.h:711->C:/Xilinx/Vivado/2019.2/common/technology/autopilot/hls/hls_video_imgproc.h:1971]   --->   Operation 36 'read' 'tmp' <Predicate = (icmp_ln1968)> <Delay = 3.63> <Core = "FIFO">   --->   Core 32 'FIFO' <Latency = 0> <II = 1> <Delay = 3.63> <Storage> <Opcode : 'read' 'write' 'nbread' 'nbwrite'> <Ports = 0> <Width = 10> <Depth = 2> <FIFO>
ST_4 : Operation 37 [1/1] (0.00ns)   --->   "%empty = call i32 (...)* @_ssdm_op_SpecRegionEnd([12 x i8]* @p_str18, i32 %tmp_26_i)" [C:/Xilinx/Vivado/2019.2/common/technology/autopilot/hls/hls_video_core.h:681->C:/Xilinx/Vivado/2019.2/common/technology/autopilot/hls/hls_video_core.h:711->C:/Xilinx/Vivado/2019.2/common/technology/autopilot/hls/hls_video_imgproc.h:1971]   --->   Operation 37 'specregionend' 'empty' <Predicate = (icmp_ln1968)> <Delay = 0.00>
ST_4 : Operation 38 [1/1] (0.00ns)   --->   "%tmp_27_i = call i32 (...)* @_ssdm_op_SpecRegionBegin([12 x i8]* @p_str16)" [C:/Xilinx/Vivado/2019.2/common/technology/autopilot/hls/hls_video_core.h:696->C:/Xilinx/Vivado/2019.2/common/technology/autopilot/hls/hls_video_core.h:717->C:/Xilinx/Vivado/2019.2/common/technology/autopilot/hls/hls_video_imgproc.h:1973]   --->   Operation 38 'specregionbegin' 'tmp_27_i' <Predicate = (icmp_ln1968)> <Delay = 0.00>
ST_4 : Operation 39 [1/1] (0.00ns)   --->   "call void (...)* @_ssdm_op_SpecProtocol(i32 0, [1 x i8]* @p_str2) nounwind" [C:/Xilinx/Vivado/2019.2/common/technology/autopilot/hls/hls_video_core.h:700->C:/Xilinx/Vivado/2019.2/common/technology/autopilot/hls/hls_video_core.h:717->C:/Xilinx/Vivado/2019.2/common/technology/autopilot/hls/hls_video_imgproc.h:1973]   --->   Operation 39 'specprotocol' <Predicate = (icmp_ln1968)> <Delay = 0.00>
ST_4 : Operation 40 [1/1] (3.63ns)   --->   "call void @_ssdm_op_Write.ap_fifo.volatile.i8P(i8* %p_dst_data_stream_0_V, i8 %tmp)" [C:/Xilinx/Vivado/2019.2/common/technology/autopilot/hls/hls_video_core.h:703->C:/Xilinx/Vivado/2019.2/common/technology/autopilot/hls/hls_video_core.h:717->C:/Xilinx/Vivado/2019.2/common/technology/autopilot/hls/hls_video_imgproc.h:1973]   --->   Operation 40 'write' <Predicate = (icmp_ln1968)> <Delay = 3.63> <Core = "FIFO">   --->   Core 32 'FIFO' <Latency = 0> <II = 1> <Delay = 3.63> <Storage> <Opcode : 'read' 'write' 'nbread' 'nbwrite'> <Ports = 0> <Width = 10> <Depth = 2> <FIFO>
ST_4 : Operation 41 [1/1] (3.63ns)   --->   "call void @_ssdm_op_Write.ap_fifo.volatile.i8P(i8* %p_dst_data_stream_1_V, i8 %tmp)" [C:/Xilinx/Vivado/2019.2/common/technology/autopilot/hls/hls_video_core.h:703->C:/Xilinx/Vivado/2019.2/common/technology/autopilot/hls/hls_video_core.h:717->C:/Xilinx/Vivado/2019.2/common/technology/autopilot/hls/hls_video_imgproc.h:1973]   --->   Operation 41 'write' <Predicate = (icmp_ln1968)> <Delay = 3.63> <Core = "FIFO">   --->   Core 32 'FIFO' <Latency = 0> <II = 1> <Delay = 3.63> <Storage> <Opcode : 'read' 'write' 'nbread' 'nbwrite'> <Ports = 0> <Width = 10> <Depth = 2> <FIFO>
ST_4 : Operation 42 [1/1] (3.63ns)   --->   "call void @_ssdm_op_Write.ap_fifo.volatile.i8P(i8* %p_dst_data_stream_2_V, i8 %tmp)" [C:/Xilinx/Vivado/2019.2/common/technology/autopilot/hls/hls_video_core.h:703->C:/Xilinx/Vivado/2019.2/common/technology/autopilot/hls/hls_video_core.h:717->C:/Xilinx/Vivado/2019.2/common/technology/autopilot/hls/hls_video_imgproc.h:1973]   --->   Operation 42 'write' <Predicate = (icmp_ln1968)> <Delay = 3.63> <Core = "FIFO">   --->   Core 32 'FIFO' <Latency = 0> <II = 1> <Delay = 3.63> <Storage> <Opcode : 'read' 'write' 'nbread' 'nbwrite'> <Ports = 0> <Width = 10> <Depth = 2> <FIFO>
ST_4 : Operation 43 [1/1] (0.00ns)   --->   "%empty_75 = call i32 (...)* @_ssdm_op_SpecRegionEnd([12 x i8]* @p_str16, i32 %tmp_27_i)" [C:/Xilinx/Vivado/2019.2/common/technology/autopilot/hls/hls_video_core.h:705->C:/Xilinx/Vivado/2019.2/common/technology/autopilot/hls/hls_video_core.h:717->C:/Xilinx/Vivado/2019.2/common/technology/autopilot/hls/hls_video_imgproc.h:1973]   --->   Operation 43 'specregionend' 'empty_75' <Predicate = (icmp_ln1968)> <Delay = 0.00>
ST_4 : Operation 44 [1/1] (0.00ns)   --->   "%empty_76 = call i32 (...)* @_ssdm_op_SpecRegionEnd([11 x i8]* @p_str8, i32 %tmp_25_i)" [C:/Xilinx/Vivado/2019.2/common/technology/autopilot/hls/hls_video_imgproc.h:1974]   --->   Operation 44 'specregionend' 'empty_76' <Predicate = (icmp_ln1968)> <Delay = 0.00>
ST_4 : Operation 45 [1/1] (0.00ns)   --->   "br label %1" [C:/Xilinx/Vivado/2019.2/common/technology/autopilot/hls/hls_video_imgproc.h:1968]   --->   Operation 45 'br' <Predicate = (icmp_ln1968)> <Delay = 0.00>

State 5 <SV = 3> <Delay = 0.00>
ST_5 : Operation 46 [1/1] (0.00ns)   --->   "%empty_77 = call i32 (...)* @_ssdm_op_SpecRegionEnd([12 x i8]* @p_str7, i32 %tmp_24_i)" [C:/Xilinx/Vivado/2019.2/common/technology/autopilot/hls/hls_video_imgproc.h:1975]   --->   Operation 46 'specregionend' 'empty_77' <Predicate = true> <Delay = 0.00>
ST_5 : Operation 47 [1/1] (0.00ns)   --->   "br label %0" [C:/Xilinx/Vivado/2019.2/common/technology/autopilot/hls/hls_video_imgproc.h:1967]   --->   Operation 47 'br' <Predicate = true> <Delay = 0.00>


============================================================
+ Verbose Summary: Timing violations
============================================================
Target clock period: 10ns, clock uncertainty: 1.25ns.

 <State 1>: 3.63ns
The critical path consists of the following:
	fifo read on port 'p_src_cols_V' (C:/Xilinx/Vivado/2019.2/common/technology/autopilot/hls/hls_video_imgproc.h:1961) [13]  (3.63 ns)

 <State 2>: 2.75ns
The critical path consists of the following:
	'icmp' operation ('icmp_ln1967', C:/Xilinx/Vivado/2019.2/common/technology/autopilot/hls/hls_video_imgproc.h:1967) [19]  (1.77 ns)
	blocking operation 0.978 ns on control path)

 <State 3>: 1.88ns
The critical path consists of the following:
	'phi' operation ('j') with incoming values : ('j', C:/Xilinx/Vivado/2019.2/common/technology/autopilot/hls/hls_video_imgproc.h:1968) [28]  (0 ns)
	'icmp' operation ('icmp_ln1968', C:/Xilinx/Vivado/2019.2/common/technology/autopilot/hls/hls_video_imgproc.h:1968) [30]  (1.88 ns)

 <State 4>: 7.27ns
The critical path consists of the following:
	fifo read on port 'p_src_data_stream_V' (C:/Xilinx/Vivado/2019.2/common/technology/autopilot/hls/hls_video_core.h:679->C:/Xilinx/Vivado/2019.2/common/technology/autopilot/hls/hls_video_core.h:711->C:/Xilinx/Vivado/2019.2/common/technology/autopilot/hls/hls_video_imgproc.h:1971) [40]  (3.63 ns)
	fifo write on port 'p_dst_data_stream_0_V' (C:/Xilinx/Vivado/2019.2/common/technology/autopilot/hls/hls_video_core.h:703->C:/Xilinx/Vivado/2019.2/common/technology/autopilot/hls/hls_video_core.h:717->C:/Xilinx/Vivado/2019.2/common/technology/autopilot/hls/hls_video_imgproc.h:1973) [44]  (3.63 ns)

 <State 5>: 0ns
The critical path consists of the following:


============================================================
+ Verbose Summary: Binding
============================================================
N/A
* FSMD analyzer results:
  - Output states:
 - Input state : 
  - Chain level:
	State 1
	State 2
	State 3
	State 4
	State 5


============================================================
+ Verbose Summary: Datapath Resource usage 
============================================================
N/A
